Thu Apr 13 2017 09:39:18 GMT+0200 (CEST)
0.00 m3; 3.00 m3
set point = 3.00; Vode v rezervoarju je 0.09
2.91 je napake

Thu Apr 13 2017 09:39:18 GMT+0200 (CEST)
0.00 m3; 3.00 m3
set point = 3.00; Vode v rezervoarju je 0.09
2.91 je napake

Thu Apr 13 2017 09:39:18 GMT+0200 (CEST)
0.00 m3; 3.00 m3
set point = 3.00; Vode v rezervoarju je 0.09
2.91 je napake

Thu Apr 13 2017 09:39:18 GMT+0200 (CEST)
0.00 m3; 3.00 m3
set point = 3.00; Vode v rezervoarju je 3.64
-0.64 je napake

Thu Apr 13 2017 09:39:18 GMT+0200 (CEST)
0.00 m3; 3.00 m3
set point = 3.00; Vode v rezervoarju je 3.54
-0.54 je napake

Thu Apr 13 2017 09:39:18 GMT+0200 (CEST)
0.00 m3; 3.00 m3
set point = 3.00; Vode v rezervoarju je 3.54
-0.54 je napake

Thu Apr 13 2017 09:39:18 GMT+0200 (CEST)
0.00 m3; 3.00 m3
set point = 3.00; Vode v rezervoarju je 3.67
-0.67 je napake

Thu Apr 13 2017 09:39:18 GMT+0200 (CEST)
0.00 m3; 3.00 m3
set point = 3.00; Vode v rezervoarju je 3.51
-0.51 je napake

Thu Apr 13 2017 09:39:18 GMT+0200 (CEST)
0.00 m3; 3.00 m3
set point = 3.00; Vode v rezervoarju je 3.53
-0.53 je napake

Thu Apr 13 2017 09:39:18 GMT+0200 (CEST)
0.00 m3; 3.00 m3
set point = 3.00; Vode v rezervoarju je 3.65
-0.65 je napake

Thu Apr 13 2017 09:39:18 GMT+0200 (CEST)
0.00 m3; 3.00 m3
set point = 3.00; Vode v rezervoarju je 3.53
-0.53 je napake

Thu Apr 13 2017 09:39:18 GMT+0200 (CEST)
0.00 m3; 3.00 m3
set point = 3.00; Vode v rezervoarju je 3.53
-0.53 je napake

Thu Apr 13 2017 09:39:18 GMT+0200 (CEST)
0.00 m3; 3.00 m3
set point = 3.00; Vode v rezervoarju je 3.65
-0.65 je napake

Thu Apr 13 2017 09:39:18 GMT+0200 (CEST)
0.00 m3; 3.00 m3
set point = 3.00; Vode v rezervoarju je 3.52
-0.52 je napake

Thu Apr 13 2017 09:39:18 GMT+0200 (CEST)
0.00 m3; 3.00 m3
set point = 3.00; Vode v rezervoarju je 3.51
-0.51 je napake

Thu Apr 13 2017 09:39:18 GMT+0200 (CEST)
0.00 m3; 3.00 m3
set point = 3.00; Vode v rezervoarju je 3.65
-0.65 je napake

Thu Apr 13 2017 09:39:18 GMT+0200 (CEST)
0.00 m3; 3.00 m3
set point = 3.00; Vode v rezervoarju je 3.54
-0.54 je napake

Thu Apr 13 2017 09:39:18 GMT+0200 (CEST)
0.00 m3; 3.00 m3
set point = 3.00; Vode v rezervoarju je 3.54
-0.54 je napake

Thu Apr 13 2017 09:39:18 GMT+0200 (CEST)
0.00 m3; 3.00 m3
set point = 3.00; Vode v rezervoarju je 3.65
-0.65 je napake

Thu Apr 13 2017 09:39:18 GMT+0200 (CEST)
0.00 m3; 3.00 m3
set point = 3.00; Vode v rezervoarju je 3.55
-0.55 je napake

Thu Apr 13 2017 09:39:18 GMT+0200 (CEST)
0.00 m3; 3.00 m3
set point = 3.00; Vode v rezervoarju je 3.57
-0.57 je napake

Thu Apr 13 2017 09:39:18 GMT+0200 (CEST)
0.00 m3; 3.00 m3
set point = 3.00; Vode v rezervoarju je 3.62
-0.62 je napake

Thu Apr 13 2017 09:39:18 GMT+0200 (CEST)
0.00 m3; 3.00 m3
set point = 3.00; Vode v rezervoarju je 3.55
-0.55 je napake

Thu Apr 13 2017 09:39:18 GMT+0200 (CEST)
0.00 m3; 3.00 m3
set point = 3.00; Vode v rezervoarju je 3.55
-0.55 je napake

Thu Apr 13 2017 09:39:18 GMT+0200 (CEST)
0.00 m3; 3.00 m3
set point = 3.00; Vode v rezervoarju je 3.63
-0.63 je napake

Thu Apr 13 2017 09:39:18 GMT+0200 (CEST)
0.00 m3; 3.00 m3
set point = 3.00; Vode v rezervoarju je 3.61
-0.61 je napake

Thu Apr 13 2017 09:39:18 GMT+0200 (CEST)
0.00 m3; 3.00 m3
set point = 3.00; Vode v rezervoarju je 3.58
-0.58 je napake

Thu Apr 13 2017 09:39:18 GMT+0200 (CEST)
0.00 m3; 3.00 m3
set point = 3.00; Vode v rezervoarju je 3.61
-0.61 je napake

Thu Apr 13 2017 09:39:18 GMT+0200 (CEST)
0.00 m3; 3.00 m3
set point = 3.00; Vode v rezervoarju je 3.62
-0.62 je napake

Thu Apr 13 2017 09:39:18 GMT+0200 (CEST)
0.00 m3; 3.00 m3
set point = 3.00; Vode v rezervoarju je 3.62
-0.62 je napake

Thu Apr 13 2017 09:39:18 GMT+0200 (CEST)
0.00 m3; 3.00 m3
set point = 3.00; Vode v rezervoarju je 3.63
-0.63 je napake

Thu Apr 13 2017 09:39:18 GMT+0200 (CEST)
0.00 m3; 3.00 m3
set point = 3.00; Vode v rezervoarju je 3.61
-0.61 je napake

Thu Apr 13 2017 09:39:18 GMT+0200 (CEST)
0.00 m3; 3.00 m3
set point = 3.00; Vode v rezervoarju je 3.64
-0.64 je napake

Thu Apr 13 2017 09:39:18 GMT+0200 (CEST)
0.00 m3; 3.00 m3
set point = 3.00; Vode v rezervoarju je 3.66
-0.66 je napake

Thu Apr 13 2017 09:39:18 GMT+0200 (CEST)
0.00 m3; 3.00 m3
set point = 3.00; Vode v rezervoarju je 3.66
-0.66 je napake

Thu Apr 13 2017 09:39:18 GMT+0200 (CEST)
0.00 m3; 3.00 m3
set point = 3.00; Vode v rezervoarju je 3.59
-0.59 je napake

Thu Apr 13 2017 09:39:18 GMT+0200 (CEST)
0.00 m3; 3.00 m3
set point = 3.00; Vode v rezervoarju je 3.64
-0.64 je napake

Thu Apr 13 2017 09:39:18 GMT+0200 (CEST)
0.00 m3; 3.00 m3
set point = 3.00; Vode v rezervoarju je 3.63
-0.63 je napake

Thu Apr 13 2017 09:39:18 GMT+0200 (CEST)
0.00 m3; 3.00 m3
set point = 3.00; Vode v rezervoarju je 3.58
-0.58 je napake

Thu Apr 13 2017 09:39:18 GMT+0200 (CEST)
0.00 m3; 3.00 m3
set point = 3.00; Vode v rezervoarju je 3.64
-0.64 je napake

Thu Apr 13 2017 09:39:18 GMT+0200 (CEST)
0.00 m3; 3.00 m3
set point = 3.00; Vode v rezervoarju je 3.64
-0.64 je napake

Thu Apr 13 2017 09:39:18 GMT+0200 (CEST)
0.00 m3; 3.00 m3
set point = 3.00; Vode v rezervoarju je 3.43
-0.43 je napake

Thu Apr 13 2017 09:39:18 GMT+0200 (CEST)
0.00 m3; 3.00 m3
set point = 3.00; Vode v rezervoarju je 3.54
-0.54 je napake

Thu Apr 13 2017 09:39:18 GMT+0200 (CEST)
0.00 m3; 3.00 m3
set point = 3.00; Vode v rezervoarju je 3.62
-0.62 je napake

Thu Apr 13 2017 09:39:18 GMT+0200 (CEST)
0.00 m3; 3.00 m3
set point = 3.00; Vode v rezervoarju je 3.61
-0.61 je napake

Thu Apr 13 2017 09:39:18 GMT+0200 (CEST)
0.00 m3; 3.00 m3
set point = 3.00; Vode v rezervoarju je 3.63
-0.63 je napake

Thu Apr 13 2017 09:39:18 GMT+0200 (CEST)
0.00 m3; 3.00 m3
set point = 3.00; Vode v rezervoarju je 3.63
-0.63 je napake

Thu Apr 13 2017 09:39:18 GMT+0200 (CEST)
0.00 m3; 3.00 m3
set point = 3.00; Vode v rezervoarju je 3.59
-0.59 je napake

Thu Apr 13 2017 09:39:18 GMT+0200 (CEST)
0.00 m3; 3.00 m3
set point = 3.00; Vode v rezervoarju je 3.63
-0.63 je napake

Thu Apr 13 2017 09:39:18 GMT+0200 (CEST)
0.00 m3; 3.00 m3
set point = 3.00; Vode v rezervoarju je 3.62
-0.62 je napake

Thu Apr 13 2017 09:39:18 GMT+0200 (CEST)
0.00 m3; 3.00 m3
set point = 3.00; Vode v rezervoarju je 3.64
-0.64 je napake

Thu Apr 13 2017 09:39:18 GMT+0200 (CEST)
0.00 m3; 3.00 m3
set point = 3.00; Vode v rezervoarju je 3.63
-0.63 je napake

Thu Apr 13 2017 09:39:18 GMT+0200 (CEST)
0.00 m3; 3.00 m3
set point = 3.00; Vode v rezervoarju je 3.63
-0.63 je napake

Thu Apr 13 2017 09:39:18 GMT+0200 (CEST)
0.00 m3; 3.00 m3
set point = 3.00; Vode v rezervoarju je 3.59
-0.59 je napake

Thu Apr 13 2017 09:39:18 GMT+0200 (CEST)
0.00 m3; 3.00 m3
set point = 3.00; Vode v rezervoarju je 3.62
-0.62 je napake

Thu Apr 13 2017 09:39:18 GMT+0200 (CEST)
0.00 m3; 3.00 m3
set point = 3.00; Vode v rezervoarju je 3.63
-0.63 je napake

Thu Apr 13 2017 09:39:18 GMT+0200 (CEST)
0.00 m3; 3.00 m3
set point = 3.00; Vode v rezervoarju je 3.64
-0.64 je napake

Thu Apr 13 2017 09:40:16 GMT+0200 (CEST)
0.00 m3; 3.00 m3
set point = 3.00; Vode v rezervoarju je 3.61
-0.61 je napake

Thu Apr 13 2017 09:40:16 GMT+0200 (CEST)
0.00 m3; 3.00 m3
set point = 3.00; Vode v rezervoarju je 3.61
-0.61 je napake

Thu Apr 13 2017 09:40:16 GMT+0200 (CEST)
0.00 m3; 3.00 m3
set point = 3.00; Vode v rezervoarju je 3.65
-0.65 je napake

Thu Apr 13 2017 09:40:16 GMT+0200 (CEST)
0.00 m3; 3.00 m3
set point = 3.00; Vode v rezervoarju je 3.62
-0.62 je napake

Thu Apr 13 2017 09:40:16 GMT+0200 (CEST)
0.00 m3; 3.00 m3
set point = 3.00; Vode v rezervoarju je 3.61
-0.61 je napake

Thu Apr 13 2017 09:40:16 GMT+0200 (CEST)
0.00 m3; 3.00 m3
set point = 3.00; Vode v rezervoarju je 3.65
-0.65 je napake

Thu Apr 13 2017 09:40:16 GMT+0200 (CEST)
0.00 m3; 3.00 m3
set point = 3.00; Vode v rezervoarju je 3.58
-0.58 je napake

Thu Apr 13 2017 09:40:16 GMT+0200 (CEST)
0.00 m3; 3.00 m3
set point = 3.00; Vode v rezervoarju je 3.67
-0.67 je napake

Thu Apr 13 2017 09:40:16 GMT+0200 (CEST)
0.00 m3; 3.00 m3
set point = 3.00; Vode v rezervoarju je 3.67
-0.67 je napake

Thu Apr 13 2017 09:40:16 GMT+0200 (CEST)
0.00 m3; 3.00 m3
set point = 3.00; Vode v rezervoarju je 3.61
-0.61 je napake

Thu Apr 13 2017 09:40:16 GMT+0200 (CEST)
0.00 m3; 3.00 m3
set point = 3.00; Vode v rezervoarju je 3.56
-0.56 je napake

Thu Apr 13 2017 09:40:16 GMT+0200 (CEST)
0.00 m3; 3.00 m3
set point = 3.00; Vode v rezervoarju je 3.66
-0.66 je napake

Thu Apr 13 2017 09:40:16 GMT+0200 (CEST)
0.00 m3; 3.00 m3
set point = 3.00; Vode v rezervoarju je 3.55
-0.55 je napake

Thu Apr 13 2017 09:40:16 GMT+0200 (CEST)
0.00 m3; 3.00 m3
set point = 3.00; Vode v rezervoarju je 3.68
-0.68 je napake

Thu Apr 13 2017 09:40:16 GMT+0200 (CEST)
0.00 m3; 3.00 m3
set point = 3.00; Vode v rezervoarju je 3.68
-0.68 je napake

Thu Apr 13 2017 09:40:16 GMT+0200 (CEST)
0.00 m3; 3.00 m3
set point = 3.00; Vode v rezervoarju je 3.57
-0.57 je napake

Thu Apr 13 2017 09:40:16 GMT+0200 (CEST)
0.00 m3; 3.00 m3
set point = 3.00; Vode v rezervoarju je 3.57
-0.57 je napake

Thu Apr 13 2017 09:40:16 GMT+0200 (CEST)
0.00 m3; 3.00 m3
set point = 3.00; Vode v rezervoarju je 3.64
-0.64 je napake

Thu Apr 13 2017 09:40:16 GMT+0200 (CEST)
0.00 m3; 3.00 m3
set point = 3.00; Vode v rezervoarju je 3.58
-0.58 je napake

Thu Apr 13 2017 09:40:16 GMT+0200 (CEST)
0.00 m3; 3.00 m3
set point = 3.00; Vode v rezervoarju je 3.66
-0.66 je napake

Thu Apr 13 2017 09:40:16 GMT+0200 (CEST)
0.00 m3; 3.00 m3
set point = 3.00; Vode v rezervoarju je 3.66
-0.66 je napake

Thu Apr 13 2017 09:40:16 GMT+0200 (CEST)
0.00 m3; 3.00 m3
set point = 3.00; Vode v rezervoarju je 3.57
-0.57 je napake

Thu Apr 13 2017 09:40:16 GMT+0200 (CEST)
0.00 m3; 3.00 m3
set point = 3.00; Vode v rezervoarju je 3.57
-0.57 je napake

Thu Apr 13 2017 09:40:16 GMT+0200 (CEST)
0.00 m3; 3.00 m3
set point = 3.00; Vode v rezervoarju je 3.71
-0.71 je napake

Thu Apr 13 2017 09:40:16 GMT+0200 (CEST)
0.00 m3; 3.00 m3
set point = 3.00; Vode v rezervoarju je 3.56
-0.56 je napake

Thu Apr 13 2017 09:40:16 GMT+0200 (CEST)
0.00 m3; 3.00 m3
set point = 3.00; Vode v rezervoarju je 3.71
-0.71 je napake

Thu Apr 13 2017 09:40:16 GMT+0200 (CEST)
0.00 m3; 3.00 m3
set point = 3.00; Vode v rezervoarju je 3.71
-0.71 je napake

Thu Apr 13 2017 09:40:16 GMT+0200 (CEST)
0.00 m3; 3.00 m3
set point = 3.00; Vode v rezervoarju je 3.54
-0.54 je napake

Thu Apr 13 2017 09:40:16 GMT+0200 (CEST)
0.00 m3; 3.00 m3
set point = 3.00; Vode v rezervoarju je 3.55
-0.55 je napake

Thu Apr 13 2017 09:40:16 GMT+0200 (CEST)
0.00 m3; 3.00 m3
set point = 3.00; Vode v rezervoarju je 3.69
-0.69 je napake

Thu Apr 13 2017 09:40:16 GMT+0200 (CEST)
0.00 m3; 3.00 m3
set point = 3.00; Vode v rezervoarju je 3.56
-0.56 je napake

Thu Apr 13 2017 09:40:16 GMT+0200 (CEST)
0.00 m3; 3.00 m3
set point = 3.00; Vode v rezervoarju je 3.70
-0.70 je napake

Thu Apr 13 2017 09:40:16 GMT+0200 (CEST)
0.00 m3; 3.00 m3
set point = 3.00; Vode v rezervoarju je 3.70
-0.70 je napake

Thu Apr 13 2017 09:40:16 GMT+0200 (CEST)
0.00 m3; 3.00 m3
set point = 3.00; Vode v rezervoarju je 3.55
-0.55 je napake

Thu Apr 13 2017 09:40:16 GMT+0200 (CEST)
0.00 m3; 3.00 m3
set point = 3.00; Vode v rezervoarju je 3.58
-0.58 je napake

Thu Apr 13 2017 09:40:16 GMT+0200 (CEST)
0.00 m3; 3.00 m3
set point = 3.00; Vode v rezervoarju je 3.59
-0.59 je napake

Thu Apr 13 2017 09:40:16 GMT+0200 (CEST)
0.00 m3; 3.00 m3
set point = 3.00; Vode v rezervoarju je 3.61
-0.61 je napake

Thu Apr 13 2017 09:40:16 GMT+0200 (CEST)
0.00 m3; 3.00 m3
set point = 3.00; Vode v rezervoarju je 3.70
-0.70 je napake

Thu Apr 13 2017 09:40:16 GMT+0200 (CEST)
0.00 m3; 3.00 m3
set point = 3.00; Vode v rezervoarju je 3.70
-0.70 je napake

Thu Apr 13 2017 09:40:16 GMT+0200 (CEST)
0.00 m3; 3.00 m3
set point = 3.00; Vode v rezervoarju je 3.51
-0.51 je napake

Thu Apr 13 2017 09:40:16 GMT+0200 (CEST)
0.00 m3; 3.00 m3
set point = 3.00; Vode v rezervoarju je 3.71
-0.71 je napake

Thu Apr 13 2017 09:40:16 GMT+0200 (CEST)
0.00 m3; 3.00 m3
set point = 3.00; Vode v rezervoarju je 3.53
-0.53 je napake

Thu Apr 13 2017 09:40:16 GMT+0200 (CEST)
0.00 m3; 3.00 m3
set point = 3.00; Vode v rezervoarju je 3.64
-0.64 je napake

Thu Apr 13 2017 09:40:16 GMT+0200 (CEST)
0.00 m3; 3.00 m3
set point = 3.00; Vode v rezervoarju je 3.71
-0.71 je napake

Thu Apr 13 2017 09:40:16 GMT+0200 (CEST)
0.00 m3; 3.00 m3
set point = 3.00; Vode v rezervoarju je 3.71
-0.71 je napake

Thu Apr 13 2017 09:40:16 GMT+0200 (CEST)
0.00 m3; 3.00 m3
set point = 3.00; Vode v rezervoarju je 3.56
-0.56 je napake

Thu Apr 13 2017 09:40:16 GMT+0200 (CEST)
0.00 m3; 3.00 m3
set point = 3.00; Vode v rezervoarju je 3.58
-0.58 je napake

Thu Apr 13 2017 09:40:16 GMT+0200 (CEST)
0.00 m3; 3.00 m3
set point = 3.00; Vode v rezervoarju je 3.55
-0.55 je napake

Thu Apr 13 2017 09:40:16 GMT+0200 (CEST)
0.00 m3; 3.00 m3
set point = 3.00; Vode v rezervoarju je 3.85
-0.85 je napake

Thu Apr 13 2017 09:40:16 GMT+0200 (CEST)
0.00 m3; 3.00 m3
set point = 3.00; Vode v rezervoarju je 3.65
-0.65 je napake

Thu Apr 13 2017 09:40:16 GMT+0200 (CEST)
0.00 m3; 3.00 m3
set point = 3.00; Vode v rezervoarju je 3.65
-0.65 je napake

Thu Apr 13 2017 09:40:16 GMT+0200 (CEST)
0.00 m3; 3.00 m3
set point = 3.00; Vode v rezervoarju je 3.58
-0.58 je napake

Thu Apr 13 2017 09:40:16 GMT+0200 (CEST)
0.00 m3; 3.00 m3
set point = 3.00; Vode v rezervoarju je 3.53
-0.53 je napake

Thu Apr 13 2017 09:40:16 GMT+0200 (CEST)
0.00 m3; 3.00 m3
set point = 3.00; Vode v rezervoarju je 3.57
-0.57 je napake

Thu Apr 13 2017 09:40:16 GMT+0200 (CEST)
0.00 m3; 3.00 m3
set point = 3.00; Vode v rezervoarju je 3.66
-0.66 je napake

Thu Apr 13 2017 09:40:16 GMT+0200 (CEST)
0.00 m3; 3.00 m3
set point = 3.00; Vode v rezervoarju je 3.59
-0.59 je napake

Thu Apr 13 2017 09:40:16 GMT+0200 (CEST)
0.00 m3; 3.00 m3
set point = 3.00; Vode v rezervoarju je 3.59
-0.59 je napake

Thu Apr 13 2017 09:40:16 GMT+0200 (CEST)
0.00 m3; 3.00 m3
set point = 3.00; Vode v rezervoarju je 3.71
-0.71 je napake

Thu Apr 13 2017 09:40:16 GMT+0200 (CEST)
0.00 m3; 3.00 m3
set point = 3.00; Vode v rezervoarju je 3.63
-0.63 je napake

Thu Apr 13 2017 09:41:16 GMT+0200 (CEST)
0.00 m3; 3.00 m3
set point = 3.00; Vode v rezervoarju je 3.66
-0.66 je napake

Thu Apr 13 2017 09:41:16 GMT+0200 (CEST)
0.00 m3; 3.00 m3
set point = 3.00; Vode v rezervoarju je 3.58
-0.58 je napake

Thu Apr 13 2017 09:41:16 GMT+0200 (CEST)
0.00 m3; 3.00 m3
set point = 3.00; Vode v rezervoarju je 3.70
-0.70 je napake

Thu Apr 13 2017 09:41:16 GMT+0200 (CEST)
0.00 m3; 3.00 m3
set point = 3.00; Vode v rezervoarju je 3.70
-0.70 je napake

Thu Apr 13 2017 09:41:16 GMT+0200 (CEST)
0.00 m3; 3.00 m3
set point = 3.00; Vode v rezervoarju je 3.56
-0.56 je napake

Thu Apr 13 2017 09:41:16 GMT+0200 (CEST)
0.00 m3; 3.00 m3
set point = 3.00; Vode v rezervoarju je 3.69
-0.69 je napake

Thu Apr 13 2017 09:41:16 GMT+0200 (CEST)
0.00 m3; 3.00 m3
set point = 3.00; Vode v rezervoarju je 3.50
-0.50 je napake

Thu Apr 13 2017 09:41:16 GMT+0200 (CEST)
0.00 m3; 3.00 m3
set point = 3.00; Vode v rezervoarju je 3.59
-0.59 je napake

Thu Apr 13 2017 09:41:16 GMT+0200 (CEST)
0.00 m3; 3.00 m3
set point = 3.00; Vode v rezervoarju je 3.65
-0.65 je napake

Thu Apr 13 2017 09:41:16 GMT+0200 (CEST)
0.00 m3; 3.00 m3
set point = 3.00; Vode v rezervoarju je 3.65
-0.65 je napake

Thu Apr 13 2017 09:41:16 GMT+0200 (CEST)
0.00 m3; 3.00 m3
set point = 3.00; Vode v rezervoarju je 3.66
-0.66 je napake

Thu Apr 13 2017 09:41:16 GMT+0200 (CEST)
0.00 m3; 3.00 m3
set point = 3.00; Vode v rezervoarju je 3.66
-0.66 je napake

Thu Apr 13 2017 09:41:16 GMT+0200 (CEST)
0.00 m3; 3.00 m3
set point = 3.00; Vode v rezervoarju je 3.64
-0.64 je napake

Thu Apr 13 2017 09:41:16 GMT+0200 (CEST)
0.00 m3; 3.00 m3
set point = 3.00; Vode v rezervoarju je 3.61
-0.61 je napake

Thu Apr 13 2017 09:41:16 GMT+0200 (CEST)
0.00 m3; 3.00 m3
set point = 3.00; Vode v rezervoarju je 3.65
-0.65 je napake

Thu Apr 13 2017 09:41:16 GMT+0200 (CEST)
0.00 m3; 3.00 m3
set point = 3.00; Vode v rezervoarju je 3.65
-0.65 je napake

Thu Apr 13 2017 09:41:16 GMT+0200 (CEST)
0.00 m3; 3.00 m3
set point = 3.00; Vode v rezervoarju je 3.56
-0.56 je napake

Thu Apr 13 2017 09:41:16 GMT+0200 (CEST)
0.00 m3; 3.00 m3
set point = 3.00; Vode v rezervoarju je 3.57
-0.57 je napake

Thu Apr 13 2017 09:41:16 GMT+0200 (CEST)
0.00 m3; 3.00 m3
set point = 3.00; Vode v rezervoarju je 3.59
-0.59 je napake

Thu Apr 13 2017 09:41:16 GMT+0200 (CEST)
0.00 m3; 3.00 m3
set point = 3.00; Vode v rezervoarju je 3.64
-0.64 je napake

Thu Apr 13 2017 09:41:16 GMT+0200 (CEST)
0.00 m3; 3.00 m3
set point = 3.00; Vode v rezervoarju je 3.51
-0.51 je napake

Thu Apr 13 2017 09:41:16 GMT+0200 (CEST)
0.00 m3; 3.00 m3
set point = 3.00; Vode v rezervoarju je 3.51
-0.51 je napake

Thu Apr 13 2017 09:41:16 GMT+0200 (CEST)
0.00 m3; 3.00 m3
set point = 3.00; Vode v rezervoarju je 3.69
-0.69 je napake

Thu Apr 13 2017 09:41:16 GMT+0200 (CEST)
0.00 m3; 3.00 m3
set point = 3.00; Vode v rezervoarju je 3.54
-0.54 je napake

Thu Apr 13 2017 09:41:16 GMT+0200 (CEST)
0.00 m3; 3.00 m3
set point = 3.00; Vode v rezervoarju je 3.58
-0.58 je napake

Thu Apr 13 2017 09:41:16 GMT+0200 (CEST)
0.00 m3; 3.00 m3
set point = 3.00; Vode v rezervoarju je 3.67
-0.67 je napake

Thu Apr 13 2017 09:41:16 GMT+0200 (CEST)
0.00 m3; 3.00 m3
set point = 3.00; Vode v rezervoarju je 3.56
-0.56 je napake

Thu Apr 13 2017 09:41:16 GMT+0200 (CEST)
0.00 m3; 3.00 m3
set point = 3.00; Vode v rezervoarju je 3.56
-0.56 je napake

Thu Apr 13 2017 09:41:16 GMT+0200 (CEST)
0.00 m3; 3.00 m3
set point = 3.00; Vode v rezervoarju je 3.71
-0.71 je napake

Thu Apr 13 2017 09:41:16 GMT+0200 (CEST)
0.00 m3; 3.00 m3
set point = 3.00; Vode v rezervoarju je 3.71
-0.71 je napake

Thu Apr 13 2017 09:41:16 GMT+0200 (CEST)
0.00 m3; 3.00 m3
set point = 3.00; Vode v rezervoarju je 3.56
-0.56 je napake

Thu Apr 13 2017 09:41:16 GMT+0200 (CEST)
0.00 m3; 3.00 m3
set point = 3.00; Vode v rezervoarju je 3.69
-0.69 je napake

Thu Apr 13 2017 09:41:16 GMT+0200 (CEST)
0.00 m3; 3.00 m3
set point = 3.00; Vode v rezervoarju je 3.69
-0.69 je napake

Thu Apr 13 2017 09:41:16 GMT+0200 (CEST)
0.00 m3; 3.00 m3
set point = 3.00; Vode v rezervoarju je 3.57
-0.57 je napake

Thu Apr 13 2017 09:41:16 GMT+0200 (CEST)
0.00 m3; 3.00 m3
set point = 3.00; Vode v rezervoarju je 3.75
-0.75 je napake

Thu Apr 13 2017 09:41:16 GMT+0200 (CEST)
0.00 m3; 3.00 m3
set point = 3.00; Vode v rezervoarju je 3.72
-0.72 je napake

Thu Apr 13 2017 09:41:16 GMT+0200 (CEST)
0.00 m3; 3.00 m3
set point = 3.00; Vode v rezervoarju je 3.56
-0.56 je napake

Thu Apr 13 2017 09:41:16 GMT+0200 (CEST)
0.00 m3; 3.00 m3
set point = 3.00; Vode v rezervoarju je 3.71
-0.71 je napake

Thu Apr 13 2017 09:41:16 GMT+0200 (CEST)
0.00 m3; 3.00 m3
set point = 3.00; Vode v rezervoarju je 3.56
-0.56 je napake

Thu Apr 13 2017 09:41:16 GMT+0200 (CEST)
0.00 m3; 3.00 m3
set point = 3.00; Vode v rezervoarju je 3.56
-0.56 je napake

Thu Apr 13 2017 09:41:16 GMT+0200 (CEST)
0.00 m3; 3.00 m3
set point = 3.00; Vode v rezervoarju je 3.67
-0.67 je napake

Thu Apr 13 2017 09:41:16 GMT+0200 (CEST)
0.00 m3; 3.00 m3
set point = 3.00; Vode v rezervoarju je 3.72
-0.72 je napake

Thu Apr 13 2017 09:41:16 GMT+0200 (CEST)
0.00 m3; 3.00 m3
set point = 3.00; Vode v rezervoarju je 3.56
-0.56 je napake

Thu Apr 13 2017 09:41:16 GMT+0200 (CEST)
0.00 m3; 3.00 m3
set point = 3.00; Vode v rezervoarju je 3.69
-0.69 je napake

Thu Apr 13 2017 09:41:16 GMT+0200 (CEST)
0.00 m3; 3.00 m3
set point = 3.00; Vode v rezervoarju je 3.58
-0.58 je napake

Thu Apr 13 2017 09:41:16 GMT+0200 (CEST)
0.00 m3; 3.00 m3
set point = 3.00; Vode v rezervoarju je 3.58
-0.58 je napake

Thu Apr 13 2017 09:41:16 GMT+0200 (CEST)
0.00 m3; 3.00 m3
set point = 3.00; Vode v rezervoarju je 3.70
-0.70 je napake

Thu Apr 13 2017 09:41:16 GMT+0200 (CEST)
0.00 m3; 3.00 m3
set point = 3.00; Vode v rezervoarju je 3.79
-0.79 je napake

Thu Apr 13 2017 09:41:16 GMT+0200 (CEST)
0.00 m3; 3.00 m3
set point = 3.00; Vode v rezervoarju je 3.68
-0.68 je napake

Thu Apr 13 2017 09:41:16 GMT+0200 (CEST)
0.00 m3; 3.00 m3
set point = 3.00; Vode v rezervoarju je 3.69
-0.69 je napake

Thu Apr 13 2017 09:41:16 GMT+0200 (CEST)
0.00 m3; 3.00 m3
set point = 3.00; Vode v rezervoarju je 3.55
-0.55 je napake

Thu Apr 13 2017 09:41:16 GMT+0200 (CEST)
0.00 m3; 3.00 m3
set point = 3.00; Vode v rezervoarju je 3.55
-0.55 je napake

Thu Apr 13 2017 09:41:16 GMT+0200 (CEST)
0.00 m3; 3.00 m3
set point = 3.00; Vode v rezervoarju je 3.67
-0.67 je napake

Thu Apr 13 2017 09:41:16 GMT+0200 (CEST)
0.00 m3; 3.00 m3
set point = 3.00; Vode v rezervoarju je 3.63
-0.63 je napake

Thu Apr 13 2017 09:41:16 GMT+0200 (CEST)
0.00 m3; 3.00 m3
set point = 3.00; Vode v rezervoarju je 3.57
-0.57 je napake

Thu Apr 13 2017 09:41:16 GMT+0200 (CEST)
0.00 m3; 3.00 m3
set point = 3.00; Vode v rezervoarju je 3.54
-0.54 je napake

Thu Apr 13 2017 09:41:16 GMT+0200 (CEST)
0.00 m3; 3.00 m3
set point = 3.00; Vode v rezervoarju je 3.67
-0.67 je napake

Thu Apr 13 2017 09:41:16 GMT+0200 (CEST)
0.00 m3; 3.00 m3
set point = 3.00; Vode v rezervoarju je 3.67
-0.67 je napake

Thu Apr 13 2017 09:41:16 GMT+0200 (CEST)
0.00 m3; 3.00 m3
set point = 3.00; Vode v rezervoarju je 3.59
-0.59 je napake

Thu Apr 13 2017 09:42:16 GMT+0200 (CEST)
0.00 m3; 3.00 m3
set point = 3.00; Vode v rezervoarju je 3.71
-0.71 je napake

Thu Apr 13 2017 09:42:16 GMT+0200 (CEST)
0.00 m3; 3.00 m3
set point = 3.00; Vode v rezervoarju je 3.56
-0.56 je napake

Thu Apr 13 2017 09:42:16 GMT+0200 (CEST)
0.00 m3; 3.00 m3
set point = 3.00; Vode v rezervoarju je 3.57
-0.57 je napake

Thu Apr 13 2017 09:42:16 GMT+0200 (CEST)
0.00 m3; 3.00 m3
set point = 3.00; Vode v rezervoarju je 3.64
-0.64 je napake

Thu Apr 13 2017 09:42:16 GMT+0200 (CEST)
0.00 m3; 3.00 m3
set point = 3.00; Vode v rezervoarju je 3.64
-0.64 je napake

Thu Apr 13 2017 09:42:16 GMT+0200 (CEST)
0.00 m3; 3.00 m3
set point = 3.00; Vode v rezervoarju je 3.65
-0.65 je napake

Thu Apr 13 2017 09:42:16 GMT+0200 (CEST)
0.00 m3; 3.00 m3
set point = 3.00; Vode v rezervoarju je 3.64
-0.64 je napake

Thu Apr 13 2017 09:42:16 GMT+0200 (CEST)
0.00 m3; 3.00 m3
set point = 3.00; Vode v rezervoarju je 3.71
-0.71 je napake

Thu Apr 13 2017 09:42:16 GMT+0200 (CEST)
0.00 m3; 3.00 m3
set point = 3.00; Vode v rezervoarju je 3.56
-0.56 je napake

Thu Apr 13 2017 09:42:16 GMT+0200 (CEST)
0.00 m3; 3.00 m3
set point = 3.00; Vode v rezervoarju je 3.61
-0.61 je napake
