2017-4-27 1:21:58	0.00	0.00	1.05	2.00	-0.95	0
2017-4-27 1:24:58	0.00	0.00	1.05	2.00	-0.95	0
2017-4-27 1:27:58	0.00	0.00	1.05	2.00	-0.95	0
2017-4-27 1:30:59	0.00	0.00	1.05	1.95	-0.90	0
2017-4-27 1:33:59	0.00	0.00	1.05	2.00	-0.95	0
2017-4-27 1:36:59	0.00	0.00	1.05	1.95	-0.90	0
2017-4-27 1:40:0	0.00	0.00	1.05	2.00	-0.95	0
2017-4-27 1:43:0	0.00	0.00	1.05	2.00	-0.95	0
2017-4-27 1:46:0	0.00	0.00	1.05	2.00	-0.95	0
2017-4-27 1:49:1	0.00	0.00	1.05	1.95	-0.90	0
2017-04-27 01:55:00	0.00	0.00	1.05	1.95	-0.90	0
2017-04-27 01:58:00	0.00	0.00	1.05	1.95	-0.90	0
2017-04-27 02:01:01	0.00	0.00	1.05	2.00	-0.95	0
2017-04-27 02:04:01	0.00	0.00	1.05	1.95	-0.90	0
2017-04-27 02:07:01	0.00	0.00	1.05	1.95	-0.90	0
2017-04-27 02:09:56	0.00	0.00	1.05	1.95	-0.90	0
2017-04-27 02:15:57	0.00	0.00	1.05	2.00	-0.95	0
2017-04-27 02:18:58	0.00	0.00	1.05	2.00	-0.95	0
2017-04-27 02:21:58	0.00	0.00	1.05	2.00	-0.95	0
2017-04-27 02:24:58	0.00	0.00	1.05	1.95	-0.90	0
2017-04-27 02:27:59	0.00	0.00	1.05	1.95	-0.90	0
2017-04-27 02:30:59	0.00	0.00	1.05	1.95	-0.90	0
2017-04-27 02:33:59	0.00	0.00	1.05	2.00	-0.95	0
2017-04-27 02:36:59	0.00	0.00	1.05	2.00	-0.95	0
2017-04-27 02:40:00	0.00	0.00	1.05	1.95	-0.90	0
2017-04-27 02:43:00	0.00	0.00	1.05	1.95	-0.90	0
2017-04-27 02:46:00	0.00	0.00	1.05	1.95	-0.90	0
2017-04-27 02:49:01	0.00	0.00	1.05	2.00	-0.95	0
2017-04-27 02:52:01	0.00	0.00	1.05	2.00	-0.95	0
2017-04-27 02:55:01	0.00	0.00	1.05	1.95	-0.90	0
2017-04-27 02:57:56	0.00	0.00	1.05	2.00	-0.95	0
2017-04-27 03:00:57	0.00	0.00	1.05	1.95	-0.90	0
2017-04-27 03:03:57	0.00	0.00	1.05	2.00	-0.95	0
2017-04-27 03:06:58	0.00	0.00	1.05	1.95	-0.90	0
2017-04-27 03:09:58	0.00	0.00	1.05	2.00	-0.95	0
2017-04-27 03:12:58	0.00	0.00	1.05	1.95	-0.90	0
2017-04-27 03:15:58	0.00	0.00	1.05	1.95	-0.90	0
2017-04-27 03:18:59	0.00	0.00	1.05	2.00	-0.95	0
2017-04-27 03:21:59	0.00	0.00	1.05	2.00	-0.95	0
2017-04-27 03:24:59	0.00	0.00	1.05	2.00	-0.95	0
2017-04-27 03:28:00	0.00	0.00	1.05	1.95	-0.90	0
2017-04-27 03:31:00	0.00	0.00	1.05	2.00	-0.95	0
2017-04-27 03:34:01	0.00	0.00	1.05	1.95	-0.90	0
2017-04-27 03:37:01	0.00	0.00	1.05	1.95	-0.90	0
2017-04-27 03:39:56	0.00	0.00	1.05	1.95	-0.90	0
2017-04-27 03:42:56	0.00	0.00	1.05	2.00	-0.95	0
2017-04-27 03:45:57	0.00	0.00	1.05	1.95	-0.90	0
2017-04-27 03:48:57	0.00	0.00	1.05	1.95	-0.90	0
2017-04-27 03:51:57	0.00	0.00	1.05	2.00	-0.95	0
2017-04-27 03:54:58	0.00	0.00	1.05	1.95	-0.90	0
2017-04-27 03:57:58	0.00	0.00	1.05	2.00	-0.95	0
2017-04-27 04:00:58	0.00	0.00	1.05	2.00	-0.95	0
2017-04-27 04:03:58	0.00	0.00	1.05	1.95	-0.90	0
2017-04-27 04:06:59	0.00	0.00	1.05	1.95	-0.90	0
2017-04-27 04:09:59	0.00	0.00	1.05	2.00	-0.95	0
2017-04-27 04:12:59	0.00	0.00	1.05	1.95	-0.90	0
2017-04-27 04:16:00	0.00	0.00	1.05	2.00	-0.95	0
2017-04-27 04:19:00	0.00	0.00	1.05	2.00	-0.95	0
2017-04-27 04:22:00	0.00	0.00	1.05	2.00	-0.95	0
2017-04-27 04:25:00	0.00	0.00	1.05	2.00	-0.95	0
2017-04-27 04:28:01	0.00	0.00	1.05	2.00	-0.95	0
2017-04-27 04:31:01	0.00	0.00	1.05	1.95	-0.90	0
2017-04-27 04:33:56	0.00	0.00	1.05	2.00	-0.95	0
2017-04-27 04:36:57	0.00	0.00	1.05	2.00	-0.95	0
2017-04-27 04:39:57	0.00	0.00	1.05	1.95	-0.90	0
2017-04-27 04:42:57	0.00	0.00	1.05	1.95	-0.90	0
2017-04-27 04:45:57	0.00	0.00	1.05	2.00	-0.95	0
2017-04-27 04:48:58	0.00	0.00	1.05	1.95	-0.90	0
2017-04-27 04:51:58	0.00	0.00	1.05	2.00	-0.95	0
2017-04-27 04:54:58	0.00	0.00	1.05	1.95	-0.90	0
2017-04-27 04:57:59	0.00	0.00	1.05	1.95	-0.90	0
2017-04-27 05:00:59	0.00	0.00	1.05	1.95	-0.90	0
2017-04-27 05:03:59	0.00	0.00	1.05	1.95	-0.90	0
2017-04-27 05:06:59	0.00	0.00	1.05	1.95	-0.90	0
2017-04-27 05:10:00	0.00	0.00	1.05	2.00	-0.95	0
2017-04-27 05:13:00	0.00	0.00	1.05	2.00	-0.95	0
2017-04-27 05:16:00	0.00	0.00	1.05	2.00	-0.95	0
2017-04-27 05:19:01	0.00	0.00	1.05	2.00	-0.95	0
2017-04-27 05:22:01	0.00	0.00	1.05	2.00	-0.95	0
2017-04-27 05:25:01	0.00	0.00	1.05	2.00	-0.95	0
2017-04-27 05:27:56	0.00	0.00	1.05	1.95	-0.90	0
2017-04-27 05:30:57	0.00	0.00	1.05	2.00	-0.95	0
2017-04-27 05:33:57	0.00	0.00	1.05	1.95	-0.90	0
2017-04-27 05:36:57	0.00	0.00	1.05	2.00	-0.95	0
2017-04-27 05:39:58	0.00	0.00	1.05	2.00	-0.95	0
2017-04-27 05:42:58	0.00	0.00	1.05	2.00	-0.95	0
2017-04-27 05:45:58	0.00	0.00	1.05	1.95	-0.90	0
2017-04-27 05:48:58	0.00	0.00	1.05	2.00	-0.95	0
2017-04-27 05:51:59	0.00	0.00	1.05	2.00	-0.95	0
2017-04-27 05:54:59	0.00	0.00	1.05	2.00	-0.95	0
2017-04-27 05:57:59	0.00	0.00	1.05	1.95	-0.90	0
2017-04-27 06:01:00	0.00	0.00	1.05	1.95	-0.90	0
2017-04-27 06:04:00	0.00	0.00	1.05	2.00	-0.95	0
2017-04-27 06:07:00	0.00	0.00	1.05	2.00	-0.95	0
2017-04-27 06:10:01	0.00	0.00	1.05	2.00	-0.95	0
2017-04-27 06:13:01	0.00	0.00	1.05	1.95	-0.90	0
2017-04-27 06:16:01	0.00	0.00	1.05	1.95	-0.90	0
2017-04-27 06:18:56	0.00	0.00	1.05	1.95	-0.90	0
2017-04-27 06:21:57	0.00	0.00	1.05	2.00	-0.95	0
2017-04-27 06:24:57	0.00	0.00	1.05	1.95	-0.90	0
2017-04-27 06:27:57	0.00	0.00	1.05	2.00	-0.95	0
2017-04-27 06:30:58	0.00	0.00	1.05	2.00	-0.95	0
2017-04-27 06:32:03	0.00	0.00	1.05	1.95	-0.90	0
2017-04-27 06:37:00	0.00	0.00	1.05	2.04	-0.99	0
2017-04-27 06:40:01	0.00	0.00	1.05	1.95	-0.90	0
2017-04-27 06:43:01	0.00	0.00	1.05	2.00	-0.95	0
2017-04-27 06:45:57	0.00	0.00	1.05	2.00	-0.95	0
2017-04-27 06:48:58	0.00	0.00	1.05	1.95	-0.90	0
2017-04-27 06:51:59	0.00	0.00	1.05	2.00	-0.95	0
2017-04-27 06:54:59	0.00	0.00	1.05	1.95	-0.90	0
2017-04-27 06:57:59	0.00	0.00	1.05	2.00	-0.95	0
2017-04-27 07:01:01	0.00	0.00	1.05	1.95	-0.90	0
2017-04-27 07:03:57	0.00	0.00	1.05	1.95	-0.90	0
2017-04-27 07:06:58	0.00	0.00	1.05	1.95	-0.90	0
2017-04-27 07:09:59	0.00	0.00	1.05	2.00	-0.95	0
2017-04-27 07:12:59	0.00	0.00	1.05	2.00	-0.95	0
2017-04-27 07:16:00	0.00	0.00	1.05	2.00	-0.95	0
2017-04-27 07:19:01	0.00	0.00	1.05	2.35	-1.30	0
2017-04-27 07:21:58	0.00	0.00	1.05	2.56	-1.51	0
2017-04-27 07:24:58	0.00	0.00	1.05	2.82	-1.77	0
2017-04-27 07:27:59	0.00	0.00	1.05	3.04	-1.99	0
2017-04-27 07:31:00	0.00	0.00	1.05	3.08	-2.03	0
2017-04-27 07:34:00	0.00	0.00	1.05	3.08	-2.03	0
2017-04-27 07:37:00	0.00	0.00	1.05	3.08	-2.03	0
2017-04-27 07:39:56	0.00	0.00	1.05	3.08	-2.03	0
2017-04-27 07:42:56	0.00	0.00	1.05	3.04	-1.99	0
2017-04-27 07:45:57	0.00	0.00	1.05	3.08	-2.03	0
2017-04-27 07:48:57	0.00	0.00	1.05	3.04	-1.99	0
2017-04-27 07:52:01	0.00	0.00	1.05	3.08	-2.03	0
2017-04-27 07:54:57	0.00	0.00	1.05	3.08	-2.03	0
2017-04-27 07:57:57	0.00	0.00	1.05	3.08	-2.03	0
2017-04-27 08:00:58	0.00	0.00	1.05	3.08	-2.03	0
2017-04-27 08:03:58	0.00	0.00	1.05	3.04	-1.99	0
2017-04-27 08:06:59	0.00	0.00	1.05	3.34	-2.29	0
2017-04-27 08:09:59	0.00	0.00	1.05	3.60	-2.55	0
2017-04-27 08:13:00	0.00	0.00	1.05	3.82	-2.77	0
2017-04-27 08:16:00	0.00	0.00	1.05	4.13	-3.08	0
2017-04-27 08:19:01	0.00	0.00	1.05	4.17	-3.12	0
2017-04-27 08:22:01	0.00	0.00	1.05	4.17	-3.12	0
2017-04-27 08:24:57	0.00	0.00	1.05	4.17	-3.12	0
2017-04-27 08:27:57	0.00	0.00	1.05	4.17	-3.12	0
2017-04-27 08:30:57	0.00	0.00	1.05	4.17	-3.12	0
2017-04-27 08:33:58	0.00	0.00	1.05	4.17	-3.12	0
2017-04-27 08:36:58	0.00	0.00	1.05	4.17	-3.12	0
2017-04-27 08:39:59	0.00	0.00	1.05	4.26	-3.21	0
2017-04-27 08:42:59	0.00	0.00	1.05	4.56	-3.51	0
2017-04-27 08:46:00	0.00	0.00	1.05	4.65	-3.60	0
2017-04-27 08:49:00	0.00	0.00	1.05	4.69	-3.64	0
2017-04-27 08:52:00	0.00	0.00	1.05	4.69	-3.64	0
2017-04-27 08:55:01	0.00	0.00	1.05	4.86	-3.81	0
2017-04-27 08:58:01	0.00	0.00	1.05	4.91	-3.86	0
2017-04-27 09:00:57	0.00	0.00	1.05	4.99	-3.94	0
2017-04-27 09:03:57	0.00	0.00	1.05	5.04	-3.99	0
2017-04-27 09:06:58	0.00	0.00	1.05	5.08	-4.03	0
2017-04-27 09:09:58	0.00	0.00	1.05	5.25	-4.20	0
2017-04-27 09:12:59	0.00	0.00	1.05	5.25	-4.20	0
2017-04-27 09:15:59	0.00	0.00	1.05	5.25	-4.20	0
2017-04-27 09:19:00	0.00	0.00	1.05	5.25	-4.20	0
2017-04-27 09:22:00	0.00	0.00	1.05	5.25	-4.20	0
2017-04-27 09:25:01	0.00	0.00	1.05	5.25	-4.20	0
2017-04-27 09:28:01	0.00	0.00	1.05	5.25	-4.20	0
2017-04-27 09:30:56	0.00	0.00	1.05	5.25	-4.20	0
2017-04-27 09:33:57	0.00	0.00	1.05	5.25	-4.20	0
2017-04-27 09:36:57	0.00	0.00	1.05	5.25	-4.20	0
2017-04-27 09:39:58	0.00	0.00	1.05	5.25	-4.20	0
2017-04-27 09:42:58	0.00	0.00	1.05	5.25	-4.20	0
2017-04-27 09:45:58	0.00	0.00	1.05	5.25	-4.20	0
2017-04-27 09:48:58	0.00	0.00	1.05	5.30	-4.25	0
2017-04-27 09:51:59	0.00	0.00	1.05	5.25	-4.20	0
2017-04-27 09:54:59	0.00	0.00	1.05	5.25	-4.20	0
2017-04-27 09:57:59	0.00	0.00	1.05	5.47	-4.42	0
2017-04-27 10:01:00	0.00	0.00	1.05	5.78	-4.73	0
2017-04-27 10:04:00	0.00	0.00	1.05	5.82	-4.77	0
2017-04-27 10:07:00	0.00	0.00	1.05	5.99	-4.94	0
2017-04-27 10:10:01	0.00	0.00	1.05	6.21	-5.16	0
2017-04-27 10:13:01	0.00	0.00	1.05	6.34	-5.29	0
2017-04-27 10:15:56	0.00	0.00	1.05	6.34	-5.29	0
2017-04-27 10:18:57	0.00	0.00	1.05	6.34	-5.29	0
2017-04-27 10:21:57	0.00	0.00	1.05	6.34	-5.29	0
2017-04-27 10:24:58	0.00	0.00	1.05	6.34	-5.29	0
2017-04-27 10:27:59	0.00	0.00	1.05	6.34	-5.29	0
2017-04-27 10:30:59	0.00	0.00	1.05	6.34	-5.29	0
2017-04-27 10:34:00	0.00	0.00	1.05	6.34	-5.29	0
2017-04-27 10:37:00	0.00	0.00	1.05	6.34	-5.29	0
2017-04-27 10:40:00	0.00	0.00	1.05	6.34	-5.29	0
2017-04-27 10:43:01	0.00	0.00	1.05	6.34	-5.29	0
2017-04-27 10:46:01	0.00	0.00	1.05	6.34	-5.29	0
2017-04-27 10:48:57	0.00	0.00	1.05	6.34	-5.29	0
2017-04-27 10:51:57	0.00	0.00	1.05	6.38	-5.33	0
2017-04-27 10:54:57	0.00	0.00	1.05	6.64	-5.59	0
2017-04-27 10:57:58	0.00	0.00	1.05	6.82	-5.77	0
2017-04-27 11:00:59	0.00	0.00	1.05	6.91	-5.86	0
2017-04-27 11:03:59	0.00	0.00	1.05	7.04	-5.99	0
2017-04-27 11:06:59	0.00	0.00	1.05	7.17	-6.12	0
2017-04-27 11:10:00	0.00	0.00	1.05	7.25	-6.20	0
2017-04-27 11:13:00	0.00	0.00	1.05	7.30	-6.25	0
2017-04-27 11:16:00	0.00	0.00	1.05	7.34	-6.29	0
2017-04-27 11:18:56	0.00	0.00	1.05	7.43	-6.38	0
2017-04-27 11:21:56	0.00	0.00	1.05	7.43	-6.38	0
2017-04-27 11:24:57	0.00	0.00	1.05	7.43	-6.38	0
2017-04-27 11:27:57	0.00	0.00	1.05	7.43	-6.38	0
2017-04-27 11:30:58	0.00	0.00	1.05	7.43	-6.38	0
2017-04-27 11:33:58	0.00	0.00	1.05	7.43	-6.38	0
2017-04-27 11:36:58	0.00	0.00	1.05	7.43	-6.38	0
2017-04-27 11:39:59	0.00	0.00	1.05	7.43	-6.38	0
2017-04-27 11:42:59	0.00	0.00	1.05	7.43	-6.38	0
2017-04-27 11:45:59	0.00	0.00	1.05	7.43	-6.38	0
2017-04-27 11:49:00	0.00	0.00	1.05	7.43	-6.38	0
2017-04-27 11:52:00	0.00	0.00	1.05	7.43	-6.38	0
2017-04-27 11:55:01	0.00	0.00	1.05	7.43	-6.38	0
2017-04-27 11:58:01	0.00	0.00	1.05	7.43	-6.38	0
2017-04-27 12:00:56	0.00	0.00	1.05	7.43	-6.38	0
2017-04-27 12:03:56	0.00	0.00	1.05	7.43	-6.38	0
2017-04-27 12:06:57	0.00	0.00	1.05	7.43	-6.38	0
2017-04-27 12:09:57	0.00	0.00	1.05	7.43	-6.38	0
2017-04-27 12:12:58	0.00	0.00	1.05	7.43	-6.38	0
2017-04-27 12:15:58	0.00	0.00	1.05	7.43	-6.38	0
2017-04-27 12:18:58	0.00	0.00	1.05	7.43	-6.38	0
2017-04-27 12:22:00	0.00	0.00	1.05	7.43	-6.38	0
2017-04-27 12:25:00	0.00	0.00	1.05	7.43	-6.38	0
2017-04-27 12:28:01	0.00	0.00	1.05	7.43	-6.38	0
2017-04-27 12:30:56	0.00	0.00	1.05	7.43	-6.38	0
2017-04-27 12:32:10	0.00	0.00	1.05	7.43	-6.38	0
2017-04-27 12:36:57	0.00	0.00	1.05	7.38	-6.33	0
2017-04-27 12:39:58	0.00	0.00	1.05	7.47	-6.42	0
2017-04-27 12:42:58	0.00	0.00	1.05	7.43	-6.38	0
2017-04-27 12:45:59	0.00	0.00	1.05	7.43	-6.38	0
2017-04-27 12:48:59	0.00	0.00	1.05	7.43	-6.38	0
2017-04-27 12:52:00	0.00	0.00	1.05	7.43	-6.38	0
2017-04-27 12:55:00	0.00	0.00	1.05	7.43	-6.38	0
2017-04-27 12:58:01	0.00	0.00	1.05	7.43	-6.38	0
2017-04-27 13:00:56	0.00	0.00	1.05	7.43	-6.38	0
2017-04-27 13:03:56	0.00	0.00	1.05	7.43	-6.38	0
2017-04-27 13:06:57	0.00	0.00	1.05	7.43	-6.38	0
2017-04-27 13:09:57	0.00	0.00	1.05	7.43	-6.38	0
2017-04-27 13:12:57	0.00	0.00	1.05	7.43	-6.38	0
2017-04-27 13:15:58	0.00	0.00	1.05	7.43	-6.38	0
2017-04-27 13:18:59	0.00	0.00	1.05	7.43	-6.38	0
2017-04-27 13:21:59	0.00	0.00	1.05	7.43	-6.38	0
2017-04-27 13:24:59	0.00	0.00	1.05	7.38	-6.33	0
2017-04-27 13:27:59	0.00	0.00	1.05	7.43	-6.38	0
2017-04-27 13:31:00	0.00	0.00	1.05	7.43	-6.38	0
2017-04-27 13:34:00	0.00	0.00	1.05	7.43	-6.38	0
2017-04-27 13:37:00	0.00	0.00	1.05	7.43	-6.38	0
2017-04-27 13:40:01	0.00	0.00	1.05	7.43	-6.38	0
2017-04-27 13:43:01	0.00	0.00	1.05	7.43	-6.38	0
2017-04-27 13:45:56	0.00	0.00	1.05	7.43	-6.38	0
2017-04-27 13:48:57	0.00	0.00	1.05	7.43	-6.38	0
2017-04-27 13:51:57	0.00	0.00	1.05	7.43	-6.38	0
2017-04-27 13:54:57	0.00	0.00	1.05	7.43	-6.38	0
2017-04-27 13:57:58	0.00	0.00	1.05	7.43	-6.38	0
2017-04-27 14:00:59	0.00	0.00	1.05	7.43	-6.38	0
2017-04-27 14:03:59	0.00	0.00	1.05	7.43	-6.38	0
2017-04-27 14:07:00	0.00	0.00	1.05	7.43	-6.38	0
2017-04-27 14:10:00	0.00	0.00	1.05	7.43	-6.38	0
2017-04-27 14:13:01	0.00	0.00	1.05	7.43	-6.38	0
2017-04-27 14:16:01	0.00	0.00	1.05	7.43	-6.38	0
2017-04-27 14:18:57	0.00	0.00	1.05	7.43	-6.38	0
2017-04-27 14:21:58	0.00	0.00	1.05	7.43	-6.38	0
2017-04-27 14:24:58	0.00	0.00	1.05	7.43	-6.38	0
2017-04-27 14:27:58	0.00	0.00	1.05	7.43	-6.38	0
2017-04-27 14:30:59	0.00	0.00	1.05	7.43	-6.38	0
2017-04-27 14:33:59	0.00	0.00	1.05	7.43	-6.38	0
2017-04-27 14:37:00	0.00	0.00	1.05	7.43	-6.38	0
2017-04-27 14:40:00	0.00	0.00	1.05	7.43	-6.38	0
2017-04-27 14:43:01	0.00	0.00	1.05	7.38	-6.33	0
2017-04-27 14:45:56	0.00	0.00	1.05	7.43	-6.38	0
2017-04-27 14:48:56	0.00	0.00	1.05	7.43	-6.38	0
2017-04-27 14:51:57	0.00	0.00	1.05	7.43	-6.38	0
2017-04-27 14:54:57	0.00	0.00	1.05	7.43	-6.38	0
2017-04-27 14:57:57	0.00	0.00	1.05	7.43	-6.38	0
2017-04-27 15:00:58	0.00	0.00	1.05	7.43	-6.38	0
2017-04-27 15:03:59	0.00	0.00	1.05	7.43	-6.38	0
2017-04-27 15:06:59	0.00	0.00	1.05	7.43	-6.38	0
2017-04-27 15:10:00	0.00	0.00	1.05	7.43	-6.38	0
2017-04-27 15:13:00	0.00	0.00	1.05	7.43	-6.38	0
2017-04-27 15:16:00	0.00	0.00	1.05	7.43	-6.38	0
2017-04-27 15:19:01	0.00	0.00	1.05	7.43	-6.38	0
2017-04-27 15:22:01	0.00	0.00	1.05	7.43	-6.38	0
2017-04-27 15:25:02	0.00	0.00	1.05	7.43	-6.38	0
2017-04-27 15:27:57	0.00	0.00	1.05	7.51	-6.46	0
2017-04-27 15:30:57	0.00	0.00	1.05	7.64	-6.59	0
2017-04-27 15:33:58	0.00	0.00	1.05	7.73	-6.68	0
2017-04-27 15:36:58	0.00	0.00	1.05	7.82	-6.77	0
2017-04-27 15:39:58	0.00	0.00	1.05	7.86	-6.81	0
2017-04-27 15:42:59	0.00	0.00	1.05	7.95	-6.90	0
2017-04-27 15:45:59	0.00	0.00	1.05	8.03	-6.98	0
2017-04-27 15:49:00	0.00	0.00	1.05	8.12	-7.07	0
2017-04-27 15:52:00	0.00	0.00	1.05	8.16	-7.11	0
2017-04-27 15:55:00	0.00	0.00	1.05	8.16	-7.11	0
2017-04-27 15:57:56	0.00	0.00	1.05	8.25	-7.20	0
2017-04-27 16:00:56	0.00	0.00	1.05	8.25	-7.20	0
2017-04-27 16:03:57	0.00	0.00	1.05	8.38	-7.33	0
2017-04-27 16:06:57	0.00	0.00	1.05	8.56	-7.51	0
2017-04-27 16:09:58	0.00	0.00	1.05	8.56	-7.51	0
2017-04-27 16:12:58	0.00	0.00	1.05	8.51	-7.46	0
2017-04-27 16:15:59	0.00	0.00	1.05	8.51	-7.46	0
2017-04-27 16:18:59	0.00	0.00	1.05	8.51	-7.46	0
2017-04-27 16:21:59	0.00	0.00	1.05	8.51	-7.46	0
2017-04-27 16:25:00	0.00	0.00	1.05	8.51	-7.46	0
2017-04-27 16:28:00	0.00	0.00	1.05	8.51	-7.46	0
2017-04-27 16:31:01	0.00	0.00	1.05	8.51	-7.46	0
2017-04-27 16:34:01	0.00	0.00	1.05	8.51	-7.46	0
2017-04-27 16:36:57	0.00	0.00	1.05	8.64	-7.59	0
2017-04-27 16:39:57	0.00	0.00	1.05	8.82	-7.77	0
2017-04-27 16:42:58	0.00	0.00	1.05	8.82	-7.77	0
2017-04-27 16:45:58	0.00	0.00	1.05	8.95	-7.90	0
2017-04-27 16:48:58	0.00	0.00	1.05	8.99	-7.94	0
2017-04-27 16:51:59	0.00	0.00	1.05	9.03	-7.98	0
2017-04-27 16:54:59	0.00	0.00	1.05	9.08	-8.03	0
2017-04-27 16:57:59	0.00	0.00	1.05	9.16	-8.11	0
2017-04-27 17:01:00	0.00	0.00	1.05	9.25	-8.20	0
2017-04-27 17:04:00	0.00	0.00	1.05	9.38	-8.33	0
2017-04-27 17:07:01	0.00	0.00	1.05	9.42	-8.37	0
2017-04-27 17:10:01	0.00	0.00	1.05	9.47	-8.42	0
2017-04-27 17:12:57	0.00	0.00	1.05	9.55	-8.50	0
2017-04-27 17:15:58	0.00	0.00	1.05	9.55	-8.50	0
2017-04-27 17:18:58	0.00	0.00	1.05	9.55	-8.50	0
2017-04-27 17:21:58	0.00	0.00	1.05	9.55	-8.50	0
2017-04-27 17:24:58	0.00	0.00	1.05	9.55	-8.50	0
2017-04-27 17:27:59	0.00	0.00	1.05	9.55	-8.50	0
2017-04-27 17:30:59	0.00	0.00	1.05	9.55	-8.50	0
2017-04-27 17:34:00	0.00	0.00	1.05	9.55	-8.50	0
2017-04-27 17:37:00	0.00	0.00	1.05	9.55	-8.50	0
2017-04-27 17:40:01	0.00	0.00	1.05	9.55	-8.50	0
2017-04-27 17:43:01	0.00	0.00	1.05	9.55	-8.50	0
2017-04-27 17:46:01	0.00	0.00	1.05	9.55	-8.50	0
2017-04-27 17:48:56	0.00	0.00	1.05	9.55	-8.50	0
2017-04-27 17:51:57	0.00	0.00	1.05	9.55	-8.50	0
2017-04-27 17:54:58	0.00	0.00	1.05	9.55	-8.50	0
2017-04-27 17:57:58	0.00	0.00	1.05	9.55	-8.50	0
2017-04-27 18:00:58	0.00	0.00	1.05	9.55	-8.50	0
2017-04-27 18:03:59	0.00	0.00	1.05	9.55	-8.50	0
2017-04-27 18:06:59	0.00	0.00	1.05	9.55	-8.50	0
2017-04-27 18:09:59	0.00	0.00	1.05	9.55	-8.50	0
2017-04-27 18:12:59	0.00	0.00	1.05	9.55	-8.50	0
2017-04-27 18:16:00	0.00	0.00	1.05	9.55	-8.50	0
2017-04-27 18:19:00	0.00	0.00	1.05	9.55	-8.50	0
2017-04-27 18:22:00	0.00	0.00	1.05	9.55	-8.50	0
2017-04-27 18:24:56	0.00	0.00	1.05	9.55	-8.50	0
2017-04-27 18:27:57	0.00	0.00	1.05	9.55	-8.50	0
2017-04-27 18:30:57	0.00	0.00	1.05	9.55	-8.50	0
2017-04-27 18:32:02	0.00	0.00	1.05	9.55	-8.50	0
2017-04-27 18:37:01	0.00	0.00	1.05	9.55	-8.50	0
2017-04-27 18:39:57	0.00	0.00	1.05	9.55	-8.50	0
2017-04-27 18:43:00	0.00	0.00	1.05	9.55	-8.50	0
2017-04-27 18:46:00	0.00	0.00	1.05	9.55	-8.50	0
2017-04-27 18:49:00	0.00	0.00	1.05	9.55	-8.50	0
2017-04-27 18:52:01	0.00	0.00	1.05	9.55	-8.50	0
2017-04-27 18:55:01	0.00	0.00	1.05	9.55	-8.50	0
2017-04-27 18:57:57	0.00	0.00	1.05	9.55	-8.50	0
2017-04-27 19:00:57	0.00	0.00	1.05	9.55	-8.50	0
2017-04-27 19:03:57	0.00	0.00	1.05	9.55	-8.50	0
2017-04-27 19:06:58	0.00	0.00	1.05	9.55	-8.50	0
2017-04-27 19:09:58	0.00	0.00	1.05	9.55	-8.50	0
2017-04-27 19:12:59	0.00	0.00	1.05	9.55	-8.50	0
2017-04-27 19:15:59	0.00	0.00	1.05	9.55	-8.50	0
2017-04-27 19:19:00	0.00	0.00	1.05	9.55	-8.50	0
2017-04-27 19:22:00	0.00	0.00	1.05	9.55	-8.50	0
2017-04-27 19:25:00	0.00	0.00	1.05	9.55	-8.50	0
2017-04-27 19:27:56	0.00	0.00	1.05	9.55	-8.50	0
2017-04-27 19:30:57	0.00	0.00	1.05	9.55	-8.50	0
2017-04-27 19:33:57	0.00	0.00	1.05	9.55	-8.50	0
2017-04-27 19:36:57	0.00	0.00	1.05	9.55	-8.50	0
2017-04-27 19:39:57	0.00	0.00	1.05	9.55	-8.50	0
2017-04-27 19:42:58	0.00	0.00	1.05	9.55	-8.50	0
2017-04-27 19:45:58	0.00	0.00	1.05	9.55	-8.50	0
2017-04-27 19:48:59	0.00	0.00	1.05	9.55	-8.50	0
2017-04-27 19:51:59	0.00	0.00	1.05	9.55	-8.50	0
2017-04-27 19:54:59	0.00	0.00	1.05	9.55	-8.50	0
2017-04-27 19:58:00	0.00	0.00	1.05	9.55	-8.50	0
2017-04-27 20:01:00	0.00	0.00	1.05	9.55	-8.50	0
2017-04-27 20:04:01	0.00	0.00	1.05	9.55	-8.50	0
2017-04-27 20:06:56	0.00	0.00	1.05	9.55	-8.50	0
2017-04-27 20:09:57	0.00	0.00	1.05	9.55	-8.50	0
2017-04-27 20:12:57	0.00	0.00	1.05	9.55	-8.50	0
2017-04-27 20:15:57	0.00	0.00	1.05	9.55	-8.50	0
2017-04-27 20:18:58	0.00	0.00	1.05	9.51	-8.46	0
2017-04-27 20:21:59	0.00	0.00	1.05	9.51	-8.46	0
2017-04-27 20:24:56	0.00	0.00	0.9	9.73	-8.83	0
2017-04-27 20:27:56	0.00	0.00	0.9	9.73	-8.83	0
2017-04-27 20:30:57	0.00	0.00	0.9	9.73	-8.83	0
2017-04-27 20:33:57	0.00	0.00	0.9	9.68	-8.78	0
2017-04-27 20:37:00	0.00	0.00	0.9	9.66	-8.76	0
2017-04-27 20:40:01	0.00	0.00	0.9	9.66	-8.76	0
2017-04-27 20:43:01	0.00	0.00	0.9	9.62	-8.72	0
2017-04-27 20:45:56	0.00	0.00	0.9	9.58	-8.68	0
2017-04-27 20:48:57	0.00	0.00	0.9	9.58	-8.68	0
2017-04-27 20:51:57	0.00	0.00	0.9	9.57	-8.67	0
2017-04-27 20:54:57	0.00	0.00	0.9	9.55	-8.65	0
2017-04-27 20:57:57	0.00	0.00	0.9	9.52	-8.62	0
2017-04-27 21:00:58	0.00	0.00	0.9	9.51	-8.61	0
2017-04-27 21:03:58	0.00	0.00	0.9	9.49	-8.59	0
2017-04-27 21:06:58	0.00	0.00	0.9	9.45	-8.55	0
2017-04-27 21:09:59	0.00	0.00	0.9	9.43	-8.53	0
2017-04-27 21:12:59	0.00	0.00	0.9	9.41	-8.51	0
2017-04-27 21:15:59	0.00	0.00	0.9	9.41	-8.51	0
2017-04-27 21:19:00	0.00	0.00	0.9	9.39	-8.49	0
2017-04-27 21:22:00	0.00	0.00	0.9	9.36	-8.46	0
2017-04-27 21:25:00	0.00	0.00	0.9	9.34	-8.44	0
2017-04-27 21:28:00	0.00	0.00	0.9	9.32	-8.42	0
2017-04-27 21:31:01	0.00	0.00	0.9	9.31	-8.41	0
2017-04-27 21:34:01	0.00	0.00	0.9	9.28	-8.38	0
2017-04-27 21:37:01	0.00	0.00	0.9	9.27	-8.37	0
2017-04-27 21:39:56	0.00	0.00	0.9	9.24	-8.34	0
2017-04-27 21:42:57	0.00	0.00	0.9	9.23	-8.33	0
2017-04-27 21:45:57	0.00	0.00	0.9	9.23	-8.33	0
2017-04-27 21:48:57	0.00	0.00	0.9	9.24	-8.34	0
2017-04-27 21:51:58	0.00	0.00	0.9	9.23	-8.33	0
2017-04-27 21:54:58	0.00	0.00	0.9	9.24	-8.34	0
2017-04-27 21:57:58	0.00	0.00	0.9	9.24	-8.34	0
2017-04-27 22:00:58	0.00	0.00	0.9	9.26	-8.36	0
2017-04-27 22:03:59	0.00	0.00	0.9	9.26	-8.36	0
2017-04-27 22:06:59	0.00	0.00	0.9	9.26	-8.36	0
2017-04-27 22:09:59	0.00	0.00	0.9	9.29	-8.39	0
2017-04-27 22:12:59	0.00	0.00	0.9	9.31	-8.41	0
2017-04-27 22:16:00	0.00	0.00	0.9	9.35	-8.45	0
2017-04-27 22:19:00	0.00	0.00	0.9	9.36	-8.46	0
2017-04-27 22:22:00	0.00	0.00	0.9	9.41	-8.51	0
2017-04-27 22:25:00	0.00	0.00	0.9	9.41	-8.51	0
2017-04-27 22:28:01	0.00	0.00	0.9	9.51	-8.61	0
2017-04-27 22:31:01	0.00	0.00	0.9	9.57	-8.67	0
2017-04-27 22:34:01	0.00	0.00	0.9	9.65	-8.75	0
2017-04-27 22:37:01	0.00	0.00	0.9	9.79	-8.89	0
2017-04-27 22:39:57	0.00	0.00	0.9	9.84	-8.94	0
2017-04-27 22:42:57	0.00	0.00	0.9	9.84	-8.94	0
2017-04-27 22:45:57	0.00	0.00	0.9	9.83	-8.93	0
2017-04-27 22:48:58	0.00	0.00	0.9	9.84	-8.94	0
2017-04-27 22:51:58	0.00	0.00	0.9	9.83	-8.93	0
2017-04-27 22:54:58	0.00	0.00	0.9	9.84	-8.94	0
2017-04-27 22:57:58	0.00	0.00	0.9	9.84	-8.94	0
2017-04-27 23:00:59	0.00	0.00	0.9	9.84	-8.94	0
2017-04-27 23:03:59	0.00	0.00	0.9	9.84	-8.94	0
2017-04-27 23:06:59	0.00	0.00	0.9	9.84	-8.94	0
2017-04-27 23:10:00	0.00	0.00	0.9	9.84	-8.94	0
2017-04-27 23:13:00	0.00	0.00	0.9	9.83	-8.93	0
2017-04-27 23:16:00	0.00	0.00	0.9	9.84	-8.94	0
2017-04-27 23:19:00	0.00	0.00	0.9	9.83	-8.93	0
2017-04-27 23:22:01	0.00	0.00	0.9	9.84	-8.94	0
2017-04-27 23:24:56	0.00	0.00	0.9	9.84	-8.94	0
2017-04-27 23:27:56	0.00	0.00	0.9	9.83	-8.93	0
2017-04-27 23:30:56	0.00	0.00	0.9	9.84	-8.94	0
2017-04-27 23:33:57	0.00	0.00	0.9	9.83	-8.93	0
2017-04-27 23:36:57	0.00	0.00	0.9	9.84	-8.94	0
2017-04-27 23:39:57	0.00	0.00	0.9	9.84	-8.94	0
2017-04-27 23:42:58	0.00	0.00	0.9	9.84	-8.94	0
2017-04-27 23:45:58	0.00	0.00	0.9	9.84	-8.94	0
2017-04-27 23:48:58	0.00	0.00	0.9	9.84	-8.94	0
2017-04-27 23:51:59	0.00	0.00	0.9	9.84	-8.94	0
2017-04-27 23:54:59	0.00	0.00	0.9	9.83	-8.93	0
2017-04-27 23:57:59	0.00	0.00	0.9	9.83	-8.93	0
2017-04-28 00:37:00	0.00	0.00	0.9	9.71	-8.81	0
2017-04-28 00:40:01	0.00	0.00	0.9	9.70	-8.80	0
2017-04-28 00:43:01	0.00	0.00	0.9	9.66	-8.76	0
2017-04-28 00:45:56	0.00	0.00	0.9	9.66	-8.76	0
2017-04-28 00:48:57	0.00	0.00	0.9	9.65	-8.75	0
2017-04-28 00:51:57	0.00	0.00	0.9	9.68	-8.78	0
2017-04-28 00:54:58	0.00	0.00	0.9	9.81	-8.91	0
2017-04-28 00:57:58	0.00	0.00	0.9	9.84	-8.94	0
2017-04-28 01:00:58	0.00	0.00	0.9	9.84	-8.94	0
2017-04-28 01:04:00	0.00	0.00	0.9	9.83	-8.93	0
2017-04-28 01:07:00	0.00	0.00	0.9	9.83	-8.93	0
2017-04-28 01:10:01	0.00	0.00	0.9	9.84	-8.94	0
2017-04-28 01:12:56	0.00	0.00	0.9	9.84	-8.94	0
2017-04-28 01:15:56	0.00	0.00	0.9	9.84	-8.94	0
2017-04-28 01:18:56	0.00	0.00	0.9	9.84	-8.94	0
2017-04-28 01:21:57	0.00	0.00	0.9	9.83	-8.93	0
2017-04-28 01:24:57	0.00	0.00	0.9	9.83	-8.93	0
2017-04-28 01:27:58	0.00	0.00	0.9	9.84	-8.94	0
2017-04-28 01:30:58	0.00	0.00	0.9	9.83	-8.93	0
2017-04-28 01:33:59	0.00	0.00	0.9	9.80	-8.90	0
2017-04-28 01:36:59	0.00	0.00	0.9	9.76	-8.86	0
2017-04-28 01:39:59	0.00	0.00	0.9	9.75	-8.85	0
2017-04-28 01:43:00	0.00	0.00	0.9	9.73	-8.83	0
2017-04-28 01:46:01	0.00	0.00	0.9	9.69	-8.79	0
2017-04-28 01:48:56	0.00	0.00	0.9	9.69	-8.79	0
2017-04-28 01:51:56	0.00	0.00	0.9	9.67	-8.77	0
2017-04-28 01:54:57	0.00	0.00	0.9	9.66	-8.76	0
2017-04-28 01:57:57	0.00	0.00	0.9	9.67	-8.77	0
2017-04-28 02:00:58	0.00	0.00	0.9	9.75	-8.85	0
2017-04-28 02:03:58	0.00	0.00	0.9	9.84	-8.94	0
2017-04-28 02:06:59	0.00	0.00	0.9	9.84	-8.94	0
2017-04-28 02:09:59	0.00	0.00	0.9	9.84	-8.94	0
2017-04-28 02:12:57	0.00	0.00	0.9	9.83	-8.93	0
2017-04-28 02:15:58	0.00	0.00	0.9	9.83	-8.93	0
2017-04-28 02:18:58	0.00	0.00	0.9	9.84	-8.94	0
2017-04-28 02:21:58	0.00	0.00	0.9	9.84	-8.94	0
2017-04-28 02:24:59	0.00	0.00	0.9	9.83	-8.93	0
2017-04-28 02:27:57	0.00	0.00	0.9	9.84	-8.94	0
2017-04-28 02:30:57	0.00	0.00	0.9	9.84	-8.94	0
2017-04-28 02:33:58	0.00	0.00	0.9	9.84	-8.94	0
2017-04-28 02:36:58	0.00	0.00	0.9	9.83	-8.93	0
2017-04-28 02:39:58	0.00	0.00	0.9	9.84	-8.94	0
2017-04-28 02:42:58	0.00	0.00	0.9	9.84	-8.94	0
2017-04-28 02:45:59	0.00	0.00	0.9	9.83	-8.93	0
2017-04-28 02:48:59	0.00	0.00	0.9	9.84	-8.94	0
2017-04-28 02:51:59	0.00	0.00	0.9	9.84	-8.94	0
2017-04-28 02:55:00	0.00	0.00	0.9	9.83	-8.93	0
2017-04-28 02:58:00	0.00	0.00	0.9	9.84	-8.94	0
2017-04-28 03:01:00	0.00	0.00	0.9	9.84	-8.94	0
2017-04-28 03:04:01	0.00	0.00	0.9	9.84	-8.94	0
2017-04-28 03:07:01	0.00	0.00	0.9	9.84	-8.94	0
2017-04-28 03:09:56	0.00	0.00	0.9	9.83	-8.93	0
2017-04-28 03:12:57	0.00	0.00	0.9	9.83	-8.93	0
2017-04-28 03:15:57	0.00	0.00	0.9	9.84	-8.94	0
2017-04-28 03:18:57	0.00	0.00	0.9	9.83	-8.93	0
2017-04-28 03:21:58	0.00	0.00	0.9	9.83	-8.93	0
2017-04-28 03:24:59	0.00	0.00	0.9	9.84	-8.94	0
2017-04-28 03:27:59	0.00	0.00	0.9	9.84	-8.94	0
2017-04-28 03:30:59	0.00	0.00	0.9	9.84	-8.94	0
2017-04-28 03:33:59	0.00	0.00	0.9	9.84	-8.94	0
2017-04-28 03:37:00	0.00	0.00	0.9	9.83	-8.93	0
2017-04-28 03:40:00	0.00	0.00	0.9	9.84	-8.94	0
2017-04-28 03:43:00	0.00	0.00	0.9	9.84	-8.94	0
2017-04-28 03:45:56	0.00	0.00	0.9	9.83	-8.93	0
2017-04-28 03:48:56	0.00	0.00	0.9	9.81	-8.91	0
2017-04-28 03:51:56	0.00	0.00	0.9	9.78	-8.88	0
2017-04-28 03:54:57	0.00	0.00	0.9	9.75	-8.85	0
2017-04-28 03:57:57	0.00	0.00	0.9	9.73	-8.83	0
2017-04-28 04:00:57	0.00	0.00	0.9	9.71	-8.81	0
2017-04-28 04:03:58	0.00	0.00	0.9	9.68	-8.78	0
2017-04-28 04:06:58	0.00	0.00	0.9	9.67	-8.77	0
2017-04-28 04:09:58	0.00	0.00	0.9	9.67	-8.77	0
2017-04-28 04:12:59	0.00	0.00	0.9	9.67	-8.77	0
2017-04-28 04:15:59	0.00	0.00	0.9	9.63	-8.73	0
2017-04-28 04:18:59	0.00	0.00	0.9	9.61	-8.71	0
2017-04-28 04:22:00	0.00	0.00	0.9	9.65	-8.75	0
2017-04-28 04:25:00	0.00	0.00	0.9	9.71	-8.81	0
2017-04-28 04:28:00	0.00	0.00	0.9	9.71	-8.81	0
2017-04-28 04:30:56	0.00	0.00	0.9	9.70	-8.80	0
2017-04-28 04:33:56	0.00	0.00	0.9	9.71	-8.81	0
2017-04-28 04:36:56	0.00	0.00	0.9	9.67	-8.77	0
2017-04-28 04:39:56	0.00	0.00	0.9	9.66	-8.76	0
2017-04-28 04:42:57	0.00	0.00	0.9	9.66	-8.76	0
2017-04-28 04:45:57	0.00	0.00	0.9	9.64	-8.74	0
2017-04-28 04:48:57	0.00	0.00	0.9	9.63	-8.73	0
2017-04-28 04:51:58	0.00	0.00	0.9	9.62	-8.72	0
2017-04-28 04:54:58	0.00	0.00	0.9	9.59	-8.69	0
2017-04-28 04:57:58	0.00	0.00	0.9	9.58	-8.68	0
2017-04-28 05:00:59	0.00	0.00	0.9	9.58	-8.68	0
2017-04-28 05:03:59	0.00	0.00	0.9	9.55	-8.65	0
2017-04-28 05:06:59	0.00	0.00	0.9	9.58	-8.68	0
2017-04-28 05:09:59	0.00	0.00	0.9	9.55	-8.65	0
2017-04-28 05:13:00	0.00	0.00	0.9	9.55	-8.65	0
2017-04-28 05:16:00	0.00	0.00	0.9	9.52	-8.62	0
2017-04-28 05:19:00	0.00	0.00	0.9	9.52	-8.62	0
2017-04-28 05:22:01	0.00	0.00	0.9	9.53	-8.63	0
2017-04-28 05:24:56	0.00	0.00	0.9	9.49	-8.59	0
2017-04-28 05:27:56	0.00	0.00	0.9	9.50	-8.60	0
2017-04-28 05:30:57	0.00	0.00	0.9	9.49	-8.59	0
2017-04-28 05:33:57	0.00	0.00	0.9	9.53	-8.63	0
2017-04-28 05:36:58	0.00	0.00	0.9	9.58	-8.68	0
2017-04-28 05:39:58	0.00	0.00	0.9	9.57	-8.67	0
2017-04-28 05:42:58	0.00	0.00	0.9	9.57	-8.67	0
2017-04-28 05:45:59	0.00	0.00	0.9	9.57	-8.67	0
2017-04-28 05:48:59	0.00	0.00	0.9	9.58	-8.68	0
2017-04-28 05:52:00	0.00	0.00	0.9	9.60	-8.70	0
2017-04-28 05:55:00	0.00	0.00	0.9	9.65	-8.75	0
2017-04-28 05:58:01	0.00	0.00	0.9	9.69	-8.79	0
2017-04-28 06:00:56	0.00	0.00	0.9	9.81	-8.91	0
2017-04-28 06:03:56	0.00	0.00	0.9	9.83	-8.93	0
2017-04-28 06:06:57	0.00	0.00	0.9	9.84	-8.94	0
2017-04-28 06:09:57	0.00	0.00	0.9	9.83	-8.93	0
2017-04-28 06:12:58	0.00	0.00	0.9	9.84	-8.94	0
2017-04-28 06:15:58	0.00	0.00	0.9	9.84	-8.94	0
2017-04-28 06:18:59	0.00	0.00	0.9	9.83	-8.93	0
2017-04-28 06:21:59	0.00	0.00	0.9	9.83	-8.93	0
2017-04-28 06:24:59	0.00	0.00	0.9	9.84	-8.94	0
2017-04-28 06:28:00	0.00	0.00	0.9	9.84	-8.94	0
2017-04-28 06:31:00	0.00	0.00	0.9	9.84	-8.94	0
2017-04-28 06:32:05	0.00	0.00	0.9	9.83	-8.93	0
2017-04-28 06:37:01	0.00	0.00	0.9	9.84	-8.94	0
2017-04-28 06:40:01	0.00	0.00	0.9	9.84	-8.94	0
2017-04-28 06:42:57	0.00	0.00	0.9	9.84	-8.94	0
2017-04-28 06:45:57	0.00	0.00	0.9	9.83	-8.93	0
2017-04-28 06:48:57	0.00	0.00	0.9	9.84	-8.94	0
2017-04-28 06:51:57	0.00	0.00	0.9	9.84	-8.94	0
2017-04-28 06:54:58	0.00	0.00	0.9	9.84	-8.94	0
2017-04-28 06:57:58	0.00	0.00	0.9	9.83	-8.93	0
2017-04-28 07:00:58	0.00	0.00	0.9	9.84	-8.94	0
2017-04-28 07:03:59	0.00	0.00	0.9	9.83	-8.93	0
2017-04-28 07:06:59	0.00	0.00	0.9	9.84	-8.94	0
2017-04-28 07:10:00	0.00	0.00	0.9	9.84	-8.94	0
2017-04-28 07:13:00	0.00	0.00	0.9	9.84	-8.94	0
2017-04-28 07:16:00	0.00	0.00	0.9	9.84	-8.94	0
2017-04-28 07:19:01	0.00	0.00	0.9	9.83	-8.93	0
2017-04-28 07:22:01	0.00	0.00	0.9	9.83	-8.93	0
2017-04-28 07:25:01	0.00	0.00	0.9	9.84	-8.94	0
2017-04-28 07:28:01	0.00	0.00	0.9	9.84	-8.94	0
2017-04-28 07:30:57	0.00	0.00	0.9	9.84	-8.94	0
2017-04-28 07:33:57	0.00	0.00	0.9	9.84	-8.94	0
2017-04-28 07:36:57	0.00	0.00	0.9	9.83	-8.93	0
2017-04-28 07:39:57	0.00	0.00	0.9	9.83	-8.93	0
2017-04-28 07:42:58	0.00	0.00	0.9	9.83	-8.93	0
2017-04-28 07:45:58	0.00	0.00	0.9	9.82	-8.92	0
2017-04-28 07:48:58	0.00	0.00	0.9	9.79	-8.89	0
2017-04-28 07:51:59	0.00	0.00	0.9	9.81	-8.91	0
2017-04-28 07:54:59	0.00	0.00	0.9	9.84	-8.94	0
2017-04-28 07:57:59	0.00	0.00	0.9	9.84	-8.94	0
2017-04-28 08:01:00	0.00	0.00	0.9	9.84	-8.94	0
2017-04-28 08:04:00	0.00	0.00	0.9	9.83	-8.93	0
2017-04-28 08:07:00	0.00	0.00	0.9	9.84	-8.94	0
2017-04-28 08:10:00	0.00	0.00	0.9	9.84	-8.94	0
2017-04-28 08:12:56	0.00	0.00	0.9	9.84	-8.94	0
2017-04-28 08:15:56	0.00	0.00	0.9	9.84	-8.94	0
2017-04-28 08:18:56	0.00	0.00	0.9	9.84	-8.94	0
2017-04-28 08:21:56	0.00	0.00	0.9	9.84	-8.94	0
2017-04-28 08:24:57	0.00	0.00	0.9	9.84	-8.94	0
2017-04-28 08:27:57	0.00	0.00	0.9	9.84	-8.94	0
2017-04-28 08:30:57	0.00	0.00	0.9	9.84	-8.94	0
2017-04-28 08:33:58	0.00	0.00	0.9	9.84	-8.94	0
2017-04-28 08:36:58	0.00	0.00	0.9	9.84	-8.94	0
2017-04-28 08:39:58	0.00	0.00	0.9	9.84	-8.94	0
2017-04-28 08:42:58	0.00	0.00	0.9	9.84	-8.94	0
2017-04-28 08:45:59	0.00	0.00	0.9	9.83	-8.93	0
2017-04-28 08:48:59	0.00	0.00	0.9	9.84	-8.94	0
2017-04-28 08:51:59	0.00	0.00	0.9	9.84	-8.94	0
2017-04-28 08:55:00	0.00	0.00	0.9	9.84	-8.94	0
2017-04-28 08:58:00	0.00	0.00	0.9	9.84	-8.94	0
2017-04-28 09:01:00	0.00	0.00	0.9	9.83	-8.93	0
2017-04-28 09:04:00	0.00	0.00	0.9	9.84	-8.94	0
2017-04-28 09:07:01	0.00	0.00	0.9	9.84	-8.94	0
2017-04-28 09:09:56	0.00	0.00	0.9	9.84	-8.94	0
2017-04-28 09:12:56	0.00	0.00	0.9	9.84	-8.94	0
2017-04-28 09:15:57	0.00	0.00	0.9	9.84	-8.94	0
2017-04-28 09:18:57	0.00	0.00	0.9	9.84	-8.94	0
2017-04-28 09:21:57	0.00	0.00	0.9	9.84	-8.94	0
2017-04-28 09:24:57	0.00	0.00	0.9	9.84	-8.94	0
2017-04-28 09:27:58	0.00	0.00	0.9	9.83	-8.93	0
2017-04-28 09:30:58	0.00	0.00	0.9	9.84	-8.94	0
2017-04-28 09:33:58	0.00	0.00	0.9	9.84	-8.94	0
2017-04-28 09:36:59	0.00	0.00	0.9	9.83	-8.93	0
2017-04-28 09:39:59	0.00	0.00	0.9	9.84	-8.94	0
2017-04-28 09:42:59	0.00	0.00	0.9	9.84	-8.94	0
2017-04-28 09:45:59	0.00	0.00	0.9	9.84	-8.94	0
2017-04-28 09:49:00	0.00	0.00	0.9	9.83	-8.93	0
2017-04-28 09:52:00	0.00	0.00	0.9	9.84	-8.94	0
2017-04-28 09:55:00	0.00	0.00	0.9	9.84	-8.94	0
2017-04-28 09:58:01	0.00	0.00	0.9	9.83	-8.93	0
2017-04-28 10:01:01	0.00	0.00	0.9	9.84	-8.94	0
2017-04-28 10:03:56	0.00	0.00	0.9	9.84	-8.94	0
2017-04-28 10:06:56	0.00	0.00	0.9	9.84	-8.94	0
2017-04-28 10:09:57	0.00	0.00	0.9	9.84	-8.94	0
2017-04-28 10:12:57	0.00	0.00	0.9	9.84	-8.94	0
2017-04-28 10:15:57	0.00	0.00	0.9	9.84	-8.94	0
2017-04-28 10:18:57	0.00	0.00	0.9	9.84	-8.94	0
2017-04-28 10:21:58	0.00	0.00	0.9	9.84	-8.94	0
2017-04-28 10:24:58	0.00	0.00	0.9	9.84	-8.94	0
2017-04-28 10:27:58	0.00	0.00	0.9	9.84	-8.94	0
2017-04-28 10:30:59	0.00	0.00	0.9	9.84	-8.94	0
2017-04-28 10:33:59	0.00	0.00	0.9	9.84	-8.94	0
2017-04-28 10:36:59	0.00	0.00	0.9	9.83	-8.93	0
2017-04-28 10:40:00	0.00	0.00	0.9	9.83	-8.93	0
2017-04-28 10:43:00	0.00	0.00	0.9	9.84	-8.94	0
2017-04-28 10:46:00	0.00	0.00	0.9	9.83	-8.93	0
2017-04-28 10:49:00	0.00	0.00	0.9	9.84	-8.94	0
2017-04-28 10:52:01	0.00	0.00	0.9	9.84	-8.94	0
2017-04-28 10:54:56	0.00	0.00	0.9	9.83	-8.93	0
2017-04-28 10:57:56	0.00	0.00	0.9	9.84	-8.94	0
2017-04-28 11:00:57	0.00	0.00	0.9	9.83	-8.93	0
2017-04-28 11:03:57	0.00	0.00	0.9	9.84	-8.94	0
2017-04-28 11:06:57	0.00	0.00	0.9	9.84	-8.94	0
2017-04-28 11:09:57	0.00	0.00	0.9	9.84	-8.94	0
2017-04-28 11:12:58	0.00	0.00	0.9	9.84	-8.94	0
2017-04-28 11:15:58	0.00	0.00	0.9	9.84	-8.94	0
2017-04-28 11:18:58	0.00	0.00	0.9	9.84	-8.94	0
2017-04-28 11:21:59	0.00	0.00	0.9	9.84	-8.94	0
2017-04-28 11:24:59	0.00	0.00	0.9	9.83	-8.93	0
2017-04-28 11:27:59	0.00	0.00	0.9	9.83	-8.93	0
2017-04-28 11:30:59	0.00	0.00	0.9	9.82	-8.92	0
2017-04-28 11:34:00	0.00	0.00	0.9	9.84	-8.94	0
2017-04-28 11:37:00	0.00	0.00	0.9	9.83	-8.93	0
2017-04-28 11:40:00	0.00	0.00	0.9	9.83	-8.93	0
2017-04-28 11:43:00	0.00	0.00	0.9	9.84	-8.94	0
2017-04-28 11:46:01	0.00	0.00	0.9	9.84	-8.94	0
2017-04-28 11:48:56	0.00	0.00	0.9	9.84	-8.94	0
2017-04-28 11:51:56	0.00	0.00	0.9	9.84	-8.94	0
2017-04-28 11:54:57	0.00	0.00	0.9	9.83	-8.93	0
2017-04-28 11:57:57	0.00	0.00	0.9	9.84	-8.94	0
2017-04-28 12:00:57	0.00	0.00	0.9	9.84	-8.94	0
2017-04-28 12:03:57	0.00	0.00	0.9	9.83	-8.93	0
2017-04-28 12:06:58	0.00	0.00	0.9	9.84	-8.94	0
2017-04-28 12:09:58	0.00	0.00	0.9	9.83	-8.93	0
2017-04-28 12:12:58	0.00	0.00	0.9	9.84	-8.94	0
2017-04-28 12:15:59	0.00	0.00	0.9	9.82	-8.92	0
2017-04-28 12:18:59	0.00	0.00	0.9	9.77	-8.87	0
2017-04-28 12:21:59	0.00	0.00	0.9	9.77	-8.87	0
2017-04-28 12:24:59	0.00	0.00	0.9	9.74	-8.84	0
2017-04-28 12:28:00	0.00	0.00	0.9	9.71	-8.81	0
2017-04-28 12:31:00	0.00	0.00	0.9	9.68	-8.78	0
2017-04-28 12:32:05	0.00	0.00	0.9	9.66	-8.76	0
2017-04-28 12:36:58	0.00	0.00	0.9	9.70	-8.80	0
2017-04-28 12:39:59	0.00	0.00	0.9	9.66	-8.76	0
2017-04-28 12:43:00	0.00	0.00	0.9	9.62	-8.72	0
2017-04-28 12:46:01	0.00	0.00	0.9	9.58	-8.68	0
2017-04-28 12:48:56	0.00	0.00	0.9	9.59	-8.69	0
2017-04-28 12:51:57	0.00	0.00	0.9	9.56	-8.66	0
2017-04-28 12:54:59	0.00	0.00	0.9	9.53	-8.63	0
2017-04-28 12:57:59	0.00	0.00	0.9	9.50	-8.60	0
2017-04-28 13:00:57	0.00	0.00	0.9	9.51	-8.61	0
2017-04-28 13:03:57	0.00	0.00	0.9	9.48	-8.58	0
2017-04-28 13:06:59	0.00	0.00	0.9	9.45	-8.55	0
2017-04-28 13:09:59	0.00	0.00	0.9	9.41	-8.51	0
2017-04-28 13:13:00	0.00	0.00	0.9	9.41	-8.51	0
2017-04-28 13:15:56	0.00	0.00	0.9	9.40	-8.50	0
2017-04-28 13:18:57	0.00	0.00	0.9	9.39	-8.49	0
2017-04-28 13:21:57	0.00	0.00	0.9	9.36	-8.46	0
2017-04-28 13:24:58	0.00	0.00	0.9	9.36	-8.46	0
2017-04-28 13:27:59	0.00	0.00	0.9	9.33	-8.43	0
2017-04-28 13:30:56	0.00	0.00	0.9	9.31	-8.41	0
2017-04-28 13:33:57	0.00	0.00	0.9	9.28	-8.38	0
2017-04-28 13:36:58	0.00	0.00	0.9	9.26	-8.36	0
2017-04-28 13:39:58	0.00	0.00	0.9	9.24	-8.34	0
2017-04-28 13:42:59	0.00	0.00	0.9	9.24	-8.34	0
2017-04-28 13:45:59	0.00	0.00	0.9	9.25	-8.35	0
2017-04-28 13:49:00	0.00	0.00	0.9	9.24	-8.34	0
2017-04-28 13:52:01	0.00	0.00	0.9	9.19	-8.29	0
2017-04-28 13:54:56	0.00	0.00	0.9	9.15	-8.25	0
2017-04-28 13:57:56	0.00	0.00	0.9	9.13	-8.23	0
2017-04-28 14:00:57	0.00	0.00	0.9	9.13	-8.23	0
2017-04-28 14:03:58	0.00	0.00	0.9	9.11	-8.21	0
2017-04-28 14:06:59	0.00	0.00	0.9	9.06	-8.16	0
2017-04-28 14:09:59	0.00	0.00	0.9	9.01	-8.11	0
2017-04-28 14:13:00	0.00	0.00	0.9	8.92	-8.02	0
2017-04-28 14:15:58	0.00	0.00	0.9	8.91	-8.01	0
2017-04-28 14:18:59	0.00	0.00	0.9	8.90	-8.00	0
2017-04-28 14:21:59	0.00	0.00	0.9	8.92	-8.02	0
2017-04-28 14:25:00	0.00	0.00	0.9	8.91	-8.01	0
2017-04-28 14:27:56	0.00	0.00	0.9	8.92	-8.02	0
2017-04-28 14:30:56	0.00	0.00	0.9	8.91	-8.01	0
2017-04-28 14:33:57	0.00	0.00	0.9	8.90	-8.00	0
2017-04-28 14:36:57	0.00	0.00	0.9	8.92	-8.02	0
2017-04-28 14:39:58	0.00	0.00	0.9	8.91	-8.01	0
2017-04-28 14:42:58	0.00	0.00	0.9	8.92	-8.02	0
2017-04-28 14:45:59	0.00	0.00	0.9	8.91	-8.01	0
2017-04-28 14:48:59	0.00	0.00	0.9	8.93	-8.03	0
2017-04-28 14:51:59	0.00	0.00	0.9	8.92	-8.02	0
2017-04-28 14:55:00	0.00	0.00	0.9	8.91	-8.01	0
2017-04-28 14:58:01	0.00	0.00	0.9	8.91	-8.01	0
2017-04-28 15:00:56	0.00	0.00	0.9	8.89	-7.99	0
2017-04-28 15:06:59	0.00	0.00	0.9	8.90	-8.00	0
