Datum	m3 kapljicno	m3 trata	set point	kolicina v rezervoarju	odstopanje	ventil
2017-4-20 12:4:19	0,00	0,00	1,05	36,70	-35,65	0
2017-4-20 12:4:24	0,00	0,00	1,05	2,04	-0,99	0
2017-4-20 12:4:29	0,00	0,00	1,05	2,04	-0,99	0
2017-4-20 12:4:34	0,00	0,00	1,05	1,91	-0,86	0
2017-4-20 12:4:39	0,00	0,00	1,05	2,04	-0,99	0
2017-4-20 12:4:44	0,00	0,00	1,05	1,87	-0,82	0
2017-4-20 12:4:49	0,00	0,00	1,05	1,87	-0,82	0
2017-4-20 12:4:54	0,00	0,00	1,05	2,04	-0,99	0
2017-4-20 12:4:59	0,00	0,00	1,05	1,91	-0,86	0
2017-4-20 12:5:4	0,00	0,00	1,05	2,08	-1,03	0
2017-4-20 12:5:9	0,00	0,00	1,05	2,04	-0,99	0
2017-4-20 12:5:14	0,00	0,00	1,05	1,91	-0,86	0
2017-4-20 12:5:19	0,00	0,00	1,05	2,04	-0,99	0
2017-4-20 12:5:24	0,00	0,00	1,05	2,00	-0,95	0
2017-4-20 12:5:29	0,00	0,00	1,05	1,87	-0,82	0
2017-4-20 12:5:34	0,00	0,00	1,05	1,95	-0,90	0
2017-4-20 12:5:39	0,00	0,00	1,05	2,04	-0,99	0
2017-4-20 12:5:44	0,00	0,00	1,05	2,00	-0,95	0
2017-4-20 12:5:49	0,00	0,00	1,05	1,95	-0,90	0
2017-4-20 12:5:54	0,00	0,00	1,05	1,95	-0,90	0
2017-4-20 12:5:59	0,00	0,00	1,05	2,04	-0,99	0
2017-4-20 12:6:4	0,00	0,00	1,05	1,95	-0,90	0
2017-4-20 12:6:9	0,00	0,00	1,05	2,04	-0,99	0
2017-4-20 12:6:14	0,00	0,00	1,05	1,91	-0,86	0
2017-4-20 12:6:19	0,00	0,00	1,05	1,91	-0,86	0
2017-4-20 12:6:24	0,00	0,00	1,05	1,95	-0,90	0
2017-4-20 12:6:29	0,00	0,00	1,05	1,95	-0,90	0
2017-4-20 12:6:34	0,00	0,00	1,05	1,87	-0,82	0
2017-4-20 12:6:39	0,00	0,00	1,05	1,87	-0,82	0
2017-4-20 12:6:44	0,00	0,00	1,05	1,87	-0,82	0
2017-4-20 12:6:49	0,00	0,00	1,05	2,04	-0,99	0
2017-4-20 12:6:54	0,00	0,00	1,05	1,91	-0,86	0
2017-4-20 12:6:59	0,00	0,00	1,05	2,04	-0,99	0
2017-4-20 12:7:4	0,00	0,00	1,05	1,91	-0,86	0
2017-4-20 12:7:9	0,00	0,00	1,05	1,91	-0,86	0
2017-4-20 12:7:14	0,00	0,00	1,05	2,04	-0,99	0
2017-4-20 12:7:19	0,00	0,00	1,05	2,04	-0,99	0
2017-4-20 12:7:24	0,00	0,00	1,05	1,91	-0,86	0
2017-4-20 12:7:29	0,00	0,00	1,05	2,08	-1,03	0
2017-4-20 12:7:34	0,00	0,00	1,05	1,74	-0,69	0
2017-4-20 12:7:39	0,00	0,00	1,05	1,91	-0,86	0
2017-4-20 12:7:44	0,00	0,00	1,05	2,04	-0,99	0
2017-4-20 12:7:49	0,00	0,00	1,05	1,95	-0,90	0
2017-4-20 12:7:54	0,00	0,00	1,05	2,08	-1,03	0
2017-4-20 12:7:59	0,00	0,00	1,05	2,00	-0,95	0
2017-4-20 12:8:4	0,00	0,00	1,05	2,00	-0,95	0
2017-4-20 12:8:9	0,00	0,00	1,05	1,95	-0,90	0
2017-4-20 12:8:14	0,00	0,00	1,05	1,95	-0,90	0
2017-4-20 12:8:19	0,00	0,00	1,05	1,95	-0,90	0
2017-4-20 12:8:24	0,00	0,00	1,05	2,00	-0,95	0
2017-4-20 12:8:29	0,00	0,00	1,05	1,95	-0,90	0
2017-4-20 12:8:34	0,00	0,00	1,05	1,95	-0,90	0
2017-4-20 12:8:39	0,00	0,00	1,05	1,91	-0,86	0
2017-4-20 12:8:44	0,00	0,00	1,05	1,87	-0,82	0
2017-4-20 12:8:49	0,00	0,00	1,05	1,87	-0,82	0
2017-4-20 12:8:54	0,00	0,00	1,05	1,91	-0,86	0
2017-4-20 12:8:59	0,00	0,00	1,05	2,04	-0,99	0
2017-4-20 12:9:4	0,00	0,00	1,05	1,87	-0,82	0
2017-4-20 12:9:9	0,00	0,00	1,05	1,87	-0,82	0
2017-4-20 12:9:14	0,00	0,00	1,05	1,91	-0,86	0
2017-4-20 12:9:19	0,00	0,00	1,05	1,91	-0,86	0
2017-4-20 12:9:24	0,00	0,00	1,05	2,08	-1,03	0
2017-4-20 12:9:29	0,00	0,00	1,05	2,08	-1,03	0
2017-4-20 12:9:34	0,00	0,00	1,05	1,95	-0,90	0
2017-4-20 12:9:39	0,00	0,00	1,05	2,04	-0,99	0
2017-4-20 12:9:44	0,00	0,00	1,05	2,04	-0,99	0
2017-4-20 12:9:49	0,00	0,00	1,05	2,00	-0,95	0
2017-4-20 12:9:54	0,00	0,00	1,05	1,95	-0,90	0
2017-4-20 12:9:59	0,00	0,00	1,05	1,95	-0,90	0
2017-4-20 12:10:4	0,00	0,00	1,05	2,04	-0,99	0
2017-4-20 12:10:9	0,00	0,00	1,05	1,87	-0,82	0
2017-4-20 12:10:14	0,00	0,00	1,05	1,91	-0,86	0
2017-4-20 12:10:19	0,00	0,00	1,05	2,08	-1,03	0
2017-4-20 12:10:24	0,00	0,00	1,05	1,91	-0,86	0
2017-4-20 12:10:29	0,00	0,00	1,05	1,95	-0,90	0
2017-4-20 12:10:35	0,00	0,00	1,05	2,08	-1,03	0
2017-4-20 12:10:40	0,00	0,00	1,05	1,95	-0,90	0
2017-4-20 12:10:45	0,00	0,00	1,05	2,00	-0,95	0
2017-4-20 12:10:50	0,00	0,00	1,05	2,00	-0,95	0
2017-4-20 12:10:55	0,00	0,00	1,05	1,95	-0,90	0
2017-4-20 12:11:0	0,00	0,00	1,05	2,00	-0,95	0
2017-4-20 12:11:5	0,00	0,00	1,05	1,95	-0,90	0
2017-4-20 12:11:10	0,00	0,00	1,05	2,00	-0,95	0
2017-4-20 12:11:15	0,00	0,00	1,05	2,04	-0,99	0
2017-4-20 12:11:20	0,00	0,00	1,05	1,95	-0,90	0
2017-4-20 12:11:25	0,00	0,00	1,05	1,95	-0,90	0
2017-4-20 12:11:30	0,00	0,00	1,05	1,91	-0,86	0
2017-4-20 12:11:35	0,00	0,00	1,05	1,95	-0,90	0
2017-4-20 12:11:40	0,00	0,00	1,05	2,08	-1,03	0
2017-4-20 12:11:45	0,00	0,00	1,05	1,95	-0,90	0
2017-4-20 12:11:50	0,00	0,00	1,05	1,95	-0,90	0
2017-4-20 12:11:55	0,00	0,00	1,05	2,00	-0,95	0
2017-4-20 12:12:0	0,00	0,00	1,05	2,00	-0,95	0
2017-4-20 12:12:5	0,00	0,00	1,05	2,00	-0,95	0
2017-4-20 12:12:10	0,00	0,00	1,05	1,91	-0,86	0
2017-4-20 12:12:15	0,00	0,00	1,05	2,08	-1,03	0
2017-4-20 12:12:20	0,00	0,00	1,05	1,91	-0,86	0
2017-4-20 12:12:25	0,00	0,00	1,05	1,95	-0,90	0
2017-4-20 12:12:30	0,00	0,00	1,05	2,04	-0,99	0
2017-4-20 12:12:35	0,00	0,00	1,05	1,95	-0,90	0
2017-4-20 12:12:40	0,00	0,00	1,05	1,95	-0,90	0
2017-4-20 12:12:45	0,00	0,00	1,05	1,95	-0,90	0
2017-4-20 12:12:50	0,00	0,00	1,05	2,04	-0,99	0
2017-4-20 12:12:55	0,00	0,00	1,05	1,87	-0,82	0
2017-4-20 12:13:0	0,00	0,00	1,05	2,04	-0,99	0
2017-4-20 12:13:5	0,00	0,00	1,05	2,00	-0,95	0
2017-4-20 12:13:10	0,00	0,00	1,05	1,91	-0,86	0
2017-4-20 12:13:15	0,00	0,00	1,05	2,04	-0,99	0
2017-4-20 12:13:20	0,00	0,00	1,05	2,00	-0,95	0
2017-4-20 12:13:25	0,00	0,00	1,05	1,91	-0,86	0
2017-4-20 12:13:30	0,00	0,00	1,05	2,04	-0,99	0
2017-4-20 12:13:35	0,00	0,00	1,05	1,91	-0,86	0
2017-4-20 12:13:40	0,00	0,00	1,05	2,04	-0,99	0
2017-4-20 12:13:45	0,00	0,00	1,05	1,87	-0,82	0
2017-4-20 12:13:50	0,00	0,00	1,05	2,04	-0,99	0
2017-4-20 12:13:55	0,00	0,00	1,05	2,00	-0,95	0
2017-4-20 12:14:0	0,00	0,00	1,05	1,87	-0,82	0
2017-4-20 12:14:5	0,00	0,00	1,05	2,00	-0,95	0
2017-4-20 12:14:10	0,00	0,00	1,05	2,00	-0,95	0
2017-4-20 12:14:15	0,00	0,00	1,05	2,00	-0,95	0
2017-4-20 12:14:20	0,00	0,00	1,05	1,91	-0,86	0
2017-4-20 12:14:25	0,00	0,00	1,05	2,04	-0,99	0
2017-4-20 12:14:30	0,00	0,00	1,05	1,91	-0,86	0
2017-4-20 12:14:35	0,00	0,00	1,05	1,87	-0,82	0
2017-4-20 12:14:40	0,00	0,00	1,05	2,04	-0,99	0
2017-4-20 12:14:45	0,00	0,00	1,05	1,87	-0,82	0
2017-4-20 12:14:50	0,00	0,00	1,05	1,91	-0,86	0
2017-4-20 12:14:55	0,00	0,00	1,05	1,91	-0,86	0
2017-4-20 12:15:0	0,00	0,00	1,05	1,95	-0,90	0
2017-4-20 12:15:5	0,00	0,00	1,05	1,95	-0,90	0
2017-4-20 12:15:10	0,00	0,00	1,05	1,95	-0,90	0
2017-4-20 12:15:15	0,00	0,00	1,05	2,00	-0,95	0
2017-4-20 12:15:20	0,00	0,00	1,05	2,00	-0,95	0
2017-4-20 12:15:25	0,00	0,00	1,05	2,04	-0,99	0
2017-4-20 12:15:30	0,00	0,00	1,05	2,00	-0,95	0
2017-4-20 12:15:35	0,00	0,00	1,05	2,04	-0,99	0
2017-4-20 12:15:40	0,00	0,00	1,05	1,91	-0,86	0
2017-4-20 12:15:45	0,00	0,00	1,05	2,04	-0,99	0
2017-4-20 12:15:50	0,00	0,00	1,05	1,91	-0,86	0
2017-4-20 12:15:55	0,00	0,00	1,05	1,91	-0,86	0
2017-4-20 12:16:0	0,00	0,00	1,05	2,08	-1,03	0
2017-4-20 12:16:5	0,00	0,00	1,05	1,95	-0,90	0
2017-4-20 12:16:10	0,00	0,00	1,05	2,00	-0,95	0
2017-4-20 12:16:15	0,00	0,00	1,05	1,95	-0,90	0
2017-4-20 12:16:20	0,00	0,00	1,05	1,95	-0,90	0
2017-4-20 12:16:25	0,00	0,00	1,05	1,95	-0,90	0
2017-4-20 12:16:30	0,00	0,00	1,05	2,00	-0,95	0
2017-4-20 12:16:35	0,00	0,00	1,05	2,04	-0,99	0
2017-4-20 12:16:40	0,00	0,00	1,05	2,04	-0,99	0
2017-4-20 12:16:45	0,00	0,00	1,05	2,04	-0,99	0
2017-4-20 12:16:50	0,00	0,00	1,05	2,04	-0,99	0
2017-4-20 12:16:55	0,00	0,00	1,05	2,04	-0,99	0
2017-4-20 12:17:0	0,00	0,00	1,05	1,87	-0,82	0
2017-4-20 12:17:5	0,00	0,00	1,05	1,91	-0,86	0
2017-4-20 12:17:10	0,00	0,00	1,05	1,87	-0,82	0
2017-4-20 12:17:15	0,00	0,00	1,05	1,95	-0,90	0
2017-4-20 12:17:20	0,00	0,00	1,05	2,00	-0,95	0
2017-4-20 12:17:25	0,00	0,00	1,05	1,91	-0,86	0
2017-4-20 12:17:30	0,00	0,00	1,05	1,91	-0,86	0
2017-4-20 12:17:35	0,00	0,00	1,05	2,04	-0,99	0
2017-4-20 12:17:40	0,00	0,00	1,05	1,87	-0,82	0
2017-4-20 12:17:45	0,00	0,00	1,05	2,04	-0,99	0
2017-4-20 12:17:50	0,00	0,00	1,05	2,04	-0,99	0
2017-4-20 12:17:55	0,00	0,00	1,05	1,91	-0,86	0
2017-4-20 12:18:0	0,00	0,00	1,05	2,00	-0,95	0
2017-4-20 12:18:5	0,00	0,00	1,05	1,87	-0,82	0
2017-4-20 12:18:10	0,00	0,00	1,05	1,91	-0,86	0
2017-4-20 12:18:15	0,00	0,00	1,05	2,08	-1,03	0
2017-4-20 12:18:20	0,00	0,00	1,05	1,95	-0,90	0
2017-4-20 12:18:25	0,00	0,00	1,05	1,91	-0,86	0
2017-4-20 12:18:30	0,00	0,00	1,05	2,08	-1,03	0
2017-4-20 12:18:35	0,00	0,00	1,05	1,91	-0,86	0
2017-4-20 12:18:40	0,00	0,00	1,05	2,04	-0,99	0
2017-4-20 12:18:45	0,00	0,00	1,05	2,04	-0,99	0
2017-4-20 12:18:50	0,00	0,00	1,05	2,08	-1,03	0
2017-4-20 12:18:55	0,00	0,00	1,05	2,08	-1,03	0
2017-4-20 12:19:0	0,00	0,00	1,05	2,04	-0,99	0
2017-4-20 12:19:5	0,00	0,00	1,05	2,00	-0,95	0
2017-4-20 12:19:10	0,00	0,00	1,05	2,08	-1,03	0
2017-4-20 12:19:15	0,00	0,00	1,05	1,95	-0,90	0
2017-4-20 12:19:20	0,00	0,00	1,05	2,04	-0,99	0
2017-4-20 12:19:25	0,00	0,00	1,05	2,08	-1,03	0
2017-4-20 12:19:30	0,00	0,00	1,05	2,08	-1,03	0
2017-4-20 12:19:35	0,00	0,00	1,05	1,82	-0,77	0
2017-4-20 12:19:40	0,00	0,00	1,05	2,04	-0,99	0
2017-4-20 12:19:45	0,00	0,00	1,05	2,00	-0,95	0
2017-4-20 12:19:50	0,00	0,00	1,05	1,95	-0,90	0
2017-4-20 12:19:55	0,00	0,00	1,05	1,95	-0,90	0
2017-4-20 12:20:0	0,00	0,00	1,05	1,95	-0,90	0
2017-4-20 12:20:5	0,00	0,00	1,05	1,95	-0,90	0
2017-4-20 12:20:10	0,00	0,00	1,05	2,04	-0,99	0
2017-4-20 12:20:15	0,00	0,00	1,05	2,04	-0,99	0
2017-4-20 12:20:20	0,00	0,00	1,05	1,95	-0,90	0
2017-4-20 12:20:26	0,00	0,00	1,05	1,95	-0,90	0
2017-4-20 12:20:31	0,00	0,00	1,05	1,95	-0,90	0
2017-4-20 12:20:36	0,00	0,00	1,05	2,00	-0,95	0
2017-4-20 12:20:41	0,00	0,00	1,05	1,91	-0,86	0
2017-4-20 12:20:46	0,00	0,00	1,05	2,04	-0,99	0
2017-4-20 12:20:51	0,00	0,00	1,05	2,00	-0,95	0
2017-4-20 12:20:56	0,00	0,00	1,05	1,91	-0,86	0
2017-4-20 12:21:1	0,00	0,00	1,05	2,04	-0,99	0
2017-4-20 12:21:6	0,00	0,00	1,05	1,87	-0,82	0
2017-4-20 12:21:11	0,00	0,00	1,05	1,87	-0,82	0
2017-4-20 12:21:16	0,00	0,00	1,05	1,91	-0,86	0
2017-4-20 12:21:21	0,00	0,00	1,05	1,91	-0,86	0
2017-4-20 12:21:26	0,00	0,00	1,05	1,91	-0,86	0
2017-4-20 12:21:31	0,00	0,00	1,05	2,08	-1,03	0
2017-4-20 12:21:36	0,00	0,00	1,05	1,91	-0,86	0
2017-4-20 12:21:41	0,00	0,00	1,05	2,04	-0,99	0
2017-4-20 12:21:46	0,00	0,00	1,05	2,00	-0,95	0
2017-4-20 12:21:51	0,00	0,00	1,05	1,91	-0,86	0
2017-4-20 12:21:56	0,00	0,00	1,05	1,95	-0,90	0
2017-4-20 12:22:1	0,00	0,00	1,05	1,95	-0,90	0
2017-4-20 12:22:6	0,00	0,00	1,05	2,00	-0,95	0
2017-4-20 12:22:11	0,00	0,00	1,05	1,87	-0,82	0
2017-4-20 12:22:16	0,00	0,00	1,05	2,00	-0,95	0
2017-4-20 12:22:21	0,00	0,00	1,05	2,04	-0,99	0
2017-4-20 12:22:26	0,00	0,00	1,05	2,04	-0,99	0
2017-4-20 12:22:31	0,00	0,00	1,05	2,04	-0,99	0
2017-4-20 12:22:36	0,00	0,00	1,05	1,87	-0,82	0
2017-4-20 12:22:41	0,00	0,00	1,05	1,91	-0,86	0
2017-4-20 12:22:46	0,00	0,00	1,05	1,91	-0,86	0
2017-4-20 12:22:51	0,00	0,00	1,05	2,08	-1,03	0
2017-4-20 12:22:56	0,00	0,00	1,05	1,91	-0,86	0
2017-4-20 12:23:1	0,00	0,00	1,05	2,04	-0,99	0
2017-4-20 12:23:6	0,00	0,00	1,05	2,04	-0,99	0
2017-4-20 12:23:11	0,00	0,00	1,05	1,95	-0,90	0
2017-4-20 12:23:16	0,00	0,00	1,05	2,00	-0,95	0
2017-4-20 12:23:21	0,00	0,00	1,05	2,00	-0,95	0
2017-4-20 12:23:26	0,00	0,00	1,05	1,95	-0,90	0
2017-4-20 12:23:31	0,00	0,00	1,05	1,95	-0,90	0
2017-4-20 12:23:36	0,00	0,00	1,05	2,00	-0,95	0
2017-4-20 12:23:41	0,00	0,00	1,05	2,04	-0,99	0
2017-4-20 12:23:46	0,00	0,00	1,05	1,91	-0,86	0
2017-4-20 12:23:51	0,00	0,00	1,05	2,04	-0,99	0
2017-4-20 12:23:56	0,00	0,00	1,05	1,91	-0,86	0
2017-4-20 12:24:1	0,00	0,00	1,05	1,91	-0,86	0
2017-4-20 12:24:6	0,00	0,00	1,05	1,91	-0,86	0
2017-4-20 12:24:11	0,00	0,00	1,05	1,95	-0,90	0
2017-4-20 12:24:16	0,00	0,00	1,05	1,91	-0,86	0
2017-4-20 12:24:21	0,00	0,00	1,05	1,91	-0,86	0
2017-4-20 12:24:26	0,00	0,00	1,05	1,95	-0,90	0
2017-4-20 12:24:31	0,00	0,00	1,05	2,04	-0,99	0
2017-4-20 12:24:36	0,00	0,00	1,05	1,91	-0,86	0
2017-4-20 12:24:41	0,00	0,00	1,05	2,04	-0,99	0
2017-4-20 12:24:46	0,00	0,00	1,05	2,04	-0,99	0
2017-4-20 12:24:51	0,00	0,00	1,05	1,91	-0,86	0
2017-4-20 12:24:56	0,00	0,00	1,05	2,04	-0,99	0
2017-4-20 12:25:1	0,00	0,00	1,05	2,04	-0,99	0
2017-4-20 12:25:6	0,00	0,00	1,05	1,91	-0,86	0
2017-4-20 12:25:11	0,00	0,00	1,05	2,00	-0,95	0
2017-4-20 12:25:16	0,00	0,00	1,05	1,91	-0,86	0
2017-4-20 12:25:21	0,00	0,00	1,05	1,91	-0,86	0
2017-4-20 12:25:26	0,00	0,00	1,05	2,04	-0,99	0
2017-4-20 12:25:31	0,00	0,00	1,05	1,87	-0,82	0
2017-4-20 12:25:36	0,00	0,00	1,05	2,04	-0,99	0
2017-4-20 12:25:41	0,00	0,00	1,05	2,04	-0,99	0
2017-4-20 12:25:46	0,00	0,00	1,05	1,87	-0,82	0
2017-4-20 12:25:51	0,00	0,00	1,05	2,00	-0,95	0
2017-4-20 12:25:56	0,00	0,00	1,05	2,00	-0,95	0
2017-4-20 12:26:1	0,00	0,00	1,05	2,00	-0,95	0
2017-4-20 12:26:6	0,00	0,00	1,05	2,04	-0,99	0
2017-4-20 12:26:11	0,00	0,00	1,05	1,87	-0,82	0
2017-4-20 12:26:16	0,00	0,00	1,05	1,91	-0,86	0
2017-4-20 12:26:21	0,00	0,00	1,05	2,08	-1,03	0
2017-4-20 12:26:26	0,00	0,00	1,05	1,91	-0,86	0
2017-4-20 12:26:31	0,00	0,00	1,05	1,91	-0,86	0
2017-4-20 12:26:36	0,00	0,00	1,05	1,91	-0,86	0
2017-4-20 12:26:41	0,00	0,00	1,05	1,91	-0,86	0
2017-4-20 12:26:46	0,00	0,00	1,05	2,08	-1,03	0
2017-4-20 12:26:51	0,00	0,00	1,05	1,95	-0,90	0
2017-4-20 12:26:56	0,00	0,00	1,05	2,04	-0,99	0
2017-4-20 12:27:1	0,00	0,00	1,05	2,00	-0,95	0
2017-4-20 12:27:6	0,00	0,00	1,05	1,87	-0,82	0
2017-4-20 12:27:11	0,00	0,00	1,05	2,04	-0,99	0
2017-4-20 12:27:16	0,00	0,00	1,05	2,08	-1,03	0
2017-4-20 12:27:21	0,00	0,00	1,05	1,91	-0,86	0
2017-4-20 12:27:26	0,00	0,00	1,05	2,08	-1,03	0
2017-4-20 12:27:31	0,00	0,00	1,05	1,91	-0,86	0
2017-4-20 12:27:36	0,00	0,00	1,05	1,91	-0,86	0
2017-4-20 12:27:41	0,00	0,00	1,05	2,04	-0,99	0
2017-4-20 12:27:46	0,00	0,00	1,05	1,91	-0,86	0
2017-4-20 12:27:51	0,00	0,00	1,05	1,91	-0,86	0
2017-4-20 12:27:56	0,00	0,00	1,05	2,08	-1,03	0
2017-4-20 12:28:1	0,00	0,00	1,05	1,91	-0,86	0
2017-4-20 12:28:6	0,00	0,00	1,05	2,00	-0,95	0
2017-4-20 12:28:11	0,00	0,00	1,05	2,00	-0,95	0
2017-4-20 12:28:16	0,00	0,00	1,05	1,95	-0,90	0
2017-4-20 12:28:21	0,00	0,00	1,05	1,95	-0,90	0
2017-4-20 12:28:26	0,00	0,00	1,05	2,00	-0,95	0
2017-4-20 12:28:31	0,00	0,00	1,05	2,04	-0,99	0
2017-4-20 12:28:36	0,00	0,00	1,05	2,00	-0,95	0
2017-4-20 12:28:41	0,00	0,00	1,05	1,91	-0,86	0
2017-4-20 12:28:46	0,00	0,00	1,05	2,04	-0,99	0
2017-4-20 12:28:51	0,00	0,00	1,05	1,87	-0,82	0
2017-4-20 12:28:56	0,00	0,00	1,05	1,95	-0,90	0
2017-4-20 12:29:1	0,00	0,00	1,05	2,00	-0,95	0
2017-4-20 12:29:6	0,00	0,00	1,05	1,91	-0,86	0
2017-4-20 12:29:11	0,00	0,00	1,05	1,95	-0,90	0
2017-4-20 12:29:16	0,00	0,00	1,05	2,00	-0,95	0
2017-4-20 12:29:21	0,00	0,00	1,05	1,91	-0,86	0
2017-4-20 12:29:26	0,00	0,00	1,05	2,00	-0,95	0
2017-4-20 12:29:31	0,00	0,00	1,05	2,04	-0,99	0
2017-4-20 12:29:36	0,00	0,00	1,05	1,87	-0,82	0
2017-4-20 12:29:41	0,00	0,00	1,05	2,00	-0,95	0
2017-4-20 12:29:46	0,00	0,00	1,05	1,91	-0,86	0
2017-4-20 12:29:51	0,00	0,00	1,05	1,87	-0,82	0
2017-4-20 12:29:56	0,00	0,00	1,05	2,04	-0,99	0
2017-4-20 12:30:1	0,00	0,00	1,05	2,00	-0,95	0
2017-4-20 12:30:6	0,00	0,00	1,05	2,00	-0,95	0
2017-4-20 12:30:11	0,00	0,00	1,05	1,95	-0,90	0
2017-4-20 12:30:16	0,00	0,00	1,05	2,04	-0,99	0
2017-4-20 12:30:21	0,00	0,00	1,05	1,87	-0,82	0
2017-4-20 12:30:26	0,00	0,00	1,05	1,87	-0,82	0
2017-4-20 12:30:31	0,00	0,00	1,05	1,91	-0,86	0
2017-4-20 12:30:36	0,00	0,00	1,05	1,87	-0,82	0
2017-4-20 12:30:41	0,00	0,00	1,05	1,91	-0,86	0
2017-4-20 12:30:47	0,00	0,00	1,05	1,95	-0,90	0
2017-4-20 12:30:52	0,00	0,00	1,05	1,91	-0,86	0
2017-4-20 12:30:57	0,00	0,00	1,05	2,08	-1,03	0
2017-4-20 12:31:2	0,00	0,00	1,05	2,00	-0,95	0
2017-4-20 12:31:7	0,00	0,00	1,05	2,00	-0,95	0
2017-4-20 12:31:12	0,00	0,00	1,05	2,00	-0,95	0
2017-4-20 12:31:17	0,00	0,00	1,05	1,95	-0,90	0
2017-4-20 12:31:22	0,00	0,00	1,05	2,00	-0,95	0
2017-4-20 12:31:27	0,00	0,00	1,05	2,04	-0,99	0
2017-4-20 12:31:32	0,00	0,00	1,05	1,91	-0,86	0
2017-4-20 12:31:37	0,00	0,00	1,05	2,04	-0,99	0
2017-4-20 12:31:42	0,00	0,00	1,05	1,87	-0,82	0
2017-4-20 12:31:47	0,00	0,00	1,05	1,87	-0,82	0
2017-4-20 12:31:52	0,00	0,00	1,05	2,08	-1,03	0
2017-4-20 12:31:57	0,00	0,00	1,05	1,91	-0,86	0
2017-4-20 12:32:2	0,00	0,00	1,05	2,08	-1,03	0
2017-4-20 12:32:7	0,00	0,00	1,05	2,08	-1,03	0
2017-4-20 12:32:12	0,00	0,00	1,05	1,91	-0,86	0
2017-4-20 12:32:17	0,00	0,00	1,05	1,95	-0,90	0
2017-4-20 12:32:22	0,00	0,00	1,05	2,00	-0,95	0
2017-4-20 12:32:27	0,00	0,00	1,05	1,91	-0,86	0
2017-4-20 12:32:32	0,00	0,00	1,05	2,04	-0,99	0
2017-4-20 12:32:37	0,00	0,00	1,05	1,91	-0,86	0
2017-4-20 12:32:42	0,00	0,00	1,05	1,91	-0,86	0
2017-4-20 12:32:47	0,00	0,00	1,05	2,00	-0,95	0
2017-4-20 12:32:52	0,00	0,00	1,05	1,95	-0,90	0
2017-4-20 12:32:57	0,00	0,00	1,05	1,95	-0,90	0
2017-4-20 12:33:2	0,00	0,00	1,05	2,00	-0,95	0
2017-4-20 12:33:7	0,00	0,00	1,05	1,95	-0,90	0
2017-4-20 12:33:12	0,00	0,00	1,05	1,95	-0,90	0
2017-4-20 12:33:17	0,00	0,00	1,05	1,95	-0,90	0
2017-4-20 12:33:22	0,00	0,00	1,05	2,00	-0,95	0
2017-4-20 12:33:27	0,00	0,00	1,05	2,00	-0,95	0
2017-4-20 12:33:32	0,00	0,00	1,05	2,00	-0,95	0
2017-4-20 12:33:37	0,00	0,00	1,05	2,00	-0,95	0
2017-4-20 12:33:42	0,00	0,00	1,05	1,87	-0,82	0
2017-4-20 12:33:47	0,00	0,00	1,05	2,04	-0,99	0
2017-4-20 12:33:52	0,00	0,00	1,05	2,04	-0,99	0
2017-4-20 12:33:57	0,00	0,00	1,05	2,04	-0,99	0
2017-4-20 12:34:2	0,00	0,00	1,05	1,91	-0,86	0
2017-4-20 12:34:7	0,00	0,00	1,05	1,87	-0,82	0
2017-4-20 12:34:12	0,00	0,00	1,05	1,95	-0,90	0
2017-4-20 12:34:17	0,00	0,00	1,05	1,95	-0,90	0
2017-4-20 12:34:22	0,00	0,00	1,05	2,00	-0,95	0
2017-4-20 12:34:27	0,00	0,00	1,05	1,91	-0,86	0
2017-4-20 12:34:32	0,00	0,00	1,05	2,08	-1,03	0
2017-4-20 12:34:37	0,00	0,00	1,05	2,08	-1,03	0
2017-4-20 12:34:42	0,00	0,00	1,05	1,91	-0,86	0
2017-4-20 12:34:47	0,00	0,00	1,05	2,08	-1,03	0
2017-4-20 12:34:52	0,00	0,00	1,05	1,95	-0,90	0
2017-4-20 12:34:57	0,00	0,00	1,05	1,95	-0,90	0
2017-4-20 12:35:2	0,00	0,00	1,05	1,95	-0,90	0
2017-4-20 12:35:8	0,00	0,00	1,05	1,95	-0,90	0
2017-4-20 12:35:13	0,00	0,00	1,05	1,95	-0,90	0
2017-4-20 12:35:18	0,00	0,00	1,05	2,00	-0,95	0
2017-4-20 12:35:23	0,00	0,00	1,05	1,91	-0,86	0
2017-4-20 12:35:28	0,00	0,00	1,05	1,95	-0,90	0
2017-4-20 12:35:33	0,00	0,00	1,05	2,00	-0,95	0
2017-4-20 12:35:38	0,00	0,00	1,05	2,00	-0,95	0
2017-4-20 12:35:43	0,00	0,00	1,05	2,08	-1,03	0
2017-4-20 12:35:48	0,00	0,00	1,05	1,91	-0,86	0
2017-4-20 12:35:53	0,00	0,00	1,05	2,04	-0,99	0
2017-4-20 12:35:58	0,00	0,00	1,05	2,04	-0,99	0
2017-4-20 12:36:3	0,00	0,00	1,05	1,91	-0,86	0
2017-4-20 12:36:8	0,00	0,00	1,05	1,87	-0,82	0
2017-4-20 12:36:13	0,00	0,00	1,05	2,08	-1,03	0
2017-4-20 12:36:18	0,00	0,00	1,05	1,91	-0,86	0
2017-4-20 12:36:23	0,00	0,00	1,05	2,08	-1,03	0
2017-4-20 12:36:28	0,00	0,00	1,05	1,87	-0,82	0
2017-4-20 12:36:33	0,00	0,00	1,05	2,00	-0,95	0
2017-4-20 12:36:38	0,00	0,00	1,05	1,91	-0,86	0
2017-4-20 12:36:43	0,00	0,00	1,05	1,91	-0,86	0
2017-4-20 12:36:48	0,00	0,00	1,05	1,95	-0,90	0
2017-4-20 12:36:53	0,00	0,00	1,05	1,82	-0,77	0
2017-4-20 12:36:58	0,00	0,00	1,05	1,87	-0,82	0
2017-4-20 12:37:3	0,00	0,00	1,05	1,91	-0,86	0
2017-4-20 12:37:8	0,00	0,00	1,05	1,87	-0,82	0
2017-4-20 12:37:13	0,00	0,00	1,05	1,91	-0,86	0
2017-4-20 12:37:18	0,00	0,00	1,05	2,04	-0,99	0
2017-4-20 12:37:23	0,00	0,00	1,05	1,91	-0,86	0
2017-4-20 12:37:28	0,00	0,00	1,05	1,87	-0,82	0
2017-4-20 12:37:33	0,00	0,00	1,05	1,91	-0,86	0
2017-4-20 12:37:38	0,00	0,00	1,05	1,87	-0,82	0
2017-4-20 12:37:43	0,00	0,00	1,05	1,91	-0,86	0
2017-4-20 12:37:48	0,00	0,00	1,05	2,00	-0,95	0
2017-4-20 12:37:53	0,00	0,00	1,05	2,04	-0,99	0
2017-4-20 12:37:58	0,00	0,00	1,05	1,95	-0,90	0
2017-4-20 12:38:3	0,00	0,00	1,05	1,95	-0,90	0
2017-4-20 12:38:8	0,00	0,00	1,05	2,00	-0,95	0
2017-4-20 12:38:13	0,00	0,00	1,05	1,95	-0,90	0
2017-4-20 12:38:18	0,00	0,00	1,05	1,91	-0,86	0
2017-4-20 12:38:23	0,00	0,00	1,05	2,08	-1,03	0
2017-4-20 12:38:28	0,00	0,00	1,05	2,04	-0,99	0
2017-4-20 12:38:33	0,00	0,00	1,05	2,08	-1,03	0
2017-4-20 12:38:38	0,00	0,00	1,05	2,00	-0,95	0
2017-4-20 12:38:43	0,00	0,00	1,05	1,95	-0,90	0
2017-4-20 12:38:48	0,00	0,00	1,05	2,04	-0,99	0
2017-4-20 12:38:53	0,00	0,00	1,05	1,95	-0,90	0
2017-4-20 12:38:58	0,00	0,00	1,05	1,95	-0,90	0
2017-4-20 12:39:3	0,00	0,00	1,05	2,00	-0,95	0
2017-4-20 12:39:8	0,00	0,00	1,05	2,00	-0,95	0
2017-4-20 12:39:13	0,00	0,00	1,05	2,04	-0,99	0
2017-4-20 12:39:18	0,00	0,00	1,05	2,00	-0,95	0
2017-4-20 12:39:23	0,00	0,00	1,05	1,95	-0,90	0
2017-4-20 12:39:28	0,00	0,00	1,05	2,04	-0,99	0
2017-4-20 12:39:33	0,00	0,00	1,05	1,95	-0,90	0
2017-4-20 12:39:38	0,00	0,00	1,05	1,87	-0,82	0
2017-4-20 12:39:43	0,00	0,00	1,05	1,95	-0,90	0
2017-4-20 12:39:48	0,00	0,00	1,05	2,00	-0,95	0
2017-4-20 12:39:53	0,00	0,00	1,05	1,95	-0,90	0
2017-4-20 12:39:58	0,00	0,00	1,05	1,91	-0,86	0
2017-4-20 12:40:3	0,00	0,00	1,05	2,00	-0,95	0
2017-4-20 12:40:8	0,00	0,00	1,05	1,91	-0,86	0
2017-4-20 12:40:13	0,00	0,00	1,05	2,04	-0,99	0
2017-4-20 12:40:18	0,00	0,00	1,05	2,04	-0,99	0
2017-4-20 12:40:23	0,00	0,00	1,05	2,04	-0,99	0
2017-4-20 12:40:28	0,00	0,00	1,05	2,04	-0,99	0
2017-4-20 12:40:33	0,00	0,00	1,05	2,08	-1,03	0
2017-4-20 12:40:38	0,00	0,00	1,05	2,08	-1,03	0
2017-4-20 12:40:43	0,00	0,00	1,05	2,08	-1,03	0
2017-4-20 12:40:48	0,00	0,00	1,05	1,95	-0,90	0
2017-4-20 12:40:53	0,00	0,00	1,05	1,95	-0,90	0
2017-4-20 12:40:58	0,00	0,00	1,05	1,95	-0,90	0
2017-4-20 12:41:3	0,00	0,00	1,05	1,95	-0,90	0
2017-4-20 12:41:8	0,00	0,00	1,05	2,00	-0,95	0
2017-4-20 12:41:13	0,00	0,00	1,05	1,95	-0,90	0
2017-4-20 12:41:18	0,00	0,00	1,05	1,91	-0,86	0
2017-4-20 12:41:23	0,00	0,00	1,05	2,00	-0,95	0
2017-4-20 12:41:28	0,00	0,00	1,05	1,87	-0,82	0
2017-4-20 12:41:33	0,00	0,00	1,05	2,04	-0,99	0
2017-4-20 12:41:38	0,00	0,00	1,05	1,91	-0,86	0
2017-4-20 12:41:43	0,00	0,00	1,05	2,04	-0,99	0
2017-4-20 12:41:48	0,00	0,00	1,05	1,91	-0,86	0
2017-4-20 12:41:53	0,00	0,00	1,05	2,04	-0,99	0
2017-4-20 12:41:58	0,00	0,00	1,05	2,00	-0,95	0
2017-4-20 12:42:3	0,00	0,00	1,05	1,91	-0,86	0
2017-4-20 12:42:8	0,00	0,00	1,05	2,00	-0,95	0
2017-4-20 12:42:13	0,00	0,00	1,05	1,95	-0,90	0
2017-4-20 12:42:18	0,00	0,00	1,05	1,78	-0,73	0
2017-4-20 12:42:23	0,00	0,00	1,05	2,08	-1,03	0
2017-4-20 12:42:28	0,00	0,00	1,05	1,91	-0,86	0
2017-4-20 12:42:33	0,00	0,00	1,05	1,91	-0,86	0
2017-4-20 12:42:38	0,00	0,00	1,05	2,08	-1,03	0
2017-4-20 12:42:43	0,00	0,00	1,05	1,91	-0,86	0
2017-4-20 12:42:48	0,00	0,00	1,05	1,95	-0,90	0
2017-4-20 12:42:53	0,00	0,00	1,05	2,04	-0,99	0
2017-4-20 12:42:58	0,00	0,00	1,05	2,00	-0,95	0
2017-4-20 12:43:3	0,00	0,00	1,05	2,04	-0,99	0
2017-4-20 12:43:8	0,00	0,00	1,05	2,04	-0,99	0
2017-4-20 12:43:13	0,00	0,00	1,05	2,08	-1,03	0
2017-4-20 12:43:18	0,00	0,00	1,05	2,04	-0,99	0
2017-4-20 12:43:23	0,00	0,00	1,05	1,87	-0,82	0
2017-4-20 12:43:28	0,00	0,00	1,05	2,08	-1,03	0
2017-4-20 12:43:33	0,00	0,00	1,05	2,08	-1,03	0
2017-4-20 12:43:38	0,00	0,00	1,05	1,91	-0,86	0
2017-4-20 12:43:43	0,00	0,00	1,05	2,04	-0,99	0
2017-4-20 12:43:48	0,00	0,00	1,05	1,95	-0,90	0
2017-4-20 12:43:53	0,00	0,00	1,05	1,95	-0,90	0
2017-4-20 12:43:58	0,00	0,00	1,05	2,00	-0,95	0
2017-4-20 12:44:3	0,00	0,00	1,05	2,00	-0,95	0
2017-4-20 12:44:8	0,00	0,00	1,05	1,95	-0,90	0
2017-4-20 12:44:13	0,00	0,00	1,05	1,91	-0,86	0
2017-4-20 12:44:18	0,00	0,00	1,05	2,04	-0,99	0
2017-4-20 12:44:23	0,00	0,00	1,05	1,87	-0,82	0
2017-4-20 12:44:28	0,00	0,00	1,05	1,87	-0,82	0
2017-4-20 12:44:33	0,00	0,00	1,05	1,95	-0,90	0
2017-4-20 12:44:38	0,00	0,00	1,05	1,91	-0,86	0
2017-4-20 12:44:43	0,00	0,00	1,05	2,08	-1,03	0
2017-4-20 12:44:48	0,00	0,00	1,05	2,04	-0,99	0
2017-4-20 12:44:53	0,00	0,00	1,05	1,95	-0,90	0
2017-4-20 12:44:59	0,00	0,00	1,05	2,04	-0,99	0
2017-4-20 12:45:4	0,00	0,00	1,05	1,95	-0,90	0
2017-4-20 12:45:9	0,00	0,00	1,05	2,00	-0,95	0
2017-4-20 12:45:14	0,00	0,00	1,05	1,95	-0,90	0
2017-4-20 12:45:19	0,00	0,00	1,05	2,00	-0,95	0
2017-4-20 12:45:24	0,00	0,00	1,05	1,91	-0,86	0
2017-4-20 12:45:29	0,00	0,00	1,05	2,00	-0,95	0
2017-4-20 12:45:34	0,00	0,00	1,05	2,04	-0,99	0
2017-4-20 12:45:39	0,00	0,00	1,05	1,91	-0,86	0
2017-4-20 12:45:44	0,00	0,00	1,05	2,04	-0,99	0
2017-4-20 12:45:49	0,00	0,00	1,05	2,08	-1,03	0
2017-4-20 12:45:54	0,00	0,00	1,05	1,91	-0,86	0
2017-4-20 12:45:59	0,00	0,00	1,05	2,08	-1,03	0
2017-4-20 12:46:4	0,00	0,00	1,05	1,91	-0,86	0
2017-4-20 12:46:9	0,00	0,00	1,05	1,95	-0,90	0
2017-4-20 12:46:14	0,00	0,00	1,05	2,04	-0,99	0
2017-4-20 12:46:19	0,00	0,00	1,05	1,95	-0,90	0
2017-4-20 12:46:24	0,00	0,00	1,05	2,00	-0,95	0
2017-4-20 12:46:29	0,00	0,00	1,05	2,04	-0,99	0
2017-4-20 12:46:34	0,00	0,00	1,05	1,91	-0,86	0
2017-4-20 12:46:39	0,00	0,00	1,05	2,08	-1,03	0
2017-4-20 12:46:44	0,00	0,00	1,05	2,08	-1,03	0
2017-4-20 12:46:49	0,00	0,00	1,05	1,91	-0,86	0
2017-4-20 12:46:54	0,00	0,00	1,05	2,04	-0,99	0
2017-4-20 12:46:59	0,00	0,00	1,05	1,95	-0,90	0
2017-4-20 12:47:4	0,00	0,00	1,05	1,95	-0,90	0
2017-4-20 12:47:9	0,00	0,00	1,05	2,04	-0,99	0
2017-4-20 12:47:14	0,00	0,00	1,05	2,04	-0,99	0
2017-4-20 12:47:19	0,00	0,00	1,05	1,87	-0,82	0
2017-4-20 12:47:24	0,00	0,00	1,05	2,00	-0,95	0
2017-4-20 12:47:29	0,00	0,00	1,05	2,00	-0,95	0
2017-4-20 12:47:34	0,00	0,00	1,05	1,91	-0,86	0
2017-4-20 12:47:39	0,00	0,00	1,05	1,91	-0,86	0
2017-4-20 12:47:44	0,00	0,00	1,05	2,04	-0,99	0
2017-4-20 12:47:49	0,00	0,00	1,05	1,87	-0,82	0
2017-4-20 12:47:54	0,00	0,00	1,05	1,91	-0,86	0
2017-4-20 12:47:59	0,00	0,00	1,05	1,91	-0,86	0
2017-4-20 12:48:4	0,00	0,00	1,05	1,91	-0,86	0
2017-4-20 12:48:9	0,00	0,00	1,05	2,08	-1,03	0
2017-4-20 12:48:14	0,00	0,00	1,05	1,87	-0,82	0
2017-4-20 12:48:19	0,00	0,00	1,05	2,04	-0,99	0
2017-4-20 12:48:24	0,00	0,00	1,05	2,04	-0,99	0
2017-4-20 12:48:29	0,00	0,00	1,05	2,04	-0,99	0
2017-4-20 12:48:34	0,00	0,00	1,05	2,08	-1,03	0
2017-4-20 12:48:39	0,00	0,00	1,05	2,08	-1,03	0
2017-4-20 12:48:44	0,00	0,00	1,05	1,91	-0,86	0
2017-4-20 12:48:49	0,00	0,00	1,05	1,95	-0,90	0
2017-4-20 12:48:54	0,00	0,00	1,05	2,04	-0,99	0
2017-4-20 12:48:59	0,00	0,00	1,05	2,08	-1,03	0
2017-4-20 12:49:4	0,00	0,00	1,05	1,91	-0,86	0
2017-4-20 12:49:9	0,00	0,00	1,05	2,08	-1,03	0
2017-4-20 12:49:14	0,00	0,00	1,05	1,95	-0,90	0
2017-4-20 12:49:19	0,00	0,00	1,05	1,91	-0,86	0
2017-4-20 12:49:24	0,00	0,00	1,05	2,04	-0,99	0
2017-4-20 12:49:29	0,00	0,00	1,05	1,82	-0,77	0
2017-4-20 12:49:34	0,00	0,00	1,05	1,91	-0,86	0
2017-4-20 12:49:39	0,00	0,00	1,05	2,08	-1,03	0
2017-4-20 12:49:44	0,00	0,00	1,05	2,08	-1,03	0
2017-4-20 12:49:49	0,00	0,00	1,05	1,95	-0,90	0
2017-4-20 12:49:54	0,00	0,00	1,05	2,00	-0,95	0
2017-4-20 12:49:59	0,00	0,00	1,05	1,95	-0,90	0
2017-4-20 12:50:4	0,00	0,00	1,05	1,95	-0,90	0
2017-4-20 12:50:9	0,00	0,00	1,05	2,00	-0,95	0
2017-4-20 12:50:14	0,00	0,00	1,05	1,91	-0,86	0
2017-4-20 12:50:19	0,00	0,00	1,05	2,04	-0,99	0
2017-4-20 12:50:24	0,00	0,00	1,05	1,87	-0,82	0
2017-4-20 12:50:29	0,00	0,00	1,05	1,91	-0,86	0
2017-4-20 12:50:34	0,00	0,00	1,05	1,91	-0,86	0
2017-4-20 12:50:39	0,00	0,00	1,05	1,91	-0,86	0
2017-4-20 12:50:44	0,00	0,00	1,05	1,95	-0,90	0
2017-4-20 12:50:49	0,00	0,00	1,05	1,91	-0,86	0
2017-4-20 12:50:54	0,00	0,00	1,05	1,87	-0,82	0
2017-4-20 12:50:59	0,00	0,00	1,05	2,04	-0,99	0
2017-4-20 12:51:4	0,00	0,00	1,05	1,91	-0,86	0
2017-4-20 12:51:9	0,00	0,00	1,05	2,08	-1,03	0
2017-4-20 12:51:14	0,00	0,00	1,05	2,04	-0,99	0
2017-4-20 12:51:19	0,00	0,00	1,05	2,04	-0,99	0
2017-4-20 12:51:24	0,00	0,00	1,05	2,04	-0,99	0
2017-4-20 12:51:29	0,00	0,00	1,05	2,00	-0,95	0
2017-4-20 12:51:34	0,00	0,00	1,05	2,00	-0,95	0
2017-4-20 12:51:39	0,00	0,00	1,05	2,04	-0,99	0
2017-4-20 12:51:44	0,00	0,00	1,05	1,91	-0,86	0
2017-4-20 12:51:49	0,00	0,00	1,05	1,95	-0,90	0
2017-4-20 12:51:54	0,00	0,00	1,05	2,04	-0,99	0
2017-4-20 12:51:59	0,00	0,00	1,05	1,87	-0,82	0
2017-4-20 12:52:4	0,00	0,00	1,05	1,87	-0,82	0
2017-4-20 12:52:9	0,00	0,00	1,05	2,04	-0,99	0
2017-4-20 12:52:14	0,00	0,00	1,05	1,91	-0,86	0
2017-4-20 12:52:19	0,00	0,00	1,05	2,08	-1,03	0
2017-4-20 12:52:24	0,00	0,00	1,05	2,04	-0,99	0
2017-4-20 12:52:29	0,00	0,00	1,05	2,04	-0,99	0
2017-4-20 12:52:34	0,00	0,00	1,05	2,04	-0,99	0
2017-4-20 12:52:39	0,00	0,00	1,05	1,95	-0,90	0
2017-4-20 12:52:44	0,00	0,00	1,05	2,00	-0,95	0
2017-4-20 12:52:49	0,00	0,00	1,05	1,91	-0,86	0
2017-4-20 12:52:54	0,00	0,00	1,05	1,91	-0,86	0
2017-4-20 12:52:59	0,00	0,00	1,05	1,91	-0,86	0
2017-4-20 12:53:4	0,00	0,00	1,05	1,87	-0,82	0
2017-4-20 12:53:9	0,00	0,00	1,05	1,91	-0,86	0
2017-4-20 12:53:14	0,00	0,00	1,05	2,04	-0,99	0
2017-4-20 12:53:19	0,00	0,00	1,05	1,91	-0,86	0
2017-4-20 12:53:24	0,00	0,00	1,05	2,08	-1,03	0
2017-4-20 12:53:29	0,00	0,00	1,05	2,08	-1,03	0
2017-4-20 12:53:34	0,00	0,00	1,05	1,95	-0,90	0
2017-4-20 12:53:39	0,00	0,00	1,05	2,08	-1,03	0
2017-4-20 12:53:44	0,00	0,00	1,05	2,08	-1,03	0
2017-4-20 12:53:49	0,00	0,00	1,05	1,95	-0,90	0
2017-4-20 12:53:54	0,00	0,00	1,05	2,04	-0,99	0
2017-4-20 12:53:59	0,00	0,00	1,05	1,95	-0,90	0
2017-4-20 12:54:4	0,00	0,00	1,05	2,00	-0,95	0
2017-4-20 12:54:9	0,00	0,00	1,05	2,00	-0,95	0
2017-4-20 12:54:14	0,00	0,00	1,05	2,00	-0,95	0
2017-4-20 12:54:19	0,00	0,00	1,05	1,95	-0,90	0
2017-4-20 12:54:24	0,00	0,00	1,05	1,91	-0,86	0
2017-4-20 12:54:29	0,00	0,00	1,05	2,00	-0,95	0
2017-4-20 12:54:34	0,00	0,00	1,05	2,00	-0,95	0
2017-4-20 12:54:39	0,00	0,00	1,05	2,00	-0,95	0
2017-4-20 12:54:44	0,00	0,00	1,05	2,00	-0,95	0
2017-4-20 12:54:49	0,00	0,00	1,05	2,04	-0,99	0
2017-4-20 12:54:54	0,00	0,00	1,05	2,04	-0,99	0
2017-4-20 12:54:59	0,00	0,00	1,05	1,87	-0,82	0
2017-4-20 12:55:4	0,00	0,00	1,05	2,08	-1,03	0
2017-4-20 12:55:10	0,00	0,00	1,05	1,91	-0,86	0
2017-4-20 12:55:15	0,00	0,00	1,05	1,91	-0,86	0
2017-4-20 12:55:20	0,00	0,00	1,05	1,91	-0,86	0
2017-4-20 12:55:25	0,00	0,00	1,05	1,95	-0,90	0
2017-4-20 12:55:30	0,00	0,00	1,05	2,04	-0,99	0
2017-4-20 12:55:35	0,00	0,00	1,05	1,95	-0,90	0
2017-4-20 12:55:40	0,00	0,00	1,05	1,95	-0,90	0
2017-4-20 12:55:45	0,00	0,00	1,05	2,00	-0,95	0
2017-4-20 12:55:50	0,00	0,00	1,05	2,00	-0,95	0
2017-4-20 12:55:55	0,00	0,00	1,05	1,95	-0,90	0
2017-4-20 12:56:0	0,00	0,00	1,05	1,91	-0,86	0
2017-4-20 12:56:5	0,00	0,00	1,05	2,04	-0,99	0
2017-4-20 12:56:10	0,00	0,00	1,05	1,87	-0,82	0
2017-4-20 12:56:15	0,00	0,00	1,05	2,04	-0,99	0
2017-4-20 12:56:20	0,00	0,00	1,05	2,04	-0,99	0
2017-4-20 12:56:25	0,00	0,00	1,05	1,87	-0,82	0
2017-4-20 12:56:30	0,00	0,00	1,05	2,04	-0,99	0
2017-4-20 12:56:35	0,00	0,00	1,05	2,08	-1,03	0
2017-4-20 12:56:40	0,00	0,00	1,05	1,91	-0,86	0
2017-4-20 12:56:45	0,00	0,00	1,05	1,95	-0,90	0
2017-4-20 12:56:50	0,00	0,00	1,05	1,95	-0,90	0
2017-4-20 12:56:55	0,00	0,00	1,05	1,95	-0,90	0
2017-4-20 12:57:0	0,00	0,00	1,05	1,95	-0,90	0
2017-4-20 12:57:5	0,00	0,00	1,05	2,00	-0,95	0
2017-4-20 12:57:10	0,00	0,00	1,05	1,95	-0,90	0
2017-4-20 12:57:15	0,00	0,00	1,05	2,08	-1,03	0
2017-4-20 12:57:20	0,00	0,00	1,05	2,08	-1,03	0
2017-4-20 12:57:25	0,00	0,00	1,05	1,95	-0,90	0
2017-4-20 12:57:30	0,00	0,00	1,05	2,00	-0,95	0
2017-4-20 12:57:35	0,00	0,00	1,05	1,95	-0,90	0
2017-4-20 12:57:40	0,00	0,00	1,05	1,95	-0,90	0
2017-4-20 12:57:45	0,00	0,00	1,05	2,04	-0,99	0
2017-4-20 12:57:50	0,00	0,00	1,05	2,00	-0,95	0
2017-4-20 12:57:55	0,00	0,00	1,05	1,95	-0,90	0
2017-4-20 12:58:0	0,00	0,00	1,05	1,95	-0,90	0
2017-4-20 12:58:5	0,00	0,00	1,05	2,00	-0,95	0
2017-4-20 12:58:10	0,00	0,00	1,05	1,91	-0,86	0
2017-4-20 12:58:15	0,00	0,00	1,05	1,91	-0,86	0
2017-4-20 12:58:20	0,00	0,00	1,05	2,04	-0,99	0
2017-4-20 12:58:25	0,00	0,00	1,05	2,08	-1,03	0
2017-4-20 12:58:30	0,00	0,00	1,05	1,95	-0,90	0
2017-4-20 12:58:35	0,00	0,00	1,05	1,95	-0,90	0
2017-4-20 12:58:40	0,00	0,00	1,05	1,95	-0,90	0
2017-4-20 12:58:45	0,00	0,00	1,05	1,95	-0,90	0
2017-4-20 12:58:50	0,00	0,00	1,05	2,00	-0,95	0
2017-4-20 12:58:55	0,00	0,00	1,05	2,00	-0,95	0
2017-4-20 12:59:0	0,00	0,00	1,05	2,08	-1,03	0
2017-4-20 12:59:5	0,00	0,00	1,05	1,91	-0,86	0
2017-4-20 12:59:10	0,00	0,00	1,05	2,04	-0,99	0
2017-4-20 12:59:15	0,00	0,00	1,05	2,00	-0,95	0
2017-4-20 12:59:20	0,00	0,00	1,05	1,95	-0,90	0
2017-4-20 12:59:25	0,00	0,00	1,05	2,00	-0,95	0
2017-4-20 12:59:30	0,00	0,00	1,05	1,95	-0,90	0
2017-4-20 12:59:35	0,00	0,00	1,05	2,04	-0,99	0
2017-4-20 12:59:40	0,00	0,00	1,05	1,91	-0,86	0
2017-4-20 12:59:45	0,00	0,00	1,05	2,04	-0,99	0
2017-4-20 12:59:50	0,00	0,00	1,05	1,87	-0,82	0
2017-4-20 12:59:55	0,00	0,00	1,05	1,91	-0,86	0
2017-4-20 12:60:0	0,00	0,00	1,05	2,04	-0,99	0
2017-4-20 12:60:5	0,00	0,00	1,05	1,87	-0,82	0
2017-4-20 12:60:10	0,00	0,00	1,05	1,91	-0,86	0
2017-4-20 12:60:15	0,00	0,00	1,05	2,04	-0,99	0
2017-4-20 12:60:20	0,00	0,00	1,05	1,91	-0,86	0
2017-4-20 12:60:25	0,00	0,00	1,05	2,08	-1,03	0
2017-4-20 12:60:30	0,00	0,00	1,05	2,08	-1,03	0
2017-4-20 12:60:35	0,00	0,00	1,05	1,91	-0,86	0
2017-4-20 12:60:40	0,00	0,00	1,05	2,04	-0,99	0
2017-4-20 12:60:45	0,00	0,00	1,05	1,95	-0,90	0
2017-4-20 12:60:50	0,00	0,00	1,05	1,95	-0,90	0
2017-4-20 12:60:55	0,00	0,00	1,05	2,04	-0,99	0
2017-4-20 13:1:0	0,00	0,00	1,05	1,91	-0,86	0
2017-4-20 13:1:5	0,00	0,00	1,05	1,91	-0,86	0
2017-4-20 13:1:10	0,00	0,00	1,05	1,91	-0,86	0
2017-4-20 13:1:15	0,00	0,00	1,05	1,95	-0,90	0
2017-4-20 13:1:20	0,00	0,00	1,05	2,08	-1,03	0
2017-4-20 13:1:25	0,00	0,00	1,05	1,95	-0,90	0
2017-4-20 13:1:30	0,00	0,00	1,05	2,04	-0,99	0
2017-4-20 13:1:35	0,00	0,00	1,05	2,00	-0,95	0
2017-4-20 13:1:40	0,00	0,00	1,05	1,95	-0,90	0
2017-4-20 13:1:45	0,00	0,00	1,05	2,04	-0,99	0
2017-4-20 13:1:50	0,00	0,00	1,05	2,04	-0,99	0
2017-4-20 13:1:55	0,00	0,00	1,05	1,95	-0,90	0
2017-4-20 13:2:0	0,00	0,00	1,05	2,08	-1,03	0
2017-4-20 13:2:5	0,00	0,00	1,05	1,91	-0,86	0
2017-4-20 13:2:10	0,00	0,00	1,05	1,95	-0,90	0
2017-4-20 13:2:15	0,00	0,00	1,05	2,04	-0,99	0
2017-4-20 13:2:20	0,00	0,00	1,05	1,95	-0,90	0
2017-4-20 13:2:25	0,00	0,00	1,05	1,95	-0,90	0
2017-4-20 13:2:30	0,00	0,00	1,05	1,95	-0,90	0
2017-4-20 13:2:35	0,00	0,00	1,05	2,04	-0,99	0
2017-4-20 13:2:40	0,00	0,00	1,05	1,91	-0,86	0
2017-4-20 13:2:45	0,00	0,00	1,05	1,87	-0,82	0
2017-4-20 13:2:50	0,00	0,00	1,05	1,87	-0,82	0
2017-4-20 13:2:55	0,00	0,00	1,05	2,00	-0,95	0
2017-4-20 13:3:0	0,00	0,00	1,05	1,91	-0,86	0
2017-4-20 13:3:5	0,00	0,00	1,05	2,04	-0,99	0
2017-4-20 13:3:10	0,00	0,00	1,05	2,04	-0,99	0
2017-4-20 13:3:15	0,00	0,00	1,05	2,00	-0,95	0
2017-4-20 13:3:20	0,00	0,00	1,05	1,95	-0,90	0
2017-4-20 13:3:25	0,00	0,00	1,05	2,17	-1,12	0
2017-4-20 13:3:30	0,00	0,00	1,05	2,00	-0,95	0
2017-4-20 13:3:35	0,00	0,00	1,05	1,91	-0,86	0
2017-4-20 13:3:40	0,00	0,00	1,05	2,04	-0,99	0
2017-4-20 13:3:45	0,00	0,00	1,05	1,91	-0,86	0
2017-4-20 13:3:50	0,00	0,00	1,05	1,91	-0,86	0
2017-4-20 13:3:55	0,00	0,00	1,05	2,04	-0,99	0
2017-4-20 13:4:0	0,00	0,00	1,05	1,91	-0,86	0
2017-4-20 13:4:5	0,00	0,00	1,05	1,91	-0,86	0
2017-4-20 13:4:10	0,00	0,00	1,05	2,08	-1,03	0
2017-4-20 13:4:15	0,00	0,00	1,05	1,95	-0,90	0
2017-4-20 13:4:20	0,00	0,00	1,05	2,04	-0,99	0
2017-4-20 13:4:25	0,00	0,00	1,05	1,95	-0,90	0
2017-4-20 13:4:30	0,00	0,00	1,05	1,78	-0,73	0
2017-4-20 13:4:35	0,00	0,00	1,05	2,00	-0,95	0
2017-4-20 13:4:40	0,00	0,00	1,05	2,00	-0,95	0
2017-4-20 13:4:45	0,00	0,00	1,05	2,00	-0,95	0
2017-4-20 13:4:50	0,00	0,00	1,05	1,95	-0,90	0
2017-4-20 13:4:55	0,00	0,00	1,05	2,04	-0,99	0
2017-4-20 13:5:0	0,00	0,00	1,05	1,95	-0,90	0
2017-4-20 13:5:5	0,00	0,00	1,05	2,00	-0,95	0
2017-4-20 13:5:10	0,00	0,00	1,05	1,95	-0,90	0
2017-4-20 13:5:15	0,00	0,00	1,05	2,00	-0,95	0
2017-4-20 13:5:20	0,00	0,00	1,05	2,04	-0,99	0
2017-4-20 13:5:25	0,00	0,00	1,05	2,04	-0,99	0
2017-4-20 13:5:30	0,00	0,00	1,05	1,95	-0,90	0
2017-4-20 13:5:35	0,00	0,00	1,05	2,04	-0,99	0
2017-4-20 13:5:40	0,00	0,00	1,05	1,91	-0,86	0
2017-4-20 13:5:45	0,00	0,00	1,05	2,00	-0,95	0
2017-4-20 13:5:51	0,00	0,00	1,05	1,95	-0,90	0
2017-4-20 13:5:56	0,00	0,00	1,05	2,04	-0,99	0
2017-4-20 13:6:1	0,00	0,00	1,05	2,00	-0,95	0
2017-4-20 13:6:6	0,00	0,00	1,05	1,87	-0,82	0
2017-4-20 13:6:11	0,00	0,00	1,05	2,17	-1,12	0
2017-4-20 13:6:16	0,00	0,00	1,05	1,91	-0,86	0
2017-4-20 13:6:21	0,00	0,00	1,05	1,91	-0,86	0
2017-4-20 13:6:26	0,00	0,00	1,05	2,08	-1,03	0
2017-4-20 13:6:31	0,00	0,00	1,05	2,00	-0,95	0
2017-4-20 13:6:36	0,00	0,00	1,05	1,95	-0,90	0
2017-4-20 13:6:41	0,00	0,00	1,05	2,00	-0,95	0
2017-4-20 13:6:46	0,00	0,00	1,05	1,91	-0,86	0
2017-4-20 13:6:51	0,00	0,00	1,05	2,00	-0,95	0
2017-4-20 13:6:56	0,00	0,00	1,05	2,04	-0,99	0
2017-4-20 13:7:1	0,00	0,00	1,05	1,91	-0,86	0
2017-4-20 13:7:6	0,00	0,00	1,05	2,04	-0,99	0
2017-4-20 13:7:11	0,00	0,00	1,05	1,87	-0,82	0
2017-4-20 13:7:16	0,00	0,00	1,05	1,91	-0,86	0
2017-4-20 13:7:21	0,00	0,00	1,05	2,04	-0,99	0
2017-4-20 13:7:26	0,00	0,00	1,05	1,91	-0,86	0
2017-4-20 13:7:31	0,00	0,00	1,05	1,91	-0,86	0
2017-4-20 13:7:36	0,00	0,00	1,05	1,91	-0,86	0
2017-4-20 13:7:41	0,00	0,00	1,05	1,87	-0,82	0
2017-4-20 13:7:46	0,00	0,00	1,05	2,04	-0,99	0
2017-4-20 13:7:51	0,00	0,00	1,05	1,91	-0,86	0
2017-4-20 13:7:56	0,00	0,00	1,05	2,08	-1,03	0
2017-4-20 13:8:1	0,00	0,00	1,05	2,08	-1,03	0
2017-4-20 13:8:6	0,00	0,00	1,05	2,08	-1,03	0
2017-4-20 13:8:11	0,00	0,00	1,05	2,00	-0,95	0
2017-4-20 13:8:16	0,00	0,00	1,05	2,00	-0,95	0
2017-4-20 13:8:21	0,00	0,00	1,05	1,95	-0,90	0
2017-4-20 13:8:26	0,00	0,00	1,05	1,82	-0,77	0
2017-4-20 13:8:31	0,00	0,00	1,05	2,00	-0,95	0
2017-4-20 13:8:36	0,00	0,00	1,05	2,00	-0,95	0
2017-4-20 13:8:41	0,00	0,00	1,05	1,91	-0,86	0
2017-4-20 13:8:46	0,00	0,00	1,05	1,95	-0,90	0
2017-4-20 13:8:51	0,00	0,00	1,05	1,95	-0,90	0
2017-4-20 13:8:56	0,00	0,00	1,05	2,00	-0,95	0
2017-4-20 13:9:1	0,00	0,00	1,05	1,91	-0,86	0
2017-4-20 13:9:6	0,00	0,00	1,05	2,08	-1,03	0
2017-4-20 13:9:11	0,00	0,00	1,05	2,08	-1,03	0
2017-4-20 13:9:16	0,00	0,00	1,05	2,08	-1,03	0
2017-4-20 13:9:21	0,00	0,00	1,05	2,08	-1,03	0
2017-4-20 13:9:26	0,00	0,00	1,05	1,95	-0,90	0
2017-4-20 13:9:31	0,00	0,00	1,05	1,95	-0,90	0
2017-4-20 13:9:36	0,00	0,00	1,05	2,08	-1,03	0
2017-4-20 13:9:41	0,00	0,00	1,05	1,91	-0,86	0
2017-4-20 13:9:46	0,00	0,00	1,05	1,91	-0,86	0
2017-4-20 13:9:51	0,00	0,00	1,05	1,95	-0,90	0
2017-4-20 13:9:56	0,00	0,00	1,05	1,95	-0,90	0
2017-4-20 13:10:1	0,00	0,00	1,05	1,95	-0,90	0
2017-4-20 13:10:6	0,00	0,00	1,05	1,95	-0,90	0
2017-4-20 13:10:11	0,00	0,00	1,05	1,95	-0,90	0
2017-4-20 13:10:16	0,00	0,00	1,05	1,91	-0,86	0
2017-4-20 13:10:21	0,00	0,00	1,05	1,87	-0,82	0
2017-4-20 13:10:26	0,00	0,00	1,05	1,82	-0,77	0
2017-4-20 13:10:31	0,00	0,00	1,05	1,87	-0,82	0
2017-4-20 13:10:36	0,00	0,00	1,05	2,08	-1,03	0
2017-4-20 13:10:41	0,00	0,00	1,05	1,91	-0,86	0
2017-4-20 13:10:46	0,00	0,00	1,05	2,04	-0,99	0
2017-4-20 13:10:51	0,00	0,00	1,05	2,04	-0,99	0
2017-4-20 13:10:56	0,00	0,00	1,05	1,95	-0,90	0
2017-4-20 13:11:1	0,00	0,00	1,05	2,00	-0,95	0
2017-4-20 13:11:6	0,00	0,00	1,05	2,04	-0,99	0
2017-4-20 13:11:11	0,00	0,00	1,05	1,87	-0,82	0
2017-4-20 13:11:16	0,00	0,00	1,05	2,04	-0,99	0
2017-4-20 13:11:21	0,00	0,00	1,05	1,91	-0,86	0
2017-4-20 13:11:26	0,00	0,00	1,05	1,87	-0,82	0
2017-4-20 13:11:31	0,00	0,00	1,05	1,91	-0,86	0
2017-4-20 13:11:36	0,00	0,00	1,05	2,08	-1,03	0
2017-4-20 13:11:41	0,00	0,00	1,05	2,04	-0,99	0
2017-4-20 13:11:46	0,00	0,00	1,05	1,91	-0,86	0
2017-4-20 13:11:51	0,00	0,00	1,05	1,95	-0,90	0
2017-4-20 13:11:56	0,00	0,00	1,05	1,95	-0,90	0
2017-4-20 13:12:1	0,00	0,00	1,05	1,95	-0,90	0
2017-4-20 13:12:6	0,00	0,00	1,05	2,04	-0,99	0
2017-4-20 13:12:11	0,00	0,00	1,05	2,04	-0,99	0
2017-4-20 13:12:16	0,00	0,00	1,05	1,95	-0,90	0
2017-4-20 13:12:21	0,00	0,00	1,05	1,95	-0,90	0
2017-4-20 13:12:26	0,00	0,00	1,05	1,95	-0,90	0
2017-4-20 13:12:31	0,00	0,00	1,05	2,00	-0,95	0
2017-4-20 13:12:36	0,00	0,00	1,05	2,00	-0,95	0
2017-4-20 13:12:41	0,00	0,00	1,05	2,00	-0,95	0
2017-4-20 13:12:46	0,00	0,00	1,05	2,04	-0,99	0
2017-4-20 13:12:51	0,00	0,00	1,05	1,87	-0,82	0
2017-4-20 13:12:56	0,00	0,00	1,05	1,95	-0,90	0
2017-4-20 13:13:1	0,00	0,00	1,05	1,95	-0,90	0
2017-4-20 13:13:6	0,00	0,00	1,05	1,91	-0,86	0
2017-4-20 13:13:11	0,00	0,00	1,05	2,04	-0,99	0
2017-4-20 13:13:16	0,00	0,00	1,05	1,91	-0,86	0
2017-4-20 13:13:21	0,00	0,00	1,05	1,87	-0,82	0
2017-4-20 13:13:26	0,00	0,00	1,05	1,91	-0,86	0
2017-4-20 13:13:31	0,00	0,00	1,05	2,08	-1,03	0
2017-4-20 13:13:36	0,00	0,00	1,05	1,91	-0,86	0
2017-4-20 13:13:41	0,00	0,00	1,05	1,95	-0,90	0
2017-4-20 13:13:46	0,00	0,00	1,05	1,91	-0,86	0
2017-4-20 13:13:51	0,00	0,00	1,05	2,08	-1,03	0
2017-4-20 13:13:56	0,00	0,00	1,05	2,04	-0,99	0
2017-4-20 13:14:1	0,00	0,00	1,05	1,95	-0,90	0
2017-4-20 13:14:6	0,00	0,00	1,05	1,95	-0,90	0
2017-4-20 13:14:11	0,00	0,00	1,05	2,00	-0,95	0
2017-4-20 13:14:16	0,00	0,00	1,05	1,91	-0,86	0
2017-4-20 13:14:21	0,00	0,00	1,05	2,04	-0,99	0
2017-4-20 13:14:26	0,00	0,00	1,05	1,91	-0,86	0
2017-4-20 13:14:31	0,00	0,00	1,05	1,91	-0,86	0
2017-4-20 13:14:36	0,00	0,00	1,05	2,08	-1,03	0
2017-4-20 13:14:41	0,00	0,00	1,05	1,91	-0,86	0
2017-4-20 13:14:46	0,00	0,00	1,05	2,04	-0,99	0
2017-4-20 13:14:51	0,00	0,00	1,05	2,04	-0,99	0
2017-4-20 13:14:56	0,00	0,00	1,05	2,08	-1,03	0
2017-4-20 13:15:1	0,00	0,00	1,05	2,08	-1,03	0
2017-4-20 13:15:6	0,00	0,00	1,05	1,91	-0,86	0
2017-4-20 13:15:11	0,00	0,00	1,05	2,08	-1,03	0
2017-4-20 13:15:16	0,00	0,00	1,05	2,04	-0,99	0
2017-4-20 13:15:21	0,00	0,00	1,05	1,95	-0,90	0
2017-4-20 13:15:26	0,00	0,00	1,05	2,00	-0,95	0
2017-4-20 13:15:31	0,00	0,00	1,05	2,00	-0,95	0
2017-4-20 13:15:36	0,00	0,00	1,05	2,00	-0,95	0
2017-4-20 13:15:41	0,00	0,00	1,05	1,91	-0,86	0
2017-4-20 13:15:46	0,00	0,00	1,05	1,91	-0,86	0
2017-4-20 13:15:51	0,00	0,00	1,05	2,00	-0,95	0
2017-4-20 13:15:56	0,00	0,00	1,05	2,00	-0,95	0
2017-4-20 13:16:1	0,00	0,00	1,05	1,91	-0,86	0
2017-4-20 13:16:6	0,00	0,00	1,05	2,04	-0,99	0
2017-4-20 13:16:11	0,00	0,00	1,05	2,04	-0,99	0
2017-4-20 13:16:16	0,00	0,00	1,05	2,04	-0,99	0
2017-4-20 13:16:21	0,00	0,00	1,05	2,04	-0,99	0
2017-4-20 13:16:26	0,00	0,00	1,05	1,91	-0,86	0
2017-4-20 13:16:31	0,00	0,00	1,05	1,91	-0,86	0
2017-4-20 13:16:36	0,00	0,00	1,05	2,08	-1,03	0
2017-4-20 13:16:41	0,00	0,00	1,05	1,95	-0,90	0
2017-4-20 13:16:46	0,00	0,00	1,05	1,95	-0,90	0
2017-4-20 13:16:51	0,00	0,00	1,05	2,04	-0,99	0
2017-4-20 13:16:56	0,00	0,00	1,05	1,95	-0,90	0
2017-4-20 13:17:1	0,00	0,00	1,05	2,00	-0,95	0
2017-4-20 13:17:6	0,00	0,00	1,05	1,95	-0,90	0
2017-4-20 13:17:12	0,00	0,00	1,05	1,91	-0,86	0
2017-4-20 13:17:17	0,00	0,00	1,05	1,91	-0,86	0
2017-4-20 13:17:22	0,00	0,00	1,05	1,82	-0,77	0
2017-4-20 13:17:27	0,00	0,00	1,05	2,08	-1,03	0
2017-4-20 13:17:32	0,00	0,00	1,05	1,95	-0,90	0
2017-4-20 13:17:37	0,00	0,00	1,05	2,08	-1,03	0
2017-4-20 13:17:42	0,00	0,00	1,05	2,04	-0,99	0
2017-4-20 13:17:47	0,00	0,00	1,05	2,08	-1,03	0
2017-4-20 13:17:52	0,00	0,00	1,05	2,08	-1,03	0
2017-4-20 13:17:57	0,00	0,00	1,05	1,95	-0,90	0
2017-4-20 13:18:2	0,00	0,00	1,05	2,08	-1,03	0
2017-4-20 13:18:7	0,00	0,00	1,05	2,08	-1,03	0
2017-4-20 13:18:12	0,00	0,00	1,05	1,91	-0,86	0
2017-4-20 13:18:17	0,00	0,00	1,05	2,04	-0,99	0
2017-4-20 13:18:22	0,00	0,00	1,05	1,95	-0,90	0
2017-4-20 13:18:27	0,00	0,00	1,05	1,95	-0,90	0
2017-4-20 13:18:32	0,00	0,00	1,05	1,95	-0,90	0
2017-4-20 13:18:37	0,00	0,00	1,05	2,00	-0,95	0
2017-4-20 13:18:42	0,00	0,00	1,05	1,95	-0,90	0
2017-4-20 13:18:47	0,00	0,00	1,05	1,91	-0,86	0
2017-4-20 13:18:52	0,00	0,00	1,05	2,00	-0,95	0
2017-4-20 13:18:57	0,00	0,00	1,05	2,08	-1,03	0
2017-4-20 13:19:2	0,00	0,00	1,05	1,91	-0,86	0
2017-4-20 13:19:7	0,00	0,00	1,05	2,04	-0,99	0
2017-4-20 13:19:12	0,00	0,00	1,05	1,95	-0,90	0
2017-4-20 13:19:17	0,00	0,00	1,05	2,00	-0,95	0
2017-4-20 13:19:22	0,00	0,00	1,05	1,95	-0,90	0
2017-4-20 13:19:27	0,00	0,00	1,05	2,00	-0,95	0
2017-4-20 13:19:32	0,00	0,00	1,05	1,91	-0,86	0
2017-4-20 13:19:37	0,00	0,00	1,05	1,91	-0,86	0
2017-4-20 13:19:42	0,00	0,00	1,05	2,04	-0,99	0
2017-4-20 13:19:47	0,00	0,00	1,05	1,87	-0,82	0
2017-4-20 13:19:52	0,00	0,00	1,05	2,04	-0,99	0
2017-4-20 13:19:57	0,00	0,00	1,05	2,08	-1,03	0
2017-4-20 13:20:2	0,00	0,00	1,05	2,08	-1,03	0
2017-4-20 13:20:7	0,00	0,00	1,05	2,08	-1,03	0
2017-4-20 13:20:12	0,00	0,00	1,05	1,95	-0,90	0
2017-4-20 13:20:17	0,00	0,00	1,05	2,08	-1,03	0
2017-4-20 13:20:22	0,00	0,00	1,05	2,04	-0,99	0
2017-4-20 13:20:27	0,00	0,00	1,05	1,95	-0,90	0
2017-4-20 13:20:32	0,00	0,00	1,05	1,95	-0,90	0
2017-4-20 13:20:37	0,00	0,00	1,05	2,00	-0,95	0
2017-4-20 13:20:42	0,00	0,00	1,05	1,91	-0,86	0
2017-4-20 13:20:47	0,00	0,00	1,05	1,95	-0,90	0
2017-4-20 13:20:52	0,00	0,00	1,05	2,00	-0,95	0
2017-4-20 13:20:57	0,00	0,00	1,05	2,04	-0,99	0
2017-4-20 13:21:2	0,00	0,00	1,05	1,95	-0,90	0
2017-4-20 13:21:7	0,00	0,00	1,05	1,95	-0,90	0
2017-4-20 13:21:12	0,00	0,00	1,05	2,00	-0,95	0
2017-4-20 13:21:17	0,00	0,00	1,05	1,95	-0,90	0
2017-4-20 13:21:22	0,00	0,00	1,05	2,08	-1,03	0
2017-4-20 13:21:27	0,00	0,00	1,05	1,95	-0,90	0
2017-4-20 13:21:32	0,00	0,00	1,05	2,04	-0,99	0
2017-4-20 13:21:37	0,00	0,00	1,05	2,00	-0,95	0
2017-4-20 13:21:42	0,00	0,00	1,05	2,00	-0,95	0
2017-4-20 13:21:47	0,00	0,00	1,05	1,95	-0,90	0
2017-4-20 13:21:52	0,00	0,00	1,05	1,95	-0,90	0
2017-4-20 13:21:57	0,00	0,00	1,05	2,00	-0,95	0
2017-4-20 13:22:2	0,00	0,00	1,05	1,91	-0,86	0
2017-4-20 13:22:7	0,00	0,00	1,05	2,04	-0,99	0
2017-4-20 13:22:12	0,00	0,00	1,05	2,04	-0,99	0
2017-4-20 13:22:17	0,00	0,00	1,05	2,08	-1,03	0
2017-4-20 13:22:22	0,00	0,00	1,05	2,04	-0,99	0
2017-4-20 13:22:27	0,00	0,00	1,05	2,08	-1,03	0
2017-4-20 13:22:32	0,00	0,00	1,05	1,91	-0,86	0
2017-4-20 13:22:37	0,00	0,00	1,05	1,95	-0,90	0
2017-4-20 13:22:42	0,00	0,00	1,05	2,04	-0,99	0
2017-4-20 13:22:47	0,00	0,00	1,05	1,91	-0,86	0
2017-4-20 13:22:52	0,00	0,00	1,05	2,04	-0,99	0
2017-4-20 13:22:57	0,00	0,00	1,05	2,08	-1,03	0
2017-4-20 13:23:2	0,00	0,00	1,05	1,91	-0,86	0
2017-4-20 13:23:7	0,00	0,00	1,05	2,08	-1,03	0
2017-4-20 13:23:12	0,00	0,00	1,05	2,08	-1,03	0
2017-4-20 13:23:17	0,00	0,00	1,05	1,91	-0,86	0
2017-4-20 13:23:22	0,00	0,00	1,05	2,08	-1,03	0
2017-4-20 13:23:27	0,00	0,00	1,05	1,82	-0,77	0
2017-4-20 13:23:32	0,00	0,00	1,05	1,95	-0,90	0
2017-4-20 13:23:37	0,00	0,00	1,05	2,04	-0,99	0
2017-4-20 13:23:42	0,00	0,00	1,05	1,87	-0,82	0
2017-4-20 13:23:47	0,00	0,00	1,05	2,04	-0,99	0
2017-4-20 13:23:52	0,00	0,00	1,05	2,04	-0,99	0
2017-4-20 13:23:57	0,00	0,00	1,05	1,91	-0,86	0
2017-4-20 13:24:2	0,00	0,00	1,05	2,04	-0,99	0
2017-4-20 13:24:7	0,00	0,00	1,05	2,08	-1,03	0
2017-4-20 13:24:12	0,00	0,00	1,05	1,91	-0,86	0
2017-4-20 13:24:17	0,00	0,00	1,05	2,08	-1,03	0
2017-4-20 13:24:22	0,00	0,00	1,05	1,91	-0,86	0
2017-4-20 13:24:27	0,00	0,00	1,05	1,95	-0,90	0
2017-4-20 13:24:32	0,00	0,00	1,05	1,95	-0,90	0
2017-4-20 13:24:37	0,00	0,00	1,05	1,91	-0,86	0
2017-4-20 13:24:42	0,00	0,00	1,05	1,87	-0,82	0
2017-4-20 13:24:47	0,00	0,00	1,05	1,87	-0,82	0
2017-4-20 13:24:52	0,00	0,00	1,05	1,91	-0,86	0
2017-4-20 13:24:57	0,00	0,00	1,05	2,04	-0,99	0
2017-4-20 13:25:2	0,00	0,00	1,05	2,08	-1,03	0
2017-4-20 13:25:7	0,00	0,00	1,05	2,08	-1,03	0
2017-4-20 13:25:12	0,00	0,00	1,05	2,08	-1,03	0
2017-4-20 13:25:17	0,00	0,00	1,05	1,95	-0,90	0
2017-4-20 13:25:22	0,00	0,00	1,05	2,04	-0,99	0
2017-4-20 13:25:27	0,00	0,00	1,05	2,00	-0,95	0
2017-4-20 13:25:32	0,00	0,00	1,05	1,95	-0,90	0
2017-4-20 13:25:37	0,00	0,00	1,05	1,95	-0,90	0
2017-4-20 13:25:42	0,00	0,00	1,05	2,00	-0,95	0
2017-4-20 13:25:47	0,00	0,00	1,05	2,04	-0,99	0
2017-4-20 13:25:52	0,00	0,00	1,05	1,87	-0,82	0
2017-4-20 13:25:57	0,00	0,00	1,05	2,04	-0,99	0
2017-4-20 13:26:2	0,00	0,00	1,05	2,04	-0,99	0
2017-4-20 13:26:7	0,00	0,00	1,05	1,91	-0,86	0
2017-4-20 13:26:12	0,00	0,00	1,05	1,95	-0,90	0
2017-4-20 13:26:17	0,00	0,00	1,05	1,91	-0,86	0
2017-4-20 13:26:22	0,00	0,00	1,05	1,91	-0,86	0
2017-4-20 13:26:27	0,00	0,00	1,05	2,08	-1,03	0
2017-4-20 13:26:32	0,00	0,00	1,05	1,91	-0,86	0
2017-4-20 13:26:37	0,00	0,00	1,05	1,91	-0,86	0
2017-4-20 13:26:42	0,00	0,00	1,05	1,95	-0,90	0
2017-4-20 13:26:47	0,00	0,00	1,05	2,04	-0,99	0
2017-4-20 13:26:52	0,00	0,00	1,05	1,95	-0,90	0
2017-4-20 13:26:57	0,00	0,00	1,05	2,00	-0,95	0
2017-4-20 13:27:2	0,00	0,00	1,05	1,95	-0,90	0
2017-4-20 13:27:7	0,00	0,00	1,05	2,00	-0,95	0
2017-4-20 13:27:12	0,00	0,00	1,05	1,91	-0,86	0
2017-4-20 13:27:17	0,00	0,00	1,05	1,91	-0,86	0
2017-4-20 13:27:22	0,00	0,00	1,05	2,00	-0,95	0
2017-4-20 13:27:27	0,00	0,00	1,05	1,87	-0,82	0
2017-4-20 13:27:32	0,00	0,00	1,05	1,91	-0,86	0
2017-4-20 13:27:37	0,00	0,00	1,05	2,08	-1,03	0
2017-4-20 13:27:42	0,00	0,00	1,05	2,04	-0,99	0
2017-4-20 13:27:47	0,00	0,00	1,05	1,95	-0,90	0
2017-4-20 13:27:53	0,00	0,00	1,05	2,00	-0,95	0
2017-4-20 13:27:58	0,00	0,00	1,05	1,95	-0,90	0
2017-4-20 13:28:3	0,00	0,00	1,05	2,08	-1,03	0
2017-4-20 13:28:8	0,00	0,00	1,05	1,91	-0,86	0
2017-4-20 13:28:13	0,00	0,00	1,05	1,91	-0,86	0
2017-4-20 13:28:18	0,00	0,00	1,05	2,04	-0,99	0
2017-4-20 13:28:23	0,00	0,00	1,05	2,00	-0,95	0
2017-4-20 13:28:28	0,00	0,00	1,05	2,00	-0,95	0
2017-4-20 13:28:33	0,00	0,00	1,05	2,00	-0,95	0
2017-4-20 13:28:38	0,00	0,00	1,05	1,95	-0,90	0
2017-4-20 13:28:43	0,00	0,00	1,05	2,04	-0,99	0
2017-4-20 13:28:48	0,00	0,00	1,05	1,87	-0,82	0
2017-4-20 13:28:53	0,00	0,00	1,05	2,04	-0,99	0
2017-4-20 13:28:58	0,00	0,00	1,05	2,04	-0,99	0
2017-4-20 13:29:3	0,00	0,00	1,05	1,91	-0,86	0
2017-4-20 13:29:8	0,00	0,00	1,05	2,08	-1,03	0
2017-4-20 13:29:13	0,00	0,00	1,05	2,04	-0,99	0
2017-4-20 13:29:18	0,00	0,00	1,05	1,87	-0,82	0
2017-4-20 13:29:23	0,00	0,00	1,05	2,04	-0,99	0
2017-4-20 13:29:28	0,00	0,00	1,05	1,87	-0,82	0
2017-4-20 13:29:33	0,00	0,00	1,05	1,91	-0,86	0
2017-4-20 13:29:38	0,00	0,00	1,05	2,08	-1,03	0
2017-4-20 13:29:43	0,00	0,00	1,05	1,91	-0,86	0
2017-4-20 13:29:48	0,00	0,00	1,05	1,91	-0,86	0
2017-4-20 13:29:53	0,00	0,00	1,05	2,04	-0,99	0
2017-4-20 13:29:58	0,00	0,00	1,05	1,95	-0,90	0
2017-4-20 13:30:3	0,00	0,00	1,05	1,95	-0,90	0
2017-4-20 13:30:8	0,00	0,00	1,05	2,04	-0,99	0
2017-4-20 13:30:13	0,00	0,00	1,05	2,00	-0,95	0
2017-4-20 13:30:18	0,00	0,00	1,05	1,95	-0,90	0
2017-4-20 13:30:23	0,00	0,00	1,05	1,91	-0,86	0
2017-4-20 13:30:28	0,00	0,00	1,05	1,91	-0,86	0
2017-4-20 13:30:33	0,00	0,00	1,05	2,08	-1,03	0
2017-4-20 13:30:38	0,00	0,00	1,05	1,95	-0,90	0
2017-4-20 13:30:43	0,00	0,00	1,05	1,95	-0,90	0
2017-4-20 13:30:48	0,00	0,00	1,05	1,95	-0,90	0
2017-4-20 13:30:53	0,00	0,00	1,05	1,95	-0,90	0
2017-4-20 13:30:58	0,00	0,00	1,05	1,95	-0,90	0
2017-4-20 13:31:3	0,00	0,00	1,05	1,95	-0,90	0
2017-4-20 13:31:8	0,00	0,00	1,05	1,91	-0,86	0
2017-4-20 13:31:13	0,00	0,00	1,05	1,95	-0,90	0
2017-4-20 13:31:18	0,00	0,00	1,05	2,00	-0,95	0
2017-4-20 13:31:23	0,00	0,00	1,05	2,00	-0,95	0
2017-4-20 13:31:28	0,00	0,00	1,05	2,00	-0,95	0
2017-4-20 13:31:33	0,00	0,00	1,05	2,00	-0,95	0
2017-4-20 13:31:38	0,00	0,00	1,05	2,00	-0,95	0
2017-4-20 13:31:43	0,00	0,00	1,05	1,91	-0,86	0
2017-4-20 13:31:48	0,00	0,00	1,05	2,04	-0,99	0
2017-4-20 13:31:53	0,00	0,00	1,05	2,04	-0,99	0
2017-4-20 13:31:58	0,00	0,00	1,05	2,04	-0,99	0
2017-4-20 13:32:3	0,00	0,00	1,05	2,04	-0,99	0
2017-4-20 13:32:8	0,00	0,00	1,05	1,87	-0,82	0
2017-4-20 13:32:13	0,00	0,00	1,05	1,91	-0,86	0
2017-4-20 13:32:18	0,00	0,00	1,05	1,95	-0,90	0
2017-4-20 13:32:23	0,00	0,00	1,05	1,91	-0,86	0
2017-4-20 13:32:28	0,00	0,00	1,05	1,91	-0,86	0
2017-4-20 13:32:33	0,00	0,00	1,05	1,91	-0,86	0
2017-4-20 13:32:38	0,00	0,00	1,05	1,91	-0,86	0
2017-4-20 13:32:43	0,00	0,00	1,05	2,08	-1,03	0
2017-4-20 13:32:48	0,00	0,00	1,05	2,04	-0,99	0
2017-4-20 13:32:53	0,00	0,00	1,05	2,04	-0,99	0
2017-4-20 13:32:58	0,00	0,00	1,05	2,04	-0,99	0
2017-4-20 13:33:3	0,00	0,00	1,05	1,95	-0,90	0
2017-4-20 13:33:8	0,00	0,00	1,05	1,95	-0,90	0
2017-4-20 13:33:13	0,00	0,00	1,05	1,91	-0,86	0
2017-4-20 13:33:18	0,00	0,00	1,05	2,00	-0,95	0
2017-4-20 13:33:23	0,00	0,00	1,05	1,91	-0,86	0
2017-4-20 13:33:28	0,00	0,00	1,05	2,08	-1,03	0
2017-4-20 13:33:33	0,00	0,00	1,05	1,91	-0,86	0
2017-4-20 13:33:38	0,00	0,00	1,05	1,95	-0,90	0
2017-4-20 13:33:43	0,00	0,00	1,05	2,00	-0,95	0
2017-4-20 13:33:48	0,00	0,00	1,05	2,00	-0,95	0
2017-4-20 13:33:53	0,00	0,00	1,05	2,00	-0,95	0
2017-4-20 13:33:58	0,00	0,00	1,05	1,95	-0,90	0
2017-4-20 13:34:3	0,00	0,00	1,05	1,91	-0,86	0
2017-4-20 13:34:8	0,00	0,00	1,05	1,91	-0,86	0
2017-4-20 13:34:13	0,00	0,00	1,05	2,04	-0,99	0
2017-4-20 13:34:18	0,00	0,00	1,05	1,91	-0,86	0
2017-4-20 13:34:23	0,00	0,00	1,05	1,91	-0,86	0
2017-4-20 13:34:28	0,00	0,00	1,05	1,87	-0,82	0
2017-4-20 13:34:33	0,00	0,00	1,05	2,04	-0,99	0
2017-4-20 13:34:38	0,00	0,00	1,05	1,91	-0,86	0
2017-4-20 13:34:43	0,00	0,00	1,05	1,91	-0,86	0
2017-4-20 13:34:48	0,00	0,00	1,05	2,08	-1,03	0
2017-4-20 13:34:53	0,00	0,00	1,05	1,91	-0,86	0
2017-4-20 13:34:58	0,00	0,00	1,05	2,08	-1,03	0
2017-4-20 13:35:3	0,00	0,00	1,05	1,95	-0,90	0
2017-4-20 13:35:8	0,00	0,00	1,05	2,04	-0,99	0
2017-4-20 13:35:13	0,00	0,00	1,05	1,95	-0,90	0
2017-4-20 13:35:18	0,00	0,00	1,05	1,95	-0,90	0
2017-4-20 13:35:23	0,00	0,00	1,05	1,95	-0,90	0
2017-4-20 13:35:28	0,00	0,00	1,05	1,91	-0,86	0
2017-4-20 13:35:33	0,00	0,00	1,05	2,04	-0,99	0
2017-4-20 13:35:38	0,00	0,00	1,05	1,95	-0,90	0
2017-4-20 13:35:43	0,00	0,00	1,05	2,00	-0,95	0
2017-4-20 13:35:48	0,00	0,00	1,05	1,95	-0,90	0
2017-4-20 13:35:53	0,00	0,00	1,05	2,00	-0,95	0
2017-4-20 13:35:58	0,00	0,00	1,05	1,91	-0,86	0
2017-4-20 13:36:3	0,00	0,00	1,05	1,87	-0,82	0
2017-4-20 13:36:8	0,00	0,00	1,05	2,04	-0,99	0
2017-4-20 13:36:13	0,00	0,00	1,05	1,91	-0,86	0
2017-4-20 13:36:18	0,00	0,00	1,05	1,91	-0,86	0
2017-4-20 13:36:23	0,00	0,00	1,05	1,87	-0,82	0
2017-4-20 13:36:28	0,00	0,00	1,05	1,87	-0,82	0
2017-4-20 13:36:33	0,00	0,00	1,05	1,91	-0,86	0
2017-4-20 13:36:38	0,00	0,00	1,05	2,04	-0,99	0
2017-4-20 13:36:43	0,00	0,00	1,05	1,95	-0,90	0
2017-4-20 13:36:48	0,00	0,00	1,05	1,91	-0,86	0
2017-4-20 13:36:53	0,00	0,00	1,05	2,08	-1,03	0
2017-4-20 13:36:58	0,00	0,00	1,05	1,95	-0,90	0
2017-4-20 13:37:3	0,00	0,00	1,05	2,04	-0,99	0
2017-4-20 13:37:8	0,00	0,00	1,05	2,04	-0,99	0
2017-4-20 13:37:13	0,00	0,00	1,05	1,95	-0,90	0
2017-4-20 13:37:18	0,00	0,00	1,05	1,95	-0,90	0
2017-4-20 13:37:23	0,00	0,00	1,05	2,00	-0,95	0
2017-4-20 13:37:28	0,00	0,00	1,05	1,91	-0,86	0
2017-4-20 13:37:33	0,00	0,00	1,05	2,04	-0,99	0
2017-4-20 13:37:38	0,00	0,00	1,05	1,87	-0,82	0
2017-4-20 13:37:43	0,00	0,00	1,05	1,91	-0,86	0
2017-4-20 13:37:48	0,00	0,00	1,05	1,91	-0,86	0
2017-4-20 13:37:53	0,00	0,00	1,05	1,91	-0,86	0
2017-4-20 13:37:58	0,00	0,00	1,05	2,08	-1,03	0
2017-4-20 13:38:3	0,00	0,00	1,05	1,95	-0,90	0
2017-4-20 13:38:8	0,00	0,00	1,05	2,08	-1,03	0
2017-4-20 13:38:13	0,00	0,00	1,05	2,04	-0,99	0
2017-4-20 13:38:18	0,00	0,00	1,05	1,91	-0,86	0
2017-4-20 13:38:24	0,00	0,00	1,05	1,91	-0,86	0
2017-4-20 13:38:29	0,00	0,00	1,05	1,91	-0,86	0
2017-4-20 13:38:34	0,00	0,00	1,05	2,04	-0,99	0
2017-4-20 13:38:39	0,00	0,00	1,05	2,04	-0,99	0
2017-4-20 13:38:44	0,00	0,00	1,05	2,04	-0,99	0
2017-4-20 13:38:49	0,00	0,00	1,05	2,04	-0,99	0
2017-4-20 13:38:54	0,00	0,00	1,05	2,00	-0,95	0
2017-4-20 13:38:59	0,00	0,00	1,05	2,00	-0,95	0
2017-4-20 13:39:4	0,00	0,00	1,05	1,91	-0,86	0
2017-4-20 13:39:9	0,00	0,00	1,05	1,87	-0,82	0
2017-4-20 13:39:14	0,00	0,00	1,05	2,04	-0,99	0
2017-4-20 13:39:19	0,00	0,00	1,05	1,91	-0,86	0
2017-4-20 13:39:24	0,00	0,00	1,05	1,91	-0,86	0
2017-4-20 13:39:29	0,00	0,00	1,05	2,26	-1,21	0
2017-4-20 13:39:34	0,00	0,00	1,05	1,95	-0,90	0
2017-4-20 13:39:39	0,00	0,00	1,05	2,04	-0,99	0
2017-4-20 13:39:44	0,00	0,00	1,05	2,04	-0,99	0
2017-4-20 13:39:49	0,00	0,00	1,05	1,95	-0,90	0
2017-4-20 13:39:54	0,00	0,00	1,05	2,04	-0,99	0
2017-4-20 13:39:59	0,00	0,00	1,05	2,08	-1,03	0
2017-4-20 13:40:4	0,00	0,00	1,05	1,91	-0,86	0
2017-4-20 13:40:9	0,00	0,00	1,05	2,08	-1,03	0
2017-4-20 13:40:14	0,00	0,00	1,05	1,91	-0,86	0
2017-4-20 13:40:19	0,00	0,00	1,05	1,95	-0,90	0
2017-4-20 13:40:24	0,00	0,00	1,05	2,04	-0,99	0
2017-4-20 13:40:29	0,00	0,00	1,05	1,91	-0,86	0
2017-4-20 13:40:34	0,00	0,00	1,05	2,08	-1,03	0
2017-4-20 13:40:39	0,00	0,00	1,05	1,95	-0,90	0
2017-4-20 13:40:44	0,00	0,00	1,05	1,95	-0,90	0
2017-4-20 13:40:49	0,00	0,00	1,05	1,95	-0,90	0
2017-4-20 13:40:54	0,00	0,00	1,05	1,95	-0,90	0
2017-4-20 13:40:59	0,00	0,00	1,05	1,95	-0,90	0
2017-4-20 13:41:4	0,00	0,00	1,05	1,91	-0,86	0
2017-4-20 13:41:9	0,00	0,00	1,05	1,87	-0,82	0
2017-4-20 13:41:14	0,00	0,00	1,05	1,87	-0,82	0
2017-4-20 13:41:19	0,00	0,00	1,05	1,91	-0,86	0
2017-4-20 13:41:24	0,00	0,00	1,05	2,04	-0,99	0
2017-4-20 13:41:29	0,00	0,00	1,05	1,87	-0,82	0
2017-4-20 13:41:34	0,00	0,00	1,05	2,08	-1,03	0
2017-4-20 13:41:39	0,00	0,00	1,05	2,08	-1,03	0
2017-4-20 13:41:44	0,00	0,00	1,05	1,87	-0,82	0
2017-4-20 13:41:49	0,00	0,00	1,05	2,00	-0,95	0
2017-4-20 13:41:54	0,00	0,00	1,05	2,00	-0,95	0
2017-4-20 13:41:59	0,00	0,00	1,05	1,91	-0,86	0
2017-4-20 13:42:4	0,00	0,00	1,05	2,04	-0,99	0
2017-4-20 13:42:9	0,00	0,00	1,05	1,87	-0,82	0
2017-4-20 13:42:14	0,00	0,00	1,05	1,87	-0,82	0
2017-4-20 13:42:19	0,00	0,00	1,05	2,04	-0,99	0
2017-4-20 13:42:24	0,00	0,00	1,05	1,91	-0,86	0
2017-4-20 13:42:29	0,00	0,00	1,05	1,91	-0,86	0
2017-4-20 13:42:34	0,00	0,00	1,05	2,04	-0,99	0
2017-4-20 13:42:39	0,00	0,00	1,05	2,04	-0,99	0
2017-4-20 13:42:44	0,00	0,00	1,05	2,04	-0,99	0
2017-4-20 13:42:49	0,00	0,00	1,05	1,95	-0,90	0
2017-4-20 13:42:54	0,00	0,00	1,05	1,91	-0,86	0
2017-4-20 13:42:59	0,00	0,00	1,05	1,91	-0,86	0
2017-4-20 13:43:4	0,00	0,00	1,05	2,04	-0,99	0
2017-4-20 13:43:9	0,00	0,00	1,05	1,91	-0,86	0
2017-4-20 13:43:14	0,00	0,00	1,05	1,87	-0,82	0
2017-4-20 13:43:19	0,00	0,00	1,05	2,04	-0,99	0
2017-4-20 13:43:24	0,00	0,00	1,05	2,00	-0,95	0
2017-4-20 13:43:29	0,00	0,00	1,05	1,95	-0,90	0
2017-4-20 13:43:34	0,00	0,00	1,05	2,00	-0,95	0
2017-4-20 13:43:39	0,00	0,00	1,05	2,00	-0,95	0
2017-4-20 13:43:44	0,00	0,00	1,05	2,00	-0,95	0
2017-4-20 13:43:49	0,00	0,00	1,05	2,00	-0,95	0
2017-4-20 13:43:54	0,00	0,00	1,05	1,78	-0,73	0
2017-4-20 13:43:59	0,00	0,00	1,05	2,08	-1,03	0
2017-4-20 13:44:4	0,00	0,00	1,05	1,91	-0,86	0
2017-4-20 13:44:9	0,00	0,00	1,05	1,91	-0,86	0
2017-4-20 13:44:14	0,00	0,00	1,05	2,08	-1,03	0
2017-4-20 13:44:19	0,00	0,00	1,05	1,91	-0,86	0
2017-4-20 13:44:24	0,00	0,00	1,05	1,95	-0,90	0
2017-4-20 13:44:29	0,00	0,00	1,05	2,04	-0,99	0
2017-4-20 13:44:34	0,00	0,00	1,05	1,95	-0,90	0
2017-4-20 13:44:39	0,00	0,00	1,05	2,00	-0,95	0
2017-4-20 13:44:44	0,00	0,00	1,05	1,95	-0,90	0
2017-4-20 13:44:49	0,00	0,00	1,05	2,00	-0,95	0
2017-4-20 13:44:54	0,00	0,00	1,05	1,95	-0,90	0
2017-4-20 13:44:59	0,00	0,00	1,05	2,00	-0,95	0
2017-4-20 13:45:4	0,00	0,00	1,05	2,04	-0,99	0
2017-4-20 13:45:9	0,00	0,00	1,05	2,04	-0,99	0
2017-4-20 13:45:14	0,00	0,00	1,05	2,08	-1,03	0
2017-4-20 13:45:19	0,00	0,00	1,05	2,08	-1,03	0
2017-4-20 13:45:24	0,00	0,00	1,05	1,91	-0,86	0
2017-4-20 13:45:29	0,00	0,00	1,05	1,95	-0,90	0
2017-4-20 13:45:34	0,00	0,00	1,05	1,95	-0,90	0
2017-4-20 13:45:39	0,00	0,00	1,05	2,04	-0,99	0
2017-4-20 13:45:44	0,00	0,00	1,05	1,95	-0,90	0
2017-4-20 13:45:49	0,00	0,00	1,05	1,95	-0,90	0
2017-4-20 13:45:54	0,00	0,00	1,05	1,91	-0,86	0
2017-4-20 13:45:59	0,00	0,00	1,05	2,04	-0,99	0
2017-4-20 13:46:4	0,00	0,00	1,05	1,82	-0,77	0
2017-4-20 13:46:9	0,00	0,00	1,05	2,04	-0,99	0
2017-4-20 13:46:14	0,00	0,00	1,05	2,04	-0,99	0
2017-4-20 13:46:19	0,00	0,00	1,05	2,04	-0,99	0
2017-4-20 13:46:24	0,00	0,00	1,05	2,04	-0,99	0
2017-4-20 13:46:29	0,00	0,00	1,05	2,04	-0,99	0
2017-4-20 13:46:34	0,00	0,00	1,05	1,91	-0,86	0
2017-4-20 13:46:39	0,00	0,00	1,05	1,91	-0,86	0
2017-4-20 13:46:44	0,00	0,00	1,05	1,91	-0,86	0
2017-4-20 13:46:49	0,00	0,00	1,05	1,91	-0,86	0
2017-4-20 13:46:54	0,00	0,00	1,05	1,87	-0,82	0
2017-4-20 13:46:59	0,00	0,00	1,05	2,08	-1,03	0
2017-4-20 13:47:4	0,00	0,00	1,05	1,91	-0,86	0
2017-4-20 13:47:9	0,00	0,00	1,05	2,08	-1,03	0
2017-4-20 13:47:14	0,00	0,00	1,05	1,91	-0,86	0
2017-4-20 13:47:19	0,00	0,00	1,05	2,04	-0,99	0
2017-4-20 13:47:24	0,00	0,00	1,05	2,04	-0,99	0
2017-4-20 13:47:29	0,00	0,00	1,05	1,87	-0,82	0
2017-4-20 13:47:34	0,00	0,00	1,05	2,08	-1,03	0
2017-4-20 13:47:39	0,00	0,00	1,05	1,95	-0,90	0
2017-4-20 13:47:44	0,00	0,00	1,05	2,04	-0,99	0
2017-4-20 13:47:49	0,00	0,00	1,05	2,04	-0,99	0
2017-4-20 13:47:54	0,00	0,00	1,05	1,95	-0,90	0
2017-4-20 13:47:59	0,00	0,00	1,05	1,95	-0,90	0
2017-4-20 13:48:4	0,00	0,00	1,05	2,00	-0,95	0
2017-4-20 13:48:9	0,00	0,00	1,05	2,00	-0,95	0
2017-4-20 13:48:14	0,00	0,00	1,05	1,91	-0,86	0
2017-4-20 13:48:19	0,00	0,00	1,05	1,87	-0,82	0
2017-4-20 13:48:24	0,00	0,00	1,05	2,04	-0,99	0
2017-4-20 13:48:29	0,00	0,00	1,05	1,87	-0,82	0
2017-4-20 13:48:34	0,00	0,00	1,05	1,91	-0,86	0
2017-4-20 13:48:39	0,00	0,00	1,05	2,04	-0,99	0
2017-4-20 13:48:44	0,00	0,00	1,05	1,87	-0,82	0
2017-4-20 13:48:49	0,00	0,00	1,05	2,08	-1,03	0
2017-4-20 13:48:54	0,00	0,00	1,05	2,21	-1,16	0
2017-4-20 13:49:0	0,00	0,00	1,05	1,95	-0,90	0
2017-4-20 13:49:5	0,00	0,00	1,05	2,04	-0,99	0
2017-4-20 13:49:10	0,00	0,00	1,05	2,04	-0,99	0
2017-4-20 13:49:15	0,00	0,00	1,05	1,95	-0,90	0
2017-4-20 13:49:20	0,00	0,00	1,05	2,00	-0,95	0
2017-4-20 13:49:25	0,00	0,00	1,05	2,00	-0,95	0
2017-4-20 13:49:30	0,00	0,00	1,05	2,04	-0,99	0
2017-4-20 13:49:35	0,00	0,00	1,05	2,04	-0,99	0
2017-4-20 13:49:40	0,00	0,00	1,05	1,82	-0,77	0
2017-4-20 13:49:45	0,00	0,00	1,05	2,04	-0,99	0
2017-4-20 13:49:50	0,00	0,00	1,05	1,87	-0,82	0
2017-4-20 13:49:55	0,00	0,00	1,05	1,87	-0,82	0
2017-4-20 13:50:0	0,00	0,00	1,05	2,08	-1,03	0
2017-4-20 13:50:5	0,00	0,00	1,05	1,91	-0,86	0
2017-4-20 13:50:10	0,00	0,00	1,05	1,95	-0,90	0
2017-4-20 13:50:15	0,00	0,00	1,05	1,95	-0,90	0
2017-4-20 13:50:20	0,00	0,00	1,05	2,04	-0,99	0
2017-4-20 13:50:25	0,00	0,00	1,05	1,95	-0,90	0
2017-4-20 13:50:30	0,00	0,00	1,05	2,00	-0,95	0
2017-4-20 13:50:35	0,00	0,00	1,05	1,95	-0,90	0
2017-4-20 13:50:40	0,00	0,00	1,05	2,00	-0,95	0
2017-4-20 13:50:45	0,00	0,00	1,05	1,91	-0,86	0
2017-4-20 13:50:50	0,00	0,00	1,05	1,91	-0,86	0
2017-4-20 13:50:55	0,00	0,00	1,05	2,04	-0,99	0
2017-4-20 13:51:0	0,00	0,00	1,05	1,91	-0,86	0
2017-4-20 13:51:5	0,00	0,00	1,05	1,91	-0,86	0
2017-4-20 13:51:10	0,00	0,00	1,05	1,78	-0,73	0
2017-4-20 13:51:15	0,00	0,00	1,05	1,91	-0,86	0
2017-4-20 13:51:20	0,00	0,00	1,05	2,08	-1,03	0
2017-4-20 13:51:25	0,00	0,00	1,05	1,91	-0,86	0
2017-4-20 13:51:30	0,00	0,00	1,05	2,04	-0,99	0
2017-4-20 13:51:35	0,00	0,00	1,05	2,00	-0,95	0
2017-4-20 13:51:40	0,00	0,00	1,05	2,00	-0,95	0
2017-4-20 13:51:45	0,00	0,00	1,05	1,95	-0,90	0
2017-4-20 13:51:50	0,00	0,00	1,05	1,91	-0,86	0
2017-4-20 13:51:55	0,00	0,00	1,05	2,00	-0,95	0
2017-4-20 13:52:0	0,00	0,00	1,05	1,87	-0,82	0
2017-4-20 13:52:5	0,00	0,00	1,05	2,04	-0,99	0
2017-4-20 13:52:10	0,00	0,00	1,05	2,04	-0,99	0
2017-4-20 13:52:15	0,00	0,00	1,05	2,08	-1,03	0
2017-4-20 13:52:20	0,00	0,00	1,05	2,08	-1,03	0
2017-4-20 13:52:25	0,00	0,00	1,05	2,13	-1,08	0
2017-4-20 13:52:30	0,00	0,00	1,05	1,91	-0,86	0
2017-4-20 13:52:35	0,00	0,00	1,05	2,04	-0,99	0
2017-4-20 13:52:40	0,00	0,00	1,05	1,87	-0,82	0
2017-4-20 13:52:45	0,00	0,00	1,05	1,87	-0,82	0
2017-4-20 13:52:50	0,00	0,00	1,05	1,87	-0,82	0
2017-4-20 13:52:55	0,00	0,00	1,05	1,91	-0,86	0
2017-4-20 13:53:0	0,00	0,00	1,05	1,91	-0,86	0
2017-4-20 13:53:5	0,00	0,00	1,05	1,87	-0,82	0
2017-4-20 13:53:10	0,00	0,00	1,05	2,08	-1,03	0
2017-4-20 13:53:15	0,00	0,00	1,05	1,91	-0,86	0
2017-4-20 13:53:20	0,00	0,00	1,05	1,91	-0,86	0
2017-4-20 13:53:25	0,00	0,00	1,05	1,95	-0,90	0
2017-4-20 13:53:30	0,00	0,00	1,05	1,95	-0,90	0
2017-4-20 13:53:35	0,00	0,00	1,05	2,04	-0,99	0
2017-4-20 13:53:40	0,00	0,00	1,05	2,00	-0,95	0
2017-4-20 13:53:45	0,00	0,00	1,05	2,00	-0,95	0
2017-4-20 13:53:50	0,00	0,00	1,05	1,91	-0,86	0
2017-4-20 13:53:55	0,00	0,00	1,05	2,13	-1,08	0
2017-4-20 13:54:0	0,00	0,00	1,05	1,91	-0,86	0
2017-4-20 13:54:5	0,00	0,00	1,05	1,91	-0,86	0
2017-4-20 13:54:10	0,00	0,00	1,05	2,04	-0,99	0
2017-4-20 13:54:15	0,00	0,00	1,05	1,95	-0,90	0
2017-4-20 13:54:20	0,00	0,00	1,05	2,08	-1,03	0
2017-4-20 13:54:25	0,00	0,00	1,05	2,04	-0,99	0
2017-4-20 13:54:30	0,00	0,00	1,05	1,95	-0,90	0
2017-4-20 13:54:35	0,00	0,00	1,05	2,04	-0,99	0
2017-4-20 13:54:40	0,00	0,00	1,05	2,00	-0,95	0
2017-4-20 13:54:45	0,00	0,00	1,05	1,95	-0,90	0
2017-4-20 13:54:50	0,00	0,00	1,05	1,95	-0,90	0
2017-4-20 13:54:55	0,00	0,00	1,05	2,00	-0,95	0
2017-4-20 13:55:0	0,00	0,00	1,05	1,87	-0,82	0
2017-4-20 13:55:5	0,00	0,00	1,05	1,91	-0,86	0
2017-4-20 13:55:10	0,00	0,00	1,05	1,87	-0,82	0
2017-4-20 13:55:15	0,00	0,00	1,05	2,04	-0,99	0
2017-4-20 13:55:20	0,00	0,00	1,05	1,91	-0,86	0
2017-4-20 13:55:25	0,00	0,00	1,05	1,91	-0,86	0
2017-4-20 13:55:30	0,00	0,00	1,05	2,04	-0,99	0
2017-4-20 13:55:35	0,00	0,00	1,05	1,95	-0,90	0
2017-4-20 13:55:40	0,00	0,00	1,05	2,08	-1,03	0
2017-4-20 13:55:45	0,00	0,00	1,05	2,04	-0,99	0
2017-4-20 13:55:50	0,00	0,00	1,05	1,95	-0,90	0
2017-4-20 13:55:55	0,00	0,00	1,05	2,00	-0,95	0
2017-4-20 13:56:0	0,00	0,00	1,05	1,95	-0,90	0
2017-4-20 13:56:5	0,00	0,00	1,05	2,00	-0,95	0
2017-4-20 13:56:10	0,00	0,00	1,05	2,08	-1,03	0
2017-4-20 13:56:15	0,00	0,00	1,05	1,95	-0,90	0
2017-4-20 13:56:20	0,00	0,00	1,05	2,00	-0,95	0
2017-4-20 13:56:25	0,00	0,00	1,05	2,08	-1,03	0
2017-4-20 13:56:30	0,00	0,00	1,05	2,08	-1,03	0
2017-4-20 13:56:35	0,00	0,00	1,05	1,95	-0,90	0
2017-4-20 13:56:40	0,00	0,00	1,05	1,95	-0,90	0
2017-4-20 13:56:45	0,00	0,00	1,05	2,04	-0,99	0
2017-4-20 13:56:50	0,00	0,00	1,05	1,95	-0,90	0
2017-4-20 13:56:55	0,00	0,00	1,05	1,95	-0,90	0
2017-4-20 13:57:0	0,00	0,00	1,05	2,00	-0,95	0
2017-4-20 13:57:5	0,00	0,00	1,05	2,00	-0,95	0
2017-4-20 13:57:10	0,00	0,00	1,05	1,91	-0,86	0
2017-4-20 13:57:15	0,00	0,00	1,05	2,04	-0,99	0
2017-4-20 13:57:20	0,00	0,00	1,05	1,78	-0,73	0
2017-4-20 13:57:25	0,00	0,00	1,05	1,87	-0,82	0
2017-4-20 13:57:30	0,00	0,00	1,05	1,91	-0,86	0
2017-4-20 13:57:35	0,00	0,00	1,05	2,08	-1,03	0
2017-4-20 13:57:40	0,00	0,00	1,05	2,08	-1,03	0
2017-4-20 13:57:45	0,00	0,00	1,05	1,95	-0,90	0
2017-4-20 13:57:50	0,00	0,00	1,05	2,13	-1,08	0
2017-4-20 13:57:55	0,00	0,00	1,05	1,95	-0,90	0
2017-4-20 13:58:0	0,00	0,00	1,05	1,95	-0,90	0
2017-4-20 13:58:5	0,00	0,00	1,05	2,00	-0,95	0
2017-4-20 13:58:10	0,00	0,00	1,05	2,00	-0,95	0
2017-4-20 13:58:15	0,00	0,00	1,05	1,95	-0,90	0
2017-4-20 13:58:20	0,00	0,00	1,05	2,00	-0,95	0
2017-4-20 13:58:25	0,00	0,00	1,05	1,91	-0,86	0
2017-4-20 13:58:30	0,00	0,00	1,05	2,04	-0,99	0
2017-4-20 13:58:35	0,00	0,00	1,05	2,00	-0,95	0
2017-4-20 13:58:40	0,00	0,00	1,05	1,95	-0,90	0
2017-4-20 13:58:45	0,00	0,00	1,05	2,04	-0,99	0
2017-4-20 13:58:50	0,00	0,00	1,05	1,95	-0,90	0
2017-4-20 13:58:55	0,00	0,00	1,05	2,04	-0,99	0
2017-4-20 13:59:0	0,00	0,00	1,05	1,91	-0,86	0
2017-4-20 13:59:5	0,00	0,00	1,05	2,08	-1,03	0
2017-4-20 13:59:10	0,00	0,00	1,05	2,08	-1,03	0
2017-4-20 13:59:15	0,00	0,00	1,05	1,95	-0,90	0
2017-4-20 13:59:20	0,00	0,00	1,05	2,08	-1,03	0
2017-4-20 13:59:25	0,00	0,00	1,05	2,04	-0,99	0
2017-4-20 13:59:31	0,00	0,00	1,05	1,95	-0,90	0
2017-4-20 13:59:36	0,00	0,00	1,05	2,00	-0,95	0
2017-4-20 13:59:41	0,00	0,00	1,05	2,00	-0,95	0
2017-4-20 13:59:46	0,00	0,00	1,05	1,95	-0,90	0
2017-4-20 13:59:51	0,00	0,00	1,05	2,00	-0,95	0
2017-4-20 13:59:56	0,00	0,00	1,05	2,04	-0,99	0
2017-4-20 13:60:1	0,00	0,00	1,05	1,91	-0,86	0
2017-4-20 13:60:6	0,00	0,00	1,05	2,04	-0,99	0
2017-4-20 13:60:11	0,00	0,00	1,05	2,04	-0,99	0
2017-4-20 13:60:16	0,00	0,00	1,05	1,87	-0,82	0
2017-4-20 13:60:21	0,00	0,00	1,05	2,04	-0,99	0
2017-4-20 13:60:26	0,00	0,00	1,05	1,91	-0,86	0
2017-4-20 13:60:31	0,00	0,00	1,05	1,87	-0,82	0
2017-4-20 13:60:36	0,00	0,00	1,05	2,04	-0,99	0
2017-4-20 13:60:41	0,00	0,00	1,05	1,87	-0,82	0
2017-4-20 13:60:46	0,00	0,00	1,05	1,91	-0,86	0
2017-4-20 13:60:51	0,00	0,00	1,05	2,08	-1,03	0
2017-4-20 13:60:56	0,00	0,00	1,05	1,91	-0,86	0
2017-4-20 14:1:1	0,00	0,00	1,05	2,08	-1,03	0
2017-4-20 14:1:6	0,00	0,00	1,05	2,08	-1,03	0
2017-4-20 14:1:11	0,00	0,00	1,05	2,04	-0,99	0
2017-4-20 14:1:16	0,00	0,00	1,05	2,04	-0,99	0
2017-4-20 14:1:21	0,00	0,00	1,05	2,04	-0,99	0
2017-4-20 14:1:26	0,00	0,00	1,05	1,87	-0,82	0
2017-4-20 14:1:31	0,00	0,00	1,05	1,91	-0,86	0
2017-4-20 14:1:36	0,00	0,00	1,05	2,08	-1,03	0
2017-4-20 14:1:41	0,00	0,00	1,05	1,91	-0,86	0
2017-4-20 14:1:46	0,00	0,00	1,05	1,95	-0,90	0
2017-4-20 14:1:51	0,00	0,00	1,05	2,04	-0,99	0
2017-4-20 14:1:56	0,00	0,00	1,05	1,95	-0,90	0
2017-4-20 14:2:1	0,00	0,00	1,05	2,00	-0,95	0
2017-4-20 14:2:6	0,00	0,00	1,05	1,95	-0,90	0
2017-4-20 14:2:11	0,00	0,00	1,05	2,00	-0,95	0
2017-4-20 14:2:16	0,00	0,00	1,05	2,04	-0,99	0
2017-4-20 14:2:21	0,00	0,00	1,05	2,00	-0,95	0
2017-4-20 14:2:26	0,00	0,00	1,05	2,00	-0,95	0
2017-4-20 14:2:31	0,00	0,00	1,05	1,95	-0,90	0
2017-4-20 14:2:36	0,00	0,00	1,05	1,95	-0,90	0
2017-4-20 14:2:41	0,00	0,00	1,05	2,08	-1,03	0
2017-4-20 14:2:46	0,00	0,00	1,05	1,95	-0,90	0
2017-4-20 14:2:51	0,00	0,00	1,05	1,95	-0,90	0
2017-4-20 14:2:56	0,00	0,00	1,05	2,00	-0,95	0
2017-4-20 14:3:1	0,00	0,00	1,05	2,00	-0,95	0
2017-4-20 14:3:6	0,00	0,00	1,05	2,00	-0,95	0
2017-4-20 14:3:11	0,00	0,00	1,05	2,00	-0,95	0
2017-4-20 14:3:16	0,00	0,00	1,05	1,91	-0,86	0
2017-4-20 14:3:21	0,00	0,00	1,05	2,04	-0,99	0
2017-4-20 14:3:26	0,00	0,00	1,05	1,91	-0,86	0
2017-4-20 14:3:31	0,00	0,00	1,05	2,04	-0,99	0
2017-4-20 14:3:36	0,00	0,00	1,05	1,87	-0,82	0
2017-4-20 14:3:41	0,00	0,00	1,05	1,91	-0,86	0
2017-4-20 14:3:46	0,00	0,00	1,05	2,04	-0,99	0
2017-4-20 14:3:51	0,00	0,00	1,05	1,91	-0,86	0
2017-4-20 14:3:56	0,00	0,00	1,05	2,08	-1,03	0
2017-4-20 14:4:1	0,00	0,00	1,05	2,08	-1,03	0
2017-4-20 14:4:6	0,00	0,00	1,05	2,04	-0,99	0
2017-4-20 14:4:11	0,00	0,00	1,05	2,04	-0,99	0
2017-4-20 14:4:16	0,00	0,00	1,05	2,04	-0,99	0
2017-4-20 14:4:21	0,00	0,00	1,05	1,95	-0,90	0
2017-4-20 14:4:26	0,00	0,00	1,05	2,00	-0,95	0
2017-4-20 14:4:31	0,00	0,00	1,05	2,00	-0,95	0
2017-4-20 14:4:36	0,00	0,00	1,05	2,00	-0,95	0
2017-4-20 14:4:41	0,00	0,00	1,05	2,00	-0,95	0
2017-4-20 14:4:46	0,00	0,00	1,05	1,91	-0,86	0
2017-4-20 14:4:51	0,00	0,00	1,05	2,00	-0,95	0
2017-4-20 14:4:56	0,00	0,00	1,05	1,95	-0,90	0
2017-4-20 14:5:1	0,00	0,00	1,05	1,95	-0,90	0
2017-4-20 14:5:6	0,00	0,00	1,05	2,00	-0,95	0
2017-4-20 14:5:11	0,00	0,00	1,05	2,00	-0,95	0
2017-4-20 14:5:16	0,00	0,00	1,05	1,95	-0,90	0
2017-4-20 14:5:21	0,00	0,00	1,05	2,00	-0,95	0
2017-4-20 14:5:26	0,00	0,00	1,05	1,91	-0,86	0
2017-4-20 14:5:31	0,00	0,00	1,05	2,00	-0,95	0
2017-4-20 14:5:36	0,00	0,00	1,05	2,00	-0,95	0
2017-4-20 14:5:41	0,00	0,00	1,05	1,87	-0,82	0
2017-4-20 14:5:46	0,00	0,00	1,05	2,08	-1,03	0
2017-4-20 14:5:51	0,00	0,00	1,05	2,08	-1,03	0
2017-4-20 14:5:56	0,00	0,00	1,05	1,91	-0,86	0
2017-4-20 14:6:1	0,00	0,00	1,05	1,91	-0,86	0
2017-4-20 14:6:6	0,00	0,00	1,05	2,08	-1,03	0
2017-4-20 14:6:11	0,00	0,00	1,05	1,95	-0,90	0
2017-4-20 14:6:16	0,00	0,00	1,05	1,91	-0,86	0
2017-4-20 14:6:21	0,00	0,00	1,05	1,95	-0,90	0
2017-4-20 14:6:26	0,00	0,00	1,05	1,95	-0,90	0
2017-4-20 14:6:31	0,00	0,00	1,05	1,95	-0,90	0
2017-4-20 14:6:36	0,00	0,00	1,05	2,00	-0,95	0
2017-4-20 14:6:41	0,00	0,00	1,05	2,04	-0,99	0
2017-4-20 14:6:46	0,00	0,00	1,05	2,04	-0,99	0
2017-4-20 14:6:51	0,00	0,00	1,05	1,87	-0,82	0
2017-4-20 14:6:56	0,00	0,00	1,05	1,91	-0,86	0
2017-4-20 14:7:1	0,00	0,00	1,05	1,91	-0,86	0
2017-4-20 14:7:6	0,00	0,00	1,05	1,91	-0,86	0
2017-4-20 14:7:11	0,00	0,00	1,05	1,95	-0,90	0
2017-4-20 14:7:16	0,00	0,00	1,05	1,95	-0,90	0
2017-4-20 14:7:21	0,00	0,00	1,05	2,00	-0,95	0
2017-4-20 14:7:26	0,00	0,00	1,05	1,95	-0,90	0
2017-4-20 14:7:31	0,00	0,00	1,05	1,91	-0,86	0
2017-4-20 14:7:36	0,00	0,00	1,05	1,87	-0,82	0
2017-4-20 14:7:41	0,00	0,00	1,05	1,87	-0,82	0
2017-4-20 14:7:46	0,00	0,00	1,05	1,91	-0,86	0
2017-4-20 14:7:51	0,00	0,00	1,05	2,08	-1,03	0
2017-4-20 14:7:56	0,00	0,00	1,05	2,00	-0,95	0
2017-4-20 14:8:1	0,00	0,00	1,05	1,91	-0,86	0
2017-4-20 14:8:6	0,00	0,00	1,05	1,87	-0,82	0
2017-4-20 14:8:12	0,00	0,00	1,05	1,87	-0,82	0
2017-4-20 14:8:17	0,00	0,00	1,05	1,91	-0,86	0
2017-4-20 14:8:22	0,00	0,00	1,05	2,00	-0,95	0
2017-4-20 14:8:27	0,00	0,00	1,05	2,04	-0,99	0
2017-4-20 14:8:32	0,00	0,00	1,05	1,91	-0,86	0
2017-4-20 14:8:37	0,00	0,00	1,05	2,04	-0,99	0
2017-4-20 14:8:42	0,00	0,00	1,05	2,04	-0,99	0
2017-4-20 14:8:47	0,00	0,00	1,05	2,08	-1,03	0
2017-4-20 14:8:52	0,00	0,00	1,05	2,08	-1,03	0
2017-4-20 14:8:57	0,00	0,00	1,05	1,95	-0,90	0
2017-4-20 14:9:2	0,00	0,00	1,05	1,95	-0,90	0
2017-4-20 14:9:7	0,00	0,00	1,05	2,00	-0,95	0
2017-4-20 14:9:12	0,00	0,00	1,05	1,95	-0,90	0
2017-4-20 14:9:17	0,00	0,00	1,05	1,95	-0,90	0
2017-4-20 14:9:22	0,00	0,00	1,05	1,95	-0,90	0
2017-4-20 14:9:27	0,00	0,00	1,05	2,00	-0,95	0
2017-4-20 14:9:32	0,00	0,00	1,05	1,87	-0,82	0
2017-4-20 14:9:37	0,00	0,00	1,05	1,87	-0,82	0
2017-4-20 14:9:42	0,00	0,00	1,05	2,04	-0,99	0
2017-4-20 14:9:47	0,00	0,00	1,05	1,91	-0,86	0
2017-4-20 14:9:52	0,00	0,00	1,05	1,91	-0,86	0
2017-4-20 14:9:57	0,00	0,00	1,05	2,08	-1,03	0
2017-4-20 14:10:2	0,00	0,00	1,05	1,87	-0,82	0
2017-4-20 14:10:7	0,00	0,00	1,05	1,95	-0,90	0
2017-4-20 14:10:12	0,00	0,00	1,05	2,08	-1,03	0
2017-4-20 14:10:17	0,00	0,00	1,05	1,91	-0,86	0
2017-4-20 14:10:22	0,00	0,00	1,05	2,00	-0,95	0
2017-4-20 14:10:27	0,00	0,00	1,05	2,04	-0,99	0
2017-4-20 14:10:32	0,00	0,00	1,05	1,91	-0,86	0
2017-4-20 14:10:37	0,00	0,00	1,05	2,08	-1,03	0
2017-4-20 14:10:42	0,00	0,00	1,05	1,91	-0,86	0
2017-4-20 14:10:47	0,00	0,00	1,05	1,91	-0,86	0
2017-4-20 14:10:52	0,00	0,00	1,05	2,08	-1,03	0
2017-4-20 14:10:57	0,00	0,00	1,05	1,95	-0,90	0
2017-4-20 14:11:2	0,00	0,00	1,05	2,04	-0,99	0
2017-4-20 14:11:7	0,00	0,00	1,05	1,87	-0,82	0
2017-4-20 14:11:12	0,00	0,00	1,05	2,00	-0,95	0
2017-4-20 14:11:17	0,00	0,00	1,05	1,91	-0,86	0
2017-4-20 14:11:22	0,00	0,00	1,05	1,91	-0,86	0
2017-4-20 14:11:27	0,00	0,00	1,05	1,91	-0,86	0
2017-4-20 14:11:32	0,00	0,00	1,05	1,87	-0,82	0
2017-4-20 14:11:37	0,00	0,00	1,05	2,04	-0,99	0
2017-4-20 14:11:42	0,00	0,00	1,05	1,91	-0,86	0
2017-4-20 14:11:47	0,00	0,00	1,05	1,91	-0,86	0
2017-4-20 14:11:52	0,00	0,00	1,05	2,08	-1,03	0
2017-4-20 14:11:57	0,00	0,00	1,05	2,08	-1,03	0
2017-4-20 14:12:2	0,00	0,00	1,05	2,04	-0,99	0
2017-4-20 14:12:7	0,00	0,00	1,05	2,04	-0,99	0
2017-4-20 14:12:12	0,00	0,00	1,05	1,95	-0,90	0
2017-4-20 14:12:17	0,00	0,00	1,05	1,95	-0,90	0
2017-4-20 14:12:22	0,00	0,00	1,05	1,87	-0,82	0
2017-4-20 14:12:27	0,00	0,00	1,05	2,00	-0,95	0
2017-4-20 14:12:32	0,00	0,00	1,05	2,00	-0,95	0
2017-4-20 14:12:37	0,00	0,00	1,05	2,04	-0,99	0
2017-4-20 14:12:42	0,00	0,00	1,05	1,95	-0,90	0
2017-4-20 14:12:47	0,00	0,00	1,05	2,00	-0,95	0
2017-4-20 14:12:52	0,00	0,00	1,05	1,95	-0,90	0
2017-4-20 14:12:57	0,00	0,00	1,05	1,95	-0,90	0
2017-4-20 14:13:2	0,00	0,00	1,05	1,91	-0,86	0
2017-4-20 14:13:7	0,00	0,00	1,05	1,87	-0,82	0
2017-4-20 14:13:12	0,00	0,00	1,05	2,04	-0,99	0
2017-4-20 14:13:17	0,00	0,00	1,05	1,91	-0,86	0
2017-4-20 14:13:22	0,00	0,00	1,05	2,08	-1,03	0
2017-4-20 14:13:27	0,00	0,00	1,05	2,17	-1,12	0
2017-4-20 14:13:32	0,00	0,00	1,05	1,91	-0,86	0
2017-4-20 14:13:37	0,00	0,00	1,05	2,08	-1,03	0
2017-4-20 14:13:42	0,00	0,00	1,05	2,04	-0,99	0
2017-4-20 14:13:47	0,00	0,00	1,05	1,95	-0,90	0
2017-4-20 14:13:52	0,00	0,00	1,05	2,04	-0,99	0
2017-4-20 14:13:57	0,00	0,00	1,05	2,00	-0,95	0
2017-4-20 14:14:2	0,00	0,00	1,05	1,95	-0,90	0
2017-4-20 14:14:7	0,00	0,00	1,05	1,91	-0,86	0
2017-4-20 14:14:12	0,00	0,00	1,05	2,04	-0,99	0
2017-4-20 14:14:17	0,00	0,00	1,05	2,04	-0,99	0
2017-4-20 14:14:22	0,00	0,00	1,05	1,87	-0,82	0
2017-4-20 14:14:27	0,00	0,00	1,05	1,91	-0,86	0
2017-4-20 14:14:32	0,00	0,00	1,05	1,91	-0,86	0
2017-4-20 14:14:37	0,00	0,00	1,05	1,91	-0,86	0
2017-4-20 14:14:42	0,00	0,00	1,05	2,08	-1,03	0
2017-4-20 14:14:47	0,00	0,00	1,05	1,95	-0,90	0
2017-4-20 14:14:52	0,00	0,00	1,05	2,00	-0,95	0
2017-4-20 14:14:57	0,00	0,00	1,05	1,95	-0,90	0
2017-4-20 14:15:2	0,00	0,00	1,05	1,95	-0,90	0
2017-4-20 14:15:7	0,00	0,00	1,05	2,04	-0,99	0
2017-4-20 14:15:12	0,00	0,00	1,05	1,87	-0,82	0
2017-4-20 14:15:17	0,00	0,00	1,05	2,04	-0,99	0
2017-4-20 14:15:22	0,00	0,00	1,05	2,08	-1,03	0
2017-4-20 14:15:27	0,00	0,00	1,05	1,91	-0,86	0
2017-4-20 14:15:32	0,00	0,00	1,05	2,08	-1,03	0
2017-4-20 14:15:37	0,00	0,00	1,05	2,26	-1,21	0
2017-4-20 14:15:42	0,00	0,00	1,05	1,95	-0,90	0
2017-4-20 14:15:47	0,00	0,00	1,05	2,08	-1,03	0
2017-4-20 14:15:52	0,00	0,00	1,05	1,95	-0,90	0
2017-4-20 14:15:57	0,00	0,00	1,05	1,95	-0,90	0
2017-4-20 14:16:2	0,00	0,00	1,05	2,00	-0,95	0
2017-4-20 14:16:7	0,00	0,00	1,05	1,91	-0,86	0
2017-4-20 14:16:12	0,00	0,00	1,05	1,91	-0,86	0
2017-4-20 14:16:17	0,00	0,00	1,05	2,00	-0,95	0
2017-4-20 14:16:22	0,00	0,00	1,05	2,04	-0,99	0
2017-4-20 14:16:27	0,00	0,00	1,05	2,04	-0,99	0
2017-4-20 14:16:32	0,00	0,00	1,05	2,08	-1,03	0
2017-4-20 14:16:37	0,00	0,00	1,05	1,91	-0,86	0
2017-4-20 14:16:42	0,00	0,00	1,05	1,91	-0,86	0
2017-4-20 14:16:47	0,00	0,00	1,05	2,04	-0,99	0
2017-4-20 14:16:52	0,00	0,00	1,05	1,95	-0,90	0
2017-4-20 14:16:57	0,00	0,00	1,05	1,95	-0,90	0
2017-4-20 14:17:2	0,00	0,00	1,05	1,95	-0,90	0
2017-4-20 14:17:7	0,00	0,00	1,05	2,00	-0,95	0
2017-4-20 14:17:12	0,00	0,00	1,05	1,91	-0,86	0
2017-4-20 14:17:17	0,00	0,00	1,05	1,91	-0,86	0
2017-4-20 14:17:22	0,00	0,00	1,05	1,87	-0,82	0
2017-4-20 14:17:27	0,00	0,00	1,05	1,87	-0,82	0
2017-4-20 14:17:32	0,00	0,00	1,05	1,87	-0,82	0
2017-4-20 14:17:37	0,00	0,00	1,05	2,08	-1,03	0
2017-4-20 14:17:42	0,00	0,00	1,05	2,08	-1,03	0
2017-4-20 14:17:47	0,00	0,00	1,05	1,91	-0,86	0
2017-4-20 14:17:52	0,00	0,00	1,05	2,08	-1,03	0
2017-4-20 14:17:57	0,00	0,00	1,05	2,04	-0,99	0
2017-4-20 14:18:2	0,00	0,00	1,05	1,95	-0,90	0
2017-4-20 14:18:7	0,00	0,00	1,05	2,00	-0,95	0
2017-4-20 14:18:12	0,00	0,00	1,05	1,95	-0,90	0
2017-4-20 14:18:17	0,00	0,00	1,05	2,00	-0,95	0
2017-4-20 14:18:22	0,00	0,00	1,05	1,95	-0,90	0
2017-4-20 14:18:27	0,00	0,00	1,05	2,04	-0,99	0
2017-4-20 14:18:32	0,00	0,00	1,05	2,04	-0,99	0
2017-4-20 14:18:37	0,00	0,00	1,05	1,87	-0,82	0
2017-4-20 14:18:42	0,00	0,00	1,05	2,08	-1,03	0
2017-4-20 14:18:48	0,00	0,00	1,05	1,91	-0,86	0
2017-4-20 14:18:53	0,00	0,00	1,05	1,87	-0,82	0
2017-4-20 14:18:58	0,00	0,00	1,05	1,91	-0,86	0
2017-4-20 14:19:3	0,00	0,00	1,05	2,04	-0,99	0
2017-4-20 14:19:8	0,00	0,00	1,05	1,95	-0,90	0
2017-4-20 14:19:13	0,00	0,00	1,05	2,04	-0,99	0
2017-4-20 14:19:18	0,00	0,00	1,05	2,00	-0,95	0
2017-4-20 14:19:23	0,00	0,00	1,05	2,00	-0,95	0
2017-4-20 14:19:28	0,00	0,00	1,05	1,95	-0,90	0
2017-4-20 14:19:33	0,00	0,00	1,05	2,04	-0,99	0
2017-4-20 14:19:38	0,00	0,00	1,05	2,00	-0,95	0
2017-4-20 14:19:43	0,00	0,00	1,05	1,91	-0,86	0
2017-4-20 14:19:48	0,00	0,00	1,05	2,04	-0,99	0
2017-4-20 14:19:53	0,00	0,00	1,05	2,08	-1,03	0
2017-4-20 14:19:58	0,00	0,00	1,05	1,91	-0,86	0
2017-4-20 14:20:3	0,00	0,00	1,05	2,04	-0,99	0
2017-4-20 14:20:8	0,00	0,00	1,05	1,91	-0,86	0
2017-4-20 14:20:13	0,00	0,00	1,05	1,91	-0,86	0
2017-4-20 14:20:18	0,00	0,00	1,05	2,04	-0,99	0
2017-4-20 14:20:23	0,00	0,00	1,05	1,87	-0,82	0
2017-4-20 14:20:28	0,00	0,00	1,05	1,91	-0,86	0
2017-4-20 14:20:33	0,00	0,00	1,05	2,04	-0,99	0
2017-4-20 14:20:38	0,00	0,00	1,05	1,91	-0,86	0
2017-4-20 14:20:43	0,00	0,00	1,05	2,08	-1,03	0
2017-4-20 14:20:48	0,00	0,00	1,05	2,08	-1,03	0
2017-4-20 14:20:53	0,00	0,00	1,05	2,04	-0,99	0
2017-4-20 14:20:58	0,00	0,00	1,05	2,08	-1,03	0
2017-4-20 14:21:3	0,00	0,00	1,05	2,04	-0,99	0
2017-4-20 14:21:8	0,00	0,00	1,05	1,95	-0,90	0
2017-4-20 14:21:13	0,00	0,00	1,05	1,95	-0,90	0
2017-4-20 14:21:18	0,00	0,00	1,05	1,95	-0,90	0
2017-4-20 14:21:23	0,00	0,00	1,05	1,95	-0,90	0
2017-4-20 14:21:28	0,00	0,00	1,05	2,00	-0,95	0
2017-4-20 14:21:33	0,00	0,00	1,05	1,95	-0,90	0
2017-4-20 14:21:38	0,00	0,00	1,05	2,08	-1,03	0
2017-4-20 14:21:43	0,00	0,00	1,05	1,95	-0,90	0
2017-4-20 14:21:48	0,00	0,00	1,05	1,95	-0,90	0
2017-4-20 14:21:53	0,00	0,00	1,05	2,00	-0,95	0
2017-4-20 14:21:58	0,00	0,00	1,05	1,91	-0,86	0
2017-4-20 14:22:3	0,00	0,00	1,05	1,95	-0,90	0
2017-4-20 14:22:8	0,00	0,00	1,05	2,04	-0,99	0
2017-4-20 14:22:13	0,00	0,00	1,05	2,08	-1,03	0
2017-4-20 14:22:18	0,00	0,00	1,05	2,00	-0,95	0
2017-4-20 14:22:23	0,00	0,00	1,05	1,95	-0,90	0
2017-4-20 14:22:28	0,00	0,00	1,05	2,00	-0,95	0
2017-4-20 14:22:33	0,00	0,00	1,05	1,95	-0,90	0
2017-4-20 14:22:38	0,00	0,00	1,05	2,04	-0,99	0
2017-4-20 14:22:43	0,00	0,00	1,05	1,95	-0,90	0
2017-4-20 14:22:48	0,00	0,00	1,05	2,13	-1,08	0
2017-4-20 14:22:53	0,00	0,00	1,05	1,95	-0,90	0
2017-4-20 14:22:58	0,00	0,00	1,05	1,95	-0,90	0
2017-4-20 14:23:3	0,00	0,00	1,05	1,95	-0,90	0
2017-4-20 14:23:8	0,00	0,00	1,05	1,91	-0,86	0
2017-4-20 14:23:13	0,00	0,00	1,05	1,91	-0,86	0
2017-4-20 14:23:18	0,00	0,00	1,05	1,87	-0,82	0
2017-4-20 14:23:23	0,00	0,00	1,05	1,87	-0,82	0
2017-4-20 14:23:28	0,00	0,00	1,05	2,08	-1,03	0
2017-4-20 14:23:33	0,00	0,00	1,05	2,08	-1,03	0
2017-4-20 14:23:38	0,00	0,00	1,05	2,00	-0,95	0
2017-4-20 14:23:43	0,00	0,00	1,05	2,04	-0,99	0
2017-4-20 14:23:48	0,00	0,00	1,05	2,04	-0,99	0
2017-4-20 14:23:53	0,00	0,00	1,05	1,87	-0,82	0
2017-4-20 14:23:58	0,00	0,00	1,05	2,08	-1,03	0
2017-4-20 14:24:3	0,00	0,00	1,05	1,91	-0,86	0
2017-4-20 14:24:8	0,00	0,00	1,05	1,87	-0,82	0
2017-4-20 14:24:13	0,00	0,00	1,05	2,08	-1,03	0
2017-4-20 14:24:18	0,00	0,00	1,05	1,95	-0,90	0
2017-4-20 14:24:23	0,00	0,00	1,05	1,95	-0,90	0
2017-4-20 14:24:28	0,00	0,00	1,05	2,00	-0,95	0
2017-4-20 14:24:33	0,00	0,00	1,05	1,95	-0,90	0
2017-4-20 14:24:38	0,00	0,00	1,05	2,00	-0,95	0
2017-4-20 14:24:43	0,00	0,00	1,05	2,08	-1,03	0
2017-4-20 14:24:48	0,00	0,00	1,05	1,95	-0,90	0
2017-4-20 14:24:53	0,00	0,00	1,05	1,95	-0,90	0
2017-4-20 14:24:58	0,00	0,00	1,05	2,00	-0,95	0
2017-4-20 14:25:3	0,00	0,00	1,05	2,04	-0,99	0
2017-4-20 14:25:8	0,00	0,00	1,05	2,00	-0,95	0
2017-4-20 14:25:13	0,00	0,00	1,05	1,95	-0,90	0
2017-4-20 14:25:18	0,00	0,00	1,05	2,00	-0,95	0
2017-4-20 14:25:23	0,00	0,00	1,05	1,87	-0,82	0
2017-4-20 14:25:28	0,00	0,00	1,05	1,87	-0,82	0
2017-4-20 14:25:33	0,00	0,00	1,05	1,87	-0,82	0
2017-4-20 14:25:38	0,00	0,00	1,05	1,91	-0,86	0
2017-4-20 14:25:43	0,00	0,00	1,05	1,91	-0,86	0
2017-4-20 14:25:48	0,00	0,00	1,05	1,91	-0,86	0
2017-4-20 14:25:53	0,00	0,00	1,05	1,91	-0,86	0
2017-4-20 14:25:58	0,00	0,00	1,05	2,08	-1,03	0
2017-4-20 14:26:3	0,00	0,00	1,05	1,95	-0,90	0
2017-4-20 14:26:8	0,00	0,00	1,05	2,04	-0,99	0
2017-4-20 14:26:13	0,00	0,00	1,05	2,00	-0,95	0
2017-4-20 14:26:18	0,00	0,00	1,05	2,00	-0,95	0
2017-4-20 14:26:23	0,00	0,00	1,05	2,00	-0,95	0
2017-4-20 14:26:28	0,00	0,00	1,05	1,91	-0,86	0
2017-4-20 14:26:33	0,00	0,00	1,05	2,00	-0,95	0
2017-4-20 14:26:38	0,00	0,00	1,05	1,91	-0,86	0
2017-4-20 14:26:43	0,00	0,00	1,05	1,74	-0,69	0
2017-4-20 14:26:48	0,00	0,00	1,05	2,04	-0,99	0
2017-4-20 14:26:53	0,00	0,00	1,05	1,87	-0,82	0
2017-4-20 14:26:58	0,00	0,00	1,05	2,00	-0,95	0
2017-4-20 14:27:3	0,00	0,00	1,05	2,00	-0,95	0
2017-4-20 14:27:8	0,00	0,00	1,05	1,91	-0,86	0
2017-4-20 14:27:13	0,00	0,00	1,05	2,04	-0,99	0
2017-4-20 14:27:18	0,00	0,00	1,05	1,91	-0,86	0
2017-4-20 14:27:23	0,00	0,00	1,05	1,91	-0,86	0
2017-4-20 14:27:28	0,00	0,00	1,05	2,08	-1,03	0
2017-4-20 14:27:33	0,00	0,00	1,05	1,91	-0,86	0
2017-4-20 14:27:38	0,00	0,00	1,05	1,91	-0,86	0
2017-4-20 14:27:43	0,00	0,00	1,05	2,04	-0,99	0
2017-4-20 14:27:48	0,00	0,00	1,05	2,00	-0,95	0
2017-4-20 14:27:53	0,00	0,00	1,05	2,08	-1,03	0
2017-4-20 14:27:58	0,00	0,00	1,05	2,08	-1,03	0
2017-4-20 14:28:3	0,00	0,00	1,05	1,95	-0,90	0
2017-4-20 14:28:8	0,00	0,00	1,05	2,04	-0,99	0
2017-4-20 14:28:13	0,00	0,00	1,05	2,00	-0,95	0
2017-4-20 14:28:18	0,00	0,00	1,05	1,95	-0,90	0
2017-4-20 14:28:23	0,00	0,00	1,05	1,87	-0,82	0
2017-4-20 14:28:28	0,00	0,00	1,05	2,00	-0,95	0
2017-4-20 14:28:33	0,00	0,00	1,05	1,95	-0,90	0
2017-4-20 14:28:38	0,00	0,00	1,05	1,91	-0,86	0
2017-4-20 14:28:43	0,00	0,00	1,05	1,87	-0,82	0
2017-4-20 14:28:48	0,00	0,00	1,05	2,04	-0,99	0
2017-4-20 14:28:53	0,00	0,00	1,05	1,87	-0,82	0
2017-4-20 14:28:58	0,00	0,00	1,05	1,91	-0,86	0
2017-4-20 14:29:3	0,00	0,00	1,05	2,08	-1,03	0
2017-4-20 14:29:8	0,00	0,00	1,05	1,95	-0,90	0
2017-4-20 14:29:13	0,00	0,00	1,05	2,08	-1,03	0
2017-4-20 14:29:18	0,00	0,00	1,05	2,04	-0,99	0
2017-4-20 14:29:24	0,00	0,00	1,05	1,95	-0,90	0
2017-4-20 14:29:29	0,00	0,00	1,05	1,95	-0,90	0
2017-4-20 14:29:34	0,00	0,00	1,05	1,95	-0,90	0
2017-4-20 14:29:39	0,00	0,00	1,05	2,04	-0,99	0
2017-4-20 14:29:44	0,00	0,00	1,05	1,87	-0,82	0
2017-4-20 14:29:49	0,00	0,00	1,05	2,04	-0,99	0
2017-4-20 14:29:54	0,00	0,00	1,05	2,04	-0,99	0
2017-4-20 14:29:59	0,00	0,00	1,05	2,04	-0,99	0
2017-4-20 14:30:4	0,00	0,00	1,05	1,95	-0,90	0
2017-4-20 14:30:9	0,00	0,00	1,05	1,95	-0,90	0
2017-4-20 14:30:14	0,00	0,00	1,05	1,95	-0,90	0
2017-4-20 14:30:19	0,00	0,00	1,05	2,00	-0,95	0
2017-4-20 14:30:24	0,00	0,00	1,05	1,91	-0,86	0
2017-4-20 14:30:29	0,00	0,00	1,05	1,87	-0,82	0
2017-4-20 14:30:34	0,00	0,00	1,05	2,04	-0,99	0
2017-4-20 14:30:39	0,00	0,00	1,05	2,04	-0,99	0
2017-4-20 14:30:44	0,00	0,00	1,05	1,91	-0,86	0
2017-4-20 14:30:49	0,00	0,00	1,05	1,95	-0,90	0
2017-4-20 14:30:54	0,00	0,00	1,05	2,04	-0,99	0
2017-4-20 14:30:59	0,00	0,00	1,05	1,95	-0,90	0
2017-4-20 14:31:4	0,00	0,00	1,05	2,00	-0,95	0
2017-4-20 14:31:9	0,00	0,00	1,05	1,87	-0,82	0
2017-4-20 14:31:14	0,00	0,00	1,05	1,91	-0,86	0
2017-4-20 14:31:19	0,00	0,00	1,05	2,08	-1,03	0
2017-4-20 14:31:24	0,00	0,00	1,05	2,08	-1,03	0
2017-4-20 14:31:29	0,00	0,00	1,05	2,04	-0,99	0
2017-4-20 14:31:34	0,00	0,00	1,05	2,00	-0,95	0
2017-4-20 14:31:39	0,00	0,00	1,05	2,04	-0,99	0
2017-4-20 14:31:44	0,00	0,00	1,05	2,08	-1,03	0
2017-4-20 14:31:49	0,00	0,00	1,05	2,04	-0,99	0
2017-4-20 14:31:54	0,00	0,00	1,05	1,91	-0,86	0
2017-4-20 14:31:59	0,00	0,00	1,05	1,95	-0,90	0
2017-4-20 14:32:4	0,00	0,00	1,05	2,08	-1,03	0
2017-4-20 14:32:9	0,00	0,00	1,05	1,95	-0,90	0
2017-4-20 14:32:14	0,00	0,00	1,05	1,82	-0,77	0
2017-4-20 14:32:19	0,00	0,00	1,05	2,04	-0,99	0
2017-4-20 14:32:24	0,00	0,00	1,05	1,95	-0,90	0
2017-4-20 14:32:29	0,00	0,00	1,05	1,91	-0,86	0
2017-4-20 14:32:34	0,00	0,00	1,05	1,91	-0,86	0
2017-4-20 14:32:39	0,00	0,00	1,05	2,00	-0,95	0
2017-4-20 14:32:44	0,00	0,00	1,05	1,91	-0,86	0
2017-4-20 14:32:49	0,00	0,00	1,05	1,87	-0,82	0
2017-4-20 14:32:54	0,00	0,00	1,05	2,04	-0,99	0
2017-4-20 14:32:59	0,00	0,00	1,05	2,04	-0,99	0
2017-4-20 14:33:4	0,00	0,00	1,05	2,08	-1,03	0
2017-4-20 14:33:9	0,00	0,00	1,05	2,08	-1,03	0
2017-4-20 14:33:14	0,00	0,00	1,05	1,91	-0,86	0
2017-4-20 14:33:19	0,00	0,00	1,05	1,91	-0,86	0
2017-4-20 14:33:24	0,00	0,00	1,05	2,00	-0,95	0
2017-4-20 14:33:29	0,00	0,00	1,05	1,95	-0,90	0
2017-4-20 14:33:34	0,00	0,00	1,05	1,95	-0,90	0
2017-4-20 14:33:39	0,00	0,00	1,05	2,00	-0,95	0
2017-4-20 14:33:44	0,00	0,00	1,05	2,00	-0,95	0
2017-4-20 14:33:49	0,00	0,00	1,05	1,95	-0,90	0
2017-4-20 14:33:54	0,00	0,00	1,05	2,00	-0,95	0
2017-4-20 14:33:59	0,00	0,00	1,05	1,91	-0,86	0
2017-4-20 14:34:4	0,00	0,00	1,05	1,82	-0,77	0
2017-4-20 14:34:9	0,00	0,00	1,05	2,04	-0,99	0
2017-4-20 14:34:14	0,00	0,00	1,05	1,87	-0,82	0
2017-4-20 14:34:19	0,00	0,00	1,05	1,91	-0,86	0
2017-4-20 14:34:24	0,00	0,00	1,05	2,08	-1,03	0
2017-4-20 14:34:29	0,00	0,00	1,05	1,91	-0,86	0
2017-4-20 14:34:34	0,00	0,00	1,05	2,08	-1,03	0
2017-4-20 14:34:39	0,00	0,00	1,05	2,04	-0,99	0
2017-4-20 14:34:44	0,00	0,00	1,05	2,04	-0,99	0
2017-4-20 14:34:49	0,00	0,00	1,05	2,00	-0,95	0
2017-4-20 14:34:54	0,00	0,00	1,05	2,00	-0,95	0
2017-4-20 14:34:59	0,00	0,00	1,05	2,08	-1,03	0
2017-4-20 14:35:4	0,00	0,00	1,05	2,08	-1,03	0
2017-4-20 14:35:9	0,00	0,00	1,05	1,95	-0,90	0
2017-4-20 14:35:14	0,00	0,00	1,05	2,04	-0,99	0
2017-4-20 14:35:19	0,00	0,00	1,05	1,95	-0,90	0
2017-4-20 14:35:24	0,00	0,00	1,05	1,95	-0,90	0
2017-4-20 14:35:29	0,00	0,00	1,05	1,95	-0,90	0
2017-4-20 14:35:34	0,00	0,00	1,05	2,00	-0,95	0
2017-4-20 14:35:39	0,00	0,00	1,05	1,91	-0,86	0
2017-4-20 14:35:44	0,00	0,00	1,05	1,87	-0,82	0
2017-4-20 14:35:49	0,00	0,00	1,05	2,04	-0,99	0
2017-4-20 14:35:54	0,00	0,00	1,05	1,91	-0,86	0
2017-4-20 14:35:59	0,00	0,00	1,05	1,87	-0,82	0
2017-4-20 14:36:4	0,00	0,00	1,05	1,91	-0,86	0
2017-4-20 14:36:9	0,00	0,00	1,05	1,91	-0,86	0
2017-4-20 14:36:14	0,00	0,00	1,05	2,04	-0,99	0
2017-4-20 14:36:19	0,00	0,00	1,05	1,91	-0,86	0
2017-4-20 14:36:24	0,00	0,00	1,05	2,08	-1,03	0
2017-4-20 14:36:29	0,00	0,00	1,05	2,04	-0,99	0
2017-4-20 14:36:34	0,00	0,00	1,05	1,91	-0,86	0
2017-4-20 14:36:39	0,00	0,00	1,05	1,95	-0,90	0
2017-4-20 14:36:44	0,00	0,00	1,05	2,08	-1,03	0
2017-4-20 14:36:49	0,00	0,00	1,05	1,91	-0,86	0
2017-4-20 14:36:54	0,00	0,00	1,05	2,04	-0,99	0
2017-4-20 14:36:59	0,00	0,00	1,05	1,95	-0,90	0
2017-4-20 14:37:4	0,00	0,00	1,05	2,00	-0,95	0
2017-4-20 14:37:9	0,00	0,00	1,05	1,95	-0,90	0
2017-4-20 14:37:14	0,00	0,00	1,05	2,00	-0,95	0
2017-4-20 14:37:19	0,00	0,00	1,05	2,04	-0,99	0
2017-4-20 14:37:24	0,00	0,00	1,05	1,87	-0,82	0
2017-4-20 14:37:29	0,00	0,00	1,05	2,04	-0,99	0
2017-4-20 14:37:34	0,00	0,00	1,05	1,91	-0,86	0
2017-4-20 14:37:39	0,00	0,00	1,05	1,87	-0,82	0
2017-4-20 14:37:44	0,00	0,00	1,05	2,04	-0,99	0
2017-4-20 14:37:49	0,00	0,00	1,05	1,91	-0,86	0
2017-4-20 14:37:54	0,00	0,00	1,05	1,91	-0,86	0
2017-4-20 14:37:59	0,00	0,00	1,05	2,08	-1,03	0
2017-4-20 14:38:4	0,00	0,00	1,05	1,91	-0,86	0
2017-4-20 14:38:9	0,00	0,00	1,05	2,04	-0,99	0
2017-4-20 14:38:14	0,00	0,00	1,05	2,04	-0,99	0
2017-4-20 14:38:19	0,00	0,00	1,05	1,95	-0,90	0
2017-4-20 14:38:24	0,00	0,00	1,05	2,08	-1,03	0
2017-4-20 14:38:29	0,00	0,00	1,05	2,08	-1,03	0
2017-4-20 14:38:34	0,00	0,00	1,05	1,91	-0,86	0
2017-4-20 14:38:39	0,00	0,00	1,05	2,00	-0,95	0
2017-4-20 14:38:44	0,00	0,00	1,05	1,95	-0,90	0
2017-4-20 14:38:49	0,00	0,00	1,05	1,95	-0,90	0
2017-4-20 14:38:54	0,00	0,00	1,05	1,91	-0,86	0
2017-4-20 14:38:59	0,00	0,00	1,05	2,04	-0,99	0
2017-4-20 14:39:4	0,00	0,00	1,05	1,87	-0,82	0
2017-4-20 14:39:9	0,00	0,00	1,05	1,82	-0,77	0
2017-4-20 14:39:14	0,00	0,00	1,05	2,08	-1,03	0
2017-4-20 14:39:19	0,00	0,00	1,05	1,91	-0,86	0
2017-4-20 14:39:24	0,00	0,00	1,05	1,91	-0,86	0
2017-4-20 14:39:29	0,00	0,00	1,05	1,95	-0,90	0
2017-4-20 14:39:34	0,00	0,00	1,05	1,95	-0,90	0
2017-4-20 14:39:39	0,00	0,00	1,05	2,04	-0,99	0
2017-4-20 14:39:44	0,00	0,00	1,05	2,04	-0,99	0
2017-4-20 14:39:49	0,00	0,00	1,05	1,91	-0,86	0
2017-4-20 14:39:54	0,00	0,00	1,05	1,95	-0,90	0
2017-4-20 14:39:59	0,00	0,00	1,05	1,95	-0,90	0
2017-4-20 14:40:4	0,00	0,00	1,05	1,95	-0,90	0
2017-4-20 14:40:9	0,00	0,00	1,05	1,95	-0,90	0
2017-4-20 14:40:14	0,00	0,00	1,05	1,95	-0,90	0
2017-4-20 14:40:19	0,00	0,00	1,05	1,87	-0,82	0
2017-4-20 14:40:24	0,00	0,00	1,05	1,87	-0,82	0
2017-4-20 14:40:29	0,00	0,00	1,05	1,91	-0,86	0
2017-4-20 14:40:35	0,00	0,00	1,05	1,78	-0,73	0
2017-4-20 14:40:40	0,00	0,00	1,05	2,04	-0,99	0
2017-4-20 14:40:45	0,00	0,00	1,05	1,95	-0,90	0
2017-4-20 14:40:50	0,00	0,00	1,05	1,95	-0,90	0
2017-4-20 14:40:55	0,00	0,00	1,05	1,95	-0,90	0
2017-4-20 14:41:0	0,00	0,00	1,05	2,00	-0,95	0
2017-4-20 14:41:5	0,00	0,00	1,05	2,00	-0,95	0
2017-4-20 14:41:10	0,00	0,00	1,05	2,00	-0,95	0
2017-4-20 14:41:15	0,00	0,00	1,05	1,87	-0,82	0
2017-4-20 14:41:20	0,00	0,00	1,05	2,04	-0,99	0
2017-4-20 14:41:25	0,00	0,00	1,05	1,91	-0,86	0
2017-4-20 14:41:30	0,00	0,00	1,05	1,95	-0,90	0
2017-4-20 14:41:35	0,00	0,00	1,05	2,00	-0,95	0
2017-4-20 14:41:40	0,00	0,00	1,05	2,13	-1,08	0
2017-4-20 14:41:45	0,00	0,00	1,05	1,95	-0,90	0
2017-4-20 14:41:50	0,00	0,00	1,05	1,95	-0,90	0
2017-4-20 14:41:55	0,00	0,00	1,05	2,00	-0,95	0
2017-4-20 14:42:0	0,00	0,00	1,05	1,95	-0,90	0
2017-4-20 14:42:5	0,00	0,00	1,05	1,95	-0,90	0
2017-4-20 14:42:10	0,00	0,00	1,05	2,00	-0,95	0
2017-4-20 14:42:15	0,00	0,00	1,05	2,00	-0,95	0
2017-4-20 14:42:20	0,00	0,00	1,05	1,95	-0,90	0
2017-4-20 14:42:25	0,00	0,00	1,05	2,00	-0,95	0
