Datum	m3 kapljicno	m3 trata	set point	kolicina v rezervoarju	napaka	ventil

/root/racunanjeOS.js:298
	var osTrenutniCas = os.obj.settings.devt*1000;
	                          ^
TypeError: Cannot read property 'settings' of undefined
    at podatki (/root/racunanjeOS.js:298:28)
    at periodaF (/root/racunanjeOS.js:14:11)
    at wrapper [as _onTimeout] (timers.js:252:14)
    at Timer.listOnTimeout [as ontimeout] (timers.js:110:15)
error: Forever detected script exited with code: 8
error: Script restart attempt #1
Datum	m3 kapljicno	m3 trata	set point	kolicina v rezervoarju	napaka	ventil
2017-4-19 2:30:22	0.00	0.00	1.05	0.07	0.98	1
2017-4-19 2:30:27	0.00	0.00	1.05	4.14	-3.09	0
2017-4-19 2:30:32	0.00	0.00	1.05	4.09	-3.04	0
2017-4-19 2:30:37	0.00	0.00	1.05	4.15	-3.10	0
2017-4-19 2:30:42	0.00	0.00	1.05	4.11	-3.06	0
2017-4-19 2:30:47	0.00	0.00	1.05	4.13	-3.08	0
2017-4-19 2:30:52	0.00	0.00	1.05	4.13	-3.08	0
2017-4-19 2:30:57	0.00	0.00	1.05	4.13	-3.08	0
2017-4-19 2:31:2	0.00	0.00	1.05	4.12	-3.07	0
2017-4-19 2:31:7	0.00	0.00	1.05	4.07	-3.02	0
2017-4-19 2:31:12	0.00	0.00	1.05	4.07	-3.02	0
2017-4-19 2:31:17	0.00	0.00	1.05	4.08	-3.03	0
2017-4-19 2:31:22	0.00	0.00	1.05	4.14	-3.09	0
2017-4-19 2:31:27	0.00	0.00	1.05	4.07	-3.02	0
2017-4-19 2:31:32	0.00	0.00	1.05	4.14	-3.09	0
2017-4-19 2:31:37	0.00	0.00	1.05	4.15	-3.10	0
2017-4-19 2:31:42	0.00	0.00	1.05	4.15	-3.10	0
2017-4-19 2:31:47	0.00	0.00	1.05	4.16	-3.11	0
2017-4-19 2:31:52	0.00	0.00	1.05	4.06	-3.01	0
2017-4-19 2:31:57	0.00	0.00	1.05	4.15	-3.10	0
2017-4-19 2:32:2	0.00	0.00	1.05	4.13	-3.08	0
2017-4-19 2:32:7	0.00	0.00	1.05	4.10	-3.05	0
2017-4-19 2:32:12	0.00	0.00	1.05	4.15	-3.10	0
2017-4-19 2:32:17	0.00	0.00	1.05	4.15	-3.10	0
2017-4-19 2:32:22	0.00	0.00	1.05	4.13	-3.08	0
2017-4-19 2:32:27	0.00	0.00	1.05	4.13	-3.08	0
2017-4-19 2:32:32	0.00	0.00	1.05	4.12	-3.07	0
2017-4-19 2:32:37	0.00	0.00	1.05	4.06	-3.01	0
2017-4-19 2:32:42	0.00	0.00	1.05	4.17	-3.12	0
2017-4-19 2:32:47	0.00	0.00	1.05	4.08	-3.03	0
2017-4-19 2:32:52	0.00	0.00	1.05	4.08	-3.03	0
2017-4-19 2:32:57	0.00	0.00	1.05	4.18	-3.13	0
2017-4-19 2:33:2	0.00	0.00	1.05	4.09	-3.04	0
2017-4-19 2:33:7	0.00	0.00	1.05	4.09	-3.04	0
2017-4-19 2:33:12	0.00	0.00	1.05	4.19	-3.14	0
2017-4-19 2:33:17	0.00	0.00	1.05	4.10	-3.05	0
2017-4-19 2:33:22	0.00	0.00	1.05	4.17	-3.12	0
2017-4-19 2:33:28	0.00	0.00	1.05	4.10	-3.05	0
2017-4-19 2:33:33	0.00	0.00	1.05	4.11	-3.06	0
2017-4-19 2:33:38	0.00	0.00	1.05	4.09	-3.04	0
2017-4-19 2:33:43	0.00	0.00	1.05	4.18	-3.13	0
2017-4-19 2:33:48	0.00	0.00	1.05	4.09	-3.04	0
2017-4-19 2:33:53	0.00	0.00	1.05	4.17	-3.12	0
2017-4-19 2:33:58	0.00	0.00	1.05	4.17	-3.12	0
2017-4-19 2:34:3	0.00	0.00	1.05	4.11	-3.06	0
2017-4-19 2:34:8	0.00	0.00	1.05	4.17	-3.12	0
2017-4-19 2:34:13	0.00	0.00	1.05	4.07	-3.02	0
2017-4-19 2:34:18	0.00	0.00	1.05	4.07	-3.02	0
2017-4-19 2:34:23	0.00	0.00	1.05	4.16	-3.11	0
2017-4-19 2:34:28	0.00	0.00	1.05	4.15	-3.10	0
2017-4-19 2:34:33	0.00	0.00	1.05	4.06	-3.01	0
2017-4-19 2:34:38	0.00	0.00	1.05	4.13	-3.08	0
2017-4-19 2:34:43	0.00	0.00	1.05	4.11	-3.06	0
2017-4-19 2:34:48	0.00	0.00	1.05	4.16	-3.11	0
2017-4-19 2:34:53	0.00	0.00	1.05	4.16	-3.11	0
2017-4-19 2:34:59	0.00	0.00	1.05	4.10	-3.05	0
2017-4-19 2:35:4	0.00	0.00	1.05	4.18	-3.13	0
2017-4-19 2:35:9	0.00	0.00	1.05	4.16	-3.11	0
2017-4-19 2:35:14	0.00	0.00	1.05	4.07	-3.02	0
2017-4-19 2:35:19	0.00	0.00	1.05	4.17	-3.12	0
2017-4-19 2:35:24	0.00	0.00	1.05	4.09	-3.04	0
2017-4-19 2:35:29	0.00	0.00	1.05	4.08	-3.03	0
2017-4-19 2:35:34	0.00	0.00	1.05	4.09	-3.04	0
2017-4-19 2:35:39	0.00	0.00	1.05	4.08	-3.03	0
2017-4-19 2:35:44	0.00	0.00	1.05	4.19	-3.14	0
2017-4-19 2:35:49	0.00	0.00	1.05	4.16	-3.11	0
2017-4-19 2:35:54	0.00	0.00	1.05	4.07	-3.02	0
2017-4-19 2:35:59	0.00	0.00	1.05	4.16	-3.11	0
2017-4-19 2:36:4	0.00	0.00	1.05	4.16	-3.11	0
2017-4-19 2:36:9	0.00	0.00	1.05	4.17	-3.12	0
2017-4-19 2:36:14	0.00	0.00	1.05	4.27	-3.22	0
2017-4-19 2:36:19	0.00	0.00	1.05	4.07	-3.02	0
2017-4-19 2:36:24	0.00	0.00	1.05	4.17	-3.12	0
2017-4-19 2:36:29	0.00	0.00	1.05	4.07	-3.02	0
2017-4-19 2:36:34	0.00	0.00	1.05	4.09	-3.04	0
2017-4-19 2:36:39	0.00	0.00	1.05	4.06	-3.01	0
2017-4-19 2:36:44	0.00	0.00	1.05	4.07	-3.02	0
2017-4-19 2:36:49	0.00	0.00	1.05	4.05	-3.00	0
2017-4-19 2:36:54	0.00	0.00	1.05	4.15	-3.10	0
2017-4-19 2:36:59	0.00	0.00	1.05	4.07	-3.02	0
2017-4-19 2:37:4	0.00	0.00	1.05	4.14	-3.09	0
2017-4-19 2:37:9	0.00	0.00	1.05	4.15	-3.10	0
2017-4-19 2:37:14	0.00	0.00	1.05	4.07	-3.02	0
2017-4-19 2:37:19	0.00	0.00	1.05	4.12	-3.07	0
2017-4-19 2:37:24	0.00	0.00	1.05	4.13	-3.08	0
2017-4-19 2:37:31	0.00	0.00	1.05	4.13	-3.08	0
2017-4-19 2:37:37	0.00	0.00	1.05	4.10	-3.05	0
2017-4-19 2:37:42	0.00	0.00	1.05	4.15	-3.10	0
2017-4-19 2:37:47	0.00	0.00	1.05	4.08	-3.03	0
2017-4-19 2:37:53	0.00	0.00	1.05	4.09	-3.04	0
2017-4-19 2:37:58	0.00	0.00	1.05	4.09	-3.04	0
2017-4-19 2:38:3	0.00	0.00	1.05	4.07	-3.02	0
2017-4-19 2:38:8	0.00	0.00	1.05	4.15	-3.10	0
2017-4-19 2:38:13	0.00	0.00	1.05	4.15	-3.10	0
2017-4-19 2:38:18	0.00	0.00	1.05	4.15	-3.10	0
2017-4-19 2:38:23	0.00	0.00	1.05	4.15	-3.10	0
2017-4-19 2:38:28	0.00	0.00	1.05	4.11	-3.06	0
2017-4-19 2:38:33	0.00	0.00	1.05	4.11	-3.06	0
2017-4-19 2:38:38	0.00	0.00	1.05	4.10	-3.05	0
2017-4-19 2:38:43	0.00	0.00	1.05	4.17	-3.12	0
2017-4-19 2:38:48	0.00	0.00	1.05	4.12	-3.07	0
2017-4-19 2:38:53	0.00	0.00	1.05	4.17	-3.12	0
2017-4-19 2:38:58	0.00	0.00	1.05	4.11	-3.06	0
2017-4-19 2:39:4	0.00	0.00	1.05	4.11	-3.06	0
2017-4-19 2:39:10	0.00	0.00	1.05	4.11	-3.06	0
2017-4-19 2:39:15	0.00	0.00	1.05	4.10	-3.05	0
2017-4-19 2:39:20	0.00	0.00	1.05	4.13	-3.08	0
2017-4-19 2:39:26	0.00	0.00	1.05	4.13	-3.08	0
2017-4-19 2:39:33	0.00	0.00	1.05	4.15	-3.10	0
2017-4-19 2:39:38	0.00	0.00	1.05	4.10	-3.05	0
2017-4-19 2:39:43	0.00	0.00	1.05	4.14	-3.09	0
2017-4-19 2:39:48	0.00	0.00	1.05	4.13	-3.08	0
2017-4-19 2:39:53	0.00	0.00	1.05	4.13	-3.08	0
2017-4-19 2:39:58	0.00	0.00	1.05	4.13	-3.08	0
2017-4-19 2:40:3	0.00	0.00	1.05	4.14	-3.09	0
2017-4-19 2:40:8	0.00	0.00	1.05	4.09	-3.04	0
2017-4-19 2:40:13	0.00	0.00	1.05	4.09	-3.04	0
2017-4-19 2:40:18	0.00	0.00	1.05	4.09	-3.04	0
2017-4-19 2:40:23	0.00	0.00	1.05	4.09	-3.04	0
2017-4-19 2:40:28	0.00	0.00	1.05	4.10	-3.05	0
2017-4-19 2:40:33	0.00	0.00	1.05	4.19	-3.14	0
2017-4-19 2:40:38	0.00	0.00	1.05	4.13	-3.08	0
2017-4-19 2:40:43	0.00	0.00	1.05	4.10	-3.05	0
2017-4-19 2:40:48	0.00	0.00	1.05	4.09	-3.04	0
2017-4-19 2:40:53	0.00	0.00	1.05	4.09	-3.04	0
2017-4-19 2:40:58	0.00	0.00	1.05	4.16	-3.11	0
2017-4-19 2:41:3	0.00	0.00	1.05	4.11	-3.06	0
2017-4-19 2:41:8	0.00	0.00	1.05	4.15	-3.10	0
2017-4-19 2:41:13	0.00	0.00	1.05	4.15	-3.10	0
2017-4-19 2:41:18	0.00	0.00	1.05	4.17	-3.12	0
2017-4-19 2:41:23	0.00	0.00	1.05	4.11	-3.06	0
2017-4-19 2:41:28	0.00	0.00	1.05	4.11	-3.06	0
2017-4-19 2:41:33	0.00	0.00	1.05	4.11	-3.06	0
2017-4-19 2:41:38	0.00	0.00	1.05	4.13	-3.08	0
2017-4-19 2:41:43	0.00	0.00	1.05	4.12	-3.07	0
2017-4-19 2:41:48	0.00	0.00	1.05	4.13	-3.08	0
2017-4-19 2:41:53	0.00	0.00	1.05	4.13	-3.08	0
2017-4-19 2:41:58	0.00	0.00	1.05	4.14	-3.09	0
2017-4-19 2:42:3	0.00	0.00	1.05	4.11	-3.06	0
2017-4-19 2:42:8	0.00	0.00	1.05	4.12	-3.07	0
2017-4-19 2:42:13	0.00	0.00	1.05	4.11	-3.06	0
2017-4-19 2:42:18	0.00	0.00	1.05	4.11	-3.06	0
2017-4-19 2:42:23	0.00	0.00	1.05	4.07	-3.02	0
2017-4-19 2:42:28	0.00	0.00	1.05	4.07	-3.02	0
2017-4-19 2:42:33	0.00	0.00	1.05	4.11	-3.06	0
2017-4-19 2:42:38	0.00	0.00	1.05	4.07	-3.02	0
2017-4-19 2:42:44	0.00	0.00	1.05	4.15	-3.10	0
2017-4-19 2:42:49	0.00	0.00	1.05	4.07	-3.02	0
2017-4-19 2:42:54	0.00	0.00	1.05	4.07	-3.02	0
2017-4-19 2:42:59	0.00	0.00	1.05	4.07	-3.02	0
2017-4-19 2:43:4	0.00	0.00	1.05	4.06	-3.01	0
2017-4-19 2:43:9	0.00	0.00	1.05	4.15	-3.10	0
2017-4-19 2:43:14	0.00	0.00	1.05	4.04	-2.99	0
2017-4-19 2:43:19	0.00	0.00	1.05	4.15	-3.10	0
2017-4-19 2:43:24	0.00	0.00	1.05	4.09	-3.04	0
2017-4-19 2:43:29	0.00	0.00	1.05	4.07	-3.02	0
2017-4-19 2:43:34	0.00	0.00	1.05	4.16	-3.11	0
2017-4-19 2:43:39	0.00	0.00	1.05	4.16	-3.11	0
2017-4-19 2:43:44	0.00	0.00	1.05	4.08	-3.03	0
2017-4-19 2:43:49	0.00	0.00	1.05	4.15	-3.10	0
2017-4-19 2:43:54	0.00	0.00	1.05	4.07	-3.02	0
2017-4-19 2:43:59	0.00	0.00	1.05	4.08	-3.03	0
2017-4-19 2:44:4	0.00	0.00	1.05	4.17	-3.12	0
2017-4-19 2:44:9	0.00	0.00	1.05	4.05	-3.00	0
2017-4-19 2:44:14	0.00	0.00	1.05	4.08	-3.03	0
2017-4-19 2:44:19	0.00	0.00	1.05	4.17	-3.12	0
2017-4-19 2:44:24	0.00	0.00	1.05	4.08	-3.03	0
2017-4-19 2:44:29	0.00	0.00	1.05	4.17	-3.12	0
2017-4-19 2:44:34	0.00	0.00	1.05	4.17	-3.12	0
2017-4-19 2:44:39	0.00	0.00	1.05	4.06	-3.01	0
2017-4-19 2:44:44	0.00	0.00	1.05	4.14	-3.09	0
2017-4-19 2:44:49	0.00	0.00	1.05	4.16	-3.11	0
2017-4-19 2:44:54	0.00	0.00	1.05	4.07	-3.02	0
2017-4-19 2:44:59	0.00	0.00	1.05	4.08	-3.03	0
2017-4-19 2:45:4	0.00	0.00	1.05	4.08	-3.03	0
2017-4-19 2:45:9	0.00	0.00	1.05	4.06	-3.01	0
2017-4-19 2:45:14	0.00	0.00	1.05	4.15	-3.10	0
2017-4-19 2:45:19	0.00	0.00	1.05	4.16	-3.11	0
2017-4-19 2:45:24	0.00	0.00	1.05	4.19	-3.14	0
2017-4-19 2:45:29	0.00	0.00	1.05	4.09	-3.04	0
2017-4-19 2:45:34	0.00	0.00	1.05	4.13	-3.08	0
2017-4-19 2:45:39	0.00	0.00	1.05	4.15	-3.10	0
2017-4-19 2:45:44	0.00	0.00	1.05	4.14	-3.09	0
2017-4-19 2:45:49	0.00	0.00	1.05	4.07	-3.02	0
2017-4-19 2:45:54	0.00	0.00	1.05	4.14	-3.09	0
2017-4-19 2:45:59	0.00	0.00	1.05	4.04	-2.99	0
2017-4-19 2:46:4	0.00	0.00	1.05	4.06	-3.01	0
2017-4-19 2:46:9	0.00	0.00	1.05	4.13	-3.08	0
2017-4-19 2:46:14	0.00	0.00	1.05	4.04	-2.99	0
2017-4-19 2:46:19	0.00	0.00	1.05	4.07	-3.02	0
2017-4-19 2:46:24	0.00	0.00	1.05	4.06	-3.01	0
2017-4-19 2:46:29	0.00	0.00	1.05	4.06	-3.01	0
2017-4-19 2:46:34	0.00	0.00	1.05	4.15	-3.10	0
2017-4-19 2:46:39	0.00	0.00	1.05	4.16	-3.11	0
2017-4-19 2:46:44	0.00	0.00	1.05	4.13	-3.08	0
2017-4-19 2:46:49	0.00	0.00	1.05	4.12	-3.07	0
2017-4-19 2:46:54	0.00	0.00	1.05	4.10	-3.05	0
2017-4-19 2:46:59	0.00	0.00	1.05	4.09	-3.04	0
2017-4-19 2:47:4	0.00	0.00	1.05	4.07	-3.02	0
2017-4-19 2:47:9	0.00	0.00	1.05	4.16	-3.11	0
2017-4-19 2:47:14	0.00	0.00	1.05	4.17	-3.12	0
2017-4-19 2:47:19	0.00	0.00	1.05	4.09	-3.04	0
2017-4-19 2:47:24	0.00	0.00	1.05	4.15	-3.10	0
2017-4-19 2:47:29	0.00	0.00	1.05	4.15	-3.10	0
2017-4-19 2:47:34	0.00	0.00	1.05	4.08	-3.03	0
2017-4-19 2:47:39	0.00	0.00	1.05	4.17	-3.12	0
2017-4-19 2:47:44	0.00	0.00	1.05	4.08	-3.03	0
2017-4-19 2:47:49	0.00	0.00	1.05	4.09	-3.04	0
2017-4-19 2:47:54	0.00	0.00	1.05	4.09	-3.04	0
2017-4-19 2:47:59	0.00	0.00	1.05	4.08	-3.03	0
2017-4-19 2:48:4	0.00	0.00	1.05	4.10	-3.05	0
2017-4-19 2:48:9	0.00	0.00	1.05	4.12	-3.07	0
2017-4-19 2:48:14	0.00	0.00	1.05	4.18	-3.13	0
2017-4-19 2:48:19	0.00	0.00	1.05	4.09	-3.04	0
2017-4-19 2:48:24	0.00	0.00	1.05	4.15	-3.10	0
2017-4-19 2:48:29	0.00	0.00	1.05	4.16	-3.11	0
2017-4-19 2:48:34	0.00	0.00	1.05	4.06	-3.01	0
2017-4-19 2:48:39	0.00	0.00	1.05	4.15	-3.10	0
2017-4-19 2:48:44	0.00	0.00	1.05	4.07	-3.02	0
2017-4-19 2:48:49	0.00	0.00	1.05	4.07	-3.02	0
2017-4-19 2:48:54	0.00	0.00	1.05	4.15	-3.10	0
2017-4-19 2:48:59	0.00	0.00	1.05	4.04	-2.99	0
2017-4-19 2:49:4	0.00	0.00	1.05	4.06	-3.01	0
2017-4-19 2:49:9	0.00	0.00	1.05	4.15	-3.10	0
2017-4-19 2:49:14	0.00	0.00	1.05	4.14	-3.09	0
2017-4-19 2:49:19	0.00	0.00	1.05	4.15	-3.10	0
2017-4-19 2:49:24	0.00	0.00	1.05	4.15	-3.10	0
2017-4-19 2:49:29	0.00	0.00	1.05	4.07	-3.02	0
2017-4-19 2:49:34	0.00	0.00	1.05	4.17	-3.12	0
2017-4-19 2:49:39	0.00	0.00	1.05	4.07	-3.02	0
2017-4-19 2:49:44	0.00	0.00	1.05	4.07	-3.02	0
2017-4-19 2:49:49	0.00	0.00	1.05	4.09	-3.04	0
2017-4-19 2:49:54	0.00	0.00	1.05	4.18	-3.13	0
2017-4-19 2:49:59	0.00	0.00	1.05	4.17	-3.12	0
2017-4-19 2:50:4	0.00	0.00	1.05	4.08	-3.03	0
2017-4-19 2:50:9	0.00	0.00	1.05	4.09	-3.04	0
2017-4-19 2:50:14	0.00	0.00	1.05	4.09	-3.04	0
2017-4-19 2:50:19	0.00	0.00	1.05	4.08	-3.03	0
2017-4-19 2:50:24	0.00	0.00	1.05	4.09	-3.04	0
2017-4-19 2:50:29	0.00	0.00	1.05	4.09	-3.04	0
2017-4-19 2:50:34	0.00	0.00	1.05	4.09	-3.04	0
2017-4-19 2:50:39	0.00	0.00	1.05	4.17	-3.12	0
2017-4-19 2:50:44	0.00	0.00	1.05	4.19	-3.14	0
2017-4-19 2:50:49	0.00	0.00	1.05	4.15	-3.10	0
2017-4-19 2:50:54	0.00	0.00	1.05	4.19	-3.14	0
2017-4-19 2:50:59	0.00	0.00	1.05	4.09	-3.04	0
2017-4-19 2:51:4	0.00	0.00	1.05	4.18	-3.13	0
2017-4-19 2:51:9	0.00	0.00	1.05	4.19	-3.14	0
2017-4-19 2:51:14	0.00	0.00	1.05	4.06	-3.01	0
2017-4-19 2:51:19	0.00	0.00	1.05	4.14	-3.09	0
2017-4-19 2:51:24	0.00	0.00	1.05	4.06	-3.01	0
2017-4-19 2:51:29	0.00	0.00	1.05	4.07	-3.02	0
2017-4-19 2:51:34	0.00	0.00	1.05	4.14	-3.09	0
2017-4-19 2:51:39	0.00	0.00	1.05	4.06	-3.01	0
2017-4-19 2:51:44	0.00	0.00	1.05	4.07	-3.02	0
2017-4-19 2:51:49	0.00	0.00	1.05	4.15	-3.10	0
2017-4-19 2:51:54	0.00	0.00	1.05	4.17	-3.12	0
2017-4-19 2:51:59	0.00	0.00	1.05	4.15	-3.10	0
2017-4-19 2:52:4	0.00	0.00	1.05	4.16	-3.11	0
2017-4-19 2:52:9	0.00	0.00	1.05	4.08	-3.03	0
2017-4-19 2:52:14	0.00	0.00	1.05	4.17	-3.12	0
2017-4-19 2:52:19	0.00	0.00	1.05	4.18	-3.13	0
2017-4-19 2:52:24	0.00	0.00	1.05	4.08	-3.03	0
2017-4-19 2:52:29	0.00	0.00	1.05	4.19	-3.14	0
2017-4-19 2:52:34	0.00	0.00	1.05	4.09	-3.04	0
2017-4-19 2:52:39	0.00	0.00	1.05	4.09	-3.04	0
2017-4-19 2:52:45	0.00	0.00	1.05	4.09	-3.04	0
2017-4-19 2:52:50	0.00	0.00	1.05	4.17	-3.12	0
2017-4-19 2:52:55	0.00	0.00	1.05	4.07	-3.02	0
2017-4-19 2:53:0	0.00	0.00	1.05	4.07	-3.02	0
2017-4-19 2:53:5	0.00	0.00	1.05	4.09	-3.04	0
2017-4-19 2:53:10	0.00	0.00	1.05	4.13	-3.08	0
2017-4-19 2:53:15	0.00	0.00	1.05	4.14	-3.09	0
2017-4-19 2:53:20	0.00	0.00	1.05	4.12	-3.07	0
2017-4-19 2:53:25	0.00	0.00	1.05	4.13	-3.08	0
2017-4-19 2:53:30	0.00	0.00	1.05	4.11	-3.06	0
2017-4-19 2:53:35	0.00	0.00	1.05	4.13	-3.08	0
2017-4-19 2:53:40	0.00	0.00	1.05	4.13	-3.08	0
2017-4-19 2:53:45	0.00	0.00	1.05	4.13	-3.08	0
2017-4-19 2:53:50	0.00	0.00	1.05	4.14	-3.09	0
2017-4-19 2:53:55	0.00	0.00	1.05	4.11	-3.06	0
2017-4-19 2:54:0	0.00	0.00	1.05	4.12	-3.07	0
2017-4-19 2:54:5	0.00	0.00	1.05	4.11	-3.06	0
2017-4-19 2:54:10	0.00	0.00	1.05	4.13	-3.08	0
2017-4-19 2:54:15	0.00	0.00	1.05	4.11	-3.06	0
2017-4-19 2:54:20	0.00	0.00	1.05	4.13	-3.08	0
2017-4-19 2:54:25	0.00	0.00	1.05	4.13	-3.08	0
2017-4-19 2:54:30	0.00	0.00	1.05	4.09	-3.04	0
2017-4-19 2:54:35	0.00	0.00	1.05	4.15	-3.10	0
2017-4-19 2:54:40	0.00	0.00	1.05	4.09	-3.04	0
2017-4-19 2:54:45	0.00	0.00	1.05	4.14	-3.09	0
2017-4-19 2:54:50	0.00	0.00	1.05	4.10	-3.05	0
2017-4-19 2:54:55	0.00	0.00	1.05	4.15	-3.10	0
2017-4-19 2:55:0	0.00	0.00	1.05	4.09	-3.04	0
2017-4-19 2:55:5	0.00	0.00	1.05	4.09	-3.04	0
2017-4-19 2:55:10	0.00	0.00	1.05	4.15	-3.10	0
2017-4-19 2:55:15	0.00	0.00	1.05	4.07	-3.02	0
2017-4-19 2:55:20	0.00	0.00	1.05	4.07	-3.02	0
2017-4-19 2:55:25	0.00	0.00	1.05	4.16	-3.11	0
2017-4-19 2:55:30	0.00	0.00	1.05	4.17	-3.12	0
2017-4-19 2:55:35	0.00	0.00	1.05	4.16	-3.11	0
2017-4-19 2:55:40	0.00	0.00	1.05	4.18	-3.13	0
2017-4-19 2:55:45	0.00	0.00	1.05	4.08	-3.03	0
2017-4-19 2:55:50	0.00	0.00	1.05	4.17	-3.12	0
2017-4-19 2:55:55	0.00	0.00	1.05	4.07	-3.02	0
2017-4-19 2:56:0	0.00	0.00	1.05	4.17	-3.12	0
2017-4-19 2:56:5	0.00	0.00	1.05	4.17	-3.12	0
2017-4-19 2:56:10	0.00	0.00	1.05	4.17	-3.12	0
2017-4-19 2:56:15	0.00	0.00	1.05	4.15	-3.10	0
2017-4-19 2:56:20	0.00	0.00	1.05	4.15	-3.10	0
2017-4-19 2:56:25	0.00	0.00	1.05	4.06	-3.01	0
2017-4-19 2:56:30	0.00	0.00	1.05	4.07	-3.02	0
2017-4-19 2:56:35	0.00	0.00	1.05	4.13	-3.08	0
2017-4-19 2:56:40	0.00	0.00	1.05	4.13	-3.08	0
2017-4-19 2:56:45	0.00	0.00	1.05	4.11	-3.06	0
2017-4-19 2:56:50	0.00	0.00	1.05	4.13	-3.08	0
2017-4-19 2:56:55	0.00	0.00	1.05	4.09	-3.04	0
2017-4-19 2:57:0	0.00	0.00	1.05	4.09	-3.04	0
2017-4-19 2:57:5	0.00	0.00	1.05	4.13	-3.08	0
2017-4-19 2:57:10	0.00	0.00	1.05	4.07	-3.02	0
2017-4-19 2:57:15	0.00	0.00	1.05	4.07	-3.02	0
2017-4-19 2:57:20	0.00	0.00	1.05	4.06	-3.01	0
2017-4-19 2:57:25	0.00	0.00	1.05	4.06	-3.01	0
2017-4-19 2:57:30	0.00	0.00	1.05	4.14	-3.09	0
2017-4-19 2:57:35	0.00	0.00	1.05	4.07	-3.02	0
2017-4-19 2:57:40	0.00	0.00	1.05	4.15	-3.10	0
2017-4-19 2:57:45	0.00	0.00	1.05	4.15	-3.10	0
2017-4-19 2:57:50	0.00	0.00	1.05	4.10	-3.05	0
2017-4-19 2:57:55	0.00	0.00	1.05	4.16	-3.11	0
2017-4-19 2:58:0	0.00	0.00	1.05	4.18	-3.13	0
2017-4-19 2:58:5	0.00	0.00	1.05	4.07	-3.02	0
2017-4-19 2:58:10	0.00	0.00	1.05	4.17	-3.12	0
2017-4-19 2:58:15	0.00	0.00	1.05	4.07	-3.02	0
2017-4-19 2:58:20	0.00	0.00	1.05	4.08	-3.03	0
2017-4-19 2:58:25	0.00	0.00	1.05	4.18	-3.13	0
2017-4-19 2:58:30	0.00	0.00	1.05	4.09	-3.04	0
2017-4-19 2:58:35	0.00	0.00	1.05	4.09	-3.04	0
2017-4-19 2:58:40	0.00	0.00	1.05	4.19	-3.14	0
2017-4-19 2:58:45	0.00	0.00	1.05	4.13	-3.08	0
2017-4-19 2:58:50	0.00	0.00	1.05	4.11	-3.06	0
2017-4-19 2:58:55	0.00	0.00	1.05	4.09	-3.04	0
2017-4-19 2:59:0	0.00	0.00	1.05	4.09	-3.04	0
2017-4-19 2:59:5	0.00	0.00	1.05	4.09	-3.04	0
2017-4-19 2:59:10	0.00	0.00	1.05	4.09	-3.04	0
2017-4-19 2:59:15	0.00	0.00	1.05	4.12	-3.07	0
2017-4-19 2:59:20	0.00	0.00	1.05	4.14	-3.09	0
2017-4-19 2:59:25	0.00	0.00	1.05	4.11	-3.06	0
2017-4-19 2:59:30	0.00	0.00	1.05	4.06	-3.01	0
2017-4-19 2:59:35	0.00	0.00	1.05	4.07	-3.02	0
2017-4-19 2:59:40	0.00	0.00	1.05	4.15	-3.10	0
2017-4-19 2:59:45	0.00	0.00	1.05	4.05	-3.00	0
2017-4-19 2:59:50	0.00	0.00	1.05	4.15	-3.10	0
2017-4-19 2:59:55	0.00	0.00	1.05	4.15	-3.10	0
2017-4-19 2:60:0	0.00	0.00	1.05	4.07	-3.02	0
2017-4-19 2:60:5	0.00	0.00	1.05	4.03	-2.98	0
2017-4-19 2:60:10	0.00	0.00	1.05	4.18	-3.13	0
2017-4-19 2:60:15	0.00	0.00	1.05	4.18	-3.13	0
2017-4-19 2:60:20	0.00	0.00	1.05	4.11	-3.06	0
2017-4-19 2:60:25	0.00	0.00	1.05	4.17	-3.12	0
2017-4-19 2:60:30	0.00	0.00	1.05	4.17	-3.12	0
2017-4-19 2:60:35	0.00	0.00	1.05	4.10	-3.05	0
2017-4-19 2:60:40	0.00	0.00	1.05	4.17	-3.12	0
2017-4-19 2:60:45	0.00	0.00	1.05	4.11	-3.06	0
2017-4-19 2:60:50	0.00	0.00	1.05	4.11	-3.06	0
2017-4-19 2:60:55	0.00	0.00	1.05	4.11	-3.06	0
2017-4-19 3:1:0	0.00	0.00	1.05	4.12	-3.07	0
2017-4-19 3:1:5	0.00	0.00	1.05	4.11	-3.06	0
2017-4-19 3:1:10	0.00	0.00	1.05	4.14	-3.09	0
2017-4-19 3:1:15	0.00	0.00	1.05	4.10	-3.05	0
2017-4-19 3:1:20	0.00	0.00	1.05	4.14	-3.09	0
2017-4-19 3:1:25	0.00	0.00	1.05	4.09	-3.04	0
2017-4-19 3:1:30	0.00	0.00	1.05	4.09	-3.04	0
2017-4-19 3:1:35	0.00	0.00	1.05	4.16	-3.11	0
2017-4-19 3:1:40	0.00	0.00	1.05	4.09	-3.04	0
2017-4-19 3:1:45	0.00	0.00	1.05	4.13	-3.08	0
2017-4-19 3:1:50	0.00	0.00	1.05	4.07	-3.02	0
2017-4-19 3:1:55	0.00	0.00	1.05	4.10	-3.05	0
2017-4-19 3:2:0	0.00	0.00	1.05	4.18	-3.13	0
2017-4-19 3:2:5	0.00	0.00	1.05	4.08	-3.03	0
2017-4-19 3:2:10	0.00	0.00	1.05	4.17	-3.12	0
2017-4-19 3:2:15	0.00	0.00	1.05	4.17	-3.12	0
2017-4-19 3:2:20	0.00	0.00	1.05	4.13	-3.08	0
2017-4-19 3:2:25	0.00	0.00	1.05	4.15	-3.10	0
2017-4-19 3:2:30	0.00	0.00	1.05	4.17	-3.12	0
2017-4-19 3:2:35	0.00	0.00	1.05	4.13	-3.08	0
2017-4-19 3:2:40	0.00	0.00	1.05	4.06	-3.01	0
2017-4-19 3:2:45	0.00	0.00	1.05	4.16	-3.11	0
2017-4-19 3:2:50	0.00	0.00	1.05	4.20	-3.15	0
2017-4-19 3:2:56	0.00	0.00	1.05	4.07	-3.02	0
2017-4-19 3:3:1	0.00	0.00	1.05	4.15	-3.10	0
2017-4-19 3:3:6	0.00	0.00	1.05	4.11	-3.06	0
2017-4-19 3:3:11	0.00	0.00	1.05	4.10	-3.05	0
2017-4-19 3:3:16	0.00	0.00	1.05	4.09	-3.04	0
2017-4-19 3:3:21	0.00	0.00	1.05	4.09	-3.04	0
2017-4-19 3:3:26	0.00	0.00	1.05	4.09	-3.04	0
2017-4-19 3:3:31	0.00	0.00	1.05	4.13	-3.08	0
2017-4-19 3:3:36	0.00	0.00	1.05	4.13	-3.08	0
2017-4-19 3:3:41	0.00	0.00	1.05	4.08	-3.03	0
2017-4-19 3:3:46	0.00	0.00	1.05	4.15	-3.10	0
2017-4-19 3:3:51	0.00	0.00	1.05	4.14	-3.09	0
2017-4-19 3:3:56	0.00	0.00	1.05	4.07	-3.02	0
2017-4-19 3:4:1	0.00	0.00	1.05	4.15	-3.10	0
2017-4-19 3:4:6	0.00	0.00	1.05	4.07	-3.02	0
2017-4-19 3:4:11	0.00	0.00	1.05	4.06	-3.01	0
2017-4-19 3:4:16	0.00	0.00	1.05	4.14	-3.09	0
2017-4-19 3:4:21	0.00	0.00	1.05	4.05	-3.00	0
2017-4-19 3:4:26	0.00	0.00	1.05	4.07	-3.02	0
2017-4-19 3:4:31	0.00	0.00	1.05	4.15	-3.10	0
2017-4-19 3:4:36	0.00	0.00	1.05	4.05	-3.00	0
2017-4-19 3:4:41	0.00	0.00	1.05	4.17	-3.12	0
2017-4-19 3:4:46	0.00	0.00	1.05	4.16	-3.11	0
2017-4-19 3:4:51	0.00	0.00	1.05	4.17	-3.12	0
2017-4-19 3:4:56	0.00	0.00	1.05	4.17	-3.12	0
2017-4-19 3:5:1	0.00	0.00	1.05	4.17	-3.12	0
2017-4-19 3:5:6	0.00	0.00	1.05	4.11	-3.06	0
2017-4-19 3:5:11	0.00	0.00	1.05	4.13	-3.08	0
2017-4-19 3:5:16	0.00	0.00	1.05	4.07	-3.02	0
2017-4-19 3:5:21	0.00	0.00	1.05	4.15	-3.10	0
2017-4-19 3:5:26	0.00	0.00	1.05	4.07	-3.02	0
2017-4-19 3:5:31	0.00	0.00	1.05	4.06	-3.01	0
2017-4-19 3:5:36	0.00	0.00	1.05	4.12	-3.07	0
2017-4-19 3:5:41	0.00	0.00	1.05	4.13	-3.08	0
2017-4-19 3:5:46	0.00	0.00	1.05	4.11	-3.06	0
2017-4-19 3:5:51	0.00	0.00	1.05	4.12	-3.07	0
2017-4-19 3:5:56	0.00	0.00	1.05	4.12	-3.07	0
2017-4-19 3:6:1	0.00	0.00	1.05	4.13	-3.08	0
2017-4-19 3:6:6	0.00	0.00	1.05	4.13	-3.08	0
2017-4-19 3:6:11	0.00	0.00	1.05	4.10	-3.05	0
2017-4-19 3:6:16	0.00	0.00	1.05	4.14	-3.09	0
2017-4-19 3:6:21	0.00	0.00	1.05	4.13	-3.08	0
2017-4-19 3:6:26	0.00	0.00	1.05	4.12	-3.07	0
2017-4-19 3:6:31	0.00	0.00	1.05	4.15	-3.10	0
2017-4-19 3:6:36	0.00	0.00	1.05	4.08	-3.03	0
2017-4-19 3:6:41	0.00	0.00	1.05	4.07	-3.02	0
2017-4-19 3:6:46	0.00	0.00	1.05	4.18	-3.13	0
2017-4-19 3:6:51	0.00	0.00	1.05	4.06	-3.01	0
2017-4-19 3:6:56	0.00	0.00	1.05	4.05	-3.00	0
2017-4-19 3:7:1	0.00	0.00	1.05	4.13	-3.08	0
2017-4-19 3:7:6	0.00	0.00	1.05	4.07	-3.02	0
2017-4-19 3:7:11	0.00	0.00	1.05	4.16	-3.11	0
2017-4-19 3:7:16	0.00	0.00	1.05	4.10	-3.05	0
2017-4-19 3:7:21	0.00	0.00	1.05	4.08	-3.03	0
2017-4-19 3:7:26	0.00	0.00	1.05	4.17	-3.12	0
2017-4-19 3:7:31	0.00	0.00	1.05	4.09	-3.04	0
2017-4-19 3:7:36	0.00	0.00	1.05	4.14	-3.09	0
2017-4-19 3:7:41	0.00	0.00	1.05	4.14	-3.09	0
2017-4-19 3:7:46	0.00	0.00	1.05	4.11	-3.06	0
2017-4-19 3:7:51	0.00	0.00	1.05	4.14	-3.09	0
2017-4-19 3:7:56	0.00	0.00	1.05	4.05	-3.00	0
2017-4-19 3:8:1	0.00	0.00	1.05	4.07	-3.02	0
2017-4-19 3:8:6	0.00	0.00	1.05	4.16	-3.11	0
2017-4-19 3:8:11	0.00	0.00	1.05	4.07	-3.02	0
2017-4-19 3:8:16	0.00	0.00	1.05	4.07	-3.02	0
2017-4-19 3:8:21	0.00	0.00	1.05	4.11	-3.06	0
2017-4-19 3:8:26	0.00	0.00	1.05	4.10	-3.05	0
2017-4-19 3:8:31	0.00	0.00	1.05	4.15	-3.10	0
2017-4-19 3:8:36	0.00	0.00	1.05	4.07	-3.02	0
2017-4-19 3:8:41	0.00	0.00	1.05	4.15	-3.10	0
2017-4-19 3:8:46	0.00	0.00	1.05	4.16	-3.11	0
2017-4-19 3:8:51	0.00	0.00	1.05	4.09	-3.04	0
2017-4-19 3:8:56	0.00	0.00	1.05	4.18	-3.13	0
2017-4-19 3:9:1	0.00	0.00	1.05	4.18	-3.13	0
2017-4-19 3:9:6	0.00	0.00	1.05	4.09	-3.04	0
2017-4-19 3:9:11	0.00	0.00	1.05	4.16	-3.11	0
2017-4-19 3:9:16	0.00	0.00	1.05	4.08	-3.03	0
2017-4-19 3:9:21	0.00	0.00	1.05	4.08	-3.03	0
2017-4-19 3:9:26	0.00	0.00	1.05	4.06	-3.01	0
2017-4-19 3:9:31	0.00	0.00	1.05	4.06	-3.01	0
2017-4-19 3:9:36	0.00	0.00	1.05	4.07	-3.02	0
2017-4-19 3:9:41	0.00	0.00	1.05	4.16	-3.11	0
2017-4-19 3:9:46	0.00	0.00	1.05	4.16	-3.11	0
2017-4-19 3:9:51	0.00	0.00	1.05	4.11	-3.06	0
2017-4-19 3:9:56	0.00	0.00	1.05	4.14	-3.09	0
2017-4-19 3:10:1	0.00	0.00	1.05	4.11	-3.06	0
2017-4-19 3:10:6	0.00	0.00	1.05	4.11	-3.06	0
2017-4-19 3:10:11	0.00	0.00	1.05	4.13	-3.08	0
2017-4-19 3:10:16	0.00	0.00	1.05	4.11	-3.06	0
2017-4-19 3:10:21	0.00	0.00	1.05	4.12	-3.07	0
2017-4-19 3:10:26	0.00	0.00	1.05	4.10	-3.05	0
2017-4-19 3:10:31	0.00	0.00	1.05	4.13	-3.08	0
2017-4-19 3:10:36	0.00	0.00	1.05	4.08	-3.03	0
2017-4-19 3:10:41	0.00	0.00	1.05	4.11	-3.06	0
2017-4-19 3:10:46	0.00	0.00	1.05	4.12	-3.07	0
2017-4-19 3:10:51	0.00	0.00	1.05	4.13	-3.08	0
2017-4-19 3:10:56	0.00	0.00	1.05	4.12	-3.07	0
2017-4-19 3:11:1	0.00	0.00	1.05	4.13	-3.08	0
2017-4-19 3:11:6	0.00	0.00	1.05	4.13	-3.08	0
2017-4-19 3:11:11	0.00	0.00	1.05	4.12	-3.07	0
2017-4-19 3:11:16	0.00	0.00	1.05	4.10	-3.05	0
2017-4-19 3:11:21	0.00	0.00	1.05	4.17	-3.12	0
2017-4-19 3:11:26	0.00	0.00	1.05	4.09	-3.04	0
2017-4-19 3:11:31	0.00	0.00	1.05	4.17	-3.12	0
2017-4-19 3:11:36	0.00	0.00	1.05	4.09	-3.04	0
2017-4-19 3:11:41	0.00	0.00	1.05	4.15	-3.10	0
2017-4-19 3:11:46	0.00	0.00	1.05	4.15	-3.10	0
2017-4-19 3:11:51	0.00	0.00	1.05	4.15	-3.10	0
2017-4-19 3:11:56	0.00	0.00	1.05	4.13	-3.08	0
2017-4-19 3:12:1	0.00	0.00	1.05	4.13	-3.08	0
2017-4-19 3:12:6	0.00	0.00	1.05	4.12	-3.07	0
2017-4-19 3:12:11	0.00	0.00	1.05	4.12	-3.07	0
2017-4-19 3:12:16	0.00	0.00	1.05	4.13	-3.08	0
2017-4-19 3:12:21	0.00	0.00	1.05	4.11	-3.06	0
2017-4-19 3:12:26	0.00	0.00	1.05	4.13	-3.08	0
2017-4-19 3:12:31	0.00	0.00	1.05	4.11	-3.06	0
2017-4-19 3:12:36	0.00	0.00	1.05	4.11	-3.06	0
2017-4-19 3:12:41	0.00	0.00	1.05	4.10	-3.05	0
2017-4-19 3:12:46	0.00	0.00	1.05	4.15	-3.10	0
2017-4-19 3:12:51	0.00	0.00	1.05	4.12	-3.07	0
2017-4-19 3:12:56	0.00	0.00	1.05	4.09	-3.04	0
2017-4-19 3:13:1	0.00	0.00	1.05	4.09	-3.04	0
2017-4-19 3:13:6	0.00	0.00	1.05	4.10	-3.05	0
2017-4-19 3:13:11	0.00	0.00	1.05	4.18	-3.13	0
2017-4-19 3:13:16	0.00	0.00	1.05	4.11	-3.06	0
2017-4-19 3:13:21	0.00	0.00	1.05	4.10	-3.05	0
2017-4-19 3:13:26	0.00	0.00	1.05	4.16	-3.11	0
2017-4-19 3:13:31	0.00	0.00	1.05	4.15	-3.10	0
2017-4-19 3:13:36	0.00	0.00	1.05	4.14	-3.09	0
2017-4-19 3:13:42	0.00	0.00	1.05	4.13	-3.08	0
2017-4-19 3:13:47	0.00	0.00	1.05	4.09	-3.04	0
2017-4-19 3:13:52	0.00	0.00	1.05	4.03	-2.98	0
2017-4-19 3:13:57	0.00	0.00	1.05	4.13	-3.08	0
2017-4-19 3:14:2	0.00	0.00	1.05	4.11	-3.06	0
2017-4-19 3:14:7	0.00	0.00	1.05	4.12	-3.07	0
2017-4-19 3:14:12	0.00	0.00	1.05	4.12	-3.07	0
2017-4-19 3:14:17	0.00	0.00	1.05	4.13	-3.08	0
2017-4-19 3:14:22	0.00	0.00	1.05	4.11	-3.06	0
2017-4-19 3:14:27	0.00	0.00	1.05	4.11	-3.06	0
2017-4-19 3:14:32	0.00	0.00	1.05	4.13	-3.08	0
2017-4-19 3:14:37	0.00	0.00	1.05	4.11	-3.06	0
2017-4-19 3:14:42	0.00	0.00	1.05	4.11	-3.06	0
2017-4-19 3:14:47	0.00	0.00	1.05	4.12	-3.07	0
2017-4-19 3:14:52	0.00	0.00	1.05	4.09	-3.04	0
2017-4-19 3:14:57	0.00	0.00	1.05	4.13	-3.08	0
2017-4-19 3:15:2	0.00	0.00	1.05	4.13	-3.08	0
2017-4-19 3:15:7	0.00	0.00	1.05	4.13	-3.08	0
2017-4-19 3:15:12	0.00	0.00	1.05	4.13	-3.08	0
2017-4-19 3:15:17	0.00	0.00	1.05	4.11	-3.06	0
2017-4-19 3:15:22	0.00	0.00	1.05	4.11	-3.06	0
2017-4-19 3:15:27	0.00	0.00	1.05	4.13	-3.08	0
2017-4-19 3:15:32	0.00	0.00	1.05	4.08	-3.03	0
2017-4-19 3:15:37	0.00	0.00	1.05	4.11	-3.06	0
2017-4-19 3:15:42	0.00	0.00	1.05	4.12	-3.07	0
2017-4-19 3:15:47	0.00	0.00	1.05	4.12	-3.07	0
2017-4-19 3:15:52	0.00	0.00	1.05	4.07	-3.02	0
2017-4-19 3:15:57	0.00	0.00	1.05	4.15	-3.10	0
2017-4-19 3:16:2	0.00	0.00	1.05	4.15	-3.10	0
2017-4-19 3:16:7	0.00	0.00	1.05	4.11	-3.06	0
2017-4-19 3:16:12	0.00	0.00	1.05	4.16	-3.11	0
2017-4-19 3:16:17	0.00	0.00	1.05	4.14	-3.09	0
2017-4-19 3:16:22	0.00	0.00	1.05	4.07	-3.02	0
2017-4-19 3:16:27	0.00	0.00	1.05	4.07	-3.02	0
2017-4-19 3:16:32	0.00	0.00	1.05	4.05	-3.00	0
2017-4-19 3:16:37	0.00	0.00	1.05	4.05	-3.00	0
2017-4-19 3:16:42	0.00	0.00	1.05	4.17	-3.12	0
2017-4-19 3:16:47	0.00	0.00	1.05	4.15	-3.10	0
2017-4-19 3:16:52	0.00	0.00	1.05	4.06	-3.01	0
2017-4-19 3:16:57	0.00	0.00	1.05	4.17	-3.12	0
2017-4-19 3:17:2	0.00	0.00	1.05	4.17	-3.12	0
2017-4-19 3:17:7	0.00	0.00	1.05	4.08	-3.03	0
2017-4-19 3:17:12	0.00	0.00	1.05	4.09	-3.04	0
2017-4-19 3:17:17	0.00	0.00	1.05	4.16	-3.11	0
2017-4-19 3:17:22	0.00	0.00	1.05	4.17	-3.12	0
2017-4-19 3:17:27	0.00	0.00	1.05	4.09	-3.04	0
2017-4-19 3:17:32	0.00	0.00	1.05	4.17	-3.12	0
2017-4-19 3:17:37	0.00	0.00	1.05	4.09	-3.04	0
2017-4-19 3:17:42	0.00	0.00	1.05	4.17	-3.12	0
2017-4-19 3:17:47	0.00	0.00	1.05	4.10	-3.05	0
2017-4-19 3:17:52	0.00	0.00	1.05	4.18	-3.13	0
2017-4-19 3:17:57	0.00	0.00	1.05	4.17	-3.12	0
2017-4-19 3:18:2	0.00	0.00	1.05	4.17	-3.12	0
2017-4-19 3:18:7	0.00	0.00	1.05	4.17	-3.12	0
2017-4-19 3:18:12	0.00	0.00	1.05	4.16	-3.11	0
2017-4-19 3:18:17	0.00	0.00	1.05	4.07	-3.02	0
2017-4-19 3:18:22	0.00	0.00	1.05	4.11	-3.06	0
2017-4-19 3:18:27	0.00	0.00	1.05	4.11	-3.06	0
2017-4-19 3:18:32	0.00	0.00	1.05	4.15	-3.10	0
2017-4-19 3:18:37	0.00	0.00	1.05	4.05	-3.00	0
2017-4-19 3:18:42	0.00	0.00	1.05	4.06	-3.01	0
2017-4-19 3:18:47	0.00	0.00	1.05	4.15	-3.10	0
2017-4-19 3:18:52	0.00	0.00	1.05	4.06	-3.01	0
2017-4-19 3:18:57	0.00	0.00	1.05	4.16	-3.11	0
2017-4-19 3:19:2	0.00	0.00	1.05	4.15	-3.10	0
2017-4-19 3:19:7	0.00	0.00	1.05	4.07	-3.02	0
2017-4-19 3:19:12	0.00	0.00	1.05	4.17	-3.12	0
2017-4-19 3:19:17	0.00	0.00	1.05	4.17	-3.12	0
2017-4-19 3:19:22	0.00	0.00	1.05	4.16	-3.11	0
2017-4-19 3:19:27	0.00	0.00	1.05	4.13	-3.08	0
2017-4-19 3:19:32	0.00	0.00	1.05	4.09	-3.04	0
2017-4-19 3:19:37	0.00	0.00	1.05	4.12	-3.07	0
2017-4-19 3:19:42	0.00	0.00	1.05	4.13	-3.08	0
2017-4-19 3:19:47	0.00	0.00	1.05	4.16	-3.11	0
2017-4-19 3:19:52	0.00	0.00	1.05	4.13	-3.08	0
2017-4-19 3:19:57	0.00	0.00	1.05	4.26	-3.21	0
2017-4-19 3:20:2	0.00	0.00	1.05	4.15	-3.10	0
2017-4-19 3:20:7	0.00	0.00	1.05	4.11	-3.06	0
2017-4-19 3:20:12	0.00	0.00	1.05	4.13	-3.08	0
2017-4-19 3:20:17	0.00	0.00	1.05	4.08	-3.03	0
2017-4-19 3:20:22	0.00	0.00	1.05	4.08	-3.03	0
2017-4-19 3:20:27	0.00	0.00	1.05	4.10	-3.05	0
2017-4-19 3:20:32	0.00	0.00	1.05	4.11	-3.06	0
2017-4-19 3:20:37	0.00	0.00	1.05	4.10	-3.05	0
2017-4-19 3:20:42	0.00	0.00	1.05	4.17	-3.12	0
2017-4-19 3:20:47	0.00	0.00	1.05	4.17	-3.12	0
2017-4-19 3:20:52	0.00	0.00	1.05	4.13	-3.08	0
2017-4-19 3:20:57	0.00	0.00	1.05	4.15	-3.10	0
2017-4-19 3:21:2	0.00	0.00	1.05	4.15	-3.10	0
2017-4-19 3:21:7	0.00	0.00	1.05	4.17	-3.12	0
2017-4-19 3:21:12	0.00	0.00	1.05	4.13	-3.08	0
2017-4-19 3:21:17	0.00	0.00	1.05	4.16	-3.11	0
2017-4-19 3:21:22	0.00	0.00	1.05	4.18	-3.13	0
2017-4-19 3:21:27	0.00	0.00	1.05	4.18	-3.13	0
2017-4-19 3:21:32	0.00	0.00	1.05	4.14	-3.09	0
2017-4-19 3:21:37	0.00	0.00	1.05	4.06	-3.01	0
2017-4-19 3:21:42	0.00	0.00	1.05	4.07	-3.02	0
2017-4-19 3:21:47	0.00	0.00	1.05	4.15	-3.10	0
2017-4-19 3:21:52	0.00	0.00	1.05	4.06	-3.01	0
2017-4-19 3:21:57	0.00	0.00	1.05	4.07	-3.02	0
2017-4-19 3:22:2	0.00	0.00	1.05	4.09	-3.04	0
2017-4-19 3:22:7	0.00	0.00	1.05	4.07	-3.02	0
2017-4-19 3:22:12	0.00	0.00	1.05	4.11	-3.06	0
2017-4-19 3:22:17	0.00	0.00	1.05	4.12	-3.07	0
2017-4-19 3:22:22	0.00	0.00	1.05	4.08	-3.03	0
2017-4-19 3:22:27	0.00	0.00	1.05	4.13	-3.08	0
2017-4-19 3:22:32	0.00	0.00	1.05	4.15	-3.10	0
2017-4-19 3:22:37	0.00	0.00	1.05	4.07	-3.02	0
2017-4-19 3:22:42	0.00	0.00	1.05	4.15	-3.10	0
2017-4-19 3:22:47	0.00	0.00	1.05	4.06	-3.01	0
2017-4-19 3:22:52	0.00	0.00	1.05	4.07	-3.02	0
2017-4-19 3:22:57	0.00	0.00	1.05	4.13	-3.08	0
2017-4-19 3:23:2	0.00	0.00	1.05	4.12	-3.07	0
2017-4-19 3:23:7	0.00	0.00	1.05	4.12	-3.07	0
2017-4-19 3:23:12	0.00	0.00	1.05	4.13	-3.08	0
2017-4-19 3:23:17	0.00	0.00	1.05	4.11	-3.06	0
2017-4-19 3:23:22	0.00	0.00	1.05	4.13	-3.08	0
2017-4-19 3:23:27	0.00	0.00	1.05	4.10	-3.05	0
2017-4-19 3:23:32	0.00	0.00	1.05	4.09	-3.04	0
2017-4-19 3:23:37	0.00	0.00	1.05	4.16	-3.11	0
2017-4-19 3:23:42	0.00	0.00	1.05	4.19	-3.14	0
2017-4-19 3:23:47	0.00	0.00	1.05	4.09	-3.04	0
2017-4-19 3:23:52	0.00	0.00	1.05	4.09	-3.04	0
2017-4-19 3:23:57	0.00	0.00	1.05	4.17	-3.12	0
2017-4-19 3:24:2	0.00	0.00	1.05	4.08	-3.03	0
2017-4-19 3:24:7	0.00	0.00	1.05	4.07	-3.02	0
2017-4-19 3:24:12	0.00	0.00	1.05	4.18	-3.13	0
2017-4-19 3:24:17	0.00	0.00	1.05	4.08	-3.03	0
2017-4-19 3:24:22	0.00	0.00	1.05	4.19	-3.14	0
2017-4-19 3:24:27	0.00	0.00	1.05	4.16	-3.11	0
2017-4-19 3:24:33	0.00	0.00	1.05	4.18	-3.13	0
2017-4-19 3:24:38	0.00	0.00	1.05	4.17	-3.12	0
2017-4-19 3:24:43	0.00	0.00	1.05	4.19	-3.14	0
2017-4-19 3:24:48	0.00	0.00	1.05	4.09	-3.04	0
2017-4-19 3:24:53	0.00	0.00	1.05	4.09	-3.04	0
2017-4-19 3:24:58	0.00	0.00	1.05	4.12	-3.07	0
2017-4-19 3:25:3	0.00	0.00	1.05	4.18	-3.13	0
2017-4-19 3:25:8	0.00	0.00	1.05	4.17	-3.12	0
2017-4-19 3:25:13	0.00	0.00	1.05	4.16	-3.11	0
2017-4-19 3:25:18	0.00	0.00	1.05	4.09	-3.04	0
2017-4-19 3:25:23	0.00	0.00	1.05	4.11	-3.06	0
2017-4-19 3:25:28	0.00	0.00	1.05	4.17	-3.12	0
2017-4-19 3:25:33	0.00	0.00	1.05	4.17	-3.12	0
2017-4-19 3:25:38	0.00	0.00	1.05	4.17	-3.12	0
2017-4-19 3:25:43	0.00	0.00	1.05	4.16	-3.11	0
2017-4-19 3:25:48	0.00	0.00	1.05	4.15	-3.10	0
2017-4-19 3:25:53	0.00	0.00	1.05	4.11	-3.06	0
2017-4-19 3:25:58	0.00	0.00	1.05	4.11	-3.06	0
2017-4-19 3:26:3	0.00	0.00	1.05	4.12	-3.07	0
2017-4-19 3:26:8	0.00	0.00	1.05	4.12	-3.07	0
2017-4-19 3:26:13	0.00	0.00	1.05	4.12	-3.07	0
2017-4-19 3:26:18	0.00	0.00	1.05	4.09	-3.04	0
2017-4-19 3:26:23	0.00	0.00	1.05	4.09	-3.04	0
2017-4-19 3:26:28	0.00	0.00	1.05	4.13	-3.08	0
2017-4-19 3:26:33	0.00	0.00	1.05	4.11	-3.06	0
2017-4-19 3:26:38	0.00	0.00	1.05	4.13	-3.08	0
2017-4-19 3:26:43	0.00	0.00	1.05	4.14	-3.09	0
2017-4-19 3:26:48	0.00	0.00	1.05	4.08	-3.03	0
2017-4-19 3:26:53	0.00	0.00	1.05	4.19	-3.14	0
2017-4-19 3:26:58	0.00	0.00	1.05	4.18	-3.13	0
2017-4-19 3:27:3	0.00	0.00	1.05	4.09	-3.04	0
2017-4-19 3:27:8	0.00	0.00	1.05	4.19	-3.14	0
2017-4-19 3:27:13	0.00	0.00	1.05	4.10	-3.05	0
2017-4-19 3:27:18	0.00	0.00	1.05	4.09	-3.04	0
2017-4-19 3:27:23	0.00	0.00	1.05	4.10	-3.05	0
2017-4-19 3:27:28	0.00	0.00	1.05	4.11	-3.06	0
2017-4-19 3:27:33	0.00	0.00	1.05	4.15	-3.10	0
2017-4-19 3:27:38	0.00	0.00	1.05	4.12	-3.07	0
2017-4-19 3:27:43	0.00	0.00	1.05	4.18	-3.13	0
2017-4-19 3:27:48	0.00	0.00	1.05	4.15	-3.10	0
2017-4-19 3:27:53	0.00	0.00	1.05	4.12	-3.07	0
2017-4-19 3:27:58	0.00	0.00	1.05	4.14	-3.09	0
2017-4-19 3:28:3	0.00	0.00	1.05	4.10	-3.05	0
2017-4-19 3:28:8	0.00	0.00	1.05	4.13	-3.08	0
2017-4-19 3:28:13	0.00	0.00	1.05	4.11	-3.06	0
2017-4-19 3:28:18	0.00	0.00	1.05	4.12	-3.07	0
2017-4-19 3:28:23	0.00	0.00	1.05	4.13	-3.08	0
2017-4-19 3:28:28	0.00	0.00	1.05	4.11	-3.06	0
2017-4-19 3:28:33	0.00	0.00	1.05	4.13	-3.08	0
2017-4-19 3:28:38	0.00	0.00	1.05	4.13	-3.08	0
2017-4-19 3:28:43	0.00	0.00	1.05	4.11	-3.06	0
2017-4-19 3:28:48	0.00	0.00	1.05	4.12	-3.07	0
2017-4-19 3:28:53	0.00	0.00	1.05	4.20	-3.15	0
2017-4-19 3:28:58	0.00	0.00	1.05	4.13	-3.08	0
2017-4-19 3:29:3	0.00	0.00	1.05	4.10	-3.05	0
2017-4-19 3:29:8	0.00	0.00	1.05	4.11	-3.06	0
2017-4-19 3:29:13	0.00	0.00	1.05	4.13	-3.08	0
2017-4-19 3:29:18	0.00	0.00	1.05	4.16	-3.11	0
2017-4-19 3:29:23	0.00	0.00	1.05	4.14	-3.09	0
2017-4-19 3:29:28	0.00	0.00	1.05	4.11	-3.06	0
2017-4-19 3:29:33	0.00	0.00	1.05	4.11	-3.06	0
2017-4-19 3:29:38	0.00	0.00	1.05	4.08	-3.03	0
2017-4-19 3:29:43	0.00	0.00	1.05	4.08	-3.03	0
2017-4-19 3:29:48	0.00	0.00	1.05	4.09	-3.04	0
2017-4-19 3:29:53	0.00	0.00	1.05	4.09	-3.04	0
2017-4-19 3:29:58	0.00	0.00	1.05	4.09	-3.04	0
2017-4-19 3:30:3	0.00	0.00	1.05	4.09	-3.04	0
2017-4-19 3:30:8	0.00	0.00	1.05	4.15	-3.10	0
2017-4-19 3:30:13	0.00	0.00	1.05	4.09	-3.04	0
2017-4-19 3:30:18	0.00	0.00	1.05	4.10	-3.05	0
2017-4-19 3:30:23	0.00	0.00	1.05	4.09	-3.04	0
2017-4-19 3:30:28	0.00	0.00	1.05	4.08	-3.03	0
2017-4-19 3:30:33	0.00	0.00	1.05	4.16	-3.11	0
2017-4-19 3:30:38	0.00	0.00	1.05	4.11	-3.06	0
2017-4-19 3:30:43	0.00	0.00	1.05	4.12	-3.07	0
2017-4-19 3:30:48	0.00	0.00	1.05	4.13	-3.08	0
2017-4-19 3:30:53	0.00	0.00	1.05	4.12	-3.07	0
2017-4-19 3:30:58	0.00	0.00	1.05	4.12	-3.07	0
2017-4-19 3:31:3	0.00	0.00	1.05	4.12	-3.07	0
2017-4-19 3:31:8	0.00	0.00	1.05	4.09	-3.04	0
2017-4-19 3:31:13	0.00	0.00	1.05	4.14	-3.09	0
2017-4-19 3:31:18	0.00	0.00	1.05	4.09	-3.04	0
2017-4-19 3:31:23	0.00	0.00	1.05	4.07	-3.02	0
2017-4-19 3:31:28	0.00	0.00	1.05	4.14	-3.09	0
2017-4-19 3:31:33	0.00	0.00	1.05	4.07	-3.02	0
2017-4-19 3:31:38	0.00	0.00	1.05	4.01	-2.96	0
2017-4-19 3:31:43	0.00	0.00	1.05	4.15	-3.10	0
2017-4-19 3:31:48	0.00	0.00	1.05	4.06	-3.01	0
2017-4-19 3:31:53	0.00	0.00	1.05	4.13	-3.08	0
2017-4-19 3:31:58	0.00	0.00	1.05	4.14	-3.09	0
2017-4-19 3:32:3	0.00	0.00	1.05	4.15	-3.10	0
2017-4-19 3:32:8	0.00	0.00	1.05	4.14	-3.09	0
2017-4-19 3:32:13	0.00	0.00	1.05	4.11	-3.06	0
2017-4-19 3:32:18	0.00	0.00	1.05	4.13	-3.08	0
2017-4-19 3:32:23	0.00	0.00	1.05	4.13	-3.08	0
2017-4-19 3:32:28	0.00	0.00	1.05	4.10	-3.05	0
2017-4-19 3:32:33	0.00	0.00	1.05	4.16	-3.11	0
2017-4-19 3:32:38	0.00	0.00	1.05	4.15	-3.10	0
2017-4-19 3:32:43	0.00	0.00	1.05	4.09	-3.04	0
2017-4-19 3:32:48	0.00	0.00	1.05	4.15	-3.10	0
2017-4-19 3:32:53	0.00	0.00	1.05	4.13	-3.08	0
2017-4-19 3:32:58	0.00	0.00	1.05	4.13	-3.08	0
2017-4-19 3:33:3	0.00	0.00	1.05	4.13	-3.08	0
2017-4-19 3:33:8	0.00	0.00	1.05	4.11	-3.06	0
2017-4-19 3:33:13	0.00	0.00	1.05	4.13	-3.08	0
2017-4-19 3:33:18	0.00	0.00	1.05	4.11	-3.06	0
2017-4-19 3:33:23	0.00	0.00	1.05	4.12	-3.07	0
2017-4-19 3:33:28	0.00	0.00	1.05	4.11	-3.06	0
2017-4-19 3:33:33	0.00	0.00	1.05	4.10	-3.05	0
2017-4-19 3:33:38	0.00	0.00	1.05	4.12	-3.07	0
2017-4-19 3:33:43	0.00	0.00	1.05	4.12	-3.07	0
2017-4-19 3:33:48	0.00	0.00	1.05	4.15	-3.10	0
2017-4-19 3:33:53	0.00	0.00	1.05	4.13	-3.08	0
2017-4-19 3:33:58	0.00	0.00	1.05	4.11	-3.06	0
2017-4-19 3:34:3	0.00	0.00	1.05	4.15	-3.10	0
2017-4-19 3:34:8	0.00	0.00	1.05	4.17	-3.12	0
2017-4-19 3:34:13	0.00	0.00	1.05	4.07	-3.02	0
2017-4-19 3:34:18	0.00	0.00	1.05	4.09	-3.04	0
2017-4-19 3:34:23	0.00	0.00	1.05	4.23	-3.18	0
2017-4-19 3:34:28	0.00	0.00	1.05	4.11	-3.06	0
2017-4-19 3:34:33	0.00	0.00	1.05	4.09	-3.04	0
2017-4-19 3:34:38	0.00	0.00	1.05	4.17	-3.12	0
2017-4-19 3:34:43	0.00	0.00	1.05	4.10	-3.05	0
2017-4-19 3:34:48	0.00	0.00	1.05	4.13	-3.08	0
2017-4-19 3:34:53	0.00	0.00	1.05	4.11	-3.06	0
2017-4-19 3:34:58	0.00	0.00	1.05	4.11	-3.06	0
2017-4-19 3:35:3	0.00	0.00	1.05	4.12	-3.07	0
2017-4-19 3:35:8	0.00	0.00	1.05	4.11	-3.06	0
2017-4-19 3:35:13	0.00	0.00	1.05	4.11	-3.06	0
2017-4-19 3:35:19	0.00	0.00	1.05	4.11	-3.06	0
2017-4-19 3:35:24	0.00	0.00	1.05	4.13	-3.08	0
2017-4-19 3:35:29	0.00	0.00	1.05	4.12	-3.07	0
2017-4-19 3:35:34	0.00	0.00	1.05	4.09	-3.04	0
2017-4-19 3:35:39	0.00	0.00	1.05	4.09	-3.04	0
2017-4-19 3:35:44	0.00	0.00	1.05	4.10	-3.05	0
2017-4-19 3:35:49	0.00	0.00	1.05	4.13	-3.08	0
2017-4-19 3:35:54	0.00	0.00	1.05	4.15	-3.10	0
2017-4-19 3:35:59	0.00	0.00	1.05	4.07	-3.02	0
2017-4-19 3:36:4	0.00	0.00	1.05	4.07	-3.02	0
2017-4-19 3:36:9	0.00	0.00	1.05	4.16	-3.11	0
2017-4-19 3:36:14	0.00	0.00	1.05	4.17	-3.12	0
2017-4-19 3:36:19	0.00	0.00	1.05	4.17	-3.12	0
2017-4-19 3:36:24	0.00	0.00	1.05	4.09	-3.04	0
2017-4-19 3:36:29	0.00	0.00	1.05	4.18	-3.13	0
2017-4-19 3:36:34	0.00	0.00	1.05	4.08	-3.03	0
2017-4-19 3:36:39	0.00	0.00	1.05	4.09	-3.04	0
2017-4-19 3:36:44	0.00	0.00	1.05	4.11	-3.06	0
2017-4-19 3:36:49	0.00	0.00	1.05	4.10	-3.05	0
2017-4-19 3:36:54	0.00	0.00	1.05	4.18	-3.13	0
2017-4-19 3:36:59	0.00	0.00	1.05	4.18	-3.13	0
2017-4-19 3:37:4	0.00	0.00	1.05	4.09	-3.04	0
2017-4-19 3:37:9	0.00	0.00	1.05	4.17	-3.12	0
2017-4-19 3:37:14	0.00	0.00	1.05	4.18	-3.13	0
2017-4-19 3:37:19	0.00	0.00	1.05	4.11	-3.06	0
2017-4-19 3:37:24	0.00	0.00	1.05	4.16	-3.11	0
2017-4-19 3:37:29	0.00	0.00	1.05	4.07	-3.02	0
2017-4-19 3:37:34	0.00	0.00	1.05	4.07	-3.02	0
2017-4-19 3:37:39	0.00	0.00	1.05	4.07	-3.02	0
2017-4-19 3:37:44	0.00	0.00	1.05	4.08	-3.03	0
2017-4-19 3:37:49	0.00	0.00	1.05	4.03	-2.98	0
2017-4-19 3:37:54	0.00	0.00	1.05	4.17	-3.12	0
2017-4-19 3:37:59	0.00	0.00	1.05	4.09	-3.04	0
2017-4-19 3:38:4	0.00	0.00	1.05	4.17	-3.12	0
2017-4-19 3:38:9	0.00	0.00	1.05	4.16	-3.11	0
2017-4-19 3:38:14	0.00	0.00	1.05	4.12	-3.07	0
2017-4-19 3:38:19	0.00	0.00	1.05	4.12	-3.07	0
2017-4-19 3:38:24	0.00	0.00	1.05	4.10	-3.05	0
2017-4-19 3:38:29	0.00	0.00	1.05	4.11	-3.06	0
2017-4-19 3:38:34	0.00	0.00	1.05	4.16	-3.11	0
2017-4-19 3:38:39	0.00	0.00	1.05	4.07	-3.02	0
2017-4-19 3:38:44	0.00	0.00	1.05	4.08	-3.03	0
2017-4-19 3:38:49	0.00	0.00	1.05	4.16	-3.11	0
2017-4-19 3:38:54	0.00	0.00	1.05	4.08	-3.03	0
2017-4-19 3:38:59	0.00	0.00	1.05	4.18	-3.13	0
2017-4-19 3:39:4	0.00	0.00	1.05	4.17	-3.12	0
2017-4-19 3:39:9	0.00	0.00	1.05	4.08	-3.03	0
2017-4-19 3:39:14	0.00	0.00	1.05	4.13	-3.08	0
2017-4-19 3:39:19	0.00	0.00	1.05	4.07	-3.02	0
2017-4-19 3:39:24	0.00	0.00	1.05	4.15	-3.10	0
2017-4-19 3:39:29	0.00	0.00	1.05	4.05	-3.00	0
2017-4-19 3:39:34	0.00	0.00	1.05	4.13	-3.08	0
2017-4-19 3:39:39	0.00	0.00	1.05	4.14	-3.09	0
2017-4-19 3:39:44	0.00	0.00	1.05	4.06	-3.01	0
2017-4-19 3:39:49	0.00	0.00	1.05	4.15	-3.10	0
2017-4-19 3:39:54	0.00	0.00	1.05	4.13	-3.08	0
2017-4-19 3:39:59	0.00	0.00	1.05	4.10	-3.05	0
2017-4-19 3:40:4	0.00	0.00	1.05	4.11	-3.06	0
2017-4-19 3:40:9	0.00	0.00	1.05	4.13	-3.08	0
2017-4-19 3:40:14	0.00	0.00	1.05	4.11	-3.06	0
2017-4-19 3:40:19	0.00	0.00	1.05	4.15	-3.10	0
2017-4-19 3:40:24	0.00	0.00	1.05	4.14	-3.09	0
2017-4-19 3:40:29	0.00	0.00	1.05	4.11	-3.06	0
2017-4-19 3:40:34	0.00	0.00	1.05	4.12	-3.07	0
2017-4-19 3:40:39	0.00	0.00	1.05	4.13	-3.08	0
2017-4-19 3:40:44	0.00	0.00	1.05	4.13	-3.08	0
2017-4-19 3:40:49	0.00	0.00	1.05	4.11	-3.06	0
2017-4-19 3:40:54	0.00	0.00	1.05	4.13	-3.08	0
2017-4-19 3:40:59	0.00	0.00	1.05	4.07	-3.02	0
2017-4-19 3:41:4	0.00	0.00	1.05	4.14	-3.09	0
2017-4-19 3:41:9	0.00	0.00	1.05	4.11	-3.06	0
2017-4-19 3:41:14	0.00	0.00	1.05	4.15	-3.10	0
2017-4-19 3:41:19	0.00	0.00	1.05	4.16	-3.11	0
2017-4-19 3:41:24	0.00	0.00	1.05	4.11	-3.06	0
2017-4-19 3:41:29	0.00	0.00	1.05	4.13	-3.08	0
2017-4-19 3:41:34	0.00	0.00	1.05	4.13	-3.08	0
2017-4-19 3:41:39	0.00	0.00	1.05	4.09	-3.04	0
2017-4-19 3:41:44	0.00	0.00	1.05	4.14	-3.09	0
2017-4-19 3:41:49	0.00	0.00	1.05	4.15	-3.10	0
2017-4-19 3:41:54	0.00	0.00	1.05	4.07	-3.02	0
2017-4-19 3:41:59	0.00	0.00	1.05	4.07	-3.02	0
2017-4-19 3:42:4	0.00	0.00	1.05	4.15	-3.10	0
2017-4-19 3:42:9	0.00	0.00	1.05	4.16	-3.11	0
2017-4-19 3:42:14	0.00	0.00	1.05	4.07	-3.02	0
2017-4-19 3:42:19	0.00	0.00	1.05	4.09	-3.04	0
2017-4-19 3:42:24	0.00	0.00	1.05	4.18	-3.13	0
2017-4-19 3:42:29	0.00	0.00	1.05	4.18	-3.13	0
2017-4-19 3:42:34	0.00	0.00	1.05	4.08	-3.03	0
2017-4-19 3:42:39	0.00	0.00	1.05	4.11	-3.06	0
2017-4-19 3:42:44	0.00	0.00	1.05	4.13	-3.08	0
2017-4-19 3:42:49	0.00	0.00	1.05	4.07	-3.02	0
2017-4-19 3:42:54	0.00	0.00	1.05	4.10	-3.05	0
2017-4-19 3:42:59	0.00	0.00	1.05	4.13	-3.08	0
2017-4-19 3:43:4	0.00	0.00	1.05	4.11	-3.06	0
2017-4-19 3:43:9	0.00	0.00	1.05	4.12	-3.07	0
2017-4-19 3:43:14	0.00	0.00	1.05	4.11	-3.06	0
2017-4-19 3:43:19	0.00	0.00	1.05	4.10	-3.05	0
2017-4-19 3:43:24	0.00	0.00	1.05	4.16	-3.11	0
2017-4-19 3:43:29	0.00	0.00	1.05	4.11	-3.06	0
2017-4-19 3:43:34	0.00	0.00	1.05	4.14	-3.09	0
2017-4-19 3:43:39	0.00	0.00	1.05	4.13	-3.08	0
2017-4-19 3:43:44	0.00	0.00	1.05	4.09	-3.04	0
2017-4-19 3:43:49	0.00	0.00	1.05	4.13	-3.08	0
2017-4-19 3:43:54	0.00	0.00	1.05	4.20	-3.15	0
2017-4-19 3:43:59	0.00	0.00	1.05	4.13	-3.08	0
2017-4-19 3:44:4	0.00	0.00	1.05	4.12	-3.07	0
2017-4-19 3:44:9	0.00	0.00	1.05	4.11	-3.06	0
2017-4-19 3:44:14	0.00	0.00	1.05	4.13	-3.08	0
2017-4-19 3:44:19	0.00	0.00	1.05	4.11	-3.06	0
2017-4-19 3:44:24	0.00	0.00	1.05	4.12	-3.07	0
2017-4-19 3:44:29	0.00	0.00	1.05	4.15	-3.10	0
2017-4-19 3:44:34	0.00	0.00	1.05	4.09	-3.04	0
2017-4-19 3:44:39	0.00	0.00	1.05	4.07	-3.02	0
2017-4-19 3:44:44	0.00	0.00	1.05	4.10	-3.05	0
2017-4-19 3:44:49	0.00	0.00	1.05	4.14	-3.09	0
2017-4-19 3:44:54	0.00	0.00	1.05	4.12	-3.07	0
2017-4-19 3:44:59	0.00	0.00	1.05	4.11	-3.06	0
2017-4-19 3:45:4	0.00	0.00	1.05	4.17	-3.12	0
2017-4-19 3:45:9	0.00	0.00	1.05	4.09	-3.04	0
2017-4-19 3:45:14	0.00	0.00	1.05	4.09	-3.04	0
2017-4-19 3:45:19	0.00	0.00	1.05	4.18	-3.13	0
2017-4-19 3:45:24	0.00	0.00	1.05	4.09	-3.04	0
2017-4-19 3:45:29	0.00	0.00	1.05	4.08	-3.03	0
2017-4-19 3:45:34	0.00	0.00	1.05	4.11	-3.06	0
2017-4-19 3:45:39	0.00	0.00	1.05	4.09	-3.04	0
2017-4-19 3:45:44	0.00	0.00	1.05	4.09	-3.04	0
2017-4-19 3:45:49	0.00	0.00	1.05	4.11	-3.06	0
2017-4-19 3:45:54	0.00	0.00	1.05	4.17	-3.12	0
2017-4-19 3:45:59	0.00	0.00	1.05	4.17	-3.12	0
2017-4-19 3:46:4	0.00	0.00	1.05	4.17	-3.12	0
2017-4-19 3:46:9	0.00	0.00	1.05	4.12	-3.07	0
2017-4-19 3:46:14	0.00	0.00	1.05	4.17	-3.12	0
2017-4-19 3:46:19	0.00	0.00	1.05	4.17	-3.12	0
2017-4-19 3:46:24	0.00	0.00	1.05	4.15	-3.10	0
2017-4-19 3:46:29	0.00	0.00	1.05	4.06	-3.01	0
2017-4-19 3:46:34	0.00	0.00	1.05	4.06	-3.01	0
2017-4-19 3:46:39	0.00	0.00	1.05	4.06	-3.01	0
2017-4-19 3:46:44	0.00	0.00	1.05	4.15	-3.10	0
2017-4-19 3:46:49	0.00	0.00	1.05	4.07	-3.02	0
2017-4-19 3:46:55	0.00	0.00	1.05	4.07	-3.02	0
2017-4-19 3:47:0	0.00	0.00	1.05	4.15	-3.10	0
2017-4-19 3:47:5	0.00	0.00	1.05	4.04	-2.99	0
2017-4-19 3:47:10	0.00	0.00	1.05	4.07	-3.02	0
2017-4-19 3:47:15	0.00	0.00	1.05	4.07	-3.02	0
2017-4-19 3:47:20	0.00	0.00	1.05	4.09	-3.04	0
2017-4-19 3:47:25	0.00	0.00	1.05	4.14	-3.09	0
2017-4-19 3:47:30	0.00	0.00	1.05	4.13	-3.08	0
2017-4-19 3:47:35	0.00	0.00	1.05	4.07	-3.02	0
2017-4-19 3:47:40	0.00	0.00	1.05	4.17	-3.12	0
2017-4-19 3:47:45	0.00	0.00	1.05	4.25	-3.20	0
2017-4-19 3:47:50	0.00	0.00	1.05	4.08	-3.03	0
2017-4-19 3:47:55	0.00	0.00	1.05	4.07	-3.02	0
2017-4-19 3:48:0	0.00	0.00	1.05	4.08	-3.03	0
2017-4-19 3:48:5	0.00	0.00	1.05	4.07	-3.02	0
2017-4-19 3:48:10	0.00	0.00	1.05	4.07	-3.02	0
2017-4-19 3:48:15	0.00	0.00	1.05	4.17	-3.12	0
2017-4-19 3:48:20	0.00	0.00	1.05	4.13	-3.08	0
2017-4-19 3:48:25	0.00	0.00	1.05	4.16	-3.11	0
2017-4-19 3:48:30	0.00	0.00	1.05	4.15	-3.10	0
2017-4-19 3:48:35	0.00	0.00	1.05	4.06	-3.01	0
2017-4-19 3:48:40	0.00	0.00	1.05	4.16	-3.11	0
2017-4-19 3:48:45	0.00	0.00	1.05	4.15	-3.10	0
2017-4-19 3:48:50	0.00	0.00	1.05	4.05	-3.00	0
2017-4-19 3:48:55	0.00	0.00	1.05	4.14	-3.09	0
2017-4-19 3:49:0	0.00	0.00	1.05	4.07	-3.02	0
2017-4-19 3:49:5	0.00	0.00	1.05	4.07	-3.02	0
2017-4-19 3:49:10	0.00	0.00	1.05	4.17	-3.12	0
2017-4-19 3:49:15	0.00	0.00	1.05	4.17	-3.12	0
2017-4-19 3:49:20	0.00	0.00	1.05	4.17	-3.12	0
2017-4-19 3:49:25	0.00	0.00	1.05	4.07	-3.02	0
2017-4-19 3:49:30	0.00	0.00	1.05	4.17	-3.12	0
2017-4-19 3:49:35	0.00	0.00	1.05	4.08	-3.03	0
2017-4-19 3:49:40	0.00	0.00	1.05	4.09	-3.04	0
2017-4-19 3:49:45	0.00	0.00	1.05	4.18	-3.13	0
2017-4-19 3:49:50	0.00	0.00	1.05	4.09	-3.04	0
2017-4-19 3:49:55	0.00	0.00	1.05	4.18	-3.13	0
2017-4-19 3:50:0	0.00	0.00	1.05	4.08	-3.03	0
2017-4-19 3:50:5	0.00	0.00	1.05	4.17	-3.12	0
2017-4-19 3:50:10	0.00	0.00	1.05	4.08	-3.03	0
2017-4-19 3:50:15	0.00	0.00	1.05	4.07	-3.02	0
2017-4-19 3:50:20	0.00	0.00	1.05	4.10	-3.05	0
2017-4-19 3:50:25	0.00	0.00	1.05	4.07	-3.02	0
2017-4-19 3:50:30	0.00	0.00	1.05	4.17	-3.12	0
2017-4-19 3:50:35	0.00	0.00	1.05	4.09	-3.04	0
2017-4-19 3:50:40	0.00	0.00	1.05	4.17	-3.12	0
2017-4-19 3:50:45	0.00	0.00	1.05	4.17	-3.12	0
2017-4-19 3:50:50	0.00	0.00	1.05	4.10	-3.05	0
2017-4-19 3:50:55	0.00	0.00	1.05	4.15	-3.10	0
2017-4-19 3:51:0	0.00	0.00	1.05	4.17	-3.12	0
2017-4-19 3:51:5	0.00	0.00	1.05	4.11	-3.06	0
2017-4-19 3:51:10	0.00	0.00	1.05	4.15	-3.10	0
2017-4-19 3:51:15	0.00	0.00	1.05	4.11	-3.06	0
2017-4-19 3:51:20	0.00	0.00	1.05	4.11	-3.06	0
2017-4-19 3:51:25	0.00	0.00	1.05	4.12	-3.07	0
2017-4-19 3:51:30	0.00	0.00	1.05	4.11	-3.06	0
2017-4-19 3:51:35	0.00	0.00	1.05	4.11	-3.06	0
2017-4-19 3:51:40	0.00	0.00	1.05	4.12	-3.07	0
2017-4-19 3:51:45	0.00	0.00	1.05	4.11	-3.06	0
2017-4-19 3:51:50	0.00	0.00	1.05	4.12	-3.07	0
2017-4-19 3:51:55	0.00	0.00	1.05	4.13	-3.08	0
2017-4-19 3:52:0	0.00	0.00	1.05	4.10	-3.05	0
2017-4-19 3:52:5	0.00	0.00	1.05	4.09	-3.04	0
2017-4-19 3:52:10	0.00	0.00	1.05	4.13	-3.08	0
2017-4-19 3:52:15	0.00	0.00	1.05	4.09	-3.04	0
2017-4-19 3:52:20	0.00	0.00	1.05	4.17	-3.12	0
2017-4-19 3:52:25	0.00	0.00	1.05	4.07	-3.02	0
2017-4-19 3:52:30	0.00	0.00	1.05	4.18	-3.13	0
2017-4-19 3:52:35	0.00	0.00	1.05	4.08	-3.03	0
2017-4-19 3:52:40	0.00	0.00	1.05	4.07	-3.02	0
2017-4-19 3:52:45	0.00	0.00	1.05	4.16	-3.11	0
2017-4-19 3:52:50	0.00	0.00	1.05	4.08	-3.03	0
2017-4-19 3:52:55	0.00	0.00	1.05	4.17	-3.12	0
2017-4-19 3:53:0	0.00	0.00	1.05	4.17	-3.12	0
2017-4-19 3:53:5	0.00	0.00	1.05	4.09	-3.04	0
2017-4-19 3:53:10	0.00	0.00	1.05	4.17	-3.12	0
2017-4-19 3:53:15	0.00	0.00	1.05	4.18	-3.13	0
2017-4-19 3:53:20	0.00	0.00	1.05	4.18	-3.13	0
2017-4-19 3:53:25	0.00	0.00	1.05	4.17	-3.12	0
2017-4-19 3:53:30	0.00	0.00	1.05	4.09	-3.04	0
2017-4-19 3:53:35	0.00	0.00	1.05	4.09	-3.04	0
2017-4-19 3:53:40	0.00	0.00	1.05	4.08	-3.03	0
2017-4-19 3:53:45	0.00	0.00	1.05	4.08	-3.03	0
2017-4-19 3:53:50	0.00	0.00	1.05	4.09	-3.04	0
2017-4-19 3:53:55	0.00	0.00	1.05	4.19	-3.14	0
2017-4-19 3:54:0	0.00	0.00	1.05	4.09	-3.04	0
2017-4-19 3:54:5	0.00	0.00	1.05	4.17	-3.12	0
2017-4-19 3:54:10	0.00	0.00	1.05	4.19	-3.14	0
2017-4-19 3:54:15	0.00	0.00	1.05	4.16	-3.11	0
2017-4-19 3:54:20	0.00	0.00	1.05	4.16	-3.11	0
2017-4-19 3:54:25	0.00	0.00	1.05	4.16	-3.11	0
2017-4-19 3:54:30	0.00	0.00	1.05	4.08	-3.03	0
2017-4-19 3:54:35	0.00	0.00	1.05	4.15	-3.10	0
2017-4-19 3:54:40	0.00	0.00	1.05	4.15	-3.10	0
2017-4-19 3:54:45	0.00	0.00	1.05	4.15	-3.10	0
2017-4-19 3:54:50	0.00	0.00	1.05	4.07	-3.02	0
2017-4-19 3:54:55	0.00	0.00	1.05	4.11	-3.06	0
2017-4-19 3:55:0	0.00	0.00	1.05	4.16	-3.11	0
2017-4-19 3:55:5	0.00	0.00	1.05	4.07	-3.02	0
2017-4-19 3:55:10	0.00	0.00	1.05	4.16	-3.11	0
2017-4-19 3:55:15	0.00	0.00	1.05	4.07	-3.02	0
2017-4-19 3:55:20	0.00	0.00	1.05	4.08	-3.03	0
2017-4-19 3:55:25	0.00	0.00	1.05	4.16	-3.11	0
2017-4-19 3:55:30	0.00	0.00	1.05	4.07	-3.02	0
2017-4-19 3:55:35	0.00	0.00	1.05	4.17	-3.12	0
2017-4-19 3:55:40	0.00	0.00	1.05	4.17	-3.12	0
2017-4-19 3:55:45	0.00	0.00	1.05	4.17	-3.12	0
2017-4-19 3:55:50	0.00	0.00	1.05	4.18	-3.13	0
2017-4-19 3:55:55	0.00	0.00	1.05	4.19	-3.14	0
2017-4-19 3:56:0	0.00	0.00	1.05	4.09	-3.04	0
2017-4-19 3:56:5	0.00	0.00	1.05	4.18	-3.13	0
2017-4-19 3:56:10	0.00	0.00	1.05	4.10	-3.05	0
2017-4-19 3:56:15	0.00	0.00	1.05	4.10	-3.05	0
2017-4-19 3:56:20	0.00	0.00	1.05	4.09	-3.04	0
2017-4-19 3:56:25	0.00	0.00	1.05	4.10	-3.05	0
2017-4-19 3:56:30	0.00	0.00	1.05	4.10	-3.05	0
2017-4-19 3:56:35	0.00	0.00	1.05	4.17	-3.12	0
2017-4-19 3:56:40	0.00	0.00	1.05	4.11	-3.06	0
2017-4-19 3:56:45	0.00	0.00	1.05	4.15	-3.10	0
2017-4-19 3:56:50	0.00	0.00	1.05	4.13	-3.08	0
2017-4-19 3:56:55	0.00	0.00	1.05	4.12	-3.07	0
2017-4-19 3:57:0	0.00	0.00	1.05	4.15	-3.10	0
2017-4-19 3:57:5	0.00	0.00	1.05	4.17	-3.12	0
2017-4-19 3:57:10	0.00	0.00	1.05	4.06	-3.01	0
2017-4-19 3:57:15	0.00	0.00	1.05	4.15	-3.10	0
2017-4-19 3:57:20	0.00	0.00	1.05	4.07	-3.02	0
2017-4-19 3:57:25	0.00	0.00	1.05	4.08	-3.03	0
2017-4-19 3:57:30	0.00	0.00	1.05	4.17	-3.12	0
2017-4-19 3:57:36	0.00	0.00	1.05	4.08	-3.03	0
2017-4-19 3:57:41	0.00	0.00	1.05	4.08	-3.03	0
2017-4-19 3:57:46	0.00	0.00	1.05	4.17	-3.12	0
2017-4-19 3:57:51	0.00	0.00	1.05	4.09	-3.04	0
2017-4-19 3:57:56	0.00	0.00	1.05	4.17	-3.12	0
2017-4-19 3:58:1	0.00	0.00	1.05	4.18	-3.13	0
2017-4-19 3:58:6	0.00	0.00	1.05	4.19	-3.14	0
2017-4-19 3:58:11	0.00	0.00	1.05	4.17	-3.12	0
2017-4-19 3:58:16	0.00	0.00	1.05	4.10	-3.05	0
2017-4-19 3:58:21	0.00	0.00	1.05	4.11	-3.06	0
2017-4-19 3:58:26	0.00	0.00	1.05	4.16	-3.11	0
2017-4-19 3:58:31	0.00	0.00	1.05	4.16	-3.11	0
2017-4-19 3:58:36	0.00	0.00	1.05	4.15	-3.10	0
2017-4-19 3:58:41	0.00	0.00	1.05	4.17	-3.12	0
2017-4-19 3:58:46	0.00	0.00	1.05	4.17	-3.12	0
2017-4-19 3:58:51	0.00	0.00	1.05	4.11	-3.06	0
2017-4-19 3:58:56	0.00	0.00	1.05	4.17	-3.12	0
2017-4-19 3:59:1	0.00	0.00	1.05	4.08	-3.03	0
2017-4-19 3:59:6	0.00	0.00	1.05	4.09	-3.04	0
2017-4-19 3:59:11	0.00	0.00	1.05	4.13	-3.08	0
2017-4-19 3:59:16	0.00	0.00	1.05	4.09	-3.04	0
2017-4-19 3:59:21	0.00	0.00	1.05	4.09	-3.04	0
2017-4-19 3:59:26	0.00	0.00	1.05	4.14	-3.09	0
2017-4-19 3:59:31	0.00	0.00	1.05	4.11	-3.06	0
2017-4-19 3:59:36	0.00	0.00	1.05	4.13	-3.08	0
2017-4-19 3:59:41	0.00	0.00	1.05	4.14	-3.09	0
2017-4-19 3:59:46	0.00	0.00	1.05	4.13	-3.08	0
2017-4-19 3:59:51	0.00	0.00	1.05	4.13	-3.08	0
2017-4-19 3:59:56	0.00	0.00	1.05	4.11	-3.06	0
2017-4-19 3:60:1	0.00	0.00	1.05	4.11	-3.06	0
2017-4-19 3:60:6	0.00	0.00	1.05	4.15	-3.10	0
2017-4-19 3:60:11	0.00	0.00	1.05	4.09	-3.04	0
2017-4-19 3:60:16	0.00	0.00	1.05	4.13	-3.08	0
2017-4-19 3:60:21	0.00	0.00	1.05	4.08	-3.03	0
2017-4-19 3:60:26	0.00	0.00	1.05	4.12	-3.07	0
2017-4-19 3:60:31	0.00	0.00	1.05	4.15	-3.10	0
2017-4-19 3:60:36	0.00	0.00	1.05	4.07	-3.02	0
2017-4-19 3:60:41	0.00	0.00	1.05	4.15	-3.10	0
2017-4-19 3:60:46	0.00	0.00	1.05	4.06	-3.01	0
2017-4-19 3:60:51	0.00	0.00	1.05	4.14	-3.09	0
2017-4-19 3:60:56	0.00	0.00	1.05	4.07	-3.02	0
2017-4-19 4:1:1	0.00	0.00	1.05	4.07	-3.02	0
2017-4-19 4:1:6	0.00	0.00	1.05	4.16	-3.11	0
