Datum	m3 kapljicno	m3 trata	set point	kolicina v rezervoarju	napaka	ventil
2017-4-18 24:35:21	0.00	0.00	1.05	0.07	0.98	1
2017-4-18 24:35:26	0.00	0.00	1.05	4.07	-3.02	0
2017-4-18 24:35:31	0.00	0.00	1.05	4.14	-3.09	0
2017-4-18 24:35:36	0.00	0.00	1.05	4.19	-3.14	0
2017-4-18 24:35:41	0.00	0.00	1.05	4.17	-3.12	0
2017-4-18 24:35:46	0.00	0.00	1.05	4.07	-3.02	0
2017-4-18 24:35:51	0.00	0.00	1.05	4.17	-3.12	0
2017-4-18 24:35:56	0.00	0.00	1.05	4.07	-3.02	0
2017-4-18 24:36:1	0.00	0.00	1.05	4.08	-3.03	0
2017-4-18 24:36:6	0.00	0.00	1.05	4.15	-3.10	0
2017-4-18 24:36:11	0.00	0.00	1.05	4.08	-3.03	0
2017-4-18 24:36:16	0.00	0.00	1.05	4.08	-3.03	0
2017-4-18 24:36:21	0.00	0.00	1.05	4.02	-2.97	0
2017-4-18 24:36:26	0.00	0.00	1.05	4.10	-3.05	0
2017-4-18 24:36:31	0.00	0.00	1.05	4.13	-3.08	0
2017-4-18 24:36:36	0.00	0.00	1.05	4.14	-3.09	0
2017-4-18 24:36:41	0.00	0.00	1.05	4.07	-3.02	0
2017-4-18 24:36:46	0.00	0.00	1.05	4.07	-3.02	0
2017-4-18 24:36:51	0.00	0.00	1.05	4.14	-3.09	0
2017-4-18 24:36:56	0.00	0.00	1.05	4.13	-3.08	0
2017-4-18 24:37:1	0.00	0.00	1.05	4.16	-3.11	0
2017-4-18 24:37:6	0.00	0.00	1.05	4.11	-3.06	0
2017-4-18 24:37:11	0.00	0.00	1.05	4.13	-3.08	0
2017-4-18 24:37:16	0.00	0.00	1.05	4.13	-3.08	0
2017-4-18 24:37:21	0.00	0.00	1.05	4.06	-3.01	0
2017-4-18 24:37:26	0.00	0.00	1.05	4.15	-3.10	0
2017-4-18 24:37:31	0.00	0.00	1.05	4.15	-3.10	0
2017-4-18 24:37:36	0.00	0.00	1.05	4.15	-3.10	0
2017-4-18 24:37:41	0.00	0.00	1.05	4.11	-3.06	0
2017-4-18 24:37:46	0.00	0.00	1.05	4.07	-3.02	0
2017-4-18 24:37:51	0.00	0.00	1.05	4.13	-3.08	0
2017-4-18 24:37:56	0.00	0.00	1.05	4.12	-3.07	0
2017-4-18 24:38:1	0.00	0.00	1.05	4.11	-3.06	0
2017-4-18 24:38:6	0.00	0.00	1.05	4.11	-3.06	0
2017-4-18 24:38:11	0.00	0.00	1.05	4.13	-3.08	0
2017-4-18 24:38:16	0.00	0.00	1.05	4.14	-3.09	0
2017-4-18 24:38:21	0.00	0.00	1.05	4.17	-3.12	0
2017-4-18 24:38:26	0.00	0.00	1.05	4.17	-3.12	0
2017-4-18 24:38:31	0.00	0.00	1.05	4.16	-3.11	0
2017-4-18 24:38:36	0.00	0.00	1.05	4.08	-3.03	0
2017-4-18 24:38:41	0.00	0.00	1.05	4.15	-3.10	0
2017-4-18 24:38:46	0.00	0.00	1.05	4.05	-3.00	0
2017-4-18 24:38:51	0.00	0.00	1.05	4.06	-3.01	0
2017-4-18 24:38:56	0.00	0.00	1.05	4.05	-3.00	0
2017-4-18 24:39:1	0.00	0.00	1.05	4.05	-3.00	0
2017-4-18 24:39:6	0.00	0.00	1.05	4.13	-3.08	0
2017-4-18 24:39:11	0.00	0.00	1.05	4.09	-3.04	0
2017-4-18 24:39:16	0.00	0.00	1.05	4.13	-3.08	0
2017-4-18 24:39:21	0.00	0.00	1.05	4.10	-3.05	0
2017-4-18 24:39:26	0.00	0.00	1.05	4.12	-3.07	0
2017-4-18 24:39:31	0.00	0.00	1.05	4.11	-3.06	0
2017-4-18 24:39:36	0.00	0.00	1.05	4.13	-3.08	0
2017-4-18 24:39:41	0.00	0.00	1.05	4.18	-3.13	0
2017-4-18 24:39:46	0.00	0.00	1.05	4.17	-3.12	0
2017-4-18 24:39:51	0.00	0.00	1.05	4.18	-3.13	0
2017-4-18 24:39:56	0.00	0.00	1.05	4.10	-3.05	0
2017-4-18 24:40:1	0.00	0.00	1.05	4.09	-3.04	0
2017-4-18 24:40:6	0.00	0.00	1.05	4.17	-3.12	0
2017-4-18 24:40:11	0.00	0.00	1.05	4.07	-3.02	0
2017-4-18 24:40:16	0.00	0.00	1.05	4.09	-3.04	0
2017-4-18 24:40:21	0.00	0.00	1.05	4.15	-3.10	0
2017-4-18 24:40:26	0.00	0.00	1.05	4.08	-3.03	0
2017-4-18 24:40:31	0.00	0.00	1.05	4.14	-3.09	0
2017-4-18 24:40:36	0.00	0.00	1.05	4.13	-3.08	0
2017-4-18 24:40:41	0.00	0.00	1.05	4.11	-3.06	0
2017-4-18 24:40:46	0.00	0.00	1.05	4.12	-3.07	0
2017-4-18 24:40:51	0.00	0.00	1.05	4.11	-3.06	0
2017-4-18 24:40:56	0.00	0.00	1.05	4.14	-3.09	0
2017-4-18 24:41:1	0.00	0.00	1.05	4.11	-3.06	0
2017-4-18 24:41:6	0.00	0.00	1.05	4.17	-3.12	0
2017-4-18 24:41:11	0.00	0.00	1.05	4.16	-3.11	0
2017-4-18 24:41:16	0.00	0.00	1.05	4.08	-3.03	0
2017-4-18 24:41:21	0.00	0.00	1.05	4.14	-3.09	0
2017-4-18 24:41:26	0.00	0.00	1.05	4.08	-3.03	0
2017-4-18 24:41:31	0.00	0.00	1.05	4.09	-3.04	0
2017-4-18 24:41:36	0.00	0.00	1.05	4.07	-3.02	0
2017-4-18 24:41:41	0.00	0.00	1.05	4.11	-3.06	0
2017-4-18 24:41:46	0.00	0.00	1.05	4.13	-3.08	0
2017-4-18 24:41:51	0.00	0.00	1.05	4.13	-3.08	0
2017-4-18 24:41:56	0.00	0.00	1.05	4.15	-3.10	0
2017-4-18 24:42:1	0.00	0.00	1.05	4.11	-3.06	0
2017-4-18 24:42:6	0.00	0.00	1.05	4.09	-3.04	0
2017-4-18 24:42:11	0.00	0.00	1.05	4.09	-3.04	0
2017-4-18 24:42:17	0.00	0.00	1.05	4.05	-3.00	0
2017-4-18 24:42:22	0.00	0.00	1.05	4.08	-3.03	0
2017-4-18 24:42:27	0.00	0.00	1.05	4.08	-3.03	0
2017-4-18 24:42:32	0.00	0.00	1.05	4.07	-3.02	0
2017-4-18 24:42:37	0.00	0.00	1.05	4.16	-3.11	0
2017-4-18 24:42:42	0.00	0.00	1.05	4.06	-3.01	0
2017-4-18 24:42:47	0.00	0.00	1.05	4.13	-3.08	0
2017-4-18 24:42:52	0.00	0.00	1.05	4.14	-3.09	0
2017-4-18 24:42:57	0.00	0.00	1.05	4.14	-3.09	0
2017-4-18 24:43:2	0.00	0.00	1.05	4.10	-3.05	0
2017-4-18 24:43:7	0.00	0.00	1.05	4.05	-3.00	0
2017-4-18 24:43:12	0.00	0.00	1.05	4.15	-3.10	0
2017-4-18 24:43:17	0.00	0.00	1.05	4.01	-2.96	0
2017-4-18 24:43:22	0.00	0.00	1.05	4.11	-3.06	0
2017-4-18 24:43:27	0.00	0.00	1.05	4.15	-3.10	0
2017-4-18 24:43:32	0.00	0.00	1.05	4.07	-3.02	0
2017-4-18 24:43:37	0.00	0.00	1.05	4.14	-3.09	0
2017-4-18 24:43:42	0.00	0.00	1.05	4.15	-3.10	0
2017-4-18 24:43:47	0.00	0.00	1.05	4.09	-3.04	0
2017-4-18 24:43:52	0.00	0.00	1.05	4.12	-3.07	0
2017-4-18 24:43:57	0.00	0.00	1.05	4.19	-3.14	0
2017-4-18 24:44:2	0.00	0.00	1.05	4.18	-3.13	0
2017-4-18 24:44:7	0.00	0.00	1.05	4.09	-3.04	0
2017-4-18 24:44:12	0.00	0.00	1.05	4.13	-3.08	0
2017-4-18 24:44:17	0.00	0.00	1.05	4.13	-3.08	0
2017-4-18 24:44:22	0.00	0.00	1.05	4.19	-3.14	0
2017-4-18 24:44:27	0.00	0.00	1.05	4.10	-3.05	0
2017-4-18 24:44:32	0.00	0.00	1.05	4.13	-3.08	0
2017-4-18 24:44:37	0.00	0.00	1.05	4.13	-3.08	0
2017-4-18 24:44:42	0.00	0.00	1.05	4.11	-3.06	0
2017-4-18 24:44:47	0.00	0.00	1.05	4.15	-3.10	0
2017-4-18 24:44:52	0.00	0.00	1.05	4.13	-3.08	0
2017-4-18 24:44:57	0.00	0.00	1.05	4.09	-3.04	0
2017-4-18 24:45:2	0.00	0.00	1.05	4.08	-3.03	0
2017-4-18 24:45:7	0.00	0.00	1.05	4.07	-3.02	0
2017-4-18 24:45:12	0.00	0.00	1.05	4.07	-3.02	0
2017-4-18 24:45:17	0.00	0.00	1.05	4.07	-3.02	0
2017-4-18 24:45:22	0.00	0.00	1.05	4.18	-3.13	0
2017-4-18 24:45:27	0.00	0.00	1.05	4.07	-3.02	0
2017-4-18 24:45:32	0.00	0.00	1.05	4.17	-3.12	0
2017-4-18 24:45:37	0.00	0.00	1.05	4.07	-3.02	0
2017-4-18 24:45:42	0.00	0.00	1.05	4.07	-3.02	0
2017-4-18 24:45:47	0.00	0.00	1.05	4.15	-3.10	0
2017-4-18 24:45:52	0.00	0.00	1.05	4.06	-3.01	0
2017-4-18 24:45:57	0.00	0.00	1.05	4.08	-3.03	0
2017-4-18 24:46:2	0.00	0.00	1.05	4.07	-3.02	0
2017-4-18 24:46:7	0.00	0.00	1.05	4.09	-3.04	0
2017-4-18 24:46:12	0.00	0.00	1.05	4.12	-3.07	0
2017-4-18 24:46:17	0.00	0.00	1.05	4.10	-3.05	0
2017-4-18 24:46:22	0.00	0.00	1.05	4.14	-3.09	0
2017-4-18 24:46:27	0.00	0.00	1.05	4.11	-3.06	0
2017-4-18 24:46:32	0.00	0.00	1.05	4.15	-3.10	0
2017-4-18 24:46:37	0.00	0.00	1.05	4.16	-3.11	0
2017-4-18 24:46:42	0.00	0.00	1.05	4.11	-3.06	0
2017-4-18 24:46:47	0.00	0.00	1.05	4.15	-3.10	0
2017-4-18 24:46:52	0.00	0.00	1.05	4.17	-3.12	0
2017-4-18 24:46:57	0.00	0.00	1.05	4.17	-3.12	0
2017-4-18 24:47:2	0.00	0.00	1.05	4.19	-3.14	0
2017-4-18 24:47:7	0.00	0.00	1.05	4.10	-3.05	0
2017-4-18 24:47:12	0.00	0.00	1.05	4.19	-3.14	0
2017-4-18 24:47:17	0.00	0.00	1.05	4.09	-3.04	0
2017-4-18 24:47:22	0.00	0.00	1.05	4.19	-3.14	0
2017-4-18 24:47:27	0.00	0.00	1.05	4.16	-3.11	0
2017-4-18 24:47:32	0.00	0.00	1.05	4.10	-3.05	0
2017-4-18 24:47:37	0.00	0.00	1.05	4.06	-3.01	0
2017-4-18 24:47:42	0.00	0.00	1.05	4.16	-3.11	0
2017-4-18 24:47:47	0.00	0.00	1.05	4.08	-3.03	0
2017-4-18 24:47:52	0.00	0.00	1.05	4.14	-3.09	0
2017-4-18 24:47:57	0.00	0.00	1.05	4.13	-3.08	0
2017-4-18 24:48:2	0.00	0.00	1.05	4.11	-3.06	0
2017-4-18 24:48:7	0.00	0.00	1.05	4.06	-3.01	0
2017-4-18 24:48:12	0.00	0.00	1.05	4.11	-3.06	0
2017-4-18 24:48:17	0.00	0.00	1.05	4.07	-3.02	0
2017-4-18 24:48:22	0.00	0.00	1.05	4.07	-3.02	0
2017-4-18 24:48:27	0.00	0.00	1.05	4.05	-3.00	0
2017-4-18 24:48:32	0.00	0.00	1.05	4.05	-3.00	0
2017-4-18 24:48:37	0.00	0.00	1.05	4.15	-3.10	0
2017-4-18 24:48:42	0.00	0.00	1.05	4.14	-3.09	0
2017-4-18 24:48:47	0.00	0.00	1.05	4.15	-3.10	0
2017-4-18 24:48:52	0.00	0.00	1.05	4.10	-3.05	0
2017-4-18 24:48:57	0.00	0.00	1.05	4.09	-3.04	0
2017-4-18 24:49:2	0.00	0.00	1.05	4.17	-3.12	0
2017-4-18 24:49:7	0.00	0.00	1.05	4.09	-3.04	0
2017-4-18 24:49:12	0.00	0.00	1.05	4.18	-3.13	0
2017-4-18 24:49:17	0.00	0.00	1.05	4.18	-3.13	0
2017-4-18 24:49:22	0.00	0.00	1.05	4.08	-3.03	0
2017-4-18 24:49:27	0.00	0.00	1.05	4.17	-3.12	0
2017-4-18 24:49:32	0.00	0.00	1.05	4.17	-3.12	0
2017-4-18 24:49:37	0.00	0.00	1.05	4.13	-3.08	0
2017-4-18 24:49:42	0.00	0.00	1.05	4.15	-3.10	0
2017-4-18 24:49:47	0.00	0.00	1.05	4.09	-3.04	0
2017-4-18 24:49:52	0.00	0.00	1.05	4.08	-3.03	0
2017-4-18 24:49:57	0.00	0.00	1.05	4.09	-3.04	0
2017-4-18 24:50:2	0.00	0.00	1.05	4.06	-3.01	0
2017-4-18 24:50:7	0.00	0.00	1.05	4.14	-3.09	0
2017-4-18 24:50:12	0.00	0.00	1.05	4.09	-3.04	0
2017-4-18 24:50:17	0.00	0.00	1.05	4.07	-3.02	0
2017-4-18 24:50:22	0.00	0.00	1.05	4.15	-3.10	0
2017-4-18 24:50:27	0.00	0.00	1.05	4.15	-3.10	0
2017-4-18 24:50:32	0.00	0.00	1.05	4.07	-3.02	0
2017-4-18 24:50:37	0.00	0.00	1.05	4.11	-3.06	0
2017-4-18 24:50:42	0.00	0.00	1.05	4.15	-3.10	0
2017-4-18 24:50:47	0.00	0.00	1.05	4.11	-3.06	0
2017-4-18 24:50:52	0.00	0.00	1.05	4.11	-3.06	0
2017-4-18 24:50:57	0.00	0.00	1.05	4.16	-3.11	0
2017-4-18 24:51:2	0.00	0.00	1.05	4.09	-3.04	0
2017-4-18 24:51:7	0.00	0.00	1.05	4.16	-3.11	0
2017-4-18 24:51:12	0.00	0.00	1.05	4.09	-3.04	0
2017-4-18 24:51:17	0.00	0.00	1.05	4.17	-3.12	0
2017-4-18 24:51:22	0.00	0.00	1.05	4.07	-3.02	0
2017-4-18 24:51:27	0.00	0.00	1.05	4.08	-3.03	0
2017-4-18 24:51:32	0.00	0.00	1.05	4.13	-3.08	0
2017-4-18 24:51:37	0.00	0.00	1.05	4.15	-3.10	0
2017-4-18 24:51:42	0.00	0.00	1.05	4.10	-3.05	0
2017-4-18 24:51:47	0.00	0.00	1.05	4.10	-3.05	0
2017-4-18 24:51:52	0.00	0.00	1.05	4.18	-3.13	0
2017-4-18 24:51:57	0.00	0.00	1.05	4.10	-3.05	0
2017-4-18 24:52:2	0.00	0.00	1.05	4.09	-3.04	0
2017-4-18 24:52:7	0.00	0.00	1.05	4.17	-3.12	0
2017-4-18 24:52:12	0.00	0.00	1.05	4.07	-3.02	0
2017-4-18 24:52:17	0.00	0.00	1.05	4.16	-3.11	0
2017-4-18 24:52:22	0.00	0.00	1.05	4.17	-3.12	0
2017-4-18 24:52:27	0.00	0.00	1.05	4.07	-3.02	0
2017-4-18 24:52:32	0.00	0.00	1.05	4.17	-3.12	0
2017-4-18 24:52:37	0.00	0.00	1.05	4.17	-3.12	0
2017-4-18 24:52:42	0.00	0.00	1.05	4.06	-3.01	0
2017-4-18 24:52:47	0.00	0.00	1.05	4.07	-3.02	0
2017-4-18 24:52:52	0.00	0.00	1.05	4.14	-3.09	0
2017-4-18 24:52:57	0.00	0.00	1.05	4.13	-3.08	0
2017-4-18 24:53:2	0.00	0.00	1.05	4.09	-3.04	0
2017-4-18 24:53:8	0.00	0.00	1.05	4.13	-3.08	0
2017-4-18 24:53:13	0.00	0.00	1.05	4.12	-3.07	0
2017-4-18 24:53:18	0.00	0.00	1.05	4.14	-3.09	0
2017-4-18 24:53:23	0.00	0.00	1.05	4.13	-3.08	0
2017-4-18 24:53:28	0.00	0.00	1.05	4.17	-3.12	0
2017-4-18 24:53:33	0.00	0.00	1.05	4.17	-3.12	0
2017-4-18 24:53:38	0.00	0.00	1.05	4.08	-3.03	0
2017-4-18 24:53:43	0.00	0.00	1.05	4.07	-3.02	0
2017-4-18 24:53:48	0.00	0.00	1.05	4.17	-3.12	0
2017-4-18 24:53:53	0.00	0.00	1.05	4.04	-2.99	0
2017-4-18 24:53:58	0.00	0.00	1.05	4.07	-3.02	0
2017-4-18 24:54:3	0.00	0.00	1.05	4.07	-3.02	0
2017-4-18 24:54:8	0.00	0.00	1.05	4.13	-3.08	0
2017-4-18 24:54:13	0.00	0.00	1.05	4.17	-3.12	0
2017-4-18 24:54:18	0.00	0.00	1.05	4.11	-3.06	0
2017-4-18 24:54:23	0.00	0.00	1.05	4.15	-3.10	0
2017-4-18 24:54:28	0.00	0.00	1.05	4.11	-3.06	0
2017-4-18 24:54:33	0.00	0.00	1.05	4.09	-3.04	0
2017-4-18 24:54:38	0.00	0.00	1.05	4.11	-3.06	0
2017-4-18 24:54:43	0.00	0.00	1.05	4.19	-3.14	0
2017-4-18 24:54:48	0.00	0.00	1.05	4.08	-3.03	0
2017-4-18 24:54:53	0.00	0.00	1.05	4.16	-3.11	0
2017-4-18 24:54:58	0.00	0.00	1.05	4.09	-3.04	0
2017-4-18 24:55:3	0.00	0.00	1.05	4.08	-3.03	0
2017-4-18 24:55:8	0.00	0.00	1.05	4.07	-3.02	0
2017-4-18 24:55:13	0.00	0.00	1.05	4.07	-3.02	0
2017-4-18 24:55:18	0.00	0.00	1.05	4.02	-2.97	0
2017-4-18 24:55:23	0.00	0.00	1.05	4.15	-3.10	0
2017-4-18 24:55:28	0.00	0.00	1.05	4.07	-3.02	0
2017-4-18 24:55:33	0.00	0.00	1.05	4.15	-3.10	0
2017-4-18 24:55:38	0.00	0.00	1.05	4.09	-3.04	0
2017-4-18 24:55:43	0.00	0.00	1.05	4.17	-3.12	0
2017-4-18 24:55:48	0.00	0.00	1.05	4.08	-3.03	0
2017-4-18 24:55:53	0.00	0.00	1.05	4.09	-3.04	0
2017-4-18 24:55:58	0.00	0.00	1.05	4.16	-3.11	0
2017-4-18 24:56:3	0.00	0.00	1.05	4.17	-3.12	0
2017-4-18 24:56:8	0.00	0.00	1.05	4.16	-3.11	0
2017-4-18 24:56:13	0.00	0.00	1.05	4.13	-3.08	0
2017-4-18 24:56:18	0.00	0.00	1.05	4.11	-3.06	0
2017-4-18 24:56:23	0.00	0.00	1.05	4.13	-3.08	0
2017-4-18 24:56:28	0.00	0.00	1.05	4.11	-3.06	0
2017-4-18 24:56:33	0.00	0.00	1.05	4.13	-3.08	0
2017-4-18 24:56:38	0.00	0.00	1.05	4.13	-3.08	0
2017-4-18 24:56:43	0.00	0.00	1.05	4.13	-3.08	0
2017-4-18 24:56:48	0.00	0.00	1.05	4.15	-3.10	0
2017-4-18 24:56:53	0.00	0.00	1.05	4.11	-3.06	0
2017-4-18 24:56:58	0.00	0.00	1.05	4.11	-3.06	0
2017-4-18 24:57:3	0.00	0.00	1.05	4.17	-3.12	0
2017-4-18 24:57:8	0.00	0.00	1.05	4.09	-3.04	0
2017-4-18 24:57:13	0.00	0.00	1.05	4.08	-3.03	0
2017-4-18 24:57:18	0.00	0.00	1.05	4.10	-3.05	0
2017-4-18 24:57:23	0.00	0.00	1.05	4.11	-3.06	0
2017-4-18 24:57:28	0.00	0.00	1.05	4.13	-3.08	0
2017-4-18 24:57:33	0.00	0.00	1.05	4.13	-3.08	0
2017-4-18 24:57:38	0.00	0.00	1.05	4.11	-3.06	0
2017-4-18 24:57:43	0.00	0.00	1.05	4.10	-3.05	0
2017-4-18 24:57:48	0.00	0.00	1.05	4.11	-3.06	0
2017-4-18 24:57:53	0.00	0.00	1.05	4.10	-3.05	0
2017-4-18 24:57:58	0.00	0.00	1.05	4.09	-3.04	0
2017-4-18 24:58:3	0.00	0.00	1.05	4.17	-3.12	0
2017-4-18 24:58:8	0.00	0.00	1.05	4.09	-3.04	0
2017-4-18 24:58:13	0.00	0.00	1.05	4.18	-3.13	0
2017-4-18 24:58:18	0.00	0.00	1.05	4.17	-3.12	0
2017-4-18 24:58:23	0.00	0.00	1.05	4.11	-3.06	0
2017-4-18 24:58:28	0.00	0.00	1.05	4.12	-3.07	0
2017-4-18 24:58:33	0.00	0.00	1.05	4.12	-3.07	0
2017-4-18 24:58:38	0.00	0.00	1.05	4.09	-3.04	0
2017-4-18 24:58:43	0.00	0.00	1.05	4.10	-3.05	0
2017-4-18 24:58:48	0.00	0.00	1.05	4.15	-3.10	0
2017-4-18 24:58:53	0.00	0.00	1.05	4.17	-3.12	0
2017-4-18 24:58:58	0.00	0.00	1.05	4.09	-3.04	0
2017-4-18 24:59:3	0.00	0.00	1.05	4.17	-3.12	0
2017-4-18 24:59:8	0.00	0.00	1.05	4.19	-3.14	0
2017-4-18 24:59:13	0.00	0.00	1.05	4.11	-3.06	0
2017-4-18 24:59:18	0.00	0.00	1.05	4.09	-3.04	0
2017-4-18 24:59:23	0.00	0.00	1.05	4.09	-3.04	0
2017-4-18 24:59:28	0.00	0.00	1.05	4.17	-3.12	0
2017-4-18 24:59:33	0.00	0.00	1.05	4.08	-3.03	0
2017-4-18 24:59:38	0.00	0.00	1.05	4.08	-3.03	0
2017-4-18 24:59:43	0.00	0.00	1.05	4.15	-3.10	0
2017-4-18 24:59:48	0.00	0.00	1.05	4.07	-3.02	0
2017-4-18 24:59:53	0.00	0.00	1.05	4.07	-3.02	0
2017-4-18 24:59:58	0.00	0.00	1.05	4.15	-3.10	0
2017-4-18 24:60:3	0.00	0.00	1.05	4.15	-3.10	0
2017-4-18 24:60:8	0.00	0.00	1.05	4.04	-2.99	0
2017-4-18 24:60:13	0.00	0.00	1.05	4.05	-3.00	0
2017-4-18 24:60:18	0.00	0.00	1.05	4.07	-3.02	0
2017-4-18 24:60:23	0.00	0.00	1.05	4.10	-3.05	0
2017-4-18 24:60:28	0.00	0.00	1.05	4.10	-3.05	0
2017-4-18 24:60:33	0.00	0.00	1.05	4.12	-3.07	0
2017-4-18 24:60:38	0.00	0.00	1.05	4.11	-3.06	0
2017-4-18 24:60:43	0.00	0.00	1.05	4.10	-3.05	0
2017-4-18 24:60:48	0.00	0.00	1.05	4.13	-3.08	0
2017-4-18 24:60:53	0.00	0.00	1.05	4.09	-3.04	0
2017-4-18 24:60:58	0.00	0.00	1.05	4.14	-3.09	0
2017-4-19 1:1:3	0.00	0.00	1.05	4.16	-3.11	0
2017-4-19 1:1:8	0.00	0.00	1.05	4.10	-3.05	0
2017-4-19 1:1:13	0.00	0.00	1.05	4.16	-3.11	0
2017-4-19 1:1:18	0.00	0.00	1.05	4.10	-3.05	0
2017-4-19 1:1:23	0.00	0.00	1.05	4.08	-3.03	0
2017-4-19 1:1:28	0.00	0.00	1.05	4.15	-3.10	0
2017-4-19 1:1:33	0.00	0.00	1.05	4.09	-3.04	0
2017-4-19 1:1:38	0.00	0.00	1.05	4.08	-3.03	0
2017-4-19 1:1:43	0.00	0.00	1.05	4.17	-3.12	0
2017-4-19 1:1:48	0.00	0.00	1.05	4.15	-3.10	0
2017-4-19 1:1:53	0.00	0.00	1.05	4.11	-3.06	0
2017-4-19 1:1:58	0.00	0.00	1.05	4.08	-3.03	0
2017-4-19 1:2:3	0.00	0.00	1.05	4.18	-3.13	0
2017-4-19 1:2:8	0.00	0.00	1.05	4.13	-3.08	0
2017-4-19 1:2:13	0.00	0.00	1.05	4.12	-3.07	0
2017-4-19 1:2:18	0.00	0.00	1.05	4.14	-3.09	0
2017-4-19 1:2:23	0.00	0.00	1.05	4.12	-3.07	0
2017-4-19 1:2:28	0.00	0.00	1.05	4.14	-3.09	0
2017-4-19 1:2:33	0.00	0.00	1.05	4.13	-3.08	0
2017-4-19 1:2:38	0.00	0.00	1.05	4.10	-3.05	0
2017-4-19 1:2:43	0.00	0.00	1.05	4.15	-3.10	0
2017-4-19 1:2:48	0.00	0.00	1.05	4.10	-3.05	0
2017-4-19 1:2:53	0.00	0.00	1.05	4.09	-3.04	0
2017-4-19 1:2:58	0.00	0.00	1.05	4.15	-3.10	0
2017-4-19 1:3:3	0.00	0.00	1.05	4.07	-3.02	0
2017-4-19 1:3:8	0.00	0.00	1.05	4.14	-3.09	0
2017-4-19 1:3:13	0.00	0.00	1.05	4.17	-3.12	0
2017-4-19 1:3:18	0.00	0.00	1.05	4.19	-3.14	0
2017-4-19 1:3:23	0.00	0.00	1.05	4.09	-3.04	0
2017-4-19 1:3:28	0.00	0.00	1.05	4.17	-3.12	0
2017-4-19 1:3:33	0.00	0.00	1.05	4.17	-3.12	0
2017-4-19 1:3:38	0.00	0.00	1.05	4.07	-3.02	0
2017-4-19 1:3:43	0.00	0.00	1.05	4.14	-3.09	0
2017-4-19 1:3:48	0.00	0.00	1.05	4.06	-3.01	0
2017-4-19 1:3:53	0.00	0.00	1.05	4.07	-3.02	0
2017-4-19 1:3:58	0.00	0.00	1.05	4.15	-3.10	0
2017-4-19 1:4:4	0.00	0.00	1.05	4.07	-3.02	0
2017-4-19 1:4:9	0.00	0.00	1.05	4.09	-3.04	0
2017-4-19 1:4:14	0.00	0.00	1.05	4.13	-3.08	0
2017-4-19 1:4:19	0.00	0.00	1.05	4.17	-3.12	0
2017-4-19 1:4:24	0.00	0.00	1.05	4.09	-3.04	0
2017-4-19 1:4:29	0.00	0.00	1.05	4.09	-3.04	0
2017-4-19 1:4:34	0.00	0.00	1.05	4.18	-3.13	0
2017-4-19 1:4:39	0.00	0.00	1.05	4.11	-3.06	0
2017-4-19 1:4:44	0.00	0.00	1.05	4.17	-3.12	0
2017-4-19 1:4:49	0.00	0.00	1.05	4.14	-3.09	0
2017-4-19 1:4:54	0.00	0.00	1.05	4.07	-3.02	0
2017-4-19 1:4:59	0.00	0.00	1.05	4.18	-3.13	0
2017-4-19 1:5:4	0.00	0.00	1.05	4.21	-3.16	0
2017-4-19 1:5:9	0.00	0.00	1.05	4.09	-3.04	0
2017-4-19 1:5:14	0.00	0.00	1.05	4.15	-3.10	0
2017-4-19 1:5:19	0.00	0.00	1.05	4.08	-3.03	0
2017-4-19 1:5:24	0.00	0.00	1.05	4.09	-3.04	0
2017-4-19 1:5:29	0.00	0.00	1.05	4.07	-3.02	0
2017-4-19 1:5:34	0.00	0.00	1.05	4.10	-3.05	0
2017-4-19 1:5:39	0.00	0.00	1.05	4.17	-3.12	0
2017-4-19 1:5:44	0.00	0.00	1.05	4.05	-3.00	0
2017-4-19 1:5:49	0.00	0.00	1.05	4.15	-3.10	0
2017-4-19 1:5:54	0.00	0.00	1.05	4.02	-2.97	0
2017-4-19 1:5:59	0.00	0.00	1.05	4.05	-3.00	0
2017-4-19 1:6:4	0.00	0.00	1.05	4.06	-3.01	0
2017-4-19 1:6:9	0.00	0.00	1.05	4.05	-3.00	0
2017-4-19 1:6:14	0.00	0.00	1.05	4.07	-3.02	0
2017-4-19 1:6:19	0.00	0.00	1.05	4.14	-3.09	0
2017-4-19 1:6:24	0.00	0.00	1.05	4.11	-3.06	0
2017-4-19 1:6:29	0.00	0.00	1.05	4.09	-3.04	0
2017-4-19 1:6:34	0.00	0.00	1.05	4.10	-3.05	0
2017-4-19 1:6:39	0.00	0.00	1.05	4.18	-3.13	0
2017-4-19 1:6:44	0.00	0.00	1.05	4.13	-3.08	0
2017-4-19 1:6:49	0.00	0.00	1.05	4.13	-3.08	0
2017-4-19 1:6:54	0.00	0.00	1.05	4.15	-3.10	0
2017-4-19 1:6:59	0.00	0.00	1.05	4.10	-3.05	0
2017-4-19 1:7:4	0.00	0.00	1.05	4.18	-3.13	0
2017-4-19 1:7:9	0.00	0.00	1.05	4.17	-3.12	0
2017-4-19 1:7:14	0.00	0.00	1.05	4.07	-3.02	0
2017-4-19 1:7:19	0.00	0.00	1.05	4.17	-3.12	0
2017-4-19 1:7:24	0.00	0.00	1.05	4.07	-3.02	0
2017-4-19 1:7:29	0.00	0.00	1.05	4.06	-3.01	0
2017-4-19 1:7:34	0.00	0.00	1.05	4.15	-3.10	0
2017-4-19 1:7:39	0.00	0.00	1.05	4.11	-3.06	0
2017-4-19 1:7:44	0.00	0.00	1.05	4.13	-3.08	0
2017-4-19 1:7:49	0.00	0.00	1.05	4.12	-3.07	0
2017-4-19 1:7:54	0.00	0.00	1.05	4.10	-3.05	0
2017-4-19 1:7:59	0.00	0.00	1.05	4.15	-3.10	0
2017-4-19 1:8:4	0.00	0.00	1.05	4.17	-3.12	0
2017-4-19 1:8:9	0.00	0.00	1.05	4.18	-3.13	0
2017-4-19 1:8:14	0.00	0.00	1.05	4.13	-3.08	0
2017-4-19 1:8:19	0.00	0.00	1.05	4.08	-3.03	0
2017-4-19 1:8:24	0.00	0.00	1.05	4.13	-3.08	0
2017-4-19 1:8:29	0.00	0.00	1.05	4.13	-3.08	0
2017-4-19 1:8:34	0.00	0.00	1.05	4.06	-3.01	0
2017-4-19 1:8:39	0.00	0.00	1.05	4.11	-3.06	0
2017-4-19 1:8:44	0.00	0.00	1.05	4.12	-3.07	0
2017-4-19 1:8:49	0.00	0.00	1.05	4.11	-3.06	0
2017-4-19 1:8:54	0.00	0.00	1.05	4.15	-3.10	0
2017-4-19 1:8:59	0.00	0.00	1.05	4.09	-3.04	0
2017-4-19 1:9:4	0.00	0.00	1.05	4.10	-3.05	0
2017-4-19 1:9:9	0.00	0.00	1.05	4.17	-3.12	0
2017-4-19 1:9:14	0.00	0.00	1.05	4.10	-3.05	0
2017-4-19 1:9:19	0.00	0.00	1.05	4.19	-3.14	0
2017-4-19 1:9:24	0.00	0.00	1.05	4.15	-3.10	0
2017-4-19 1:9:29	0.00	0.00	1.05	4.07	-3.02	0
2017-4-19 1:9:34	0.00	0.00	1.05	4.15	-3.10	0
2017-4-19 1:9:39	0.00	0.00	1.05	4.13	-3.08	0
2017-4-19 1:9:44	0.00	0.00	1.05	4.09	-3.04	0
2017-4-19 1:9:49	0.00	0.00	1.05	4.11	-3.06	0
2017-4-19 1:9:54	0.00	0.00	1.05	4.13	-3.08	0
2017-4-19 1:9:59	0.00	0.00	1.05	4.13	-3.08	0
2017-4-19 1:10:4	0.00	0.00	1.05	4.12	-3.07	0
2017-4-19 1:10:9	0.00	0.00	1.05	4.12	-3.07	0
2017-4-19 1:10:14	0.00	0.00	1.05	4.11	-3.06	0
2017-4-19 1:10:19	0.00	0.00	1.05	4.15	-3.10	0
2017-4-19 1:10:24	0.00	0.00	1.05	4.15	-3.10	0
2017-4-19 1:10:29	0.00	0.00	1.05	4.17	-3.12	0
2017-4-19 1:10:34	0.00	0.00	1.05	4.20	-3.15	0
2017-4-19 1:10:39	0.00	0.00	1.05	4.17	-3.12	0
2017-4-19 1:10:44	0.00	0.00	1.05	4.10	-3.05	0
2017-4-19 1:10:49	0.00	0.00	1.05	4.17	-3.12	0
2017-4-19 1:10:54	0.00	0.00	1.05	4.09	-3.04	0
2017-4-19 1:10:59	0.00	0.00	1.05	4.08	-3.03	0
2017-4-19 1:11:4	0.00	0.00	1.05	4.07	-3.02	0
2017-4-19 1:11:9	0.00	0.00	1.05	4.19	-3.14	0
2017-4-19 1:11:14	0.00	0.00	1.05	4.15	-3.10	0
2017-4-19 1:11:19	0.00	0.00	1.05	4.08	-3.03	0
2017-4-19 1:11:24	0.00	0.00	1.05	4.09	-3.04	0
2017-4-19 1:11:29	0.00	0.00	1.05	4.08	-3.03	0
2017-4-19 1:11:34	0.00	0.00	1.05	4.06	-3.01	0
2017-4-19 1:11:39	0.00	0.00	1.05	4.15	-3.10	0
2017-4-19 1:11:44	0.00	0.00	1.05	4.07	-3.02	0
2017-4-19 1:11:49	0.00	0.00	1.05	4.13	-3.08	0
2017-4-19 1:11:54	0.00	0.00	1.05	4.09	-3.04	0
2017-4-19 1:11:59	0.00	0.00	1.05	4.11	-3.06	0
2017-4-19 1:12:4	0.00	0.00	1.05	4.13	-3.08	0
2017-4-19 1:12:9	0.00	0.00	1.05	4.12	-3.07	0
2017-4-19 1:12:14	0.00	0.00	1.05	4.11	-3.06	0
2017-4-19 1:12:19	0.00	0.00	1.05	4.08	-3.03	0
2017-4-19 1:12:24	0.00	0.00	1.05	4.15	-3.10	0
2017-4-19 1:12:29	0.00	0.00	1.05	4.11	-3.06	0
2017-4-19 1:12:34	0.00	0.00	1.05	4.09	-3.04	0
2017-4-19 1:12:39	0.00	0.00	1.05	4.15	-3.10	0
2017-4-19 1:12:44	0.00	0.00	1.05	4.11	-3.06	0
2017-4-19 1:12:49	0.00	0.00	1.05	4.18	-3.13	0
2017-4-19 1:12:54	0.00	0.00	1.05	4.18	-3.13	0
2017-4-19 1:12:59	0.00	0.00	1.05	4.08	-3.03	0
2017-4-19 1:13:4	0.00	0.00	1.05	4.14	-3.09	0
2017-4-19 1:13:9	0.00	0.00	1.05	4.10	-3.05	0
2017-4-19 1:13:14	0.00	0.00	1.05	4.15	-3.10	0
2017-4-19 1:13:19	0.00	0.00	1.05	4.11	-3.06	0
2017-4-19 1:13:24	0.00	0.00	1.05	4.17	-3.12	0
2017-4-19 1:13:29	0.00	0.00	1.05	4.16	-3.11	0
2017-4-19 1:13:34	0.00	0.00	1.05	4.08	-3.03	0
2017-4-19 1:13:39	0.00	0.00	1.05	4.13	-3.08	0
2017-4-19 1:13:44	0.00	0.00	1.05	4.14	-3.09	0
2017-4-19 1:13:49	0.00	0.00	1.05	4.07	-3.02	0
2017-4-19 1:13:54	0.00	0.00	1.05	4.08	-3.03	0
2017-4-19 1:13:59	0.00	0.00	1.05	4.09	-3.04	0
2017-4-19 1:14:4	0.00	0.00	1.05	4.09	-3.04	0
2017-4-19 1:14:9	0.00	0.00	1.05	4.13	-3.08	0
2017-4-19 1:14:15	0.00	0.00	1.05	4.13	-3.08	0
2017-4-19 1:14:20	0.00	0.00	1.05	4.13	-3.08	0
2017-4-19 1:14:25	0.00	0.00	1.05	4.11	-3.06	0
2017-4-19 1:14:30	0.00	0.00	1.05	4.12	-3.07	0
2017-4-19 1:14:35	0.00	0.00	1.05	4.15	-3.10	0
2017-4-19 1:14:40	0.00	0.00	1.05	4.17	-3.12	0
2017-4-19 1:14:45	0.00	0.00	1.05	4.11	-3.06	0
2017-4-19 1:14:50	0.00	0.00	1.05	4.15	-3.10	0
2017-4-19 1:14:55	0.00	0.00	1.05	4.09	-3.04	0
2017-4-19 1:15:0	0.00	0.00	1.05	4.10	-3.05	0
2017-4-19 1:15:5	0.00	0.00	1.05	4.18	-3.13	0
2017-4-19 1:15:10	0.00	0.00	1.05	4.10	-3.05	0
2017-4-19 1:15:15	0.00	0.00	1.05	4.10	-3.05	0
2017-4-19 1:15:20	0.00	0.00	1.05	4.17	-3.12	0
2017-4-19 1:15:25	0.00	0.00	1.05	4.08	-3.03	0
2017-4-19 1:15:30	0.00	0.00	1.05	4.20	-3.15	0
2017-4-19 1:15:35	0.00	0.00	1.05	4.17	-3.12	0
2017-4-19 1:15:40	0.00	0.00	1.05	4.18	-3.13	0
2017-4-19 1:15:45	0.00	0.00	1.05	4.17	-3.12	0
2017-4-19 1:15:50	0.00	0.00	1.05	4.17	-3.12	0
2017-4-19 1:15:55	0.00	0.00	1.05	4.17	-3.12	0
2017-4-19 1:16:0	0.00	0.00	1.05	4.17	-3.12	0
2017-4-19 1:16:5	0.00	0.00	1.05	4.08	-3.03	0
2017-4-19 1:16:10	0.00	0.00	1.05	4.08	-3.03	0
2017-4-19 1:16:15	0.00	0.00	1.05	4.11	-3.06	0
2017-4-19 1:16:20	0.00	0.00	1.05	4.12	-3.07	0
2017-4-19 1:16:25	0.00	0.00	1.05	4.15	-3.10	0
2017-4-19 1:16:30	0.00	0.00	1.05	4.07	-3.02	0
2017-4-19 1:16:35	0.00	0.00	1.05	4.15	-3.10	0
2017-4-19 1:16:40	0.00	0.00	1.05	4.17	-3.12	0
2017-4-19 1:16:45	0.00	0.00	1.05	4.16	-3.11	0
2017-4-19 1:16:50	0.00	0.00	1.05	4.06	-3.01	0
2017-4-19 1:16:55	0.00	0.00	1.05	4.07	-3.02	0
2017-4-19 1:17:0	0.00	0.00	1.05	4.15	-3.10	0
2017-4-19 1:17:5	0.00	0.00	1.05	4.14	-3.09	0
2017-4-19 1:17:10	0.00	0.00	1.05	4.07	-3.02	0
2017-4-19 1:17:15	0.00	0.00	1.05	4.12	-3.07	0
2017-4-19 1:17:20	0.00	0.00	1.05	4.12	-3.07	0
2017-4-19 1:17:25	0.00	0.00	1.05	4.13	-3.08	0
2017-4-19 1:17:30	0.00	0.00	1.05	4.11	-3.06	0
2017-4-19 1:17:35	0.00	0.00	1.05	4.15	-3.10	0
2017-4-19 1:17:40	0.00	0.00	1.05	4.22	-3.17	0
2017-4-19 1:17:45	0.00	0.00	1.05	4.10	-3.05	0
2017-4-19 1:17:50	0.00	0.00	1.05	4.17	-3.12	0
2017-4-19 1:17:55	0.00	0.00	1.05	4.09	-3.04	0
2017-4-19 1:18:0	0.00	0.00	1.05	4.09	-3.04	0
2017-4-19 1:18:5	0.00	0.00	1.05	4.19	-3.14	0
2017-4-19 1:18:10	0.00	0.00	1.05	4.09	-3.04	0
2017-4-19 1:18:15	0.00	0.00	1.05	4.19	-3.14	0
2017-4-19 1:18:20	0.00	0.00	1.05	4.09	-3.04	0
2017-4-19 1:18:25	0.00	0.00	1.05	4.14	-3.09	0
2017-4-19 1:18:30	0.00	0.00	1.05	4.13	-3.08	0
2017-4-19 1:18:35	0.00	0.00	1.05	4.14	-3.09	0
2017-4-19 1:18:40	0.00	0.00	1.05	4.07	-3.02	0
2017-4-19 1:18:45	0.00	0.00	1.05	4.18	-3.13	0
2017-4-19 1:18:50	0.00	0.00	1.05	4.17	-3.12	0
2017-4-19 1:18:55	0.00	0.00	1.05	4.08	-3.03	0
2017-4-19 1:19:0	0.00	0.00	1.05	4.15	-3.10	0
2017-4-19 1:19:5	0.00	0.00	1.05	4.07	-3.02	0
2017-4-19 1:19:10	0.00	0.00	1.05	4.06	-3.01	0
2017-4-19 1:19:15	0.00	0.00	1.05	4.12	-3.07	0
2017-4-19 1:19:20	0.00	0.00	1.05	4.11	-3.06	0
2017-4-19 1:19:25	0.00	0.00	1.05	4.12	-3.07	0
2017-4-19 1:19:30	0.00	0.00	1.05	4.11	-3.06	0
2017-4-19 1:19:35	0.00	0.00	1.05	4.14	-3.09	0
2017-4-19 1:19:40	0.00	0.00	1.05	4.12	-3.07	0
2017-4-19 1:19:45	0.00	0.00	1.05	4.11	-3.06	0
2017-4-19 1:19:50	0.00	0.00	1.05	4.16	-3.11	0
2017-4-19 1:19:55	0.00	0.00	1.05	4.17	-3.12	0
2017-4-19 1:20:0	0.00	0.00	1.05	4.09	-3.04	0
2017-4-19 1:20:5	0.00	0.00	1.05	4.07	-3.02	0
2017-4-19 1:20:10	0.00	0.00	1.05	4.08	-3.03	0
2017-4-19 1:20:15	0.00	0.00	1.05	4.07	-3.02	0
2017-4-19 1:20:20	0.00	0.00	1.05	4.07	-3.02	0
2017-4-19 1:20:25	0.00	0.00	1.05	4.21	-3.16	0
2017-4-19 1:20:30	0.00	0.00	1.05	4.09	-3.04	0
2017-4-19 1:20:35	0.00	0.00	1.05	4.17	-3.12	0
2017-4-19 1:20:40	0.00	0.00	1.05	4.06	-3.01	0
2017-4-19 1:20:45	0.00	0.00	1.05	4.17	-3.12	0
2017-4-19 1:20:50	0.00	0.00	1.05	4.15	-3.10	0
2017-4-19 1:20:55	0.00	0.00	1.05	4.15	-3.10	0
2017-4-19 1:21:0	0.00	0.00	1.05	4.15	-3.10	0
2017-4-19 1:21:5	0.00	0.00	1.05	4.15	-3.10	0
2017-4-19 1:21:10	0.00	0.00	1.05	4.07	-3.02	0
2017-4-19 1:21:15	0.00	0.00	1.05	4.13	-3.08	0
2017-4-19 1:21:20	0.00	0.00	1.05	4.16	-3.11	0
2017-4-19 1:21:25	0.00	0.00	1.05	4.17	-3.12	0
2017-4-19 1:21:30	0.00	0.00	1.05	4.07	-3.02	0
2017-4-19 1:21:35	0.00	0.00	1.05	4.11	-3.06	0
2017-4-19 1:21:40	0.00	0.00	1.05	4.11	-3.06	0
2017-4-19 1:21:45	0.00	0.00	1.05	4.14	-3.09	0
2017-4-19 1:21:50	0.00	0.00	1.05	4.06	-3.01	0
2017-4-19 1:21:55	0.00	0.00	1.05	4.14	-3.09	0
2017-4-19 1:22:0	0.00	0.00	1.05	4.13	-3.08	0
2017-4-19 1:22:5	0.00	0.00	1.05	4.07	-3.02	0
2017-4-19 1:22:10	0.00	0.00	1.05	4.10	-3.05	0
2017-4-19 1:22:15	0.00	0.00	1.05	4.13	-3.08	0
2017-4-19 1:22:20	0.00	0.00	1.05	4.10	-3.05	0
2017-4-19 1:22:25	0.00	0.00	1.05	4.13	-3.08	0
2017-4-19 1:22:30	0.00	0.00	1.05	4.12	-3.07	0
2017-4-19 1:22:35	0.00	0.00	1.05	4.14	-3.09	0
2017-4-19 1:22:40	0.00	0.00	1.05	4.13	-3.08	0
2017-4-19 1:22:45	0.00	0.00	1.05	4.12	-3.07	0
2017-4-19 1:22:50	0.00	0.00	1.05	4.15	-3.10	0
2017-4-19 1:22:55	0.00	0.00	1.05	4.11	-3.06	0
2017-4-19 1:23:0	0.00	0.00	1.05	4.17	-3.12	0
2017-4-19 1:23:5	0.00	0.00	1.05	4.19	-3.14	0
2017-4-19 1:23:10	0.00	0.00	1.05	4.10	-3.05	0
2017-4-19 1:23:15	0.00	0.00	1.05	4.19	-3.14	0
2017-4-19 1:23:20	0.00	0.00	1.05	4.18	-3.13	0
2017-4-19 1:23:25	0.00	0.00	1.05	4.08	-3.03	0
2017-4-19 1:23:30	0.00	0.00	1.05	4.13	-3.08	0
2017-4-19 1:23:35	0.00	0.00	1.05	4.08	-3.03	0
2017-4-19 1:23:40	0.00	0.00	1.05	4.09	-3.04	0
2017-4-19 1:23:45	0.00	0.00	1.05	4.16	-3.11	0
2017-4-19 1:23:50	0.00	0.00	1.05	4.17	-3.12	0
2017-4-19 1:23:55	0.00	0.00	1.05	4.09	-3.04	0
2017-4-19 1:24:0	0.00	0.00	1.05	4.17	-3.12	0
2017-4-19 1:24:5	0.00	0.00	1.05	4.13	-3.08	0
2017-4-19 1:24:10	0.00	0.00	1.05	4.11	-3.06	0
2017-4-19 1:24:15	0.00	0.00	1.05	4.13	-3.08	0
2017-4-19 1:24:20	0.00	0.00	1.05	4.12	-3.07	0
2017-4-19 1:24:25	0.00	0.00	1.05	4.13	-3.08	0
2017-4-19 1:24:30	0.00	0.00	1.05	4.13	-3.08	0
2017-4-19 1:24:35	0.00	0.00	1.05	4.11	-3.06	0
2017-4-19 1:24:40	0.00	0.00	1.05	4.13	-3.08	0
2017-4-19 1:24:45	0.00	0.00	1.05	4.15	-3.10	0
2017-4-19 1:24:50	0.00	0.00	1.05	4.17	-3.12	0
2017-4-19 1:24:55	0.00	0.00	1.05	4.17	-3.12	0
2017-4-19 1:25:0	0.00	0.00	1.05	4.18	-3.13	0
2017-4-19 1:25:5	0.00	0.00	1.05	4.17	-3.12	0
2017-4-19 1:25:10	0.00	0.00	1.05	4.19	-3.14	0
2017-4-19 1:25:15	0.00	0.00	1.05	4.10	-3.05	0
2017-4-19 1:25:21	0.00	0.00	1.05	4.17	-3.12	0
2017-4-19 1:25:26	0.00	0.00	1.05	4.08	-3.03	0
2017-4-19 1:25:31	0.00	0.00	1.05	4.08	-3.03	0
2017-4-19 1:25:36	0.00	0.00	1.05	4.17	-3.12	0
2017-4-19 1:25:41	0.00	0.00	1.05	4.07	-3.02	0
2017-4-19 1:25:46	0.00	0.00	1.05	4.08	-3.03	0
2017-4-19 1:25:51	0.00	0.00	1.05	4.15	-3.10	0
2017-4-19 1:25:56	0.00	0.00	1.05	4.06	-3.01	0
2017-4-19 1:26:1	0.00	0.00	1.05	4.15	-3.10	0
2017-4-19 1:26:6	0.00	0.00	1.05	4.15	-3.10	0
2017-4-19 1:26:11	0.00	0.00	1.05	4.15	-3.10	0
2017-4-19 1:26:16	0.00	0.00	1.05	4.14	-3.09	0
2017-4-19 1:26:21	0.00	0.00	1.05	4.15	-3.10	0
2017-4-19 1:26:26	0.00	0.00	1.05	4.13	-3.08	0
2017-4-19 1:26:31	0.00	0.00	1.05	4.19	-3.14	0
2017-4-19 1:26:36	0.00	0.00	1.05	4.09	-3.04	0
2017-4-19 1:26:41	0.00	0.00	1.05	4.13	-3.08	0
2017-4-19 1:26:46	0.00	0.00	1.05	4.11	-3.06	0
2017-4-19 1:26:51	0.00	0.00	1.05	4.16	-3.11	0
2017-4-19 1:26:56	0.00	0.00	1.05	4.11	-3.06	0
2017-4-19 1:27:1	0.00	0.00	1.05	4.16	-3.11	0
2017-4-19 1:27:6	0.00	0.00	1.05	4.17	-3.12	0
2017-4-19 1:27:11	0.00	0.00	1.05	4.09	-3.04	0
2017-4-19 1:27:16	0.00	0.00	1.05	4.19	-3.14	0
2017-4-19 1:27:21	0.00	0.00	1.05	4.09	-3.04	0
2017-4-19 1:27:26	0.00	0.00	1.05	4.09	-3.04	0
2017-4-19 1:27:31	0.00	0.00	1.05	4.07	-3.02	0
2017-4-19 1:27:36	0.00	0.00	1.05	4.09	-3.04	0
2017-4-19 1:27:41	0.00	0.00	1.05	4.21	-3.16	0
2017-4-19 1:27:46	0.00	0.00	1.05	4.08	-3.03	0
2017-4-19 1:27:51	0.00	0.00	1.05	4.16	-3.11	0
2017-4-19 1:27:56	0.00	0.00	1.05	4.18	-3.13	0
2017-4-19 1:28:1	0.00	0.00	1.05	4.07	-3.02	0
2017-4-19 1:28:6	0.00	0.00	1.05	4.14	-3.09	0
2017-4-19 1:28:11	0.00	0.00	1.05	4.13	-3.08	0
2017-4-19 1:28:16	0.00	0.00	1.05	4.10	-3.05	0
2017-4-19 1:28:21	0.00	0.00	1.05	4.11	-3.06	0
2017-4-19 1:28:26	0.00	0.00	1.05	4.19	-3.14	0
2017-4-19 1:28:31	0.00	0.00	1.05	4.17	-3.12	0
2017-4-19 1:28:36	0.00	0.00	1.05	4.10	-3.05	0
2017-4-19 1:28:41	0.00	0.00	1.05	4.13	-3.08	0
2017-4-19 1:28:46	0.00	0.00	1.05	4.12	-3.07	0
2017-4-19 1:28:51	0.00	0.00	1.05	4.12	-3.07	0
2017-4-19 1:28:56	0.00	0.00	1.05	4.13	-3.08	0
2017-4-19 1:29:1	0.00	0.00	1.05	4.11	-3.06	0
2017-4-19 1:29:6	0.00	0.00	1.05	4.11	-3.06	0
2017-4-19 1:29:11	0.00	0.00	1.05	4.10	-3.05	0
2017-4-19 1:29:16	0.00	0.00	1.05	4.07	-3.02	0
2017-4-19 1:29:21	0.00	0.00	1.05	4.08	-3.03	0
2017-4-19 1:29:26	0.00	0.00	1.05	4.14	-3.09	0
2017-4-19 1:29:31	0.00	0.00	1.05	4.09	-3.04	0
2017-4-19 1:29:36	0.00	0.00	1.05	4.08	-3.03	0
2017-4-19 1:29:41	0.00	0.00	1.05	4.07	-3.02	0
2017-4-19 1:29:46	0.00	0.00	1.05	4.15	-3.10	0
2017-4-19 1:29:51	0.00	0.00	1.05	4.07	-3.02	0
2017-4-19 1:29:56	0.00	0.00	1.05	4.07	-3.02	0
2017-4-19 1:30:1	0.00	0.00	1.05	4.13	-3.08	0
2017-4-19 1:30:6	0.00	0.00	1.05	4.08	-3.03	0
2017-4-19 1:30:11	0.00	0.00	1.05	4.12	-3.07	0
2017-4-19 1:30:16	0.00	0.00	1.05	4.12	-3.07	0
2017-4-19 1:30:21	0.00	0.00	1.05	4.13	-3.08	0
2017-4-19 1:30:26	0.00	0.00	1.05	4.11	-3.06	0
2017-4-19 1:30:31	0.00	0.00	1.05	4.14	-3.09	0
2017-4-19 1:30:36	0.00	0.00	1.05	4.14	-3.09	0
2017-4-19 1:30:41	0.00	0.00	1.05	4.15	-3.10	0
2017-4-19 1:30:46	0.00	0.00	1.05	4.15	-3.10	0
2017-4-19 1:30:51	0.00	0.00	1.05	4.16	-3.11	0
2017-4-19 1:30:56	0.00	0.00	1.05	4.09	-3.04	0
2017-4-19 1:31:1	0.00	0.00	1.05	4.10	-3.05	0
2017-4-19 1:31:6	0.00	0.00	1.05	4.09	-3.04	0
2017-4-19 1:31:11	0.00	0.00	1.05	4.08	-3.03	0
2017-4-19 1:31:16	0.00	0.00	1.05	4.09	-3.04	0
2017-4-19 1:31:21	0.00	0.00	1.05	4.17	-3.12	0
2017-4-19 1:31:26	0.00	0.00	1.05	4.14	-3.09	0
2017-4-19 1:31:31	0.00	0.00	1.05	4.13	-3.08	0
2017-4-19 1:31:36	0.00	0.00	1.05	4.11	-3.06	0
2017-4-19 1:31:41	0.00	0.00	1.05	4.10	-3.05	0
2017-4-19 1:31:46	0.00	0.00	1.05	4.13	-3.08	0
2017-4-19 1:31:51	0.00	0.00	1.05	4.11	-3.06	0
2017-4-19 1:31:56	0.00	0.00	1.05	4.14	-3.09	0
2017-4-19 1:32:1	0.00	0.00	1.05	4.11	-3.06	0
2017-4-19 1:32:6	0.00	0.00	1.05	4.17	-3.12	0
2017-4-19 1:32:11	0.00	0.00	1.05	4.18	-3.13	0
2017-4-19 1:32:16	0.00	0.00	1.05	4.09	-3.04	0
2017-4-19 1:32:21	0.00	0.00	1.05	4.19	-3.14	0
2017-4-19 1:32:26	0.00	0.00	1.05	4.18	-3.13	0
2017-4-19 1:32:31	0.00	0.00	1.05	4.09	-3.04	0
2017-4-19 1:32:36	0.00	0.00	1.05	4.17	-3.12	0
2017-4-19 1:32:41	0.00	0.00	1.05	4.16	-3.11	0
2017-4-19 1:32:46	0.00	0.00	1.05	4.15	-3.10	0
2017-4-19 1:32:51	0.00	0.00	1.05	4.08	-3.03	0
2017-4-19 1:32:56	0.00	0.00	1.05	4.15	-3.10	0
2017-4-19 1:33:1	0.00	0.00	1.05	4.05	-3.00	0
2017-4-19 1:33:6	0.00	0.00	1.05	4.09	-3.04	0
2017-4-19 1:33:11	0.00	0.00	1.05	4.12	-3.07	0
2017-4-19 1:33:16	0.00	0.00	1.05	4.09	-3.04	0
2017-4-19 1:33:21	0.00	0.00	1.05	4.11	-3.06	0
2017-4-19 1:33:26	0.00	0.00	1.05	4.12	-3.07	0
2017-4-19 1:33:31	0.00	0.00	1.05	4.12	-3.07	0
2017-4-19 1:33:36	0.00	0.00	1.05	4.11	-3.06	0
2017-4-19 1:33:41	0.00	0.00	1.05	4.11	-3.06	0
2017-4-19 1:33:46	0.00	0.00	1.05	4.11	-3.06	0
2017-4-19 1:33:51	0.00	0.00	1.05	4.18	-3.13	0
2017-4-19 1:33:56	0.00	0.00	1.05	4.09	-3.04	0
2017-4-19 1:34:1	0.00	0.00	1.05	4.19	-3.14	0
2017-4-19 1:34:6	0.00	0.00	1.05	4.18	-3.13	0
2017-4-19 1:34:11	0.00	0.00	1.05	4.18	-3.13	0
2017-4-19 1:34:16	0.00	0.00	1.05	4.07	-3.02	0
2017-4-19 1:34:21	0.00	0.00	1.05	4.07	-3.02	0
2017-4-19 1:34:26	0.00	0.00	1.05	4.15	-3.10	0
2017-4-19 1:34:31	0.00	0.00	1.05	4.07	-3.02	0
2017-4-19 1:34:36	0.00	0.00	1.05	4.15	-3.10	0
2017-4-19 1:34:41	0.00	0.00	1.05	4.15	-3.10	0
2017-4-19 1:34:46	0.00	0.00	1.05	4.10	-3.05	0
2017-4-19 1:34:51	0.00	0.00	1.05	4.10	-3.05	0
2017-4-19 1:34:56	0.00	0.00	1.05	4.10	-3.05	0
2017-4-19 1:35:1	0.00	0.00	1.05	4.19	-3.14	0
2017-4-19 1:35:6	0.00	0.00	1.05	4.09	-3.04	0
2017-4-19 1:35:11	0.00	0.00	1.05	4.16	-3.11	0
2017-4-19 1:35:16	0.00	0.00	1.05	4.17	-3.12	0
2017-4-19 1:35:21	0.00	0.00	1.05	4.08	-3.03	0
2017-4-19 1:35:26	0.00	0.00	1.05	4.10	-3.05	0
2017-4-19 1:35:31	0.00	0.00	1.05	4.16	-3.11	0
2017-4-19 1:35:36	0.00	0.00	1.05	4.07	-3.02	0
2017-4-19 1:35:41	0.00	0.00	1.05	4.15	-3.10	0
2017-4-19 1:35:46	0.00	0.00	1.05	4.07	-3.02	0
2017-4-19 1:35:51	0.00	0.00	1.05	4.15	-3.10	0
2017-4-19 1:35:56	0.00	0.00	1.05	4.15	-3.10	0
2017-4-19 1:36:1	0.00	0.00	1.05	4.07	-3.02	0
2017-4-19 1:36:6	0.00	0.00	1.05	4.08	-3.03	0
2017-4-19 1:36:11	0.00	0.00	1.05	4.07	-3.02	0
2017-4-19 1:36:16	0.00	0.00	1.05	4.09	-3.04	0
2017-4-19 1:36:22	0.00	0.00	1.05	4.13	-3.08	0
2017-4-19 1:36:27	0.00	0.00	1.05	4.15	-3.10	0
2017-4-19 1:36:32	0.00	0.00	1.05	4.07	-3.02	0
2017-4-19 1:36:37	0.00	0.00	1.05	4.08	-3.03	0
2017-4-19 1:36:42	0.00	0.00	1.05	4.09	-3.04	0
2017-4-19 1:36:47	0.00	0.00	1.05	4.17	-3.12	0
2017-4-19 1:36:52	0.00	0.00	1.05	4.07	-3.02	0
2017-4-19 1:36:57	0.00	0.00	1.05	4.16	-3.11	0
2017-4-19 1:37:2	0.00	0.00	1.05	4.17	-3.12	0
2017-4-19 1:37:7	0.00	0.00	1.05	4.07	-3.02	0
2017-4-19 1:37:12	0.00	0.00	1.05	4.16	-3.11	0
2017-4-19 1:37:17	0.00	0.00	1.05	4.15	-3.10	0
2017-4-19 1:37:22	0.00	0.00	1.05	4.09	-3.04	0
2017-4-19 1:37:27	0.00	0.00	1.05	4.11	-3.06	0
2017-4-19 1:37:32	0.00	0.00	1.05	4.13	-3.08	0
2017-4-19 1:37:37	0.00	0.00	1.05	4.12	-3.07	0
2017-4-19 1:37:42	0.00	0.00	1.05	4.11	-3.06	0
2017-4-19 1:37:47	0.00	0.00	1.05	4.12	-3.07	0
2017-4-19 1:37:52	0.00	0.00	1.05	4.12	-3.07	0
2017-4-19 1:37:57	0.00	0.00	1.05	4.12	-3.07	0
2017-4-19 1:38:2	0.00	0.00	1.05	4.11	-3.06	0
2017-4-19 1:38:7	0.00	0.00	1.05	4.11	-3.06	0
2017-4-19 1:38:12	0.00	0.00	1.05	4.11	-3.06	0
2017-4-19 1:38:17	0.00	0.00	1.05	4.15	-3.10	0
2017-4-19 1:38:22	0.00	0.00	1.05	4.15	-3.10	0
2017-4-19 1:38:27	0.00	0.00	1.05	4.11	-3.06	0
2017-4-19 1:38:32	0.00	0.00	1.05	4.17	-3.12	0
2017-4-19 1:38:37	0.00	0.00	1.05	4.13	-3.08	0
2017-4-19 1:38:42	0.00	0.00	1.05	4.18	-3.13	0
2017-4-19 1:38:47	0.00	0.00	1.05	4.16	-3.11	0
2017-4-19 1:38:52	0.00	0.00	1.05	4.09	-3.04	0
2017-4-19 1:38:57	0.00	0.00	1.05	4.08	-3.03	0
2017-4-19 1:39:2	0.00	0.00	1.05	4.08	-3.03	0
2017-4-19 1:39:7	0.00	0.00	1.05	4.09	-3.04	0
2017-4-19 1:39:12	0.00	0.00	1.05	4.12	-3.07	0
2017-4-19 1:39:17	0.00	0.00	1.05	4.13	-3.08	0
2017-4-19 1:39:22	0.00	0.00	1.05	4.13	-3.08	0
2017-4-19 1:39:27	0.00	0.00	1.05	4.12	-3.07	0
2017-4-19 1:39:32	0.00	0.00	1.05	4.12	-3.07	0
2017-4-19 1:39:37	0.00	0.00	1.05	4.11	-3.06	0
2017-4-19 1:39:42	0.00	0.00	1.05	4.15	-3.10	0
2017-4-19 1:39:47	0.00	0.00	1.05	4.11	-3.06	0
2017-4-19 1:39:52	0.00	0.00	1.05	4.15	-3.10	0
2017-4-19 1:39:57	0.00	0.00	1.05	4.17	-3.12	0
2017-4-19 1:40:2	0.00	0.00	1.05	4.10	-3.05	0
2017-4-19 1:40:7	0.00	0.00	1.05	4.17	-3.12	0
2017-4-19 1:40:12	0.00	0.00	1.05	4.17	-3.12	0
2017-4-19 1:40:17	0.00	0.00	1.05	4.06	-3.01	0
2017-4-19 1:40:22	0.00	0.00	1.05	4.19	-3.14	0
2017-4-19 1:40:27	0.00	0.00	1.05	4.07	-3.02	0
2017-4-19 1:40:32	0.00	0.00	1.05	4.09	-3.04	0
2017-4-19 1:40:37	0.00	0.00	1.05	4.17	-3.12	0
2017-4-19 1:40:42	0.00	0.00	1.05	4.07	-3.02	0
2017-4-19 1:40:47	0.00	0.00	1.05	4.07	-3.02	0
2017-4-19 1:40:52	0.00	0.00	1.05	4.09	-3.04	0
2017-4-19 1:40:57	0.00	0.00	1.05	4.07	-3.02	0
2017-4-19 1:41:2	0.00	0.00	1.05	4.13	-3.08	0
2017-4-19 1:41:7	0.00	0.00	1.05	4.13	-3.08	0
2017-4-19 1:41:12	0.00	0.00	1.05	4.13	-3.08	0
2017-4-19 1:41:17	0.00	0.00	1.05	4.13	-3.08	0
2017-4-19 1:41:22	0.00	0.00	1.05	4.09	-3.04	0
2017-4-19 1:41:27	0.00	0.00	1.05	4.12	-3.07	0
2017-4-19 1:41:32	0.00	0.00	1.05	4.12	-3.07	0
2017-4-19 1:41:37	0.00	0.00	1.05	4.13	-3.08	0
2017-4-19 1:41:42	0.00	0.00	1.05	4.11	-3.06	0
2017-4-19 1:41:47	0.00	0.00	1.05	4.13	-3.08	0
2017-4-19 1:41:52	0.00	0.00	1.05	4.14	-3.09	0
2017-4-19 1:41:57	0.00	0.00	1.05	4.11	-3.06	0
2017-4-19 1:42:2	0.00	0.00	1.05	4.18	-3.13	0
2017-4-19 1:42:7	0.00	0.00	1.05	4.10	-3.05	0
2017-4-19 1:42:12	0.00	0.00	1.05	4.09	-3.04	0
2017-4-19 1:42:17	0.00	0.00	1.05	4.17	-3.12	0
2017-4-19 1:42:22	0.00	0.00	1.05	4.18	-3.13	0
2017-4-19 1:42:27	0.00	0.00	1.05	4.17	-3.12	0
2017-4-19 1:42:32	0.00	0.00	1.05	4.08	-3.03	0
2017-4-19 1:42:37	0.00	0.00	1.05	4.09	-3.04	0
2017-4-19 1:42:42	0.00	0.00	1.05	4.21	-3.16	0
2017-4-19 1:42:47	0.00	0.00	1.05	4.18	-3.13	0
2017-4-19 1:42:52	0.00	0.00	1.05	4.10	-3.05	0
2017-4-19 1:42:57	0.00	0.00	1.05	4.09	-3.04	0
2017-4-19 1:43:2	0.00	0.00	1.05	4.17	-3.12	0
2017-4-19 1:43:7	0.00	0.00	1.05	4.11	-3.06	0
2017-4-19 1:43:12	0.00	0.00	1.05	4.17	-3.12	0
2017-4-19 1:43:17	0.00	0.00	1.05	4.12	-3.07	0
2017-4-19 1:43:22	0.00	0.00	1.05	4.10	-3.05	0
2017-4-19 1:43:27	0.00	0.00	1.05	4.09	-3.04	0
2017-4-19 1:43:32	0.00	0.00	1.05	4.09	-3.04	0
2017-4-19 1:43:37	0.00	0.00	1.05	4.18	-3.13	0
2017-4-19 1:43:42	0.00	0.00	1.05	4.08	-3.03	0
2017-4-19 1:43:47	0.00	0.00	1.05	4.17	-3.12	0
2017-4-19 1:43:52	0.00	0.00	1.05	4.17	-3.12	0
2017-4-19 1:43:57	0.00	0.00	1.05	4.13	-3.08	0
2017-4-19 1:44:2	0.00	0.00	1.05	4.13	-3.08	0
2017-4-19 1:44:7	0.00	0.00	1.05	4.12	-3.07	0
2017-4-19 1:44:12	0.00	0.00	1.05	4.13	-3.08	0
2017-4-19 1:44:17	0.00	0.00	1.05	4.11	-3.06	0
2017-4-19 1:44:22	0.00	0.00	1.05	4.15	-3.10	0
2017-4-19 1:44:27	0.00	0.00	1.05	4.15	-3.10	0
2017-4-19 1:44:32	0.00	0.00	1.05	4.10	-3.05	0
2017-4-19 1:44:37	0.00	0.00	1.05	4.15	-3.10	0
2017-4-19 1:44:42	0.00	0.00	1.05	4.08	-3.03	0
2017-4-19 1:44:47	0.00	0.00	1.05	4.17	-3.12	0
2017-4-19 1:44:52	0.00	0.00	1.05	4.09	-3.04	0
2017-4-19 1:44:57	0.00	0.00	1.05	4.17	-3.12	0
2017-4-19 1:45:2	0.00	0.00	1.05	4.15	-3.10	0
2017-4-19 1:45:7	0.00	0.00	1.05	4.07	-3.02	0
2017-4-19 1:45:12	0.00	0.00	1.05	4.16	-3.11	0
2017-4-19 1:45:17	0.00	0.00	1.05	4.15	-3.10	0
2017-4-19 1:45:22	0.00	0.00	1.05	4.17	-3.12	0
2017-4-19 1:45:27	0.00	0.00	1.05	4.05	-3.00	0
2017-4-19 1:45:32	0.00	0.00	1.05	4.11	-3.06	0
2017-4-19 1:45:37	0.00	0.00	1.05	4.10	-3.05	0
2017-4-19 1:45:42	0.00	0.00	1.05	4.14	-3.09	0
2017-4-19 1:45:47	0.00	0.00	1.05	4.10	-3.05	0
2017-4-19 1:45:52	0.00	0.00	1.05	4.11	-3.06	0
2017-4-19 1:45:57	0.00	0.00	1.05	4.16	-3.11	0
2017-4-19 1:46:2	0.00	0.00	1.05	4.10	-3.05	0
2017-4-19 1:46:7	0.00	0.00	1.05	4.17	-3.12	0
2017-4-19 1:46:12	0.00	0.00	1.05	4.17	-3.12	0
2017-4-19 1:46:17	0.00	0.00	1.05	4.09	-3.04	0
2017-4-19 1:46:22	0.00	0.00	1.05	4.17	-3.12	0
2017-4-19 1:46:27	0.00	0.00	1.05	4.09	-3.04	0
2017-4-19 1:46:32	0.00	0.00	1.05	4.09	-3.04	0
2017-4-19 1:46:37	0.00	0.00	1.05	4.07	-3.02	0
2017-4-19 1:46:42	0.00	0.00	1.05	4.16	-3.11	0
2017-4-19 1:46:47	0.00	0.00	1.05	4.15	-3.10	0
2017-4-19 1:46:52	0.00	0.00	1.05	4.07	-3.02	0
2017-4-19 1:46:58	0.00	0.00	1.05	4.15	-3.10	0
2017-4-19 1:47:3	0.00	0.00	1.05	4.06	-3.01	0
2017-4-19 1:47:8	0.00	0.00	1.05	4.07	-3.02	0
2017-4-19 1:47:13	0.00	0.00	1.05	4.03	-2.98	0
2017-4-19 1:47:18	0.00	0.00	1.05	4.12	-3.07	0
2017-4-19 1:47:23	0.00	0.00	1.05	4.11	-3.06	0
2017-4-19 1:47:28	0.00	0.00	1.05	4.10	-3.05	0
2017-4-19 1:47:33	0.00	0.00	1.05	4.11	-3.06	0
2017-4-19 1:47:38	0.00	0.00	1.05	4.17	-3.12	0
2017-4-19 1:47:43	0.00	0.00	1.05	4.17	-3.12	0
2017-4-19 1:47:48	0.00	0.00	1.05	4.17	-3.12	0
2017-4-19 1:47:53	0.00	0.00	1.05	4.13	-3.08	0
2017-4-19 1:47:58	0.00	0.00	1.05	4.13	-3.08	0
2017-4-19 1:48:3	0.00	0.00	1.05	4.09	-3.04	0
2017-4-19 1:48:8	0.00	0.00	1.05	4.09	-3.04	0
2017-4-19 1:48:13	0.00	0.00	1.05	4.17	-3.12	0
2017-4-19 1:48:18	0.00	0.00	1.05	4.17	-3.12	0
2017-4-19 1:48:23	0.00	0.00	1.05	4.07	-3.02	0
2017-4-19 1:48:28	0.00	0.00	1.05	4.09	-3.04	0
2017-4-19 1:48:33	0.00	0.00	1.05	4.07	-3.02	0
2017-4-19 1:48:38	0.00	0.00	1.05	4.16	-3.11	0
2017-4-19 1:48:43	0.00	0.00	1.05	4.16	-3.11	0
2017-4-19 1:48:48	0.00	0.00	1.05	4.06	-3.01	0
2017-4-19 1:48:53	0.00	0.00	1.05	4.07	-3.02	0
2017-4-19 1:48:58	0.00	0.00	1.05	4.16	-3.11	0
2017-4-19 1:49:3	0.00	0.00	1.05	4.10	-3.05	0
2017-4-19 1:49:8	0.00	0.00	1.05	4.07	-3.02	0
2017-4-19 1:49:13	0.00	0.00	1.05	4.16	-3.11	0
2017-4-19 1:49:18	0.00	0.00	1.05	4.16	-3.11	0
2017-4-19 1:49:23	0.00	0.00	1.05	4.14	-3.09	0
2017-4-19 1:49:28	0.00	0.00	1.05	4.07	-3.02	0
2017-4-19 1:49:33	0.00	0.00	1.05	4.13	-3.08	0
2017-4-19 1:49:38	0.00	0.00	1.05	4.14	-3.09	0
2017-4-19 1:49:43	0.00	0.00	1.05	4.13	-3.08	0
2017-4-19 1:49:48	0.00	0.00	1.05	4.08	-3.03	0
2017-4-19 1:49:53	0.00	0.00	1.05	4.07	-3.02	0
2017-4-19 1:49:58	0.00	0.00	1.05	4.17	-3.12	0
2017-4-19 1:50:3	0.00	0.00	1.05	4.17	-3.12	0
2017-4-19 1:50:8	0.00	0.00	1.05	4.07	-3.02	0
2017-4-19 1:50:13	0.00	0.00	1.05	4.10	-3.05	0
2017-4-19 1:50:18	0.00	0.00	1.05	4.09	-3.04	0
2017-4-19 1:50:23	0.00	0.00	1.05	4.17	-3.12	0
2017-4-19 1:50:28	0.00	0.00	1.05	4.09	-3.04	0
2017-4-19 1:50:33	0.00	0.00	1.05	4.14	-3.09	0
2017-4-19 1:50:38	0.00	0.00	1.05	4.13	-3.08	0
2017-4-19 1:50:43	0.00	0.00	1.05	4.09	-3.04	0
2017-4-19 1:50:48	0.00	0.00	1.05	4.09	-3.04	0
2017-4-19 1:50:53	0.00	0.00	1.05	4.11	-3.06	0
2017-4-19 1:50:58	0.00	0.00	1.05	4.14	-3.09	0
2017-4-19 1:51:3	0.00	0.00	1.05	4.16	-3.11	0
2017-4-19 1:51:8	0.00	0.00	1.05	4.08	-3.03	0
2017-4-19 1:51:13	0.00	0.00	1.05	4.16	-3.11	0
2017-4-19 1:51:18	0.00	0.00	1.05	4.15	-3.10	0
2017-4-19 1:51:23	0.00	0.00	1.05	4.07	-3.02	0
2017-4-19 1:51:28	0.00	0.00	1.05	4.15	-3.10	0
2017-4-19 1:51:33	0.00	0.00	1.05	4.07	-3.02	0
2017-4-19 1:51:38	0.00	0.00	1.05	4.08	-3.03	0
2017-4-19 1:51:43	0.00	0.00	1.05	4.14	-3.09	0
2017-4-19 1:51:48	0.00	0.00	1.05	4.06	-3.01	0
2017-4-19 1:51:53	0.00	0.00	1.05	4.15	-3.10	0
2017-4-19 1:51:58	0.00	0.00	1.05	4.14	-3.09	0
2017-4-19 1:52:3	0.00	0.00	1.05	4.09	-3.04	0
2017-4-19 1:52:8	0.00	0.00	1.05	4.09	-3.04	0
2017-4-19 1:52:13	0.00	0.00	1.05	4.09	-3.04	0
2017-4-19 1:52:18	0.00	0.00	1.05	4.17	-3.12	0
2017-4-19 1:52:23	0.00	0.00	1.05	4.07	-3.02	0
2017-4-19 1:52:28	0.00	0.00	1.05	4.17	-3.12	0
2017-4-19 1:52:33	0.00	0.00	1.05	4.17	-3.12	0
2017-4-19 1:52:38	0.00	0.00	1.05	4.15	-3.10	0
2017-4-19 1:52:43	0.00	0.00	1.05	4.16	-3.11	0
2017-4-19 1:52:48	0.00	0.00	1.05	4.09	-3.04	0
2017-4-19 1:52:53	0.00	0.00	1.05	4.18	-3.13	0
2017-4-19 1:52:58	0.00	0.00	1.05	4.19	-3.14	0
2017-4-19 1:53:3	0.00	0.00	1.05	4.17	-3.12	0
2017-4-19 1:53:8	0.00	0.00	1.05	4.07	-3.02	0
2017-4-19 1:53:13	0.00	0.00	1.05	4.17	-3.12	0
2017-4-19 1:53:18	0.00	0.00	1.05	4.23	-3.18	0
2017-4-19 1:53:23	0.00	0.00	1.05	4.07	-3.02	0
2017-4-19 1:53:28	0.00	0.00	1.05	4.15	-3.10	0
2017-4-19 1:53:33	0.00	0.00	1.05	4.09	-3.04	0
2017-4-19 1:53:38	0.00	0.00	1.05	4.21	-3.16	0
2017-4-19 1:53:43	0.00	0.00	1.05	4.11	-3.06	0
2017-4-19 1:53:48	0.00	0.00	1.05	4.17	-3.12	0
2017-4-19 1:53:53	0.00	0.00	1.05	4.17	-3.12	0
2017-4-19 1:53:58	0.00	0.00	1.05	4.11	-3.06	0
2017-4-19 1:54:3	0.00	0.00	1.05	4.11	-3.06	0
2017-4-19 1:54:8	0.00	0.00	1.05	4.09	-3.04	0
2017-4-19 1:54:13	0.00	0.00	1.05	4.15	-3.10	0
2017-4-19 1:54:18	0.00	0.00	1.05	4.10	-3.05	0
2017-4-19 1:54:23	0.00	0.00	1.05	4.18	-3.13	0
2017-4-19 1:54:28	0.00	0.00	1.05	4.07	-3.02	0
2017-4-19 1:54:34	0.00	0.00	1.05	4.13	-3.08	0
error: Forever detected script was killed by signal: SIGKILL
