Datum	m3 kapljicno	m3 trata	set point	kolicina v rezervoarju	odstopanje	ventil
ventilVodovodaDisabled 124 1
2017-4-21 15:57:22	0.00	0.00	1.05	36.70	-35.65	0
ventilVodovodaDisabled 124 1
2017-4-21 15:57:27	0.00	0.00	1.05	0.65	0.40
ventilVodovodaDisabled 124 1
2017-4-21 15:57:32	0.00	0.00	1.05	0.78	0.27
ventilVodovodaDisabled 124 1
2017-4-21 15:57:37	0.00	0.00	1.05	0.65	0.40
ventilVodovodaDisabled 124 1
2017-4-21 15:57:42	0.00	0.00	1.05	0.65	0.40
ventilVodovodaDisabled 124 1
2017-4-21 15:57:47	0.00	0.00	1.05	0.78	0.27
ventilVodovodaDisabled 124 1
2017-4-21 15:57:52	0.00	0.00	1.05	0.65	0.40
ventilVodovodaDisabled 124 1
2017-4-21 15:57:57	0.00	0.00	1.05	0.78	0.27
ventilVodovodaDisabled 124 1
2017-4-21 15:58:2	0.00	0.00	1.05	0.78	0.27
ventilVodovodaDisabled 124 1
2017-4-21 15:58:7	0.00	0.00	1.05	0.65	0.40
ventilVodovodaDisabled 124 1
2017-4-21 15:58:12	0.00	0.00	1.05	0.74	0.31
ventilVodovodaDisabled 124 1
2017-4-21 15:58:17	0.00	0.00	1.05	0.69	0.36
ventilVodovodaDisabled 124 1
2017-4-21 15:58:22	0.00	0.00	1.05	0.74	0.31
ventilVodovodaDisabled 124 1
2017-4-21 15:58:27	0.00	0.00	1.05	0.78	0.27
ventilVodovodaDisabled 124 1
2017-4-21 15:58:32	0.00	0.00	1.05	0.74	0.31
ventilVodovodaDisabled 124 1
2017-4-21 15:58:37	0.00	0.00	1.05	0.74	0.31
ventilVodovodaDisabled 124 1
2017-4-21 15:58:42	0.00	0.00	1.05	0.78	0.27
ventilVodovodaDisabled 124 1
2017-4-21 15:58:47	0.00	0.00	1.05	0.74	0.31
ventilVodovodaDisabled 124 1
2017-4-21 15:58:52	0.00	0.00	1.05	0.69	0.36
ventilVodovodaDisabled 124 1
2017-4-21 15:58:57	0.00	0.00	1.05	0.78	0.27
ventilVodovodaDisabled 124 1
2017-4-21 15:59:2	0.00	0.00	1.05	0.69	0.36
ventilVodovodaDisabled 124 1
2017-4-21 15:59:7	0.00	0.00	1.05	0.78	0.27
ventilVodovodaDisabled 124 1
2017-4-21 15:59:12	0.00	0.00	1.05	0.69	0.36
ventilVodovodaDisabled 124 1
2017-4-21 15:59:17	0.00	0.00	1.05	0.65	0.40
ventilVodovodaDisabled 124 1
2017-4-21 15:59:22	0.00	0.00	1.05	0.74	0.31
ventilVodovodaDisabled 124 1
2017-4-21 15:59:27	0.00	0.00	1.05	0.69	0.36
ventilVodovodaDisabled 124 1
2017-4-21 15:59:32	0.00	0.00	1.05	0.65	0.40
ventilVodovodaDisabled 124 1
2017-4-21 15:59:37	0.00	0.00	1.05	0.83	0.22
ventilVodovodaDisabled 124 1
2017-4-21 15:59:42	0.00	0.00	1.05	0.83	0.22
error: Forever detected script was killed by signal: SIGKILL
error: Script restart attempt #1
Datum	m3 kapljicno	m3 trata	set point	kolicina v rezervoarju	odstopanje	ventil
ventilVodovodaDisabled 124 1
2017-4-21 15:60:8	0.00	0.00	1.05	0.83	0.22
ventilVodovodaDisabled 124 1
2017-4-21 15:60:13	0.00	0.00	1.05	0.74	0.31
ventilVodovodaDisabled 124 1
2017-4-21 15:60:18	0.00	0.00	1.05	0.83	0.22
ventilVodovodaDisabled 124 1
2017-4-21 15:60:23	0.00	0.00	1.05	0.69	0.36
ventilVodovodaDisabled 124 1
2017-4-21 15:60:28	0.00	0.00	1.05	0.69	0.36
ventilVodovodaDisabled 124 1
2017-4-21 15:60:33	0.00	0.00	1.05	0.78	0.27
ventilVodovodaDisabled 124 1
2017-4-21 15:60:38	0.00	0.00	1.05	0.65	0.40
ventilVodovodaDisabled 124 1
2017-4-21 15:60:43	0.00	0.00	1.05	0.83	0.22
ventilVodovodaDisabled 124 1
2017-4-21 15:60:48	0.00	0.00	1.05	0.78	0.27
ventilVodovodaDisabled 124 1
2017-4-21 15:60:53	0.00	0.00	1.05	0.78	0.27
ventilVodovodaDisabled 124 1
2017-4-21 15:60:58	0.00	0.00	1.05	0.78	0.27
ventilVodovodaDisabled 124 1
2017-4-21 16:1:3	0.00	0.00	1.05	0.74	0.31
ventilVodovodaDisabled 124 1
2017-4-21 16:1:8	0.00	0.00	1.05	0.74	0.31
ventilVodovodaDisabled 124 1
2017-4-21 16:1:13	0.00	0.00	1.05	0.74	0.31
ventilVodovodaDisabled 124 1
2017-4-21 16:1:18	0.00	0.00	1.05	0.69	0.36
ventilVodovodaDisabled 124 1
2017-4-21 16:1:23	0.00	0.00	1.05	0.69	0.36
ventilVodovodaDisabled 124 1
2017-4-21 16:1:28	0.00	0.00	1.05	0.69	0.36
ventilVodovodaDisabled 124 1
2017-4-21 16:1:33	0.00	0.00	1.05	0.69	0.36
ventilVodovodaDisabled 124 1
2017-4-21 16:1:38	0.00	0.00	1.05	0.69	0.36
ventilVodovodaDisabled 124 1
2017-4-21 16:1:43	0.00	0.00	1.05	0.74	0.31
ventilVodovodaDisabled 124 1
2017-4-21 16:1:48	0.00	0.00	1.05	0.74	0.31
ventilVodovodaDisabled 124 1
2017-4-21 16:1:53	0.00	0.00	1.05	0.78	0.27
ventilVodovodaDisabled 124 1
2017-4-21 16:1:58	0.00	0.00	1.05	0.78	0.27
ventilVodovodaDisabled 124 1
2017-4-21 16:2:3	0.00	0.00	1.05	0.65	0.40
ventilVodovodaDisabled 124 1
2017-4-21 16:2:8	0.00	0.00	1.05	0.65	0.40
ventilVodovodaDisabled 124 1
2017-4-21 16:2:13	0.00	0.00	1.05	0.74	0.31
error: Forever detected script was killed by signal: SIGKILL
error: Script restart attempt #2
Datum	m3 kapljicno	m3 trata	set point	kolicina v rezervoarju	odstopanje	ventil
2017-4-21 16:2:35	0.00	0.00	1.05	0.83	0.22	-1
2017-4-21 16:2:40	0.00	0.00	1.05	0.74	0.31	-1
2017-4-21 16:2:45	0.00	0.00	1.05	0.74	0.31	-1
2017-4-21 16:2:50	0.00	0.00	1.05	0.78	0.27	-1
2017-4-21 16:2:55	0.00	0.00	1.05	0.78	0.27	-1
2017-4-21 16:3:0	0.00	0.00	1.05	0.74	0.31	-1
2017-4-21 16:3:5	0.00	0.00	1.05	0.74	0.31	-1
2017-4-21 16:3:10	0.00	0.00	1.05	0.69	0.36	-1
2017-4-21 16:3:15	0.00	0.00	1.05	0.69	0.36	-1
2017-4-21 16:3:20	0.00	0.00	1.05	0.69	0.36	-1
2017-4-21 16:3:25	0.00	0.00	1.05	0.74	0.31	-1
2017-4-21 16:3:30	0.00	0.00	1.05	0.78	0.27	1
2017-4-21 16:3:35	0.00	0.00	1.05	0.78	0.27	1
2017-4-21 16:3:40	0.00	0.00	1.05	0.69	0.36	1
2017-4-21 16:3:45	0.00	0.00	1.05	0.83	0.22	1
2017-4-21 16:3:50	0.00	0.00	1.05	0.83	0.22	1
2017-4-21 16:3:55	0.00	0.00	1.05	0.69	0.36	1
2017-4-21 16:4:0	0.00	0.00	1.05	0.69	0.36	1
2017-4-21 16:4:5	0.00	0.00	1.05	0.83	0.22	1
2017-4-21 16:4:10	0.00	0.00	1.05	0.87	0.18	1
2017-4-21 16:4:15	0.00	0.00	1.05	0.87	0.18	1
2017-4-21 16:4:20	0.00	0.00	1.05	0.87	0.18	1
2017-4-21 16:4:25	0.00	0.00	1.05	0.83	0.22	1
2017-4-21 16:4:30	0.00	0.00	1.05	1.00	0.05
2017-4-21 16:4:35	0.00	0.00	1.05	1.00	0.05
2017-4-21 16:4:40	0.00	0.00	1.05	0.83	0.22	-1
2017-4-21 16:4:45	0.00	0.00	1.05	0.96	0.09
2017-4-21 16:4:50	0.00	0.00	1.05	0.96	0.09
2017-4-21 16:4:55	0.00	0.00	1.05	0.91	0.14
2017-4-21 16:5:0	0.00	0.00	1.05	0.91	0.14
2017-4-21 16:5:5	0.00	0.00	1.05	0.78	0.27	-1
2017-4-21 16:5:10	0.00	0.00	1.05	0.91	0.14
2017-4-21 16:5:15	0.00	0.00	1.05	0.91	0.14
2017-4-21 16:5:20	0.00	0.00	1.05	0.91	0.14
2017-4-21 16:5:25	0.00	0.00	1.05	0.87	0.18	-1
2017-4-21 16:5:30	0.00	0.00	1.05	0.91	0.14
2017-4-21 16:5:35	0.00	0.00	1.05	0.96	0.09
2017-4-21 16:5:40	0.00	0.00	1.05	0.87	0.18	-1
2017-4-21 16:5:45	0.00	0.00	1.05	0.91	0.14
2017-4-21 16:5:50	0.00	0.00	1.05	0.87	0.18	-1
2017-4-21 16:5:55	0.00	0.00	1.05	0.87	0.18	-1
2017-4-21 16:6:0	0.00	0.00	1.05	0.96	0.09
2017-4-21 16:6:5	0.00	0.00	1.05	0.87	0.18	-1
2017-4-21 16:6:10	0.00	0.00	1.05	0.87	0.18	-1
2017-4-21 16:6:15	0.00	0.00	1.05	0.96	0.09
2017-4-21 16:6:20	0.00	0.00	1.05	0.87	0.18	-1
2017-4-21 16:6:25	0.00	0.00	1.05	0.91	0.14
2017-4-21 16:6:30	0.00	0.00	1.05	0.91	0.14
2017-4-21 16:6:35	0.00	0.00	1.05	0.78	0.27	-1
2017-4-21 16:6:40	0.00	0.00	1.05	0.91	0.14
2017-4-21 16:6:45	0.00	0.00	1.05	0.91	0.14
2017-4-21 16:6:50	0.00	0.00	1.05	0.91	0.14
2017-4-21 16:6:55	0.00	0.00	1.05	0.91	0.14
2017-4-21 16:7:0	0.00	0.00	1.05	0.87	0.18	-1
2017-4-21 16:7:5	0.00	0.00	1.05	0.83	0.22	-1
2017-4-21 16:7:10	0.00	0.00	1.05	0.96	0.09
2017-4-21 16:7:15	0.00	0.00	1.05	0.96	0.09
2017-4-21 16:7:20	0.00	0.00	1.05	0.96	0.09
2017-4-21 16:7:25	0.00	0.00	1.05	0.83	0.22	-1
2017-4-21 16:7:30	0.00	0.00	1.05	0.83	0.22	-1
2017-4-21 16:7:35	0.00	0.00	1.05	0.96	0.09
2017-4-21 16:7:40	0.00	0.00	1.05	0.83	0.22	-1
2017-4-21 16:7:45	0.00	0.00	1.05	0.91	0.14
2017-4-21 16:7:50	0.00	0.00	1.05	0.96	0.09
2017-4-21 16:7:55	0.00	0.00	1.05	0.96	0.09
2017-4-21 16:8:0	0.00	0.00	1.05	0.91	0.14
2017-4-21 16:8:5	0.00	0.00	1.05	0.83	0.22	-1
2017-4-21 16:8:10	0.00	0.00	1.05	0.91	0.14
2017-4-21 16:8:15	0.00	0.00	1.05	0.91	0.14
2017-4-21 16:8:20	0.00	0.00	1.05	0.83	0.22	-1
2017-4-21 16:8:25	0.00	0.00	1.05	0.87	0.18	-1
2017-4-21 16:8:30	0.00	0.00	1.05	0.78	0.27	-1
2017-4-21 16:8:35	0.00	0.00	1.05	0.83	0.22	-1
2017-4-21 16:8:40	0.00	0.00	1.05	0.91	0.14
2017-4-21 16:8:45	0.00	0.00	1.05	0.87	0.18	-1
2017-4-21 16:8:50	0.00	0.00	1.05	0.96	0.09
2017-4-21 16:8:55	0.00	0.00	1.05	0.96	0.09
2017-4-21 16:9:0	0.00	0.00	1.05	0.83	0.22	-1
2017-4-21 16:9:5	0.00	0.00	1.05	0.96	0.09
2017-4-21 16:9:10	0.00	0.00	1.05	0.78	0.27	-1
2017-4-21 16:9:15	0.00	0.00	1.05	0.91	0.14
2017-4-21 16:9:20	0.00	0.00	1.05	0.91	0.14
2017-4-21 16:9:25	0.00	0.00	1.05	0.83	0.22	-1
2017-4-21 16:9:30	0.00	0.00	1.05	0.91	0.14
error: Forever detected script was killed by signal: SIGKILL
error: Script restart attempt #3
Datum	m3 kapljicno	m3 trata	set point	kolicina v rezervoarju	odstopanje	ventil
2017-4-21 16:9:50	0.00	0.00	1.05	0.87	0.18	-1
2017-4-21 16:9:55	0.00	0.00	1.05	0.87	0.18	-1
2017-4-21 16:10:0	0.00	0.00	1.05	0.87	0.18	-1
2017-4-21 16:10:5	0.00	0.00	1.05	0.87	0.18	-1
2017-4-21 16:10:10	0.00	0.00	1.05	0.87	0.18	-1
2017-4-21 16:10:15	0.00	0.00	1.05	0.91	0.14	-0
2017-4-21 16:10:20	0.00	0.00	1.05	0.83	0.22	-1
2017-4-21 16:10:25	0.00	0.00	1.05	0.83	0.22	-1
2017-4-21 16:10:30	0.00	0.00	1.05	0.87	0.18	-1
2017-4-21 16:10:35	0.00	0.00	1.05	0.83	0.22	-1
2017-4-21 16:10:40	0.00	0.00	1.05	-2.39	3.44	-1
