Datum	m3 kapljicno	m3 trata	set point	kolicina v rezervoarju	odstopanje	ventil
ventilVodovodaDisabled 124 1
2017-4-21 15:51:13	0.00	0.00	1.05	0.78	0.27
ventilVodovodaDisabled 124 1
2017-4-21 15:51:18	0.00	0.00	1.05	0.78	0.27
ventilVodovodaDisabled 124 1
2017-4-21 15:51:23	0.00	0.00	1.05	0.65	0.40
ventilVodovodaDisabled 124 1
2017-4-21 15:51:28	0.00	0.00	1.05	0.74	0.31
ventilVodovodaDisabled 124 1
2017-4-21 15:51:33	0.00	0.00	1.05	0.74	0.31
ventilVodovodaDisabled 124 1
2017-4-21 15:51:39	0.00	0.00	1.05	0.69	0.36
ventilVodovodaDisabled 124 1
2017-4-21 15:51:44	0.00	0.00	1.05	0.83	0.22
ventilVodovodaDisabled 124 1
2017-4-21 15:51:49	0.00	0.00	1.05	0.69	0.36
ventilVodovodaDisabled 124 1
2017-4-21 15:51:54	0.00	0.00	1.05	0.65	0.40
ventilVodovodaDisabled 124 1
2017-4-21 15:51:59	0.00	0.00	1.05	0.78	0.27
ventilVodovodaDisabled 124 1
2017-4-21 15:52:4	0.00	0.00	1.05	0.65	0.40
ventilVodovodaDisabled 60 0
2017-4-21 15:52:9	0.00	0.00	1.05	0.65	0.40	1
ventilVodovodaDisabled 60 0
2017-4-21 15:52:14	0.00	0.00	1.05	0.65	0.40	1
ventilVodovodaDisabled 60 0
2017-4-21 15:52:19	0.00	0.00	1.05	0.65	0.40	1
ventilVodovodaDisabled 60 0
2017-4-21 15:52:24	0.00	0.00	1.05	0.65	0.40	1
ventilVodovodaDisabled 60 0
2017-4-21 15:52:29	0.00	0.00	1.05	0.78	0.27	1
ventilVodovodaDisabled 60 0
2017-4-21 15:52:34	0.00	0.00	1.05	0.65	0.40	1
ventilVodovodaDisabled 60 0
2017-4-21 15:52:39	0.00	0.00	1.05	0.83	0.22
ventilVodovodaDisabled 60 0
2017-4-21 15:52:44	0.00	0.00	1.05	0.65	0.40	1
ventilVodovodaDisabled 60 0
2017-4-21 15:52:49	0.00	0.00	1.05	0.83	0.22
ventilVodovodaDisabled 60 0
2017-4-21 15:52:54	0.00	0.00	1.05	0.78	0.27	1
ventilVodovodaDisabled 60 0
2017-4-21 15:52:59	0.00	0.00	1.05	0.78	0.27	1
ventilVodovodaDisabled 60 0
2017-4-21 15:53:4	0.00	0.00	1.05	0.83	0.22
ventilVodovodaDisabled 124 1
2017-4-21 15:53:9	0.00	0.00	1.05	0.65	0.40
ventilVodovodaDisabled 124 1
2017-4-21 15:53:14	0.00	0.00	1.05	0.83	0.22
ventilVodovodaDisabled 124 1
2017-4-21 15:53:19	0.00	0.00	1.05	0.69	0.36
ventilVodovodaDisabled 124 1
2017-4-21 15:53:24	0.00	0.00	1.05	0.74	0.31
ventilVodovodaDisabled 124 1
2017-4-21 15:53:29	0.00	0.00	1.05	0.87	0.18
ventilVodovodaDisabled 124 1
2017-4-21 15:53:34	0.00	0.00	1.05	0.83	0.22
ventilVodovodaDisabled 124 1
2017-4-21 15:53:39	0.00	0.00	1.05	0.74	0.31
ventilVodovodaDisabled 124 1
2017-4-21 15:53:44	0.00	0.00	1.05	0.74	0.31
ventilVodovodaDisabled 124 1
2017-4-21 15:53:49	0.00	0.00	1.05	0.87	0.18
ventilVodovodaDisabled 124 1
2017-4-21 15:53:54	0.00	0.00	1.05	0.69	0.36
ventilVodovodaDisabled 124 1
2017-4-21 15:53:59	0.00	0.00	1.05	0.83	0.22
ventilVodovodaDisabled 124 1
2017-4-21 15:54:4	0.00	0.00	1.05	0.83	0.22
