
events.js:72
        throw er; // Unhandled 'error' event
              ^
Error: connect ENETUNREACH
    at errnoException (net.js:901:11)
    at connect (net.js:764:19)
    at net.js:842:9
    at dns.js:72:18
    at process._tickCallback (node.js:415:13)
    at Function.Module.runMain (module.js:499:11)
    at startup (node.js:119:16)
    at node.js:902:3
error: Forever detected script exited with code: 8
error: Script restart attempt #1

events.js:72
        throw er; // Unhandled 'error' event
              ^
Error: connect ENETUNREACH
    at errnoException (net.js:901:11)
    at connect (net.js:764:19)
    at net.js:842:9
    at dns.js:72:18
    at process._tickCallback (node.js:415:13)
    at Function.Module.runMain (module.js:499:11)
    at startup (node.js:119:16)
    at node.js:902:3
error: Forever detected script exited with code: 8
error: Script restart attempt #2

events.js:72
        throw er; // Unhandled 'error' event
              ^
Error: connect ENETUNREACH
    at errnoException (net.js:901:11)
    at connect (net.js:764:19)
    at net.js:842:9
    at dns.js:72:18
    at process._tickCallback (node.js:415:13)
    at Function.Module.runMain (module.js:499:11)
    at startup (node.js:119:16)
    at node.js:902:3
error: Forever detected script exited with code: 8
error: Script restart attempt #3

events.js:72
        throw er; // Unhandled 'error' event
              ^
Error: connect ENETUNREACH
    at errnoException (net.js:901:11)
    at connect (net.js:764:19)
    at net.js:842:9
    at dns.js:72:18
    at process._tickCallback (node.js:415:13)
    at Function.Module.runMain (module.js:499:11)
    at startup (node.js:119:16)
    at node.js:902:3
error: Forever detected script exited with code: 8
error: Script restart attempt #4

events.js:72
        throw er; // Unhandled 'error' event
              ^
Error: connect ENETUNREACH
    at errnoException (net.js:901:11)
    at connect (net.js:764:19)
    at net.js:842:9
    at dns.js:72:18
    at process._tickCallback (node.js:415:13)
    at Function.Module.runMain (module.js:499:11)
    at startup (node.js:119:16)
    at node.js:902:3
error: Forever detected script exited with code: 8
error: Script restart attempt #5

events.js:72
        throw er; // Unhandled 'error' event
              ^
Error: connect ENETUNREACH
    at errnoException (net.js:901:11)
    at connect (net.js:764:19)
    at net.js:842:9
    at dns.js:72:18
    at process._tickCallback (node.js:415:13)
    at Function.Module.runMain (module.js:499:11)
    at startup (node.js:119:16)
    at node.js:902:3
error: Forever detected script exited with code: 8
error: Script restart attempt #6

events.js:72
        throw er; // Unhandled 'error' event
              ^
Error: connect ENETUNREACH
    at errnoException (net.js:901:11)
    at connect (net.js:764:19)
    at net.js:842:9
    at dns.js:72:18
    at process._tickCallback (node.js:415:13)
    at Function.Module.runMain (module.js:499:11)
    at startup (node.js:119:16)
    at node.js:902:3
error: Forever detected script exited with code: 8
error: Script restart attempt #7

events.js:72
        throw er; // Unhandled 'error' event
              ^
Error: connect ENETUNREACH
    at errnoException (net.js:901:11)
    at connect (net.js:764:19)
    at net.js:842:9
    at dns.js:72:18
    at process._tickCallback (node.js:415:13)
    at Function.Module.runMain (module.js:499:11)
    at startup (node.js:119:16)
    at node.js:902:3
error: Forever detected script exited with code: 8
error: Script restart attempt #8

events.js:72
        throw er; // Unhandled 'error' event
              ^
Error: connect ENETUNREACH
    at errnoException (net.js:901:11)
    at connect (net.js:764:19)
    at net.js:842:9
    at dns.js:72:18
    at process._tickCallback (node.js:415:13)
    at Function.Module.runMain (module.js:499:11)
    at startup (node.js:119:16)
    at node.js:902:3
error: Forever detected script exited with code: 8
error: Script restart attempt #9

events.js:72
        throw er; // Unhandled 'error' event
              ^
Error: connect ENETUNREACH
    at errnoException (net.js:901:11)
    at connect (net.js:764:19)
    at net.js:842:9
    at dns.js:72:18
    at process._tickCallback (node.js:415:13)
    at Function.Module.runMain (module.js:499:11)
    at startup (node.js:119:16)
    at node.js:902:3
error: Forever detected script exited with code: 8
error: Script restart attempt #10

events.js:72
        throw er; // Unhandled 'error' event
              ^
Error: connect ENETUNREACH
    at errnoException (net.js:901:11)
    at connect (net.js:764:19)
    at net.js:842:9
    at dns.js:72:18
    at process._tickCallback (node.js:415:13)
    at Function.Module.runMain (module.js:499:11)
    at startup (node.js:119:16)
    at node.js:902:3
error: Forever detected script exited with code: 8
error: Script restart attempt #11

events.js:72
        throw er; // Unhandled 'error' event
              ^
Error: connect ENETUNREACH
    at errnoException (net.js:901:11)
    at connect (net.js:764:19)
    at net.js:842:9
    at dns.js:72:18
    at process._tickCallback (node.js:415:13)
    at Function.Module.runMain (module.js:499:11)
    at startup (node.js:119:16)
    at node.js:902:3
error: Forever detected script exited with code: 8
error: Script restart attempt #12

events.js:72
        throw er; // Unhandled 'error' event
              ^
Error: connect ENETUNREACH
    at errnoException (net.js:901:11)
    at connect (net.js:764:19)
    at net.js:842:9
    at dns.js:72:18
    at process._tickCallback (node.js:415:13)
    at Function.Module.runMain (module.js:499:11)
    at startup (node.js:119:16)
    at node.js:902:3
error: Forever detected script exited with code: 8
error: Script restart attempt #13

events.js:72
        throw er; // Unhandled 'error' event
              ^
Error: connect ENETUNREACH
    at errnoException (net.js:901:11)
    at connect (net.js:764:19)
    at net.js:842:9
    at dns.js:72:18
    at process._tickCallback (node.js:415:13)
    at Function.Module.runMain (module.js:499:11)
    at startup (node.js:119:16)
    at node.js:902:3
error: Forever detected script exited with code: 8
error: Script restart attempt #14

events.js:72
        throw er; // Unhandled 'error' event
              ^
Error: connect ENETUNREACH
    at errnoException (net.js:901:11)
    at connect (net.js:764:19)
    at net.js:842:9
    at dns.js:72:18
    at process._tickCallback (node.js:415:13)
    at Function.Module.runMain (module.js:499:11)
    at startup (node.js:119:16)
    at node.js:902:3
error: Forever detected script exited with code: 8
error: Script restart attempt #15

events.js:72
        throw er; // Unhandled 'error' event
              ^
Error: connect ENETUNREACH
    at errnoException (net.js:901:11)
    at connect (net.js:764:19)
    at net.js:842:9
    at dns.js:72:18
    at process._tickCallback (node.js:415:13)
    at Function.Module.runMain (module.js:499:11)
    at startup (node.js:119:16)
    at node.js:902:3
error: Forever detected script exited with code: 8
error: Script restart attempt #16

events.js:72
        throw er; // Unhandled 'error' event
              ^
Error: connect ENETUNREACH
    at errnoException (net.js:901:11)
    at connect (net.js:764:19)
    at net.js:842:9
    at dns.js:72:18
    at process._tickCallback (node.js:415:13)
    at Function.Module.runMain (module.js:499:11)
    at startup (node.js:119:16)
    at node.js:902:3
error: Forever detected script exited with code: 8
error: Script restart attempt #17

events.js:72
        throw er; // Unhandled 'error' event
              ^
Error: connect ENETUNREACH
    at errnoException (net.js:901:11)
    at connect (net.js:764:19)
    at net.js:842:9
    at dns.js:72:18
    at process._tickCallback (node.js:415:13)
    at Function.Module.runMain (module.js:499:11)
    at startup (node.js:119:16)
    at node.js:902:3
error: Forever detected script exited with code: 8
error: Script restart attempt #18

events.js:72
        throw er; // Unhandled 'error' event
              ^
Error: connect ENETUNREACH
    at errnoException (net.js:901:11)
    at connect (net.js:764:19)
    at net.js:842:9
    at dns.js:72:18
    at process._tickCallback (node.js:415:13)
    at Function.Module.runMain (module.js:499:11)
    at startup (node.js:119:16)
    at node.js:902:3
error: Forever detected script exited with code: 8
error: Script restart attempt #19

events.js:72
        throw er; // Unhandled 'error' event
              ^
Error: connect ENETUNREACH
    at errnoException (net.js:901:11)
    at connect (net.js:764:19)
    at net.js:842:9
    at dns.js:72:18
    at process._tickCallback (node.js:415:13)
    at Function.Module.runMain (module.js:499:11)
    at startup (node.js:119:16)
    at node.js:902:3
error: Forever detected script exited with code: 8
error: Script restart attempt #20

events.js:72
        throw er; // Unhandled 'error' event
              ^
Error: connect ENETUNREACH
    at errnoException (net.js:901:11)
    at connect (net.js:764:19)
    at net.js:842:9
    at dns.js:72:18
    at process._tickCallback (node.js:415:13)
    at Function.Module.runMain (module.js:499:11)
    at startup (node.js:119:16)
    at node.js:902:3
error: Forever detected script exited with code: 8
error: Script restart attempt #21

events.js:72
        throw er; // Unhandled 'error' event
              ^
Error: connect ENETUNREACH
    at errnoException (net.js:901:11)
    at connect (net.js:764:19)
    at net.js:842:9
    at dns.js:72:18
    at process._tickCallback (node.js:415:13)
    at Function.Module.runMain (module.js:499:11)
    at startup (node.js:119:16)
    at node.js:902:3
error: Forever detected script exited with code: 8
error: Script restart attempt #22

events.js:72
        throw er; // Unhandled 'error' event
              ^
Error: connect ENETUNREACH
    at errnoException (net.js:901:11)
    at connect (net.js:764:19)
    at net.js:842:9
    at dns.js:72:18
    at process._tickCallback (node.js:415:13)
    at Function.Module.runMain (module.js:499:11)
    at startup (node.js:119:16)
    at node.js:902:3
error: Forever detected script exited with code: 8
error: Script restart attempt #23

events.js:72
        throw er; // Unhandled 'error' event
              ^
Error: connect ENETUNREACH
    at errnoException (net.js:901:11)
    at connect (net.js:764:19)
    at net.js:842:9
    at dns.js:72:18
    at process._tickCallback (node.js:415:13)
    at Function.Module.runMain (module.js:499:11)
    at startup (node.js:119:16)
    at node.js:902:3
error: Forever detected script exited with code: 8
error: Script restart attempt #24

events.js:72
        throw er; // Unhandled 'error' event
              ^
Error: connect ENETUNREACH
    at errnoException (net.js:901:11)
    at connect (net.js:764:19)
    at net.js:842:9
    at dns.js:72:18
    at process._tickCallback (node.js:415:13)
    at Function.Module.runMain (module.js:499:11)
    at startup (node.js:119:16)
    at node.js:902:3
error: Forever detected script exited with code: 8
error: Script restart attempt #25

events.js:72
        throw er; // Unhandled 'error' event
              ^
Error: connect ENETUNREACH
    at errnoException (net.js:901:11)
    at connect (net.js:764:19)
    at net.js:842:9
    at dns.js:72:18
    at process._tickCallback (node.js:415:13)
    at Function.Module.runMain (module.js:499:11)
    at startup (node.js:119:16)
    at node.js:902:3
error: Forever detected script exited with code: 8
error: Script restart attempt #26

events.js:72
        throw er; // Unhandled 'error' event
              ^
Error: connect ENETUNREACH
    at errnoException (net.js:901:11)
    at connect (net.js:764:19)
    at net.js:842:9
    at dns.js:72:18
    at process._tickCallback (node.js:415:13)
    at Function.Module.runMain (module.js:499:11)
    at startup (node.js:119:16)
    at node.js:902:3
error: Forever detected script exited with code: 8
error: Script restart attempt #27

events.js:72
        throw er; // Unhandled 'error' event
              ^
Error: connect ENETUNREACH
    at errnoException (net.js:901:11)
    at connect (net.js:764:19)
    at net.js:842:9
    at dns.js:72:18
    at process._tickCallback (node.js:415:13)
    at Function.Module.runMain (module.js:499:11)
    at startup (node.js:119:16)
    at node.js:902:3
error: Forever detected script exited with code: 8
error: Script restart attempt #28

events.js:72
        throw er; // Unhandled 'error' event
              ^
Error: connect ENETUNREACH
    at errnoException (net.js:901:11)
    at connect (net.js:764:19)
    at net.js:842:9
    at dns.js:72:18
    at process._tickCallback (node.js:415:13)
    at Function.Module.runMain (module.js:499:11)
    at startup (node.js:119:16)
    at node.js:902:3
error: Forever detected script exited with code: 8
error: Script restart attempt #29

events.js:72
        throw er; // Unhandled 'error' event
              ^
Error: connect ENETUNREACH
    at errnoException (net.js:901:11)
    at connect (net.js:764:19)
    at net.js:842:9
    at dns.js:72:18
    at process._tickCallback (node.js:415:13)
    at Function.Module.runMain (module.js:499:11)
    at startup (node.js:119:16)
    at node.js:902:3
error: Forever detected script exited with code: 8
error: Script restart attempt #30

events.js:72
        throw er; // Unhandled 'error' event
              ^
Error: connect ENETUNREACH
    at errnoException (net.js:901:11)
    at connect (net.js:764:19)
    at net.js:842:9
    at dns.js:72:18
    at process._tickCallback (node.js:415:13)
    at Function.Module.runMain (module.js:499:11)
    at startup (node.js:119:16)
    at node.js:902:3
error: Forever detected script exited with code: 8
error: Script restart attempt #31

events.js:72
        throw er; // Unhandled 'error' event
              ^
Error: connect ENETUNREACH
    at errnoException (net.js:901:11)
    at connect (net.js:764:19)
    at net.js:842:9
    at dns.js:72:18
    at process._tickCallback (node.js:415:13)
    at Function.Module.runMain (module.js:499:11)
    at startup (node.js:119:16)
    at node.js:902:3
error: Forever detected script exited with code: 8
error: Script restart attempt #32

events.js:72
        throw er; // Unhandled 'error' event
              ^
Error: connect ENETUNREACH
    at errnoException (net.js:901:11)
    at connect (net.js:764:19)
    at net.js:842:9
    at dns.js:72:18
    at process._tickCallback (node.js:415:13)
    at Function.Module.runMain (module.js:499:11)
    at startup (node.js:119:16)
    at node.js:902:3
error: Forever detected script exited with code: 8
error: Script restart attempt #33

events.js:72
        throw er; // Unhandled 'error' event
              ^
Error: connect ENETUNREACH
    at errnoException (net.js:901:11)
    at connect (net.js:764:19)
    at net.js:842:9
    at dns.js:72:18
    at process._tickCallback (node.js:415:13)
    at Function.Module.runMain (module.js:499:11)
    at startup (node.js:119:16)
    at node.js:902:3
error: Forever detected script exited with code: 8
error: Script restart attempt #34

events.js:72
        throw er; // Unhandled 'error' event
              ^
Error: connect ENETUNREACH
    at errnoException (net.js:901:11)
    at connect (net.js:764:19)
    at net.js:842:9
    at dns.js:72:18
    at process._tickCallback (node.js:415:13)
    at Function.Module.runMain (module.js:499:11)
    at startup (node.js:119:16)
    at node.js:902:3
error: Forever detected script exited with code: 8
error: Script restart attempt #35

events.js:72
        throw er; // Unhandled 'error' event
              ^
Error: connect ENETUNREACH
    at errnoException (net.js:901:11)
    at connect (net.js:764:19)
    at net.js:842:9
    at dns.js:72:18
    at process._tickCallback (node.js:415:13)
    at Function.Module.runMain (module.js:499:11)
    at startup (node.js:119:16)
    at node.js:902:3
error: Forever detected script exited with code: 8
error: Script restart attempt #36

events.js:72
        throw er; // Unhandled 'error' event
              ^
Error: connect ENETUNREACH
    at errnoException (net.js:901:11)
    at connect (net.js:764:19)
    at net.js:842:9
    at dns.js:72:18
    at process._tickCallback (node.js:415:13)
    at Function.Module.runMain (module.js:499:11)
    at startup (node.js:119:16)
    at node.js:902:3
error: Forever detected script exited with code: 8
error: Script restart attempt #37

events.js:72
        throw er; // Unhandled 'error' event
              ^
Error: connect ENETUNREACH
    at errnoException (net.js:901:11)
    at connect (net.js:764:19)
    at net.js:842:9
    at dns.js:72:18
    at process._tickCallback (node.js:415:13)
    at Function.Module.runMain (module.js:499:11)
    at startup (node.js:119:16)
    at node.js:902:3
error: Forever detected script exited with code: 8
error: Script restart attempt #38

events.js:72
        throw er; // Unhandled 'error' event
              ^
Error: connect ENETUNREACH
    at errnoException (net.js:901:11)
    at connect (net.js:764:19)
    at net.js:842:9
    at dns.js:72:18
    at process._tickCallback (node.js:415:13)
    at Function.Module.runMain (module.js:499:11)
    at startup (node.js:119:16)
    at node.js:902:3
error: Forever detected script exited with code: 8
error: Script restart attempt #39

events.js:72
        throw er; // Unhandled 'error' event
              ^
Error: connect ENETUNREACH
    at errnoException (net.js:901:11)
    at connect (net.js:764:19)
    at net.js:842:9
    at dns.js:72:18
    at process._tickCallback (node.js:415:13)
    at Function.Module.runMain (module.js:499:11)
    at startup (node.js:119:16)
    at node.js:902:3
error: Forever detected script exited with code: 8
error: Script restart attempt #40

events.js:72
        throw er; // Unhandled 'error' event
              ^
Error: connect ENETUNREACH
    at errnoException (net.js:901:11)
    at connect (net.js:764:19)
    at net.js:842:9
    at dns.js:72:18
    at process._tickCallback (node.js:415:13)
    at Function.Module.runMain (module.js:499:11)
    at startup (node.js:119:16)
    at node.js:902:3
error: Forever detected script exited with code: 8
error: Script restart attempt #41

events.js:72
        throw er; // Unhandled 'error' event
              ^
Error: connect ENETUNREACH
    at errnoException (net.js:901:11)
    at connect (net.js:764:19)
    at net.js:842:9
    at dns.js:72:18
    at process._tickCallback (node.js:415:13)
    at Function.Module.runMain (module.js:499:11)
    at startup (node.js:119:16)
    at node.js:902:3
error: Forever detected script exited with code: 8
error: Script restart attempt #42

events.js:72
        throw er; // Unhandled 'error' event
              ^
Error: connect ENETUNREACH
    at errnoException (net.js:901:11)
    at connect (net.js:764:19)
    at net.js:842:9
    at dns.js:72:18
    at process._tickCallback (node.js:415:13)
    at Function.Module.runMain (module.js:499:11)
    at startup (node.js:119:16)
    at node.js:902:3
error: Forever detected script exited with code: 8
error: Script restart attempt #43

events.js:72
        throw er; // Unhandled 'error' event
              ^
Error: connect ENETUNREACH
    at errnoException (net.js:901:11)
    at connect (net.js:764:19)
    at net.js:842:9
    at dns.js:72:18
    at process._tickCallback (node.js:415:13)
    at Function.Module.runMain (module.js:499:11)
    at startup (node.js:119:16)
    at node.js:902:3
error: Forever detected script exited with code: 8
error: Script restart attempt #44

events.js:72
        throw er; // Unhandled 'error' event
              ^
Error: connect ENETUNREACH
    at errnoException (net.js:901:11)
    at connect (net.js:764:19)
    at net.js:842:9
    at dns.js:72:18
    at process._tickCallback (node.js:415:13)
    at Function.Module.runMain (module.js:499:11)
    at startup (node.js:119:16)
    at node.js:902:3
error: Forever detected script exited with code: 8
error: Script restart attempt #45

events.js:72
        throw er; // Unhandled 'error' event
              ^
Error: connect ENETUNREACH
    at errnoException (net.js:901:11)
    at connect (net.js:764:19)
    at net.js:842:9
    at dns.js:72:18
    at process._tickCallback (node.js:415:13)
    at Function.Module.runMain (module.js:499:11)
    at startup (node.js:119:16)
    at node.js:902:3
error: Forever detected script exited with code: 8
error: Script restart attempt #46

events.js:72
        throw er; // Unhandled 'error' event
              ^
Error: connect ENETUNREACH
    at errnoException (net.js:901:11)
    at connect (net.js:764:19)
    at net.js:842:9
    at dns.js:72:18
    at process._tickCallback (node.js:415:13)
    at Function.Module.runMain (module.js:499:11)
    at startup (node.js:119:16)
    at node.js:902:3
error: Forever detected script exited with code: 8
error: Script restart attempt #47

events.js:72
        throw er; // Unhandled 'error' event
              ^
Error: connect ENETUNREACH
    at errnoException (net.js:901:11)
    at connect (net.js:764:19)
    at net.js:842:9
    at dns.js:72:18
    at process._tickCallback (node.js:415:13)
    at Function.Module.runMain (module.js:499:11)
    at startup (node.js:119:16)
    at node.js:902:3
error: Forever detected script exited with code: 8
error: Script restart attempt #48

events.js:72
        throw er; // Unhandled 'error' event
              ^
Error: connect ENETUNREACH
    at errnoException (net.js:901:11)
    at connect (net.js:764:19)
    at net.js:842:9
    at dns.js:72:18
    at process._tickCallback (node.js:415:13)
    at Function.Module.runMain (module.js:499:11)
    at startup (node.js:119:16)
    at node.js:902:3
error: Forever detected script exited with code: 8
error: Script restart attempt #49

events.js:72
        throw er; // Unhandled 'error' event
              ^
Error: connect ENETUNREACH
    at errnoException (net.js:901:11)
    at connect (net.js:764:19)
    at net.js:842:9
    at dns.js:72:18
    at process._tickCallback (node.js:415:13)
    at Function.Module.runMain (module.js:499:11)
    at startup (node.js:119:16)
    at node.js:902:3
error: Forever detected script exited with code: 8
error: Script restart attempt #50

events.js:72
        throw er; // Unhandled 'error' event
              ^
Error: connect ENETUNREACH
    at errnoException (net.js:901:11)
    at connect (net.js:764:19)
    at net.js:842:9
    at dns.js:72:18
    at process._tickCallback (node.js:415:13)
    at Function.Module.runMain (module.js:499:11)
    at startup (node.js:119:16)
    at node.js:902:3
error: Forever detected script exited with code: 8
error: Script restart attempt #51

events.js:72
        throw er; // Unhandled 'error' event
              ^
Error: connect ENETUNREACH
    at errnoException (net.js:901:11)
    at connect (net.js:764:19)
    at net.js:842:9
    at dns.js:72:18
    at process._tickCallback (node.js:415:13)
    at Function.Module.runMain (module.js:499:11)
    at startup (node.js:119:16)
    at node.js:902:3
error: Forever detected script exited with code: 8
error: Script restart attempt #52

events.js:72
        throw er; // Unhandled 'error' event
              ^
Error: connect ENETUNREACH
    at errnoException (net.js:901:11)
    at connect (net.js:764:19)
    at net.js:842:9
    at dns.js:72:18
    at process._tickCallback (node.js:415:13)
    at Function.Module.runMain (module.js:499:11)
    at startup (node.js:119:16)
    at node.js:902:3
error: Forever detected script exited with code: 8
error: Script restart attempt #53

events.js:72
        throw er; // Unhandled 'error' event
              ^
Error: connect ENETUNREACH
    at errnoException (net.js:901:11)
    at connect (net.js:764:19)
    at net.js:842:9
    at dns.js:72:18
    at process._tickCallback (node.js:415:13)
    at Function.Module.runMain (module.js:499:11)
    at startup (node.js:119:16)
    at node.js:902:3
error: Forever detected script exited with code: 8
error: Script restart attempt #54

events.js:72
        throw er; // Unhandled 'error' event
              ^
Error: connect ENETUNREACH
    at errnoException (net.js:901:11)
    at connect (net.js:764:19)
    at net.js:842:9
    at dns.js:72:18
    at process._tickCallback (node.js:415:13)
    at Function.Module.runMain (module.js:499:11)
    at startup (node.js:119:16)
    at node.js:902:3
error: Forever detected script exited with code: 8
error: Script restart attempt #55

events.js:72
        throw er; // Unhandled 'error' event
              ^
Error: connect ENETUNREACH
    at errnoException (net.js:901:11)
    at connect (net.js:764:19)
    at net.js:842:9
    at dns.js:72:18
    at process._tickCallback (node.js:415:13)
    at Function.Module.runMain (module.js:499:11)
    at startup (node.js:119:16)
    at node.js:902:3
error: Forever detected script exited with code: 8
error: Script restart attempt #56

events.js:72
        throw er; // Unhandled 'error' event
              ^
Error: connect ENETUNREACH
    at errnoException (net.js:901:11)
    at connect (net.js:764:19)
    at net.js:842:9
    at dns.js:72:18
    at process._tickCallback (node.js:415:13)
    at Function.Module.runMain (module.js:499:11)
    at startup (node.js:119:16)
    at node.js:902:3
error: Forever detected script exited with code: 8
error: Script restart attempt #57

events.js:72
        throw er; // Unhandled 'error' event
              ^
Error: connect ENETUNREACH
    at errnoException (net.js:901:11)
    at connect (net.js:764:19)
    at net.js:842:9
    at dns.js:72:18
    at process._tickCallback (node.js:415:13)
    at Function.Module.runMain (module.js:499:11)
    at startup (node.js:119:16)
    at node.js:902:3
error: Forever detected script exited with code: 8
error: Script restart attempt #58

events.js:72
        throw er; // Unhandled 'error' event
              ^
Error: connect ENETUNREACH
    at errnoException (net.js:901:11)
    at connect (net.js:764:19)
    at net.js:842:9
    at dns.js:72:18
    at process._tickCallback (node.js:415:13)
    at Function.Module.runMain (module.js:499:11)
    at startup (node.js:119:16)
    at node.js:902:3
error: Forever detected script exited with code: 8
error: Script restart attempt #59

events.js:72
        throw er; // Unhandled 'error' event
              ^
Error: connect ENETUNREACH
    at errnoException (net.js:901:11)
    at connect (net.js:764:19)
    at net.js:842:9
    at dns.js:72:18
    at process._tickCallback (node.js:415:13)
    at Function.Module.runMain (module.js:499:11)
    at startup (node.js:119:16)
    at node.js:902:3
error: Forever detected script exited with code: 8
error: Script restart attempt #60

events.js:72
        throw er; // Unhandled 'error' event
              ^
Error: connect ENETUNREACH
    at errnoException (net.js:901:11)
    at connect (net.js:764:19)
    at net.js:842:9
    at dns.js:72:18
    at process._tickCallback (node.js:415:13)
    at Function.Module.runMain (module.js:499:11)
    at startup (node.js:119:16)
    at node.js:902:3
error: Forever detected script exited with code: 8
error: Script restart attempt #61

events.js:72
        throw er; // Unhandled 'error' event
              ^
Error: connect ENETUNREACH
    at errnoException (net.js:901:11)
    at connect (net.js:764:19)
    at net.js:842:9
    at dns.js:72:18
    at process._tickCallback (node.js:415:13)
    at Function.Module.runMain (module.js:499:11)
    at startup (node.js:119:16)
    at node.js:902:3
error: Forever detected script exited with code: 8
error: Script restart attempt #62
