2017-4-17 1:2:6	0.00	0.00	1.05	8.05	-7.00	0
2017-4-17 1:2:11	0.00	0.00	1.05	8.08	-7.03	0
2017-4-17 1:2:16	0.00	0.00	1.05	8.09	-7.04	0
2017-4-17 1:2:21	0.00	0.00	1.05	8.02	-6.97	0
2017-4-17 1:2:26	0.00	0.00	1.05	8.05	-7.00	0
2017-4-17 1:2:31	0.00	0.00	1.05	8.03	-6.98	0
2017-4-17 1:2:36	0.00	0.00	1.05	8.05	-7.00	0
2017-4-17 1:2:41	0.00	0.00	1.05	8.04	-6.99	0
2017-4-17 1:2:46	0.00	0.00	1.05	8.03	-6.98	0
2017-4-17 1:2:51	0.00	0.00	1.05	8.05	-7.00	0
2017-4-17 1:2:56	0.00	0.00	1.05	8.09	-7.04	0
2017-4-17 1:3:1	0.00	0.00	1.05	8.10	-7.05	0
2017-4-17 1:3:6	0.00	0.00	1.05	8.05	-7.00	0
2017-4-17 1:3:11	0.00	0.00	1.05	8.05	-7.00	0
2017-4-17 1:3:16	0.00	0.00	1.05	8.05	-7.00	0
2017-4-17 1:3:21	0.00	0.00	1.05	8.05	-7.00	0
2017-4-17 1:3:26	0.00	0.00	1.05	8.05	-7.00	0
2017-4-17 1:3:31	0.00	0.00	1.05	8.13	-7.08	0
2017-4-17 1:3:36	0.00	0.00	1.05	8.01	-6.96	0
2017-4-17 1:3:41	0.00	0.00	1.05	8.03	-6.98	0
2017-4-17 1:3:47	0.00	0.00	1.05	8.08	-7.03	0
2017-4-17 1:3:52	0.00	0.00	1.05	8.08	-7.03	0
2017-4-17 1:3:57	0.00	0.00	1.05	8.07	-7.02	0
2017-4-17 1:4:2	0.00	0.00	1.05	8.07	-7.02	0
2017-4-17 1:4:7	0.00	0.00	1.05	8.07	-7.02	0
2017-4-17 1:4:12	0.00	0.00	1.05	8.05	-7.00	0
2017-4-17 1:4:17	0.00	0.00	1.05	8.07	-7.02	0
2017-4-17 1:4:22	0.00	0.00	1.05	8.07	-7.02	0
2017-4-17 1:4:27	0.00	0.00	1.05	8.05	-7.00	0
2017-4-17 1:4:32	0.00	0.00	1.05	8.05	-7.00	0
2017-4-17 1:4:37	0.00	0.00	1.05	8.07	-7.02	0
2017-4-17 1:4:42	0.00	0.00	1.05	8.06	-7.01	0
2017-4-17 1:4:47	0.00	0.00	1.05	8.07	-7.02	0
2017-4-17 1:4:52	0.00	0.00	1.05	8.07	-7.02	0
2017-4-17 1:4:57	0.00	0.00	1.05	8.06	-7.01	0
2017-4-17 1:5:2	0.00	0.00	1.05	8.07	-7.02	0
2017-4-17 1:5:7	0.00	0.00	1.05	8.07	-7.02	0
2017-4-17 1:5:12	0.00	0.00	1.05	8.06	-7.01	0
2017-4-17 1:5:17	0.00	0.00	1.05	8.05	-7.00	0
2017-4-17 1:5:22	0.00	0.00	1.05	8.08	-7.03	0
2017-4-17 1:5:27	0.00	0.00	1.05	8.04	-6.99	0
2017-4-17 1:5:32	0.00	0.00	1.05	8.03	-6.98	0
2017-4-17 1:5:37	0.00	0.00	1.05	8.09	-7.04	0
2017-4-17 1:5:42	0.00	0.00	1.05	8.03	-6.98	0
2017-4-17 1:5:47	0.00	0.00	1.05	8.03	-6.98	0
2017-4-17 1:5:52	0.00	0.00	1.05	8.08	-7.03	0
2017-4-17 1:5:57	0.00	0.00	1.05	8.05	-7.00	0
2017-4-17 1:6:2	0.00	0.00	1.05	8.11	-7.06	0
2017-4-17 1:6:7	0.00	0.00	1.05	8.09	-7.04	0
2017-4-17 1:6:12	0.00	0.00	1.05	8.05	-7.00	0
2017-4-17 1:6:17	0.00	0.00	1.05	8.09	-7.04	0
2017-4-17 1:6:22	0.00	0.00	1.05	8.09	-7.04	0
2017-4-17 1:6:27	0.00	0.00	1.05	8.05	-7.00	0
2017-4-17 1:6:32	0.00	0.00	1.05	8.07	-7.02	0
2017-4-17 1:6:37	0.00	0.00	1.05	8.08	-7.03	0
2017-4-17 1:6:42	0.00	0.00	1.05	8.06	-7.01	0
2017-4-17 1:6:47	0.00	0.00	1.05	8.05	-7.00	0
2017-4-17 1:6:52	0.00	0.00	1.05	8.06	-7.01	0
2017-4-17 1:6:57	0.00	0.00	1.05	8.05	-7.00	0
2017-4-17 1:7:2	0.00	0.00	1.05	8.02	-6.97	0
2017-4-17 1:7:7	0.00	0.00	1.05	8.04	-6.99	0
2017-4-17 1:7:12	0.00	0.00	1.05	8.02	-6.97	0
2017-4-17 1:7:17	0.00	0.00	1.05	8.03	-6.98	0
2017-4-17 1:7:22	0.00	0.00	1.05	8.07	-7.02	0
2017-4-17 1:7:27	0.00	0.00	1.05	8.09	-7.04	0
2017-4-17 1:7:32	0.00	0.00	1.05	8.00	-6.95	0
2017-4-17 1:7:37	0.00	0.00	1.05	8.03	-6.98	0
2017-4-17 1:7:42	0.00	0.00	1.05	8.03	-6.98	0
2017-4-17 1:7:47	0.00	0.00	1.05	8.11	-7.06	0
2017-4-17 1:7:52	0.00	0.00	1.05	8.04	-6.99	0
2017-4-17 1:7:57	0.00	0.00	1.05	8.09	-7.04	0
2017-4-17 1:8:2	0.00	0.00	1.05	8.09	-7.04	0
2017-4-17 1:8:7	0.00	0.00	1.05	8.09	-7.04	0
2017-4-17 1:8:12	0.00	0.00	1.05	8.08	-7.03	0
2017-4-17 1:8:17	0.00	0.00	1.05	8.10	-7.05	0
2017-4-17 1:8:22	0.00	0.00	1.05	8.05	-7.00	0
2017-4-17 1:8:27	0.00	0.00	1.05	8.05	-7.00	0
2017-4-17 1:8:32	0.00	0.00	1.05	8.09	-7.04	0
2017-4-17 1:8:37	0.00	0.00	1.05	8.05	-7.00	0
2017-4-17 1:8:42	0.00	0.00	1.05	8.10	-7.05	0
2017-4-17 1:8:47	0.00	0.00	1.05	8.05	-7.00	0
2017-4-17 1:8:52	0.00	0.00	1.05	8.05	-7.00	0
2017-4-17 1:8:57	0.00	0.00	1.05	8.09	-7.04	0
2017-4-17 1:9:2	0.00	0.00	1.05	8.09	-7.04	0
2017-4-17 1:9:7	0.00	0.00	1.05	8.05	-7.00	0
2017-4-17 1:9:12	0.00	0.00	1.05	8.03	-6.98	0
2017-4-17 1:9:17	0.00	0.00	1.05	8.07	-7.02	0
2017-4-17 1:9:22	0.00	0.00	1.05	8.09	-7.04	0
2017-4-17 1:9:27	0.00	0.00	1.05	8.07	-7.02	0
2017-4-17 1:9:32	0.00	0.00	1.05	8.08	-7.03	0
2017-4-17 1:9:37	0.00	0.00	1.05	8.08	-7.03	0
2017-4-17 1:9:42	0.00	0.00	1.05	8.03	-6.98	0
2017-4-17 1:9:47	0.00	0.00	1.05	8.04	-6.99	0
2017-4-17 1:9:52	0.00	0.00	1.05	8.11	-7.06	0
2017-4-17 1:9:57	0.00	0.00	1.05	8.06	-7.01	0
2017-4-17 1:10:2	0.00	0.00	1.05	8.06	-7.01	0
2017-4-17 1:10:7	0.00	0.00	1.05	8.09	-7.04	0
2017-4-17 1:10:12	0.00	0.00	1.05	8.05	-7.00	0
2017-4-17 1:10:17	0.00	0.00	1.05	8.04	-6.99	0
2017-4-17 1:10:22	0.00	0.00	1.05	8.09	-7.04	0
2017-4-17 1:10:27	0.00	0.00	1.05	8.05	-7.00	0
2017-4-17 1:10:32	0.00	0.00	1.05	8.11	-7.06	0
2017-4-17 1:10:37	0.00	0.00	1.05	8.09	-7.04	0
2017-4-17 1:10:42	0.00	0.00	1.05	8.05	-7.00	0
2017-4-17 1:10:47	0.00	0.00	1.05	8.11	-7.06	0
2017-4-17 1:10:52	0.00	0.00	1.05	8.05	-7.00	0
2017-4-17 1:10:57	0.00	0.00	1.05	8.09	-7.04	0
2017-4-17 1:11:2	0.00	0.00	1.05	8.05	-7.00	0
2017-4-17 1:11:7	0.00	0.00	1.05	8.07	-7.02	0
2017-4-17 1:11:12	0.00	0.00	1.05	8.06	-7.01	0
2017-4-17 1:11:17	0.00	0.00	1.05	8.06	-7.01	0
2017-4-17 1:11:22	0.00	0.00	1.05	8.05	-7.00	0
2017-4-17 1:11:27	0.00	0.00	1.05	8.05	-7.00	0
2017-4-17 1:11:32	0.00	0.00	1.05	8.07	-7.02	0
2017-4-17 1:11:37	0.00	0.00	1.05	8.06	-7.01	0
2017-4-17 1:11:42	0.00	0.00	1.05	8.08	-7.03	0
2017-4-17 1:11:47	0.00	0.00	1.05	8.03	-6.98	0
2017-4-17 1:11:52	0.00	0.00	1.05	8.02	-6.97	0
2017-4-17 1:11:57	0.00	0.00	1.05	8.09	-7.04	0
2017-4-17 1:12:2	0.00	0.00	1.05	8.03	-6.98	0
2017-4-17 1:12:7	0.00	0.00	1.05	8.05	-7.00	0
2017-4-17 1:12:12	0.00	0.00	1.05	8.08	-7.03	0
2017-4-17 1:12:17	0.00	0.00	1.05	8.01	-6.96	0
2017-4-17 1:12:22	0.00	0.00	1.05	8.09	-7.04	0
2017-4-17 1:12:27	0.00	0.00	1.05	8.09	-7.04	0
2017-4-17 1:12:32	0.00	0.00	1.05	8.08	-7.03	0
2017-4-17 1:12:37	0.00	0.00	1.05	8.09	-7.04	0
2017-4-17 1:12:42	0.00	0.00	1.05	8.09	-7.04	0
2017-4-17 1:12:47	0.00	0.00	1.05	8.09	-7.04	0
2017-4-17 1:12:52	0.00	0.00	1.05	8.04	-6.99	0
2017-4-17 1:12:57	0.00	0.00	1.05	8.11	-7.06	0
2017-4-17 1:13:2	0.00	0.00	1.05	8.04	-6.99	0
2017-4-17 1:13:7	0.00	0.00	1.05	8.11	-7.06	0
2017-4-17 1:13:12	0.00	0.00	1.05	8.11	-7.06	0
2017-4-17 1:13:17	0.00	0.00	1.05	8.06	-7.01	0
2017-4-17 1:13:22	0.00	0.00	1.05	8.05	-7.00	0
2017-4-17 1:13:27	0.00	0.00	1.05	8.07	-7.02	0
2017-4-17 1:13:32	0.00	0.00	1.05	8.04	-6.99	0
2017-4-17 1:13:37	0.00	0.00	1.05	8.07	-7.02	0
2017-4-17 1:13:42	0.00	0.00	1.05	8.04	-6.99	0
2017-4-17 1:13:47	0.00	0.00	1.05	8.08	-7.03	0
2017-4-17 1:13:52	0.00	0.00	1.05	8.07	-7.02	0
2017-4-17 1:13:57	0.00	0.00	1.05	8.09	-7.04	0
2017-4-17 1:14:2	0.00	0.00	1.05	8.05	-7.00	0
2017-4-17 1:14:7	0.00	0.00	1.05	8.09	-7.04	0
2017-4-17 1:14:12	0.00	0.00	1.05	8.11	-7.06	0
2017-4-17 1:14:17	0.00	0.00	1.05	8.04	-6.99	0
2017-4-17 1:14:23	0.00	0.00	1.05	8.10	-7.05	0
2017-4-17 1:14:28	0.00	0.00	1.05	8.05	-7.00	0
2017-4-17 1:14:33	0.00	0.00	1.05	8.05	-7.00	0
2017-4-17 1:14:38	0.00	0.00	1.05	8.10	-7.05	0
2017-4-17 1:14:43	0.00	0.00	1.05	8.05	-7.00	0
2017-4-17 1:14:48	0.00	0.00	1.05	8.10	-7.05	0
2017-4-17 1:14:53	0.00	0.00	1.05	8.09	-7.04	0
2017-4-17 1:14:58	0.00	0.00	1.05	8.05	-7.00	0
2017-4-17 1:15:3	0.00	0.00	1.05	8.08	-7.03	0
2017-4-17 1:15:8	0.00	0.00	1.05	8.08	-7.03	0
2017-4-17 1:15:13	0.00	0.00	1.05	8.07	-7.02	0
2017-4-17 1:15:18	0.00	0.00	1.05	8.07	-7.02	0
2017-4-17 1:15:23	0.00	0.00	1.05	8.04	-6.99	0
2017-4-17 1:15:28	0.00	0.00	1.05	8.07	-7.02	0
2017-4-17 1:15:33	0.00	0.00	1.05	8.05	-7.00	0
2017-4-17 1:15:38	0.00	0.00	1.05	8.05	-7.00	0
2017-4-17 1:15:43	0.00	0.00	1.05	8.07	-7.02	0
2017-4-17 1:15:48	0.00	0.00	1.05	8.03	-6.98	0
2017-4-17 1:15:53	0.00	0.00	1.05	8.03	-6.98	0
2017-4-17 1:15:58	0.00	0.00	1.05	8.09	-7.04	0
2017-4-17 1:16:3	0.00	0.00	1.05	8.03	-6.98	0
2017-4-17 1:16:8	0.00	0.00	1.05	8.10	-7.05	0
2017-4-17 1:16:13	0.00	0.00	1.05	8.05	-7.00	0
2017-4-17 1:16:18	0.00	0.00	1.05	8.05	-7.00	0
2017-4-17 1:16:23	0.00	0.00	1.05	8.04	-6.99	0
2017-4-17 1:16:28	0.00	0.00	1.05	8.06	-7.01	0
2017-4-17 1:16:33	0.00	0.00	1.05	8.09	-7.04	0
2017-4-17 1:16:38	0.00	0.00	1.05	8.05	-7.00	0
2017-4-17 1:16:43	0.00	0.00	1.05	8.09	-7.04	0
2017-4-17 1:16:48	0.00	0.00	1.05	8.11	-7.06	0
2017-4-17 1:16:53	0.00	0.00	1.05	8.09	-7.04	0
2017-4-17 1:16:58	0.00	0.00	1.05	8.07	-7.02	0
2017-4-17 1:17:3	0.00	0.00	1.05	8.05	-7.00	0
2017-4-17 1:17:8	0.00	0.00	1.05	8.09	-7.04	0
2017-4-17 1:17:13	0.00	0.00	1.05	8.08	-7.03	0
2017-4-17 1:17:18	0.00	0.00	1.05	8.07	-7.02	0
2017-4-17 1:17:23	0.00	0.00	1.05	8.07	-7.02	0
2017-4-17 1:17:28	0.00	0.00	1.05	8.05	-7.00	0
2017-4-17 1:17:33	0.00	0.00	1.05	8.05	-7.00	0
2017-4-17 1:17:38	0.00	0.00	1.05	8.07	-7.02	0
2017-4-17 1:17:43	0.00	0.00	1.05	8.05	-7.00	0
2017-4-17 1:17:48	0.00	0.00	1.05	8.09	-7.04	0
2017-4-17 1:17:53	0.00	0.00	1.05	8.06	-7.01	0
2017-4-17 1:17:58	0.00	0.00	1.05	8.05	-7.00	0
2017-4-17 1:18:3	0.00	0.00	1.05	8.05	-7.00	0
2017-4-17 1:18:8	0.00	0.00	1.05	8.06	-7.01	0
2017-4-17 1:18:13	0.00	0.00	1.05	8.06	-7.01	0
2017-4-17 1:18:18	0.00	0.00	1.05	8.03	-6.98	0
2017-4-17 1:18:23	0.00	0.00	1.05	8.01	-6.96	0
2017-4-17 1:18:28	0.00	0.00	1.05	8.09	-7.04	0
2017-4-17 1:18:33	0.00	0.00	1.05	8.07	-7.02	0
2017-4-17 1:18:38	0.00	0.00	1.05	8.05	-7.00	0
2017-4-17 1:18:43	0.00	0.00	1.05	8.06	-7.01	0
2017-4-17 1:18:48	0.00	0.00	1.05	8.07	-7.02	0
2017-4-17 1:18:53	0.00	0.00	1.05	8.08	-7.03	0
2017-4-17 1:18:58	0.00	0.00	1.05	8.07	-7.02	0
2017-4-17 1:19:3	0.00	0.00	1.05	8.07	-7.02	0
2017-4-17 1:19:8	0.00	0.00	1.05	8.06	-7.01	0
2017-4-17 1:19:13	0.00	0.00	1.05	8.06	-7.01	0
2017-4-17 1:19:18	0.00	0.00	1.05	8.05	-7.00	0
2017-4-17 1:19:23	0.00	0.00	1.05	8.07	-7.02	0
2017-4-17 1:19:28	0.00	0.00	1.05	8.08	-7.03	0
2017-4-17 1:19:33	0.00	0.00	1.05	8.03	-6.98	0
2017-4-17 1:19:38	0.00	0.00	1.05	8.06	-7.01	0
2017-4-17 1:19:43	0.00	0.00	1.05	8.07	-7.02	0
2017-4-17 1:19:48	0.00	0.00	1.05	8.08	-7.03	0
2017-4-17 1:19:53	0.00	0.00	1.05	8.05	-7.00	0
2017-4-17 1:19:58	0.00	0.00	1.05	8.09	-7.04	0
2017-4-17 1:20:3	0.00	0.00	1.05	8.05	-7.00	0
2017-4-17 1:20:8	0.00	0.00	1.05	8.07	-7.02	0
2017-4-17 1:20:13	0.00	0.00	1.05	8.10	-7.05	0
2017-4-17 1:20:18	0.00	0.00	1.05	8.03	-6.98	0
2017-4-17 1:20:23	0.00	0.00	1.05	8.04	-6.99	0
2017-4-17 1:20:28	0.00	0.00	1.05	8.11	-7.06	0
2017-4-17 1:20:33	0.00	0.00	1.05	8.03	-6.98	0
2017-4-17 1:20:38	0.00	0.00	1.05	8.09	-7.04	0
2017-4-17 1:20:43	0.00	0.00	1.05	8.09	-7.04	0
2017-4-17 1:20:48	0.00	0.00	1.05	8.09	-7.04	0
2017-4-17 1:20:53	0.00	0.00	1.05	8.09	-7.04	0
2017-4-17 1:20:58	0.00	0.00	1.05	8.09	-7.04	0
2017-4-17 1:21:3	0.00	0.00	1.05	8.10	-7.05	0
2017-4-17 1:21:8	0.00	0.00	1.05	8.11	-7.06	0
2017-4-17 1:21:13	0.00	0.00	1.05	8.05	-7.00	0
2017-4-17 1:21:18	0.00	0.00	1.05	8.07	-7.02	0
2017-4-17 1:21:23	0.00	0.00	1.05	8.06	-7.01	0
2017-4-17 1:21:28	0.00	0.00	1.05	8.07	-7.02	0
2017-4-17 1:21:33	0.00	0.00	1.05	8.09	-7.04	0
2017-4-17 1:21:38	0.00	0.00	1.05	8.03	-6.98	0
2017-4-17 1:21:43	0.00	0.00	1.05	8.10	-7.05	0
2017-4-17 1:21:48	0.00	0.00	1.05	7.95	-6.90	0
2017-4-17 1:21:53	0.00	0.00	1.05	8.04	-6.99	0
2017-4-17 1:21:58	0.00	0.00	1.05	8.02	-6.97	0
2017-4-17 1:22:3	0.00	0.00	1.05	8.05	-7.00	0
2017-4-17 1:22:8	0.00	0.00	1.05	8.09	-7.04	0
2017-4-17 1:22:13	0.00	0.00	1.05	8.03	-6.98	0
2017-4-17 1:22:18	0.00	0.00	1.05	8.09	-7.04	0
2017-4-17 1:22:23	0.00	0.00	1.05	8.03	-6.98	0
2017-4-17 1:22:28	0.00	0.00	1.05	8.07	-7.02	0
2017-4-17 1:22:33	0.00	0.00	1.05	8.07	-7.02	0
2017-4-17 1:22:38	0.00	0.00	1.05	8.01	-6.96	0
2017-4-17 1:22:43	0.00	0.00	1.05	8.07	-7.02	0
2017-4-17 1:22:48	0.00	0.00	1.05	8.07	-7.02	0
2017-4-17 1:22:53	0.00	0.00	1.05	8.09	-7.04	0
2017-4-17 1:22:58	0.00	0.00	1.05	8.08	-7.03	0
2017-4-17 1:23:3	0.00	0.00	1.05	8.08	-7.03	0
2017-4-17 1:23:8	0.00	0.00	1.05	8.08	-7.03	0
2017-4-17 1:23:13	0.00	0.00	1.05	8.09	-7.04	0
2017-4-17 1:23:18	0.00	0.00	1.05	8.02	-6.97	0
2017-4-17 1:23:23	0.00	0.00	1.05	8.09	-7.04	0
2017-4-17 1:23:28	0.00	0.00	1.05	7.96	-6.91	0
2017-4-17 1:23:33	0.00	0.00	1.05	8.03	-6.98	0
2017-4-17 1:23:38	0.00	0.00	1.05	8.08	-7.03	0
2017-4-17 1:23:43	0.00	0.00	1.05	8.05	-7.00	0
2017-4-17 1:23:48	0.00	0.00	1.05	8.03	-6.98	0
2017-4-17 1:23:53	0.00	0.00	1.05	8.08	-7.03	0
2017-4-17 1:23:58	0.00	0.00	1.05	8.05	-7.00	0
2017-4-17 1:24:3	0.00	0.00	1.05	8.06	-7.01	0
2017-4-17 1:24:8	0.00	0.00	1.05	8.09	-7.04	0
2017-4-17 1:24:13	0.00	0.00	1.05	8.09	-7.04	0
2017-4-17 1:24:18	0.00	0.00	1.05	8.01	-6.96	0
2017-4-17 1:24:23	0.00	0.00	1.05	8.09	-7.04	0
2017-4-17 1:24:28	0.00	0.00	1.05	8.01	-6.96	0
2017-4-17 1:24:33	0.00	0.00	1.05	7.96	-6.91	0
2017-4-17 1:24:38	0.00	0.00	1.05	8.03	-6.98	0
2017-4-17 1:24:43	0.00	0.00	1.05	8.09	-7.04	0
2017-4-17 1:24:48	0.00	0.00	1.05	8.03	-6.98	0
2017-4-17 1:24:53	0.00	0.00	1.05	8.03	-6.98	0
2017-4-17 1:24:58	0.00	0.00	1.05	8.08	-7.03	0
2017-4-17 1:25:3	0.00	0.00	1.05	8.03	-6.98	0
2017-4-17 1:25:8	0.00	0.00	1.05	8.08	-7.03	0
2017-4-17 1:25:13	0.00	0.00	1.05	8.10	-7.05	0
2017-4-17 1:25:18	0.00	0.00	1.05	8.05	-7.00	0
2017-4-17 1:25:24	0.00	0.00	1.05	8.09	-7.04	0
2017-4-17 1:25:29	0.00	0.00	1.05	8.10	-7.05	0
2017-4-17 1:25:34	0.00	0.00	1.05	8.09	-7.04	0
2017-4-17 1:25:39	0.00	0.00	1.05	8.09	-7.04	0
2017-4-17 1:25:44	0.00	0.00	1.05	8.03	-6.98	0
2017-4-17 1:25:49	0.00	0.00	1.05	8.09	-7.04	0
2017-4-17 1:25:54	0.00	0.00	1.05	8.04	-6.99	0
2017-4-17 1:25:59	0.00	0.00	1.05	8.05	-7.00	0
2017-4-17 1:26:4	0.00	0.00	1.05	8.09	-7.04	0
2017-4-17 1:26:9	0.00	0.00	1.05	8.06	-7.01	0
2017-4-17 1:26:14	0.00	0.00	1.05	8.13	-7.08	0
2017-4-17 1:26:19	0.00	0.00	1.05	8.10	-7.05	0
2017-4-17 1:26:24	0.00	0.00	1.05	8.05	-7.00	0
2017-4-17 1:26:29	0.00	0.00	1.05	8.09	-7.04	0
2017-4-17 1:26:34	0.00	0.00	1.05	8.08	-7.03	0
2017-4-17 1:26:39	0.00	0.00	1.05	8.09	-7.04	0
2017-4-17 1:26:44	0.00	0.00	1.05	8.07	-7.02	0
2017-4-17 1:26:49	0.00	0.00	1.05	8.09	-7.04	0
2017-4-17 1:26:54	0.00	0.00	1.05	8.08	-7.03	0
2017-4-17 1:26:59	0.00	0.00	1.05	8.05	-7.00	0
2017-4-17 1:27:4	0.00	0.00	1.05	8.06	-7.01	0
2017-4-17 1:27:9	0.00	0.00	1.05	8.08	-7.03	0
2017-4-17 1:27:14	0.00	0.00	1.05	8.08	-7.03	0
2017-4-17 1:27:19	0.00	0.00	1.05	8.08	-7.03	0
2017-4-17 1:27:24	0.00	0.00	1.05	8.06	-7.01	0
2017-4-17 1:27:29	0.00	0.00	1.05	8.01	-6.96	0
2017-4-17 1:27:34	0.00	0.00	1.05	8.08	-7.03	0
2017-4-17 1:27:39	0.00	0.00	1.05	8.03	-6.98	0
2017-4-17 1:27:44	0.00	0.00	1.05	8.03	-6.98	0
2017-4-17 1:27:49	0.00	0.00	1.05	8.03	-6.98	0
2017-4-17 1:27:54	0.00	0.00	1.05	8.03	-6.98	0
2017-4-17 1:27:59	0.00	0.00	1.05	8.08	-7.03	0
2017-4-17 1:28:4	0.00	0.00	1.05	8.07	-7.02	0
2017-4-17 1:28:9	0.00	0.00	1.05	8.03	-6.98	0
2017-4-17 1:28:14	0.00	0.00	1.05	8.09	-7.04	0
2017-4-17 1:28:19	0.00	0.00	1.05	8.09	-7.04	0
2017-4-17 1:28:24	0.00	0.00	1.05	8.05	-7.00	0
2017-4-17 1:28:29	0.00	0.00	1.05	8.06	-7.01	0
2017-4-17 1:28:34	0.00	0.00	1.05	8.05	-7.00	0
2017-4-17 1:28:39	0.00	0.00	1.05	8.05	-7.00	0
2017-4-17 1:28:44	0.00	0.00	1.05	8.13	-7.08	0
2017-4-17 1:28:49	0.00	0.00	1.05	8.05	-7.00	0
2017-4-17 1:28:54	0.00	0.00	1.05	8.05	-7.00	0
2017-4-17 1:28:59	0.00	0.00	1.05	8.11	-7.06	0
2017-4-17 1:29:4	0.00	0.00	1.05	8.06	-7.01	0
2017-4-17 1:29:9	0.00	0.00	1.05	8.10	-7.05	0
2017-4-17 1:29:14	0.00	0.00	1.05	8.08	-7.03	0
2017-4-17 1:29:19	0.00	0.00	1.05	8.05	-7.00	0
2017-4-17 1:29:24	0.00	0.00	1.05	8.05	-7.00	0
2017-4-17 1:29:29	0.00	0.00	1.05	8.05	-7.00	0
2017-4-17 1:29:34	0.00	0.00	1.05	8.07	-7.02	0
2017-4-17 1:29:39	0.00	0.00	1.05	8.05	-7.00	0
2017-4-17 1:29:44	0.00	0.00	1.05	8.06	-7.01	0
2017-4-17 1:29:49	0.00	0.00	1.05	8.07	-7.02	0
2017-4-17 1:29:54	0.00	0.00	1.05	8.05	-7.00	0
2017-4-17 1:29:59	0.00	0.00	1.05	8.05	-7.00	0
2017-4-17 1:30:4	0.00	0.00	1.05	8.07	-7.02	0
2017-4-17 1:30:9	0.00	0.00	1.05	8.04	-6.99	0
2017-4-17 1:30:14	0.00	0.00	1.05	8.08	-7.03	0
2017-4-17 1:30:19	0.00	0.00	1.05	8.02	-6.97	0
2017-4-17 1:30:24	0.00	0.00	1.05	8.02	-6.97	0
2017-4-17 1:30:29	0.00	0.00	1.05	8.07	-7.02	0
2017-4-17 1:30:34	0.00	0.00	1.05	8.04	-6.99	0
2017-4-17 1:30:39	0.00	0.00	1.05	8.05	-7.00	0
2017-4-17 1:30:44	0.00	0.00	1.05	8.06	-7.01	0
2017-4-17 1:30:49	0.00	0.00	1.05	8.03	-6.98	0
2017-4-17 1:30:54	0.00	0.00	1.05	8.11	-7.06	0
2017-4-17 1:30:59	0.00	0.00	1.05	8.09	-7.04	0
2017-4-17 1:31:4	0.00	0.00	1.05	8.04	-6.99	0
2017-4-17 1:31:9	0.00	0.00	1.05	8.10	-7.05	0
2017-4-17 1:31:14	0.00	0.00	1.05	8.10	-7.05	0
2017-4-17 1:31:19	0.00	0.00	1.05	8.09	-7.04	0
2017-4-17 1:31:24	0.00	0.00	1.05	8.09	-7.04	0
2017-4-17 1:31:29	0.00	0.00	1.05	8.11	-7.06	0
2017-4-17 1:31:34	0.00	0.00	1.05	8.05	-7.00	0
2017-4-17 1:31:39	0.00	0.00	1.05	8.11	-7.06	0
2017-4-17 1:31:44	0.00	0.00	1.05	8.09	-7.04	0
2017-4-17 1:31:49	0.00	0.00	1.05	8.09	-7.04	0
2017-4-17 1:31:54	0.00	0.00	1.05	8.07	-7.02	0
2017-4-17 1:31:59	0.00	0.00	1.05	8.07	-7.02	0
2017-4-17 1:32:4	0.00	0.00	1.05	8.07	-7.02	0
2017-4-17 1:32:9	0.00	0.00	1.05	8.07	-7.02	0
2017-4-17 1:32:14	0.00	0.00	1.05	8.05	-7.00	0
2017-4-17 1:32:19	0.00	0.00	1.05	8.07	-7.02	0
2017-4-17 1:32:24	0.00	0.00	1.05	8.07	-7.02	0
2017-4-17 1:32:29	0.00	0.00	1.05	8.07	-7.02	0
2017-4-17 1:32:34	0.00	0.00	1.05	8.07	-7.02	0
2017-4-17 1:32:39	0.00	0.00	1.05	8.07	-7.02	0
2017-4-17 1:32:44	0.00	0.00	1.05	8.05	-7.00	0
2017-4-17 1:32:49	0.00	0.00	1.05	8.05	-7.00	0
2017-4-17 1:32:54	0.00	0.00	1.05	8.06	-7.01	0
2017-4-17 1:32:59	0.00	0.00	1.05	8.05	-7.00	0
2017-4-17 1:33:4	0.00	0.00	1.05	8.07	-7.02	0
2017-4-17 1:33:9	0.00	0.00	1.05	8.04	-6.99	0
2017-4-17 1:33:14	0.00	0.00	1.05	8.05	-7.00	0
2017-4-17 1:33:19	0.00	0.00	1.05	8.08	-7.03	0
2017-4-17 1:33:24	0.00	0.00	1.05	8.05	-7.00	0
2017-4-17 1:33:29	0.00	0.00	1.05	8.05	-7.00	0
2017-4-17 1:33:34	0.00	0.00	1.05	8.06	-7.01	0
2017-4-17 1:33:39	0.00	0.00	1.05	8.06	-7.01	0
2017-4-17 1:33:44	0.00	0.00	1.05	8.10	-7.05	0
2017-4-17 1:33:49	0.00	0.00	1.05	8.09	-7.04	0
2017-4-17 1:33:54	0.00	0.00	1.05	8.06	-7.01	0
2017-4-17 1:33:59	0.00	0.00	1.05	8.08	-7.03	0
2017-4-17 1:34:4	0.00	0.00	1.05	8.11	-7.06	0
2017-4-17 1:34:9	0.00	0.00	1.05	8.07	-7.02	0
2017-4-17 1:34:14	0.00	0.00	1.05	8.09	-7.04	0
2017-4-17 1:34:19	0.00	0.00	1.05	8.07	-7.02	0
2017-4-17 1:34:24	0.00	0.00	1.05	8.07	-7.02	0
2017-4-17 1:34:29	0.00	0.00	1.05	8.07	-7.02	0
2017-4-17 1:34:34	0.00	0.00	1.05	8.07	-7.02	0
2017-4-17 1:34:39	0.00	0.00	1.05	8.06	-7.01	0
2017-4-17 1:34:44	0.00	0.00	1.05	8.07	-7.02	0
2017-4-17 1:34:49	0.00	0.00	1.05	8.06	-7.01	0
2017-4-17 1:34:54	0.00	0.00	1.05	8.07	-7.02	0
2017-4-17 1:34:59	0.00	0.00	1.05	8.07	-7.02	0
2017-4-17 1:35:4	0.00	0.00	1.05	8.07	-7.02	0
2017-4-17 1:35:9	0.00	0.00	1.05	8.17	-7.12	0
2017-4-17 1:35:14	0.00	0.00	1.05	8.06	-7.01	0
2017-4-17 1:35:19	0.00	0.00	1.05	8.07	-7.02	0
2017-4-17 1:35:24	0.00	0.00	1.05	8.10	-7.05	0
2017-4-17 1:35:29	0.00	0.00	1.05	8.07	-7.02	0
2017-4-17 1:35:34	0.00	0.00	1.05	8.05	-7.00	0
2017-4-17 1:35:39	0.00	0.00	1.05	8.17	-7.12	0
2017-4-17 1:35:44	0.00	0.00	1.05	8.06	-7.01	0
2017-4-17 1:35:49	0.00	0.00	1.05	8.06	-7.01	0
2017-4-17 1:35:54	0.00	0.00	1.05	8.11	-7.06	0
2017-4-17 1:35:59	0.00	0.00	1.05	8.07	-7.02	0
2017-4-17 1:36:4	0.00	0.00	1.05	8.05	-7.00	0
2017-4-17 1:36:10	0.00	0.00	1.05	8.07	-7.02	0
2017-4-17 1:36:15	0.00	0.00	1.05	8.06	-7.01	0
2017-4-17 1:36:20	0.00	0.00	1.05	8.05	-7.00	0
2017-4-17 1:36:25	0.00	0.00	1.05	8.07	-7.02	0
2017-4-17 1:36:30	0.00	0.00	1.05	8.02	-6.97	0
2017-4-17 1:36:35	0.00	0.00	1.05	8.02	-6.97	0
2017-4-17 1:36:40	0.00	0.00	1.05	8.07	-7.02	0
2017-4-17 1:36:45	0.00	0.00	1.05	8.03	-6.98	0
2017-4-17 1:36:50	0.00	0.00	1.05	8.09	-7.04	0
2017-4-17 1:36:55	0.00	0.00	1.05	8.07	-7.02	0
2017-4-17 1:37:0	0.00	0.00	1.05	8.05	-7.00	0
2017-4-17 1:37:5	0.00	0.00	1.05	8.09	-7.04	0
2017-4-17 1:37:10	0.00	0.00	1.05	8.09	-7.04	0
2017-4-17 1:37:15	0.00	0.00	1.05	8.02	-6.97	0
2017-4-17 1:37:20	0.00	0.00	1.05	8.03	-6.98	0
2017-4-17 1:37:25	0.00	0.00	1.05	8.04	-6.99	0
2017-4-17 1:37:30	0.00	0.00	1.05	8.02	-6.97	0
2017-4-17 1:37:35	0.00	0.00	1.05	8.01	-6.96	0
2017-4-17 1:37:40	0.00	0.00	1.05	8.08	-7.03	0
2017-4-17 1:37:45	0.00	0.00	1.05	8.03	-6.98	0
2017-4-17 1:37:50	0.00	0.00	1.05	8.03	-6.98	0
2017-4-17 1:37:55	0.00	0.00	1.05	8.03	-6.98	0
2017-4-17 1:38:0	0.00	0.00	1.05	8.09	-7.04	0
2017-4-17 1:38:5	0.00	0.00	1.05	8.03	-6.98	0
2017-4-17 1:38:10	0.00	0.00	1.05	8.07	-7.02	0
2017-4-17 1:38:15	0.00	0.00	1.05	8.09	-7.04	0
2017-4-17 1:38:20	0.00	0.00	1.05	8.10	-7.05	0
2017-4-17 1:38:25	0.00	0.00	1.05	8.05	-7.00	0
2017-4-17 1:38:30	0.00	0.00	1.05	8.04	-6.99	0
2017-4-17 1:38:35	0.00	0.00	1.05	8.03	-6.98	0
2017-4-17 1:38:40	0.00	0.00	1.05	8.03	-6.98	0
2017-4-17 1:38:45	0.00	0.00	1.05	8.08	-7.03	0
2017-4-17 1:38:50	0.00	0.00	1.05	8.10	-7.05	0
2017-4-17 1:38:55	0.00	0.00	1.05	8.05	-7.00	0
2017-4-17 1:39:0	0.00	0.00	1.05	8.09	-7.04	0
2017-4-17 1:39:5	0.00	0.00	1.05	8.11	-7.06	0
2017-4-17 1:39:10	0.00	0.00	1.05	8.09	-7.04	0
2017-4-17 1:39:15	0.00	0.00	1.05	8.09	-7.04	0
2017-4-17 1:39:20	0.00	0.00	1.05	8.05	-7.00	0
2017-4-17 1:39:25	0.00	0.00	1.05	8.06	-7.01	0
2017-4-17 1:39:30	0.00	0.00	1.05	8.07	-7.02	0
2017-4-17 1:39:35	0.00	0.00	1.05	8.06	-7.01	0
2017-4-17 1:39:40	0.00	0.00	1.05	8.06	-7.01	0
2017-4-17 1:39:45	0.00	0.00	1.05	8.08	-7.03	0
2017-4-17 1:39:50	0.00	0.00	1.05	8.07	-7.02	0
2017-4-17 1:39:55	0.00	0.00	1.05	8.06	-7.01	0
2017-4-17 1:40:0	0.00	0.00	1.05	8.07	-7.02	0
2017-4-17 1:40:5	0.00	0.00	1.05	8.07	-7.02	0
2017-4-17 1:40:10	0.00	0.00	1.05	8.05	-7.00	0
2017-4-17 1:40:15	0.00	0.00	1.05	8.04	-6.99	0
2017-4-17 1:40:20	0.00	0.00	1.05	8.07	-7.02	0
2017-4-17 1:40:25	0.00	0.00	1.05	8.02	-6.97	0
2017-4-17 1:40:30	0.00	0.00	1.05	8.09	-7.04	0
2017-4-17 1:40:35	0.00	0.00	1.05	8.03	-6.98	0
2017-4-17 1:40:40	0.00	0.00	1.05	8.09	-7.04	0
2017-4-17 1:40:45	0.00	0.00	1.05	8.03	-6.98	0
2017-4-17 1:40:50	0.00	0.00	1.05	8.03	-6.98	0
2017-4-17 1:40:55	0.00	0.00	1.05	8.07	-7.02	0
2017-4-17 1:41:0	0.00	0.00	1.05	8.03	-6.98	0
2017-4-17 1:41:5	0.00	0.00	1.05	8.08	-7.03	0
2017-4-17 1:41:10	0.00	0.00	1.05	8.07	-7.02	0
2017-4-17 1:41:15	0.00	0.00	1.05	8.01	-6.96	0
2017-4-17 1:41:20	0.00	0.00	1.05	8.08	-7.03	0
2017-4-17 1:41:25	0.00	0.00	1.05	8.03	-6.98	0
2017-4-17 1:41:30	0.00	0.00	1.05	8.05	-7.00	0
2017-4-17 1:41:35	0.00	0.00	1.05	8.13	-7.08	0
2017-4-17 1:41:40	0.00	0.00	1.05	8.05	-7.00	0
2017-4-17 1:41:45	0.00	0.00	1.05	8.05	-7.00	0
2017-4-17 1:41:50	0.00	0.00	1.05	8.03	-6.98	0
2017-4-17 1:41:55	0.00	0.00	1.05	8.04	-6.99	0
2017-4-17 1:42:0	0.00	0.00	1.05	8.11	-7.06	0
2017-4-17 1:42:5	0.00	0.00	1.05	8.05	-7.00	0
2017-4-17 1:42:10	0.00	0.00	1.05	8.10	-7.05	0
2017-4-17 1:42:15	0.00	0.00	1.05	8.05	-7.00	0
2017-4-17 1:42:20	0.00	0.00	1.05	8.05	-7.00	0
2017-4-17 1:42:25	0.00	0.00	1.05	8.09	-7.04	0
2017-4-17 1:42:30	0.00	0.00	1.05	8.09	-7.04	0
2017-4-17 1:42:35	0.00	0.00	1.05	8.05	-7.00	0
2017-4-17 1:42:40	0.00	0.00	1.05	8.09	-7.04	0
2017-4-17 1:42:45	0.00	0.00	1.05	8.07	-7.02	0
2017-4-17 1:42:50	0.00	0.00	1.05	8.04	-6.99	0
2017-4-17 1:42:55	0.00	0.00	1.05	8.05	-7.00	0
2017-4-17 1:43:0	0.00	0.00	1.05	8.07	-7.02	0
2017-4-17 1:43:5	0.00	0.00	1.05	8.00	-6.95	0
2017-4-17 1:43:10	0.00	0.00	1.05	8.07	-7.02	0
2017-4-17 1:43:15	0.00	0.00	1.05	7.97	-6.92	0
2017-4-17 1:43:20	0.00	0.00	1.05	8.07	-7.02	0
2017-4-17 1:43:25	0.00	0.00	1.05	8.05	-7.00	0
2017-4-17 1:43:30	0.00	0.00	1.05	8.07	-7.02	0
2017-4-17 1:43:35	0.00	0.00	1.05	8.07	-7.02	0
2017-4-17 1:43:40	0.00	0.00	1.05	8.02	-6.97	0
2017-4-17 1:43:45	0.00	0.00	1.05	8.03	-6.98	0
2017-4-17 1:43:50	0.00	0.00	1.05	8.07	-7.02	0
2017-4-17 1:43:55	0.00	0.00	1.05	8.08	-7.03	0
2017-4-17 1:44:0	0.00	0.00	1.05	8.06	-7.01	0
2017-4-17 1:44:5	0.00	0.00	1.05	8.06	-7.01	0
2017-4-17 1:44:10	0.00	0.00	1.05	8.11	-7.06	0
2017-4-17 1:44:15	0.00	0.00	1.05	8.03	-6.98	0
2017-4-17 1:44:20	0.00	0.00	1.05	8.08	-7.03	0
2017-4-17 1:44:25	0.00	0.00	1.05	8.00	-6.95	0
2017-4-17 1:44:30	0.00	0.00	1.05	8.02	-6.97	0
2017-4-17 1:44:35	0.00	0.00	1.05	8.04	-6.99	0
2017-4-17 1:44:40	0.00	0.00	1.05	8.08	-7.03	0
2017-4-17 1:44:45	0.00	0.00	1.05	8.07	-7.02	0
2017-4-17 1:44:50	0.00	0.00	1.05	8.09	-7.04	0
2017-4-17 1:44:55	0.00	0.00	1.05	8.07	-7.02	0
2017-4-17 1:45:0	0.00	0.00	1.05	8.08	-7.03	0
2017-4-17 1:45:5	0.00	0.00	1.05	8.06	-7.01	0
2017-4-17 1:45:10	0.00	0.00	1.05	8.05	-7.00	0
2017-4-17 1:45:15	0.00	0.00	1.05	8.06	-7.01	0
2017-4-17 1:45:20	0.00	0.00	1.05	8.07	-7.02	0
2017-4-17 1:45:25	0.00	0.00	1.05	8.06	-7.01	0
2017-4-17 1:45:30	0.00	0.00	1.05	8.05	-7.00	0
2017-4-17 1:45:35	0.00	0.00	1.05	8.12	-7.07	0
2017-4-17 1:45:40	0.00	0.00	1.05	8.10	-7.05	0
2017-4-17 1:45:45	0.00	0.00	1.05	8.05	-7.00	0
2017-4-17 1:45:50	0.00	0.00	1.05	8.09	-7.04	0
2017-4-17 1:45:55	0.00	0.00	1.05	8.09	-7.04	0
2017-4-17 1:46:0	0.00	0.00	1.05	8.06	-7.01	0
2017-4-17 1:46:5	0.00	0.00	1.05	8.10	-7.05	0
2017-4-17 1:46:10	0.00	0.00	1.05	8.07	-7.02	0
2017-4-17 1:46:15	0.00	0.00	1.05	8.05	-7.00	0
2017-4-17 1:46:20	0.00	0.00	1.05	8.07	-7.02	0
2017-4-17 1:46:25	0.00	0.00	1.05	8.06	-7.01	0
2017-4-17 1:46:30	0.00	0.00	1.05	8.08	-7.03	0
2017-4-17 1:46:35	0.00	0.00	1.05	8.07	-7.02	0
2017-4-17 1:46:40	0.00	0.00	1.05	8.07	-7.02	0
2017-4-17 1:46:45	0.00	0.00	1.05	8.05	-7.00	0
2017-4-17 1:46:51	0.00	0.00	1.05	8.04	-6.99	0
2017-4-17 1:46:56	0.00	0.00	1.05	8.05	-7.00	0
2017-4-17 1:47:1	0.00	0.00	1.05	8.07	-7.02	0
2017-4-17 1:47:6	0.00	0.00	1.05	8.07	-7.02	0
2017-4-17 1:47:11	0.00	0.00	1.05	8.06	-7.01	0
2017-4-17 1:47:16	0.00	0.00	1.05	8.06	-7.01	0
2017-4-17 1:47:21	0.00	0.00	1.05	8.05	-7.00	0
2017-4-17 1:47:26	0.00	0.00	1.05	8.07	-7.02	0
2017-4-17 1:47:31	0.00	0.00	1.05	8.07	-7.02	0
2017-4-17 1:47:36	0.00	0.00	1.05	8.07	-7.02	0
2017-4-17 1:47:41	0.00	0.00	1.05	8.07	-7.02	0
2017-4-17 1:47:46	0.00	0.00	1.05	8.08	-7.03	0
2017-4-17 1:47:51	0.00	0.00	1.05	7.99	-6.94	0
2017-4-17 1:47:56	0.00	0.00	1.05	8.09	-7.04	0
2017-4-17 1:48:1	0.00	0.00	1.05	8.02	-6.97	0
2017-4-17 1:48:6	0.00	0.00	1.05	8.03	-6.98	0
2017-4-17 1:48:11	0.00	0.00	1.05	8.09	-7.04	0
2017-4-17 1:48:16	0.00	0.00	1.05	8.10	-7.05	0
2017-4-17 1:48:21	0.00	0.00	1.05	8.10	-7.05	0
2017-4-17 1:48:26	0.00	0.00	1.05	8.05	-7.00	0
2017-4-17 1:48:31	0.00	0.00	1.05	8.09	-7.04	0
2017-4-17 1:48:36	0.00	0.00	1.05	8.03	-6.98	0
2017-4-17 1:48:41	0.00	0.00	1.05	8.03	-6.98	0
2017-4-17 1:48:46	0.00	0.00	1.05	8.09	-7.04	0
2017-4-17 1:48:51	0.00	0.00	1.05	8.02	-6.97	0
2017-4-17 1:48:56	0.00	0.00	1.05	8.09	-7.04	0
2017-4-17 1:49:1	0.00	0.00	1.05	8.09	-7.04	0
2017-4-17 1:49:6	0.00	0.00	1.05	8.04	-6.99	0
2017-4-17 1:49:11	0.00	0.00	1.05	8.08	-7.03	0
2017-4-17 1:49:16	0.00	0.00	1.05	8.03	-6.98	0
2017-4-17 1:49:21	0.00	0.00	1.05	8.03	-6.98	0
2017-4-17 1:49:26	0.00	0.00	1.05	8.04	-6.99	0
2017-4-17 1:49:31	0.00	0.00	1.05	8.09	-7.04	0
2017-4-17 1:49:36	0.00	0.00	1.05	8.05	-7.00	0
2017-4-17 1:49:41	0.00	0.00	1.05	8.08	-7.03	0
2017-4-17 1:49:46	0.00	0.00	1.05	8.10	-7.05	0
2017-4-17 1:49:51	0.00	0.00	1.05	8.09	-7.04	0
2017-4-17 1:49:56	0.00	0.00	1.05	8.06	-7.01	0
2017-4-17 1:50:1	0.00	0.00	1.05	8.07	-7.02	0
2017-4-17 1:50:6	0.00	0.00	1.05	8.05	-7.00	0
2017-4-17 1:50:11	0.00	0.00	1.05	8.07	-7.02	0
2017-4-17 1:50:16	0.00	0.00	1.05	8.06	-7.01	0
2017-4-17 1:50:21	0.00	0.00	1.05	8.09	-7.04	0
2017-4-17 1:50:26	0.00	0.00	1.05	8.09	-7.04	0
2017-4-17 1:50:31	0.00	0.00	1.05	8.04	-6.99	0
2017-4-17 1:50:36	0.00	0.00	1.05	8.07	-7.02	0
2017-4-17 1:50:41	0.00	0.00	1.05	8.03	-6.98	0
2017-4-17 1:50:46	0.00	0.00	1.05	8.03	-6.98	0
2017-4-17 1:50:51	0.00	0.00	1.05	8.10	-7.05	0
2017-4-17 1:50:56	0.00	0.00	1.05	8.05	-7.00	0
2017-4-17 1:51:1	0.00	0.00	1.05	8.03	-6.98	0
2017-4-17 1:51:6	0.00	0.00	1.05	8.07	-7.02	0
2017-4-17 1:51:11	0.00	0.00	1.05	8.04	-6.99	0
2017-4-17 1:51:16	0.00	0.00	1.05	8.06	-7.01	0
2017-4-17 1:51:21	0.00	0.00	1.05	8.08	-7.03	0
2017-4-17 1:51:26	0.00	0.00	1.05	8.03	-6.98	0
2017-4-17 1:51:31	0.00	0.00	1.05	8.13	-7.08	0
2017-4-17 1:51:36	0.00	0.00	1.05	8.01	-6.96	0
2017-4-17 1:51:41	0.00	0.00	1.05	8.01	-6.96	0
2017-4-17 1:51:46	0.00	0.00	1.05	8.09	-7.04	0
2017-4-17 1:51:51	0.00	0.00	1.05	8.03	-6.98	0
2017-4-17 1:51:56	0.00	0.00	1.05	8.04	-6.99	0
2017-4-17 1:52:1	0.00	0.00	1.05	8.05	-7.00	0
2017-4-17 1:52:6	0.00	0.00	1.05	8.04	-6.99	0
2017-4-17 1:52:11	0.00	0.00	1.05	8.09	-7.04	0
2017-4-17 1:52:16	0.00	0.00	1.05	8.03	-6.98	0
2017-4-17 1:52:21	0.00	0.00	1.05	8.09	-7.04	0
2017-4-17 1:52:26	0.00	0.00	1.05	8.09	-7.04	0
2017-4-17 1:52:31	0.00	0.00	1.05	8.05	-7.00	0
2017-4-17 1:52:36	0.00	0.00	1.05	8.09	-7.04	0
2017-4-17 1:52:41	0.00	0.00	1.05	8.04	-6.99	0
2017-4-17 1:52:46	0.00	0.00	1.05	8.07	-7.02	0
2017-4-17 1:52:51	0.00	0.00	1.05	8.07	-7.02	0
2017-4-17 1:52:56	0.00	0.00	1.05	8.00	-6.95	0
2017-4-17 1:53:1	0.00	0.00	1.05	8.02	-6.97	0
2017-4-17 1:53:6	0.00	0.00	1.05	8.07	-7.02	0
2017-4-17 1:53:11	0.00	0.00	1.05	8.11	-7.06	0
2017-4-17 1:53:16	0.00	0.00	1.05	8.03	-6.98	0
2017-4-17 1:53:21	0.00	0.00	1.05	8.07	-7.02	0
2017-4-17 1:53:26	0.00	0.00	1.05	8.05	-7.00	0
2017-4-17 1:53:31	0.00	0.00	1.05	8.07	-7.02	0
2017-4-17 1:53:36	0.00	0.00	1.05	8.06	-7.01	0
2017-4-17 1:53:41	0.00	0.00	1.05	8.16	-7.11	0
2017-4-17 1:53:46	0.00	0.00	1.05	8.07	-7.02	0
2017-4-17 1:53:51	0.00	0.00	1.05	8.04	-6.99	0
2017-4-17 1:53:56	0.00	0.00	1.05	8.03	-6.98	0
2017-4-17 1:54:1	0.00	0.00	1.05	8.07	-7.02	0
2017-4-17 1:54:6	0.00	0.00	1.05	8.03	-6.98	0
2017-4-17 1:54:11	0.00	0.00	1.05	8.02	-6.97	0
2017-4-17 1:54:16	0.00	0.00	1.05	8.00	-6.95	0
2017-4-17 1:54:21	0.00	0.00	1.05	8.01	-6.96	0
2017-4-17 1:54:26	0.00	0.00	1.05	8.08	-7.03	0
2017-4-17 1:54:31	0.00	0.00	1.05	8.09	-7.04	0
2017-4-17 1:54:36	0.00	0.00	1.05	8.02	-6.97	0
2017-4-17 1:54:41	0.00	0.00	1.05	8.08	-7.03	0
2017-4-17 1:54:46	0.00	0.00	1.05	8.07	-7.02	0
2017-4-17 1:54:51	0.00	0.00	1.05	8.02	-6.97	0
2017-4-17 1:54:56	0.00	0.00	1.05	8.09	-7.04	0
2017-4-17 1:55:1	0.00	0.00	1.05	8.05	-7.00	0
2017-4-17 1:55:6	0.00	0.00	1.05	8.04	-6.99	0
2017-4-17 1:55:11	0.00	0.00	1.05	8.04	-6.99	0
2017-4-17 1:55:16	0.00	0.00	1.05	8.05	-7.00	0
2017-4-17 1:55:21	0.00	0.00	1.05	8.05	-7.00	0
2017-4-17 1:55:26	0.00	0.00	1.05	8.07	-7.02	0
2017-4-17 1:55:31	0.00	0.00	1.05	8.09	-7.04	0
2017-4-17 1:55:36	0.00	0.00	1.05	8.11	-7.06	0
2017-4-17 1:55:41	0.00	0.00	1.05	8.09	-7.04	0
2017-4-17 1:55:46	0.00	0.00	1.05	8.09	-7.04	0
2017-4-17 1:55:51	0.00	0.00	1.05	8.03	-6.98	0
2017-4-17 1:55:56	0.00	0.00	1.05	8.09	-7.04	0
2017-4-17 1:56:1	0.00	0.00	1.05	8.01	-6.96	0
2017-4-17 1:56:6	0.00	0.00	1.05	8.03	-6.98	0
2017-4-17 1:56:11	0.00	0.00	1.05	8.08	-7.03	0
2017-4-17 1:56:16	0.00	0.00	1.05	8.03	-6.98	0
2017-4-17 1:56:21	0.00	0.00	1.05	8.04	-6.99	0
2017-4-17 1:56:26	0.00	0.00	1.05	8.10	-7.05	0
2017-4-17 1:56:31	0.00	0.00	1.05	8.03	-6.98	0
2017-4-17 1:56:36	0.00	0.00	1.05	8.09	-7.04	0
2017-4-17 1:56:41	0.00	0.00	1.05	8.09	-7.04	0
2017-4-17 1:56:46	0.00	0.00	1.05	8.05	-7.00	0
2017-4-17 1:56:51	0.00	0.00	1.05	8.11	-7.06	0
2017-4-17 1:56:56	0.00	0.00	1.05	8.09	-7.04	0
2017-4-17 1:57:1	0.00	0.00	1.05	7.98	-6.93	0
2017-4-17 1:57:6	0.00	0.00	1.05	8.03	-6.98	0
2017-4-17 1:57:11	0.00	0.00	1.05	8.07	-7.02	0
2017-4-17 1:57:16	0.00	0.00	1.05	8.05	-7.00	0
2017-4-17 1:57:21	0.00	0.00	1.05	8.04	-6.99	0
2017-4-17 1:57:26	0.00	0.00	1.05	8.05	-7.00	0
2017-4-17 1:57:31	0.00	0.00	1.05	8.07	-7.02	0
2017-4-17 1:57:36	0.00	0.00	1.05	8.07	-7.02	0
2017-4-17 1:57:41	0.00	0.00	1.05	8.03	-6.98	0
2017-4-17 1:57:47	0.00	0.00	1.05	8.09	-7.04	0
2017-4-17 1:57:52	0.00	0.00	1.05	8.11	-7.06	0
2017-4-17 1:57:57	0.00	0.00	1.05	8.05	-7.00	0
2017-4-17 1:58:2	0.00	0.00	1.05	8.11	-7.06	0
2017-4-17 1:58:7	0.00	0.00	1.05	8.06	-7.01	0
2017-4-17 1:58:12	0.00	0.00	1.05	8.06	-7.01	0
2017-4-17 1:58:17	0.00	0.00	1.05	8.05	-7.00	0
2017-4-17 1:58:22	0.00	0.00	1.05	8.09	-7.04	0
2017-4-17 1:58:27	0.00	0.00	1.05	8.05	-7.00	0
2017-4-17 1:58:32	0.00	0.00	1.05	8.09	-7.04	0
2017-4-17 1:58:37	0.00	0.00	1.05	8.05	-7.00	0
2017-4-17 1:58:42	0.00	0.00	1.05	8.08	-7.03	0
2017-4-17 1:58:47	0.00	0.00	1.05	8.09	-7.04	0
2017-4-17 1:58:52	0.00	0.00	1.05	8.07	-7.02	0
2017-4-17 1:58:57	0.00	0.00	1.05	8.03	-6.98	0
2017-4-17 1:59:2	0.00	0.00	1.05	8.09	-7.04	0
2017-4-17 1:59:7	0.00	0.00	1.05	8.03	-6.98	0
2017-4-17 1:59:12	0.00	0.00	1.05	8.02	-6.97	0
2017-4-17 1:59:17	0.00	0.00	1.05	8.09	-7.04	0
2017-4-17 1:59:22	0.00	0.00	1.05	8.04	-6.99	0
2017-4-17 1:59:27	0.00	0.00	1.05	8.09	-7.04	0
2017-4-17 1:59:32	0.00	0.00	1.05	8.10	-7.05	0
2017-4-17 1:59:37	0.00	0.00	1.05	8.09	-7.04	0
2017-4-17 1:59:42	0.00	0.00	1.05	8.03	-6.98	0
2017-4-17 1:59:47	0.00	0.00	1.05	8.10	-7.05	0
2017-4-17 1:59:52	0.00	0.00	1.05	8.09	-7.04	0
2017-4-17 1:59:57	0.00	0.00	1.05	8.05	-7.00	0
2017-4-17 1:60:2	0.00	0.00	1.05	8.10	-7.05	0
2017-4-17 1:60:7	0.00	0.00	1.05	8.04	-6.99	0
2017-4-17 1:60:12	0.00	0.00	1.05	8.05	-7.00	0
2017-4-17 1:60:17	0.00	0.00	1.05	8.10	-7.05	0
2017-4-17 1:60:22	0.00	0.00	1.05	8.10	-7.05	0
2017-4-17 1:60:27	0.00	0.00	1.05	8.05	-7.00	0
2017-4-17 1:60:32	0.00	0.00	1.05	8.09	-7.04	0
2017-4-17 1:60:37	0.00	0.00	1.05	8.06	-7.01	0
2017-4-17 1:60:42	0.00	0.00	1.05	8.06	-7.01	0
2017-4-17 1:60:47	0.00	0.00	1.05	8.05	-7.00	0
2017-4-17 1:60:52	0.00	0.00	1.05	8.06	-7.01	0
2017-4-17 1:60:57	0.00	0.00	1.05	8.06	-7.01	0
2017-4-17 2:1:2	0.00	0.00	1.05	8.06	-7.01	0
2017-4-17 2:1:7	0.00	0.00	1.05	8.09	-7.04	0
2017-4-17 2:1:12	0.00	0.00	1.05	8.02	-6.97	0
2017-4-17 2:1:17	0.00	0.00	1.05	8.11	-7.06	0
2017-4-17 2:1:22	0.00	0.00	1.05	8.06	-7.01	0
2017-4-17 2:1:27	0.00	0.00	1.05	8.14	-7.09	0
2017-4-17 2:1:32	0.00	0.00	1.05	8.01	-6.96	0
2017-4-17 2:1:37	0.00	0.00	1.05	8.07	-7.02	0
2017-4-17 2:1:42	0.00	0.00	1.05	8.07	-7.02	0
2017-4-17 2:1:47	0.00	0.00	1.05	8.03	-6.98	0
2017-4-17 2:1:52	0.00	0.00	1.05	8.03	-6.98	0
2017-4-17 2:1:57	0.00	0.00	1.05	8.07	-7.02	0
2017-4-17 2:2:2	0.00	0.00	1.05	8.07	-7.02	0
2017-4-17 2:2:7	0.00	0.00	1.05	8.09	-7.04	0
2017-4-17 2:2:12	0.00	0.00	1.05	8.07	-7.02	0
2017-4-17 2:2:17	0.00	0.00	1.05	8.03	-6.98	0
2017-4-17 2:2:22	0.00	0.00	1.05	8.09	-7.04	0
2017-4-17 2:2:27	0.00	0.00	1.05	8.07	-7.02	0
2017-4-17 2:2:32	0.00	0.00	1.05	7.91	-6.86	0
2017-4-17 2:2:37	0.00	0.00	1.05	8.03	-6.98	0
2017-4-17 2:2:42	0.00	0.00	1.05	8.05	-7.00	0
2017-4-17 2:2:47	0.00	0.00	1.05	8.07	-7.02	0
2017-4-17 2:2:52	0.00	0.00	1.05	8.08	-7.03	0
2017-4-17 2:2:57	0.00	0.00	1.05	8.07	-7.02	0
2017-4-17 2:3:2	0.00	0.00	1.05	8.05	-7.00	0
2017-4-17 2:3:7	0.00	0.00	1.05	8.03	-6.98	0
2017-4-17 2:3:12	0.00	0.00	1.05	8.03	-6.98	0
2017-4-17 2:3:17	0.00	0.00	1.05	8.08	-7.03	0
2017-4-17 2:3:22	0.00	0.00	1.05	8.07	-7.02	0
2017-4-17 2:3:27	0.00	0.00	1.05	8.03	-6.98	0
2017-4-17 2:3:32	0.00	0.00	1.05	8.03	-6.98	0
2017-4-17 2:3:37	0.00	0.00	1.05	8.09	-7.04	0
2017-4-17 2:3:42	0.00	0.00	1.05	8.06	-7.01	0
2017-4-17 2:3:47	0.00	0.00	1.05	8.04	-6.99	0
2017-4-17 2:3:52	0.00	0.00	1.05	8.09	-7.04	0
2017-4-17 2:3:57	0.00	0.00	1.05	8.03	-6.98	0
2017-4-17 2:4:2	0.00	0.00	1.05	8.09	-7.04	0
2017-4-17 2:4:7	0.00	0.00	1.05	8.09	-7.04	0
2017-4-17 2:4:12	0.00	0.00	1.05	8.04	-6.99	0
2017-4-17 2:4:17	0.00	0.00	1.05	8.11	-7.06	0
2017-4-17 2:4:22	0.00	0.00	1.05	8.11	-7.06	0
2017-4-17 2:4:27	0.00	0.00	1.05	8.03	-6.98	0
2017-4-17 2:4:32	0.00	0.00	1.05	8.04	-6.99	0
2017-4-17 2:4:37	0.00	0.00	1.05	8.05	-7.00	0
2017-4-17 2:4:42	0.00	0.00	1.05	8.06	-7.01	0
2017-4-17 2:4:47	0.00	0.00	1.05	8.13	-7.08	0
2017-4-17 2:4:52	0.00	0.00	1.05	8.09	-7.04	0
2017-4-17 2:4:57	0.00	0.00	1.05	8.03	-6.98	0
2017-4-17 2:5:2	0.00	0.00	1.05	8.07	-7.02	0
2017-4-17 2:5:7	0.00	0.00	1.05	8.07	-7.02	0
2017-4-17 2:5:12	0.00	0.00	1.05	8.05	-7.00	0
2017-4-17 2:5:17	0.00	0.00	1.05	8.07	-7.02	0
2017-4-17 2:5:22	0.00	0.00	1.05	8.05	-7.00	0
2017-4-17 2:5:27	0.00	0.00	1.05	8.05	-7.00	0
2017-4-17 2:5:32	0.00	0.00	1.05	8.07	-7.02	0
2017-4-17 2:5:37	0.00	0.00	1.05	8.08	-7.03	0
2017-4-17 2:5:42	0.00	0.00	1.05	8.04	-6.99	0
2017-4-17 2:5:47	0.00	0.00	1.05	8.07	-7.02	0
2017-4-17 2:5:52	0.00	0.00	1.05	8.12	-7.07	0
2017-4-17 2:5:57	0.00	0.00	1.05	8.07	-7.02	0
2017-4-17 2:6:2	0.00	0.00	1.05	8.01	-6.96	0
2017-4-17 2:6:7	0.00	0.00	1.05	8.02	-6.97	0
2017-4-17 2:6:12	0.00	0.00	1.05	8.07	-7.02	0
2017-4-17 2:6:17	0.00	0.00	1.05	8.05	-7.00	0
2017-4-17 2:6:22	0.00	0.00	1.05	8.11	-7.06	0
2017-4-17 2:6:27	0.00	0.00	1.05	8.09	-7.04	0
2017-4-17 2:6:32	0.00	0.00	1.05	8.11	-7.06	0
2017-4-17 2:6:37	0.00	0.00	1.05	8.11	-7.06	0
2017-4-17 2:6:42	0.00	0.00	1.05	8.10	-7.05	0
2017-4-17 2:6:47	0.00	0.00	1.05	8.05	-7.00	0
2017-4-17 2:6:52	0.00	0.00	1.05	8.09	-7.04	0
2017-4-17 2:6:57	0.00	0.00	1.05	8.05	-7.00	0
2017-4-17 2:7:2	0.00	0.00	1.05	8.04	-6.99	0
2017-4-17 2:7:7	0.00	0.00	1.05	8.08	-7.03	0
2017-4-17 2:7:12	0.00	0.00	1.05	8.05	-7.00	0
2017-4-17 2:7:17	0.00	0.00	1.05	8.03	-6.98	0
2017-4-17 2:7:22	0.00	0.00	1.05	8.07	-7.02	0
2017-4-17 2:7:27	0.00	0.00	1.05	8.09	-7.04	0
2017-4-17 2:7:32	0.00	0.00	1.05	8.09	-7.04	0
2017-4-17 2:7:37	0.00	0.00	1.05	8.11	-7.06	0
2017-4-17 2:7:42	0.00	0.00	1.05	8.03	-6.98	0
2017-4-17 2:7:47	0.00	0.00	1.05	8.04	-6.99	0
2017-4-17 2:7:52	0.00	0.00	1.05	8.09	-7.04	0
2017-4-17 2:7:57	0.00	0.00	1.05	8.05	-7.00	0
2017-4-17 2:8:2	0.00	0.00	1.05	8.05	-7.00	0
2017-4-17 2:8:7	0.00	0.00	1.05	8.09	-7.04	0
2017-4-17 2:8:12	0.00	0.00	1.05	8.03	-6.98	0
2017-4-17 2:8:17	0.00	0.00	1.05	8.09	-7.04	0
2017-4-17 2:8:22	0.00	0.00	1.05	8.11	-7.06	0
2017-4-17 2:8:27	0.00	0.00	1.05	8.05	-7.00	0
2017-4-17 2:8:32	0.00	0.00	1.05	8.05	-7.00	0
2017-4-17 2:8:37	0.00	0.00	1.05	8.04	-6.99	0
2017-4-17 2:8:42	0.00	0.00	1.05	8.08	-7.03	0
2017-4-17 2:8:47	0.00	0.00	1.05	8.09	-7.04	0
2017-4-17 2:8:53	0.00	0.00	1.05	8.08	-7.03	0
2017-4-17 2:8:58	0.00	0.00	1.05	8.08	-7.03	0
2017-4-17 2:9:3	0.00	0.00	1.05	8.07	-7.02	0
2017-4-17 2:9:8	0.00	0.00	1.05	8.07	-7.02	0
2017-4-17 2:9:13	0.00	0.00	1.05	8.05	-7.00	0
2017-4-17 2:9:18	0.00	0.00	1.05	8.08	-7.03	0
2017-4-17 2:9:23	0.00	0.00	1.05	8.05	-7.00	0
2017-4-17 2:9:28	0.00	0.00	1.05	8.03	-6.98	0
2017-4-17 2:9:33	0.00	0.00	1.05	8.09	-7.04	0
2017-4-17 2:9:38	0.00	0.00	1.05	8.07	-7.02	0
2017-4-17 2:9:43	0.00	0.00	1.05	8.03	-6.98	0
2017-4-17 2:9:48	0.00	0.00	1.05	8.08	-7.03	0
2017-4-17 2:9:53	0.00	0.00	1.05	8.03	-6.98	0
2017-4-17 2:9:58	0.00	0.00	1.05	8.02	-6.97	0
2017-4-17 2:10:3	0.00	0.00	1.05	8.03	-6.98	0
2017-4-17 2:10:8	0.00	0.00	1.05	8.02	-6.97	0
2017-4-17 2:10:13	0.00	0.00	1.05	8.10	-7.05	0
2017-4-17 2:10:18	0.00	0.00	1.05	8.03	-6.98	0
2017-4-17 2:10:23	0.00	0.00	1.05	8.03	-6.98	0
2017-4-17 2:10:28	0.00	0.00	1.05	8.07	-7.02	0
2017-4-17 2:10:33	0.00	0.00	1.05	8.02	-6.97	0
2017-4-17 2:10:38	0.00	0.00	1.05	8.07	-7.02	0
2017-4-17 2:10:43	0.00	0.00	1.05	8.07	-7.02	0
2017-4-17 2:10:48	0.00	0.00	1.05	8.02	-6.97	0
2017-4-17 2:10:53	0.00	0.00	1.05	8.08	-7.03	0
2017-4-17 2:10:58	0.00	0.00	1.05	8.08	-7.03	0
2017-4-17 2:11:3	0.00	0.00	1.05	8.04	-6.99	0
2017-4-17 2:11:8	0.00	0.00	1.05	8.07	-7.02	0
2017-4-17 2:11:13	0.00	0.00	1.05	8.03	-6.98	0
2017-4-17 2:11:18	0.00	0.00	1.05	7.99	-6.94	0
2017-4-17 2:11:23	0.00	0.00	1.05	8.05	-7.00	0
2017-4-17 2:11:28	0.00	0.00	1.05	8.05	-7.00	0
2017-4-17 2:11:33	0.00	0.00	1.05	8.05	-7.00	0
2017-4-17 2:11:38	0.00	0.00	1.05	8.09	-7.04	0
2017-4-17 2:11:43	0.00	0.00	1.05	8.09	-7.04	0
2017-4-17 2:11:48	0.00	0.00	1.05	8.05	-7.00	0
2017-4-17 2:11:53	0.00	0.00	1.05	8.04	-6.99	0
2017-4-17 2:11:58	0.00	0.00	1.05	8.06	-7.01	0
2017-4-17 2:12:3	0.00	0.00	1.05	8.09	-7.04	0
2017-4-17 2:12:8	0.00	0.00	1.05	8.05	-7.00	0
2017-4-17 2:12:13	0.00	0.00	1.05	8.11	-7.06	0
2017-4-17 2:12:18	0.00	0.00	1.05	8.04	-6.99	0
2017-4-17 2:12:23	0.00	0.00	1.05	8.10	-7.05	0
2017-4-17 2:12:28	0.00	0.00	1.05	8.05	-7.00	0
2017-4-17 2:12:33	0.00	0.00	1.05	8.06	-7.01	0
2017-4-17 2:12:38	0.00	0.00	1.05	8.07	-7.02	0
2017-4-17 2:12:43	0.00	0.00	1.05	8.11	-7.06	0
2017-4-17 2:12:48	0.00	0.00	1.05	8.10	-7.05	0
2017-4-17 2:12:53	0.00	0.00	1.05	8.10	-7.05	0
2017-4-17 2:12:58	0.00	0.00	1.05	8.05	-7.00	0
2017-4-17 2:13:3	0.00	0.00	1.05	8.11	-7.06	0
2017-4-17 2:13:8	0.00	0.00	1.05	8.10	-7.05	0
2017-4-17 2:13:13	0.00	0.00	1.05	8.05	-7.00	0
2017-4-17 2:13:18	0.00	0.00	1.05	8.11	-7.06	0
2017-4-17 2:13:23	0.00	0.00	1.05	8.04	-6.99	0
2017-4-17 2:13:28	0.00	0.00	1.05	8.05	-7.00	0
2017-4-17 2:13:33	0.00	0.00	1.05	8.12	-7.07	0
2017-4-17 2:13:38	0.00	0.00	1.05	8.09	-7.04	0
2017-4-17 2:13:43	0.00	0.00	1.05	8.11	-7.06	0
2017-4-17 2:13:48	0.00	0.00	1.05	8.07	-7.02	0
2017-4-17 2:13:53	0.00	0.00	1.05	8.05	-7.00	0
2017-4-17 2:13:58	0.00	0.00	1.05	8.09	-7.04	0
2017-4-17 2:14:3	0.00	0.00	1.05	8.08	-7.03	0
2017-4-17 2:14:8	0.00	0.00	1.05	8.01	-6.96	0
2017-4-17 2:14:13	0.00	0.00	1.05	8.07	-7.02	0
2017-4-17 2:14:18	0.00	0.00	1.05	8.05	-7.00	0
2017-4-17 2:14:23	0.00	0.00	1.05	8.05	-7.00	0
2017-4-17 2:14:28	0.00	0.00	1.05	8.08	-7.03	0
2017-4-17 2:14:33	0.00	0.00	1.05	8.07	-7.02	0
2017-4-17 2:14:38	0.00	0.00	1.05	8.06	-7.01	0
2017-4-17 2:14:43	0.00	0.00	1.05	8.03	-6.98	0
2017-4-17 2:14:48	0.00	0.00	1.05	8.09	-7.04	0
2017-4-17 2:14:53	0.00	0.00	1.05	8.04	-6.99	0
2017-4-17 2:14:58	0.00	0.00	1.05	8.04	-6.99	0
2017-4-17 2:15:3	0.00	0.00	1.05	8.09	-7.04	0
2017-4-17 2:15:8	0.00	0.00	1.05	8.10	-7.05	0
2017-4-17 2:15:13	0.00	0.00	1.05	8.05	-7.00	0
2017-4-17 2:15:18	0.00	0.00	1.05	8.08	-7.03	0
2017-4-17 2:15:23	0.00	0.00	1.05	8.05	-7.00	0
2017-4-17 2:15:28	0.00	0.00	1.05	8.07	-7.02	0
2017-4-17 2:15:33	0.00	0.00	1.05	8.03	-6.98	0
2017-4-17 2:15:38	0.00	0.00	1.05	8.08	-7.03	0
2017-4-17 2:15:43	0.00	0.00	1.05	8.02	-6.97	0
2017-4-17 2:15:48	0.00	0.00	1.05	8.04	-6.99	0
2017-4-17 2:15:53	0.00	0.00	1.05	8.09	-7.04	0
2017-4-17 2:15:58	0.00	0.00	1.05	8.11	-7.06	0
2017-4-17 2:16:3	0.00	0.00	1.05	8.05	-7.00	0
2017-4-17 2:16:8	0.00	0.00	1.05	8.10	-7.05	0
2017-4-17 2:16:13	0.00	0.00	1.05	8.05	-7.00	0
2017-4-17 2:16:18	0.00	0.00	1.05	8.11	-7.06	0
2017-4-17 2:16:23	0.00	0.00	1.05	8.11	-7.06	0
2017-4-17 2:16:28	0.00	0.00	1.05	8.10	-7.05	0
2017-4-17 2:16:33	0.00	0.00	1.05	8.09	-7.04	0
2017-4-17 2:16:38	0.00	0.00	1.05	8.06	-7.01	0
2017-4-17 2:16:43	0.00	0.00	1.05	8.07	-7.02	0
2017-4-17 2:16:48	0.00	0.00	1.05	8.06	-7.01	0
2017-4-17 2:16:53	0.00	0.00	1.05	8.05	-7.00	0
2017-4-17 2:16:58	0.00	0.00	1.05	8.05	-7.00	0
2017-4-17 2:17:3	0.00	0.00	1.05	8.06	-7.01	0
2017-4-17 2:17:8	0.00	0.00	1.05	8.11	-7.06	0
2017-4-17 2:17:13	0.00	0.00	1.05	8.05	-7.00	0
2017-4-17 2:17:18	0.00	0.00	1.05	8.07	-7.02	0
2017-4-17 2:17:23	0.00	0.00	1.05	8.14	-7.09	0
2017-4-17 2:17:28	0.00	0.00	1.05	8.07	-7.02	0
2017-4-17 2:17:33	0.00	0.00	1.05	8.07	-7.02	0
2017-4-17 2:17:38	0.00	0.00	1.05	8.07	-7.02	0
2017-4-17 2:17:43	0.00	0.00	1.05	8.06	-7.01	0
2017-4-17 2:17:48	0.00	0.00	1.05	8.06	-7.01	0
2017-4-17 2:17:53	0.00	0.00	1.05	8.07	-7.02	0
2017-4-17 2:17:58	0.00	0.00	1.05	8.04	-6.99	0
2017-4-17 2:18:3	0.00	0.00	1.05	8.03	-6.98	0
2017-4-17 2:18:8	0.00	0.00	1.05	8.09	-7.04	0
2017-4-17 2:18:13	0.00	0.00	1.05	8.09	-7.04	0
2017-4-17 2:18:18	0.00	0.00	1.05	8.10	-7.05	0
2017-4-17 2:18:23	0.00	0.00	1.05	8.10	-7.05	0
2017-4-17 2:18:28	0.00	0.00	1.05	8.03	-6.98	0
2017-4-17 2:18:33	0.00	0.00	1.05	8.03	-6.98	0
2017-4-17 2:18:38	0.00	0.00	1.05	8.07	-7.02	0
2017-4-17 2:18:43	0.00	0.00	1.05	8.05	-7.00	0
2017-4-17 2:18:48	0.00	0.00	1.05	8.05	-7.00	0
2017-4-17 2:18:53	0.00	0.00	1.05	8.09	-7.04	0
2017-4-17 2:18:58	0.00	0.00	1.05	8.04	-6.99	0
2017-4-17 2:19:3	0.00	0.00	1.05	8.03	-6.98	0
2017-4-17 2:19:8	0.00	0.00	1.05	8.11	-7.06	0
2017-4-17 2:19:13	0.00	0.00	1.05	8.03	-6.98	0
2017-4-17 2:19:18	0.00	0.00	1.05	8.11	-7.06	0
2017-4-17 2:19:23	0.00	0.00	1.05	8.09	-7.04	0
2017-4-17 2:19:28	0.00	0.00	1.05	8.05	-7.00	0
2017-4-17 2:19:34	0.00	0.00	1.05	8.08	-7.03	0
2017-4-17 2:19:39	0.00	0.00	1.05	8.06	-7.01	0
2017-4-17 2:19:44	0.00	0.00	1.05	8.07	-7.02	0
2017-4-17 2:19:49	0.00	0.00	1.05	8.06	-7.01	0
2017-4-17 2:19:54	0.00	0.00	1.05	8.06	-7.01	0
2017-4-17 2:19:59	0.00	0.00	1.05	8.04	-6.99	0
2017-4-17 2:20:4	0.00	0.00	1.05	8.06	-7.01	0
2017-4-17 2:20:9	0.00	0.00	1.05	8.09	-7.04	0
2017-4-17 2:20:14	0.00	0.00	1.05	8.07	-7.02	0
2017-4-17 2:20:19	0.00	0.00	1.05	8.05	-7.00	0
2017-4-17 2:20:24	0.00	0.00	1.05	8.05	-7.00	0
2017-4-17 2:20:29	0.00	0.00	1.05	8.11	-7.06	0
2017-4-17 2:20:34	0.00	0.00	1.05	8.10	-7.05	0
2017-4-17 2:20:39	0.00	0.00	1.05	8.05	-7.00	0
2017-4-17 2:20:44	0.00	0.00	1.05	8.09	-7.04	0
2017-4-17 2:20:49	0.00	0.00	1.05	8.07	-7.02	0
2017-4-17 2:20:54	0.00	0.00	1.05	8.07	-7.02	0
2017-4-17 2:20:59	0.00	0.00	1.05	8.08	-7.03	0
2017-4-17 2:21:4	0.00	0.00	1.05	8.06	-7.01	0
2017-4-17 2:21:9	0.00	0.00	1.05	8.06	-7.01	0
2017-4-17 2:21:14	0.00	0.00	1.05	8.11	-7.06	0
2017-4-17 2:21:19	0.00	0.00	1.05	8.06	-7.01	0
2017-4-17 2:21:24	0.00	0.00	1.05	8.05	-7.00	0
2017-4-17 2:21:29	0.00	0.00	1.05	8.03	-6.98	0
2017-4-17 2:21:34	0.00	0.00	1.05	8.02	-6.97	0
2017-4-17 2:21:39	0.00	0.00	1.05	8.01	-6.96	0
2017-4-17 2:21:44	0.00	0.00	1.05	7.96	-6.91	0
2017-4-17 2:21:49	0.00	0.00	1.05	8.08	-7.03	0
2017-4-17 2:21:54	0.00	0.00	1.05	8.07	-7.02	0
2017-4-17 2:21:59	0.00	0.00	1.05	8.09	-7.04	0
2017-4-17 2:22:4	0.00	0.00	1.05	8.08	-7.03	0
2017-4-17 2:22:9	0.00	0.00	1.05	8.09	-7.04	0
2017-4-17 2:22:14	0.00	0.00	1.05	8.09	-7.04	0
2017-4-17 2:22:19	0.00	0.00	1.05	8.04	-6.99	0
2017-4-17 2:22:24	0.00	0.00	1.05	8.07	-7.02	0
2017-4-17 2:22:29	0.00	0.00	1.05	8.07	-7.02	0
2017-4-17 2:22:34	0.00	0.00	1.05	8.08	-7.03	0
2017-4-17 2:22:39	0.00	0.00	1.05	8.09	-7.04	0
2017-4-17 2:22:44	0.00	0.00	1.05	8.03	-6.98	0
2017-4-17 2:22:49	0.00	0.00	1.05	7.96	-6.91	0
2017-4-17 2:22:54	0.00	0.00	1.05	8.09	-7.04	0
2017-4-17 2:22:59	0.00	0.00	1.05	8.06	-7.01	0
2017-4-17 2:23:4	0.00	0.00	1.05	8.06	-7.01	0
2017-4-17 2:23:9	0.00	0.00	1.05	8.09	-7.04	0
2017-4-17 2:23:14	0.00	0.00	1.05	8.05	-7.00	0
2017-4-17 2:23:19	0.00	0.00	1.05	8.08	-7.03	0
2017-4-17 2:23:24	0.00	0.00	1.05	8.08	-7.03	0
2017-4-17 2:23:29	0.00	0.00	1.05	8.09	-7.04	0
2017-4-17 2:23:34	0.00	0.00	1.05	8.05	-7.00	0
2017-4-17 2:23:39	0.00	0.00	1.05	8.04	-6.99	0
2017-4-17 2:23:44	0.00	0.00	1.05	8.10	-7.05	0
2017-4-17 2:23:49	0.00	0.00	1.05	8.08	-7.03	0
2017-4-17 2:23:54	0.00	0.00	1.05	8.05	-7.00	0
2017-4-17 2:23:59	0.00	0.00	1.05	8.09	-7.04	0
2017-4-17 2:24:4	0.00	0.00	1.05	8.08	-7.03	0
2017-4-17 2:24:9	0.00	0.00	1.05	8.06	-7.01	0
2017-4-17 2:24:14	0.00	0.00	1.05	8.11	-7.06	0
2017-4-17 2:24:19	0.00	0.00	1.05	8.11	-7.06	0
2017-4-17 2:24:24	0.00	0.00	1.05	8.10	-7.05	0
2017-4-17 2:24:29	0.00	0.00	1.05	7.98	-6.93	0
2017-4-17 2:24:34	0.00	0.00	1.05	8.06	-7.01	0
2017-4-17 2:24:39	0.00	0.00	1.05	8.05	-7.00	0
2017-4-17 2:24:44	0.00	0.00	1.05	8.07	-7.02	0
2017-4-17 2:24:49	0.00	0.00	1.05	8.03	-6.98	0
2017-4-17 2:24:54	0.00	0.00	1.05	8.06	-7.01	0
2017-4-17 2:24:59	0.00	0.00	1.05	8.09	-7.04	0
2017-4-17 2:25:4	0.00	0.00	1.05	8.03	-6.98	0
2017-4-17 2:25:9	0.00	0.00	1.05	8.03	-6.98	0
2017-4-17 2:25:14	0.00	0.00	1.05	8.07	-7.02	0
2017-4-17 2:25:19	0.00	0.00	1.05	8.06	-7.01	0
2017-4-17 2:25:24	0.00	0.00	1.05	8.05	-7.00	0
2017-4-17 2:25:29	0.00	0.00	1.05	8.05	-7.00	0
2017-4-17 2:25:34	0.00	0.00	1.05	8.07	-7.02	0
2017-4-17 2:25:39	0.00	0.00	1.05	8.01	-6.96	0
2017-4-17 2:25:44	0.00	0.00	1.05	8.08	-7.03	0
2017-4-17 2:25:49	0.00	0.00	1.05	8.03	-6.98	0
2017-4-17 2:25:54	0.00	0.00	1.05	8.02	-6.97	0
2017-4-17 2:25:59	0.00	0.00	1.05	8.07	-7.02	0
2017-4-17 2:26:4	0.00	0.00	1.05	8.03	-6.98	0
2017-4-17 2:26:9	0.00	0.00	1.05	8.15	-7.10	0
2017-4-17 2:26:14	0.00	0.00	1.05	8.08	-7.03	0
2017-4-17 2:26:19	0.00	0.00	1.05	8.05	-7.00	0
2017-4-17 2:26:24	0.00	0.00	1.05	8.09	-7.04	0
2017-4-17 2:26:29	0.00	0.00	1.05	8.09	-7.04	0
2017-4-17 2:26:34	0.00	0.00	1.05	8.02	-6.97	0
2017-4-17 2:26:39	0.00	0.00	1.05	8.07	-7.02	0
2017-4-17 2:26:44	0.00	0.00	1.05	8.04	-6.99	0
2017-4-17 2:26:49	0.00	0.00	1.05	8.04	-6.99	0
2017-4-17 2:26:54	0.00	0.00	1.05	8.04	-6.99	0
2017-4-17 2:26:59	0.00	0.00	1.05	8.04	-6.99	0
2017-4-17 2:27:4	0.00	0.00	1.05	8.05	-7.00	0
2017-4-17 2:27:9	0.00	0.00	1.05	8.11	-7.06	0
2017-4-17 2:27:14	0.00	0.00	1.05	8.05	-7.00	0
2017-4-17 2:27:19	0.00	0.00	1.05	8.10	-7.05	0
2017-4-17 2:27:24	0.00	0.00	1.05	8.11	-7.06	0
2017-4-17 2:27:29	0.00	0.00	1.05	8.07	-7.02	0
2017-4-17 2:27:34	0.00	0.00	1.05	8.08	-7.03	0
2017-4-17 2:27:39	0.00	0.00	1.05	8.04	-6.99	0
2017-4-17 2:27:44	0.00	0.00	1.05	8.07	-7.02	0
2017-4-17 2:27:49	0.00	0.00	1.05	8.07	-7.02	0
2017-4-17 2:27:54	0.00	0.00	1.05	8.02	-6.97	0
2017-4-17 2:27:59	0.00	0.00	1.05	8.07	-7.02	0
2017-4-17 2:28:4	0.00	0.00	1.05	8.01	-6.96	0
2017-4-17 2:28:9	0.00	0.00	1.05	8.01	-6.96	0
2017-4-17 2:28:14	0.00	0.00	1.05	8.06	-7.01	0
2017-4-17 2:28:19	0.00	0.00	1.05	8.03	-6.98	0
2017-4-17 2:28:24	0.00	0.00	1.05	8.07	-7.02	0
2017-4-17 2:28:29	0.00	0.00	1.05	8.09	-7.04	0
2017-4-17 2:28:34	0.00	0.00	1.05	8.01	-6.96	0
2017-4-17 2:28:39	0.00	0.00	1.05	8.08	-7.03	0
2017-4-17 2:28:44	0.00	0.00	1.05	8.09	-7.04	0
2017-4-17 2:28:49	0.00	0.00	1.05	8.08	-7.03	0
2017-4-17 2:28:54	0.00	0.00	1.05	8.03	-6.98	0
2017-4-17 2:28:59	0.00	0.00	1.05	8.05	-7.00	0
2017-4-17 2:29:4	0.00	0.00	1.05	8.02	-6.97	0
2017-4-17 2:29:9	0.00	0.00	1.05	8.01	-6.96	0
2017-4-17 2:29:14	0.00	0.00	1.05	8.03	-6.98	0
2017-4-17 2:29:19	0.00	0.00	1.05	8.01	-6.96	0
2017-4-17 2:29:24	0.00	0.00	1.05	8.08	-7.03	0
2017-4-17 2:29:29	0.00	0.00	1.05	8.01	-6.96	0
2017-4-17 2:29:34	0.00	0.00	1.05	8.08	-7.03	0
2017-4-17 2:29:39	0.00	0.00	1.05	8.08	-7.03	0
2017-4-17 2:29:44	0.00	0.00	1.05	8.09	-7.04	0
2017-4-17 2:29:49	0.00	0.00	1.05	8.09	-7.04	0
2017-4-17 2:29:54	0.00	0.00	1.05	8.09	-7.04	0
2017-4-17 2:29:59	0.00	0.00	1.05	8.06	-7.01	0
2017-4-17 2:30:4	0.00	0.00	1.05	8.10	-7.05	0
2017-4-17 2:30:9	0.00	0.00	1.05	8.03	-6.98	0
2017-4-17 2:30:14	0.00	0.00	1.05	8.05	-7.00	0
2017-4-17 2:30:19	0.00	0.00	1.05	8.04	-6.99	0
2017-4-17 2:30:24	0.00	0.00	1.05	8.05	-7.00	0
2017-4-17 2:30:29	0.00	0.00	1.05	8.02	-6.97	0
2017-4-17 2:30:35	0.00	0.00	1.05	8.09	-7.04	0
2017-4-17 2:30:40	0.00	0.00	1.05	8.10	-7.05	0
2017-4-17 2:30:45	0.00	0.00	1.05	8.03	-6.98	0
2017-4-17 2:30:50	0.00	0.00	1.05	8.05	-7.00	0
2017-4-17 2:30:55	0.00	0.00	1.05	8.09	-7.04	0
2017-4-17 2:31:0	0.00	0.00	1.05	8.05	-7.00	0
2017-4-17 2:31:5	0.00	0.00	1.05	8.11	-7.06	0
2017-4-17 2:31:10	0.00	0.00	1.05	8.11	-7.06	0
2017-4-17 2:31:15	0.00	0.00	1.05	8.05	-7.00	0
2017-4-17 2:31:20	0.00	0.00	1.05	8.02	-6.97	0
2017-4-17 2:31:25	0.00	0.00	1.05	8.07	-7.02	0
2017-4-17 2:31:30	0.00	0.00	1.05	8.06	-7.01	0
2017-4-17 2:31:35	0.00	0.00	1.05	8.03	-6.98	0
2017-4-17 2:31:40	0.00	0.00	1.05	8.08	-7.03	0
2017-4-17 2:31:45	0.00	0.00	1.05	8.06	-7.01	0
2017-4-17 2:31:50	0.00	0.00	1.05	8.03	-6.98	0
2017-4-17 2:31:55	0.00	0.00	1.05	8.06	-7.01	0
2017-4-17 2:32:0	0.00	0.00	1.05	8.07	-7.02	0
2017-4-17 2:32:5	0.00	0.00	1.05	8.01	-6.96	0
2017-4-17 2:32:10	0.00	0.00	1.05	8.01	-6.96	0
2017-4-17 2:32:15	0.00	0.00	1.05	8.02	-6.97	0
2017-4-17 2:32:20	0.00	0.00	1.05	8.03	-6.98	0
2017-4-17 2:32:25	0.00	0.00	1.05	8.07	-7.02	0
2017-4-17 2:32:30	0.00	0.00	1.05	8.04	-6.99	0
2017-4-17 2:32:35	0.00	0.00	1.05	8.04	-6.99	0
2017-4-17 2:32:40	0.00	0.00	1.05	8.07	-7.02	0
2017-4-17 2:32:45	0.00	0.00	1.05	8.03	-6.98	0
2017-4-17 2:32:50	0.00	0.00	1.05	8.08	-7.03	0
2017-4-17 2:32:55	0.00	0.00	1.05	8.07	-7.02	0
2017-4-17 2:33:0	0.00	0.00	1.05	8.07	-7.02	0
2017-4-17 2:33:5	0.00	0.00	1.05	8.08	-7.03	0
2017-4-17 2:33:10	0.00	0.00	1.05	8.03	-6.98	0
2017-4-17 2:33:15	0.00	0.00	1.05	8.09	-7.04	0
2017-4-17 2:33:20	0.00	0.00	1.05	8.09	-7.04	0
2017-4-17 2:33:25	0.00	0.00	1.05	8.03	-6.98	0
2017-4-17 2:33:30	0.00	0.00	1.05	8.09	-7.04	0
2017-4-17 2:33:35	0.00	0.00	1.05	8.05	-7.00	0
2017-4-17 2:33:40	0.00	0.00	1.05	8.02	-6.97	0
2017-4-17 2:33:45	0.00	0.00	1.05	8.09	-7.04	0
2017-4-17 2:33:50	0.00	0.00	1.05	8.10	-7.05	0
2017-4-17 2:33:55	0.00	0.00	1.05	8.07	-7.02	0
2017-4-17 2:34:0	0.00	0.00	1.05	8.08	-7.03	0
2017-4-17 2:34:5	0.00	0.00	1.05	8.04	-6.99	0
2017-4-17 2:34:10	0.00	0.00	1.05	8.08	-7.03	0
2017-4-17 2:34:15	0.00	0.00	1.05	8.09	-7.04	0
2017-4-17 2:34:20	0.00	0.00	1.05	8.08	-7.03	0
2017-4-17 2:34:25	0.00	0.00	1.05	8.08	-7.03	0
2017-4-17 2:34:30	0.00	0.00	1.05	8.03	-6.98	0
2017-4-17 2:34:35	0.00	0.00	1.05	8.08	-7.03	0
2017-4-17 2:34:40	0.00	0.00	1.05	8.04	-6.99	0
2017-4-17 2:34:45	0.00	0.00	1.05	8.08	-7.03	0
2017-4-17 2:34:50	0.00	0.00	1.05	8.04	-6.99	0
2017-4-17 2:34:55	0.00	0.00	1.05	8.04	-6.99	0
2017-4-17 2:35:0	0.00	0.00	1.05	8.09	-7.04	0
2017-4-17 2:35:5	0.00	0.00	1.05	8.04	-6.99	0
2017-4-17 2:35:10	0.00	0.00	1.05	8.11	-7.06	0
2017-4-17 2:35:15	0.00	0.00	1.05	8.11	-7.06	0
2017-4-17 2:35:20	0.00	0.00	1.05	8.11	-7.06	0
2017-4-17 2:35:25	0.00	0.00	1.05	8.05	-7.00	0
2017-4-17 2:35:30	0.00	0.00	1.05	8.11	-7.06	0
2017-4-17 2:35:35	0.00	0.00	1.05	8.10	-7.05	0
2017-4-17 2:35:40	0.00	0.00	1.05	8.05	-7.00	0
2017-4-17 2:35:45	0.00	0.00	1.05	8.10	-7.05	0
2017-4-17 2:35:50	0.00	0.00	1.05	8.06	-7.01	0
2017-4-17 2:35:55	0.00	0.00	1.05	8.06	-7.01	0
2017-4-17 2:36:0	0.00	0.00	1.05	8.05	-7.00	0
2017-4-17 2:36:5	0.00	0.00	1.05	8.06	-7.01	0
2017-4-17 2:36:10	0.00	0.00	1.05	8.11	-7.06	0
2017-4-17 2:36:15	0.00	0.00	1.05	8.04	-6.99	0
2017-4-17 2:36:20	0.00	0.00	1.05	8.10	-7.05	0
2017-4-17 2:36:25	0.00	0.00	1.05	8.10	-7.05	0
2017-4-17 2:36:30	0.00	0.00	1.05	8.06	-7.01	0
2017-4-17 2:36:35	0.00	0.00	1.05	8.05	-7.00	0
2017-4-17 2:36:40	0.00	0.00	1.05	8.08	-7.03	0
2017-4-17 2:36:45	0.00	0.00	1.05	8.07	-7.02	0
2017-4-17 2:36:50	0.00	0.00	1.05	8.07	-7.02	0
2017-4-17 2:36:55	0.00	0.00	1.05	8.07	-7.02	0
2017-4-17 2:37:0	0.00	0.00	1.05	8.07	-7.02	0
2017-4-17 2:37:5	0.00	0.00	1.05	8.06	-7.01	0
2017-4-17 2:37:10	0.00	0.00	1.05	8.06	-7.01	0
2017-4-17 2:37:15	0.00	0.00	1.05	8.04	-6.99	0
2017-4-17 2:37:20	0.00	0.00	1.05	8.04	-6.99	0
2017-4-17 2:37:25	0.00	0.00	1.05	8.01	-6.96	0
2017-4-17 2:37:30	0.00	0.00	1.05	8.06	-7.01	0
2017-4-17 2:37:35	0.00	0.00	1.05	8.06	-7.01	0
2017-4-17 2:37:40	0.00	0.00	1.05	8.05	-7.00	0
2017-4-17 2:37:45	0.00	0.00	1.05	8.04	-6.99	0
2017-4-17 2:37:50	0.00	0.00	1.05	8.07	-7.02	0
2017-4-17 2:37:55	0.00	0.00	1.05	8.03	-6.98	0
2017-4-17 2:38:0	0.00	0.00	1.05	8.01	-6.96	0
2017-4-17 2:38:5	0.00	0.00	1.05	8.07	-7.02	0
2017-4-17 2:38:10	0.00	0.00	1.05	8.03	-6.98	0
2017-4-17 2:38:15	0.00	0.00	1.05	7.99	-6.94	0
2017-4-17 2:38:20	0.00	0.00	1.05	8.07	-7.02	0
2017-4-17 2:38:25	0.00	0.00	1.05	8.03	-6.98	0
2017-4-17 2:38:30	0.00	0.00	1.05	8.08	-7.03	0
2017-4-17 2:38:35	0.00	0.00	1.05	8.03	-6.98	0
2017-4-17 2:38:40	0.00	0.00	1.05	8.08	-7.03	0
2017-4-17 2:38:45	0.00	0.00	1.05	8.03	-6.98	0
2017-4-17 2:38:50	0.00	0.00	1.05	8.09	-7.04	0
2017-4-17 2:38:55	0.00	0.00	1.05	8.09	-7.04	0
2017-4-17 2:39:0	0.00	0.00	1.05	8.05	-7.00	0
2017-4-17 2:39:5	0.00	0.00	1.05	8.08	-7.03	0
2017-4-17 2:39:10	0.00	0.00	1.05	8.03	-6.98	0
2017-4-17 2:39:15	0.00	0.00	1.05	8.03	-6.98	0
2017-4-17 2:39:20	0.00	0.00	1.05	8.02	-6.97	0
2017-4-17 2:39:25	0.00	0.00	1.05	8.05	-7.00	0
2017-4-17 2:39:30	0.00	0.00	1.05	8.03	-6.98	0
2017-4-17 2:39:35	0.00	0.00	1.05	8.09	-7.04	0
2017-4-17 2:39:40	0.00	0.00	1.05	8.07	-7.02	0
2017-4-17 2:39:45	0.00	0.00	1.05	8.03	-6.98	0
2017-4-17 2:39:50	0.00	0.00	1.05	8.03	-6.98	0
2017-4-17 2:39:55	0.00	0.00	1.05	8.08	-7.03	0
2017-4-17 2:40:0	0.00	0.00	1.05	8.02	-6.97	0
2017-4-17 2:40:5	0.00	0.00	1.05	8.03	-6.98	0
2017-4-17 2:40:10	0.00	0.00	1.05	8.09	-7.04	0
2017-4-17 2:40:15	0.00	0.00	1.05	8.03	-6.98	0
2017-4-17 2:40:20	0.00	0.00	1.05	8.09	-7.04	0
2017-4-17 2:40:25	0.00	0.00	1.05	8.08	-7.03	0
2017-4-17 2:40:30	0.00	0.00	1.05	8.09	-7.04	0
2017-4-17 2:40:35	0.00	0.00	1.05	8.09	-7.04	0
2017-4-17 2:40:40	0.00	0.00	1.05	8.03	-6.98	0
2017-4-17 2:40:45	0.00	0.00	1.05	8.10	-7.05	0
2017-4-17 2:40:50	0.00	0.00	1.05	8.07	-7.02	0
2017-4-17 2:40:55	0.00	0.00	1.05	8.05	-7.00	0
2017-4-17 2:41:0	0.00	0.00	1.05	8.03	-6.98	0
2017-4-17 2:41:5	0.00	0.00	1.05	8.08	-7.03	0
2017-4-17 2:41:10	0.00	0.00	1.05	8.07	-7.02	0
2017-4-17 2:41:15	0.00	0.00	1.05	8.03	-6.98	0
2017-4-17 2:41:20	0.00	0.00	1.05	8.07	-7.02	0
2017-4-17 2:41:25	0.00	0.00	1.05	8.01	-6.96	0
2017-4-17 2:41:31	0.00	0.00	1.05	8.01	-6.96	0
2017-4-17 2:41:36	0.00	0.00	1.05	8.07	-7.02	0
2017-4-17 2:41:41	0.00	0.00	1.05	8.03	-6.98	0
2017-4-17 2:41:46	0.00	0.00	1.05	8.02	-6.97	0
2017-4-17 2:41:51	0.00	0.00	1.05	8.02	-6.97	0
2017-4-17 2:41:56	0.00	0.00	1.05	8.03	-6.98	0
2017-4-17 2:42:1	0.00	0.00	1.05	8.07	-7.02	0
2017-4-17 2:42:6	0.00	0.00	1.05	8.03	-6.98	0
2017-4-17 2:42:11	0.00	0.00	1.05	8.01	-6.96	0
2017-4-17 2:42:16	0.00	0.00	1.05	8.10	-7.05	0
2017-4-17 2:42:21	0.00	0.00	1.05	8.03	-6.98	0
2017-4-17 2:42:26	0.00	0.00	1.05	8.08	-7.03	0
2017-4-17 2:42:31	0.00	0.00	1.05	8.10	-7.05	0
2017-4-17 2:42:36	0.00	0.00	1.05	8.05	-7.00	0
2017-4-17 2:42:41	0.00	0.00	1.05	8.09	-7.04	0
2017-4-17 2:42:46	0.00	0.00	1.05	8.03	-6.98	0
2017-4-17 2:42:51	0.00	0.00	1.05	8.04	-6.99	0
2017-4-17 2:42:56	0.00	0.00	1.05	8.02	-6.97	0
2017-4-17 2:43:1	0.00	0.00	1.05	8.03	-6.98	0
2017-4-17 2:43:6	0.00	0.00	1.05	8.04	-6.99	0
2017-4-17 2:43:11	0.00	0.00	1.05	8.04	-6.99	0
2017-4-17 2:43:16	0.00	0.00	1.05	8.05	-7.00	0
2017-4-17 2:43:21	0.00	0.00	1.05	8.11	-7.06	0
2017-4-17 2:43:26	0.00	0.00	1.05	8.05	-7.00	0
2017-4-17 2:43:31	0.00	0.00	1.05	8.10	-7.05	0
2017-4-17 2:43:36	0.00	0.00	1.05	8.11	-7.06	0
2017-4-17 2:43:41	0.00	0.00	1.05	8.05	-7.00	0
2017-4-17 2:43:46	0.00	0.00	1.05	8.09	-7.04	0
2017-4-17 2:43:51	0.00	0.00	1.05	8.10	-7.05	0
2017-4-17 2:43:56	0.00	0.00	1.05	8.06	-7.01	0
2017-4-17 2:44:1	0.00	0.00	1.05	8.09	-7.04	0
2017-4-17 2:44:6	0.00	0.00	1.05	8.07	-7.02	0
2017-4-17 2:44:11	0.00	0.00	1.05	8.09	-7.04	0
2017-4-17 2:44:16	0.00	0.00	1.05	8.03	-6.98	0
2017-4-17 2:44:21	0.00	0.00	1.05	8.10	-7.05	0
2017-4-17 2:44:26	0.00	0.00	1.05	8.10	-7.05	0
2017-4-17 2:44:31	0.00	0.00	1.05	8.07	-7.02	0
2017-4-17 2:44:36	0.00	0.00	1.05	8.06	-7.01	0
2017-4-17 2:44:41	0.00	0.00	1.05	8.05	-7.00	0
2017-4-17 2:44:46	0.00	0.00	1.05	8.05	-7.00	0
2017-4-17 2:44:51	0.00	0.00	1.05	8.09	-7.04	0
2017-4-17 2:44:56	0.00	0.00	1.05	8.07	-7.02	0
2017-4-17 2:45:1	0.00	0.00	1.05	8.07	-7.02	0
2017-4-17 2:45:6	0.00	0.00	1.05	8.05	-7.00	0
2017-4-17 2:45:11	0.00	0.00	1.05	8.05	-7.00	0
2017-4-17 2:45:16	0.00	0.00	1.05	8.05	-7.00	0
2017-4-17 2:45:21	0.00	0.00	1.05	8.04	-6.99	0
2017-4-17 2:45:26	0.00	0.00	1.05	8.07	-7.02	0
2017-4-17 2:45:31	0.00	0.00	1.05	8.07	-7.02	0
2017-4-17 2:45:36	0.00	0.00	1.05	8.07	-7.02	0
2017-4-17 2:45:41	0.00	0.00	1.05	8.07	-7.02	0
2017-4-17 2:45:46	0.00	0.00	1.05	8.05	-7.00	0
2017-4-17 2:45:51	0.00	0.00	1.05	8.07	-7.02	0
2017-4-17 2:45:56	0.00	0.00	1.05	8.05	-7.00	0
2017-4-17 2:46:1	0.00	0.00	1.05	8.03	-6.98	0
2017-4-17 2:46:6	0.00	0.00	1.05	8.08	-7.03	0
2017-4-17 2:46:11	0.00	0.00	1.05	8.03	-6.98	0
2017-4-17 2:46:16	0.00	0.00	1.05	8.01	-6.96	0
2017-4-17 2:46:21	0.00	0.00	1.05	8.09	-7.04	0
2017-4-17 2:46:26	0.00	0.00	1.05	8.02	-6.97	0
2017-4-17 2:46:31	0.00	0.00	1.05	8.08	-7.03	0
2017-4-17 2:46:36	0.00	0.00	1.05	8.01	-6.96	0
2017-4-17 2:46:41	0.00	0.00	1.05	8.07	-7.02	0
2017-4-17 2:46:46	0.00	0.00	1.05	8.01	-6.96	0
2017-4-17 2:46:51	0.00	0.00	1.05	8.02	-6.97	0
2017-4-17 2:46:56	0.00	0.00	1.05	8.03	-6.98	0
2017-4-17 2:47:1	0.00	0.00	1.05	8.01	-6.96	0
2017-4-17 2:47:6	0.00	0.00	1.05	8.07	-7.02	0
2017-4-17 2:47:11	0.00	0.00	1.05	8.09	-7.04	0
2017-4-17 2:47:16	0.00	0.00	1.05	8.09	-7.04	0
2017-4-17 2:47:21	0.00	0.00	1.05	8.05	-7.00	0
2017-4-17 2:47:26	0.00	0.00	1.05	8.09	-7.04	0
2017-4-17 2:47:31	0.00	0.00	1.05	8.07	-7.02	0
2017-4-17 2:47:36	0.00	0.00	1.05	8.05	-7.00	0
2017-4-17 2:47:41	0.00	0.00	1.05	8.06	-7.01	0
2017-4-17 2:47:46	0.00	0.00	1.05	8.06	-7.01	0
2017-4-17 2:47:51	0.00	0.00	1.05	8.07	-7.02	0
2017-4-17 2:47:56	0.00	0.00	1.05	8.08	-7.03	0
2017-4-17 2:48:1	0.00	0.00	1.05	8.06	-7.01	0
2017-4-17 2:48:6	0.00	0.00	1.05	8.04	-6.99	0
2017-4-17 2:48:11	0.00	0.00	1.05	8.07	-7.02	0
2017-4-17 2:48:16	0.00	0.00	1.05	8.03	-6.98	0
2017-4-17 2:48:21	0.00	0.00	1.05	8.05	-7.00	0
2017-4-17 2:48:26	0.00	0.00	1.05	8.07	-7.02	0
2017-4-17 2:48:31	0.00	0.00	1.05	8.05	-7.00	0
2017-4-17 2:48:36	0.00	0.00	1.05	8.07	-7.02	0
2017-4-17 2:48:41	0.00	0.00	1.05	8.07	-7.02	0
2017-4-17 2:48:46	0.00	0.00	1.05	8.03	-6.98	0
2017-4-17 2:48:51	0.00	0.00	1.05	8.07	-7.02	0
2017-4-17 2:48:56	0.00	0.00	1.05	8.07	-7.02	0
2017-4-17 2:49:1	0.00	0.00	1.05	8.02	-6.97	0
2017-4-17 2:49:6	0.00	0.00	1.05	8.08	-7.03	0
2017-4-17 2:49:11	0.00	0.00	1.05	8.01	-6.96	0
2017-4-17 2:49:16	0.00	0.00	1.05	8.03	-6.98	0
2017-4-17 2:49:21	0.00	0.00	1.05	8.03	-6.98	0
2017-4-17 2:49:26	0.00	0.00	1.05	8.04	-6.99	0
2017-4-17 2:49:31	0.00	0.00	1.05	8.04	-6.99	0
2017-4-17 2:49:36	0.00	0.00	1.05	8.07	-7.02	0
2017-4-17 2:49:41	0.00	0.00	1.05	8.03	-6.98	0
2017-4-17 2:49:46	0.00	0.00	1.05	8.08	-7.03	0
2017-4-17 2:49:51	0.00	0.00	1.05	8.10	-7.05	0
2017-4-17 2:49:56	0.00	0.00	1.05	8.03	-6.98	0
2017-4-17 2:50:1	0.00	0.00	1.05	8.09	-7.04	0
2017-4-17 2:50:6	0.00	0.00	1.05	8.03	-6.98	0
2017-4-17 2:50:11	0.00	0.00	1.05	8.04	-6.99	0
2017-4-17 2:50:16	0.00	0.00	1.05	8.09	-7.04	0
2017-4-17 2:50:21	0.00	0.00	1.05	8.04	-6.99	0
2017-4-17 2:50:26	0.00	0.00	1.05	8.05	-7.00	0
2017-4-17 2:50:31	0.00	0.00	1.05	8.05	-7.00	0
2017-4-17 2:50:36	0.00	0.00	1.05	8.05	-7.00	0
2017-4-17 2:50:41	0.00	0.00	1.05	8.10	-7.05	0
2017-4-17 2:50:46	0.00	0.00	1.05	8.09	-7.04	0
2017-4-17 2:50:51	0.00	0.00	1.05	8.05	-7.00	0
2017-4-17 2:50:56	0.00	0.00	1.05	8.10	-7.05	0
2017-4-17 2:51:1	0.00	0.00	1.05	8.11	-7.06	0
2017-4-17 2:51:6	0.00	0.00	1.05	8.06	-7.01	0
2017-4-17 2:51:11	0.00	0.00	1.05	8.05	-7.00	0
2017-4-17 2:51:16	0.00	0.00	1.05	8.06	-7.01	0
2017-4-17 2:51:21	0.00	0.00	1.05	8.07	-7.02	0
2017-4-17 2:51:26	0.00	0.00	1.05	8.06	-7.01	0
2017-4-17 2:51:31	0.00	0.00	1.05	8.06	-7.01	0
2017-4-17 2:51:36	0.00	0.00	1.05	8.13	-7.08	0
2017-4-17 2:51:41	0.00	0.00	1.05	8.03	-6.98	0
2017-4-17 2:51:46	0.00	0.00	1.05	8.03	-6.98	0
2017-4-17 2:51:51	0.00	0.00	1.05	8.02	-6.97	0
2017-4-17 2:51:56	0.00	0.00	1.05	8.03	-6.98	0
2017-4-17 2:52:1	0.00	0.00	1.05	8.03	-6.98	0
2017-4-17 2:52:6	0.00	0.00	1.05	8.03	-6.98	0
2017-4-17 2:52:11	0.00	0.00	1.05	8.07	-7.02	0
2017-4-17 2:52:16	0.00	0.00	1.05	8.07	-7.02	0
2017-4-17 2:52:21	0.00	0.00	1.05	8.06	-7.01	0
2017-4-17 2:52:26	0.00	0.00	1.05	8.07	-7.02	0
2017-4-17 2:52:31	0.00	0.00	1.05	8.07	-7.02	0
2017-4-17 2:52:37	0.00	0.00	1.05	8.06	-7.01	0
2017-4-17 2:52:42	0.00	0.00	1.05	8.04	-6.99	0
2017-4-17 2:52:47	0.00	0.00	1.05	8.08	-7.03	0
2017-4-17 2:52:52	0.00	0.00	1.05	8.03	-6.98	0
2017-4-17 2:52:57	0.00	0.00	1.05	8.03	-6.98	0
2017-4-17 2:53:2	0.00	0.00	1.05	8.07	-7.02	0
2017-4-17 2:53:7	0.00	0.00	1.05	8.03	-6.98	0
2017-4-17 2:53:12	0.00	0.00	1.05	8.09	-7.04	0
2017-4-17 2:53:17	0.00	0.00	1.05	8.07	-7.02	0
2017-4-17 2:53:22	0.00	0.00	1.05	8.03	-6.98	0
2017-4-17 2:53:27	0.00	0.00	1.05	8.09	-7.04	0
2017-4-17 2:53:32	0.00	0.00	1.05	8.09	-7.04	0
2017-4-17 2:53:37	0.00	0.00	1.05	8.05	-7.00	0
2017-4-17 2:53:42	0.00	0.00	1.05	8.10	-7.05	0
2017-4-17 2:53:47	0.00	0.00	1.05	8.03	-6.98	0
2017-4-17 2:53:52	0.00	0.00	1.05	8.05	-7.00	0
2017-4-17 2:53:57	0.00	0.00	1.05	8.03	-6.98	0
2017-4-17 2:54:2	0.00	0.00	1.05	8.05	-7.00	0
2017-4-17 2:54:7	0.00	0.00	1.05	8.05	-7.00	0
2017-4-17 2:54:12	0.00	0.00	1.05	8.11	-7.06	0
2017-4-17 2:54:17	0.00	0.00	1.05	8.09	-7.04	0
2017-4-17 2:54:22	0.00	0.00	1.05	8.01	-6.96	0
2017-4-17 2:54:27	0.00	0.00	1.05	8.05	-7.00	0
2017-4-17 2:54:32	0.00	0.00	1.05	8.04	-6.99	0
2017-4-17 2:54:37	0.00	0.00	1.05	8.04	-6.99	0
2017-4-17 2:54:42	0.00	0.00	1.05	8.03	-6.98	0
2017-4-17 2:54:47	0.00	0.00	1.05	8.09	-7.04	0
2017-4-17 2:54:52	0.00	0.00	1.05	8.04	-6.99	0
2017-4-17 2:54:57	0.00	0.00	1.05	8.11	-7.06	0
2017-4-17 2:55:2	0.00	0.00	1.05	8.10	-7.05	0
2017-4-17 2:55:7	0.00	0.00	1.05	8.05	-7.00	0
2017-4-17 2:55:12	0.00	0.00	1.05	8.08	-7.03	0
2017-4-17 2:55:17	0.00	0.00	1.05	8.05	-7.00	0
2017-4-17 2:55:22	0.00	0.00	1.05	8.05	-7.00	0
2017-4-17 2:55:27	0.00	0.00	1.05	8.11	-7.06	0
2017-4-17 2:55:32	0.00	0.00	1.05	8.05	-7.00	0
2017-4-17 2:55:37	0.00	0.00	1.05	8.05	-7.00	0
2017-4-17 2:55:42	0.00	0.00	1.05	8.10	-7.05	0
2017-4-17 2:55:47	0.00	0.00	1.05	8.04	-6.99	0
2017-4-17 2:55:52	0.00	0.00	1.05	8.09	-7.04	0
2017-4-17 2:55:57	0.00	0.00	1.05	8.12	-7.07	0
2017-4-17 2:56:2	0.00	0.00	1.05	7.96	-6.91	0
2017-4-17 2:56:7	0.00	0.00	1.05	8.05	-7.00	0
2017-4-17 2:56:12	0.00	0.00	1.05	8.04	-6.99	0
2017-4-17 2:56:17	0.00	0.00	1.05	8.08	-7.03	0
2017-4-17 2:56:22	0.00	0.00	1.05	8.06	-7.01	0
2017-4-17 2:56:27	0.00	0.00	1.05	8.11	-7.06	0
2017-4-17 2:56:32	0.00	0.00	1.05	8.11	-7.06	0
2017-4-17 2:56:37	0.00	0.00	1.05	8.13	-7.08	0
2017-4-17 2:56:42	0.00	0.00	1.05	8.06	-7.01	0
2017-4-17 2:56:47	0.00	0.00	1.05	8.10	-7.05	0
2017-4-17 2:56:52	0.00	0.00	1.05	8.05	-7.00	0
2017-4-17 2:56:57	0.00	0.00	1.05	8.07	-7.02	0
2017-4-17 2:57:2	0.00	0.00	1.05	8.06	-7.01	0
2017-4-17 2:57:7	0.00	0.00	1.05	8.07	-7.02	0
2017-4-17 2:57:12	0.00	0.00	1.05	8.07	-7.02	0
2017-4-17 2:57:17	0.00	0.00	1.05	8.01	-6.96	0
2017-4-17 2:57:22	0.00	0.00	1.05	8.08	-7.03	0
2017-4-17 2:57:27	0.00	0.00	1.05	8.03	-6.98	0
2017-4-17 2:57:32	0.00	0.00	1.05	8.04	-6.99	0
2017-4-17 2:57:37	0.00	0.00	1.05	8.09	-7.04	0
2017-4-17 2:57:42	0.00	0.00	1.05	8.05	-7.00	0
2017-4-17 2:57:47	0.00	0.00	1.05	8.04	-6.99	0
2017-4-17 2:57:52	0.00	0.00	1.05	8.11	-7.06	0
2017-4-17 2:57:57	0.00	0.00	1.05	8.05	-7.00	0
2017-4-17 2:58:2	0.00	0.00	1.05	8.10	-7.05	0
2017-4-17 2:58:7	0.00	0.00	1.05	8.09	-7.04	0
2017-4-17 2:58:12	0.00	0.00	1.05	8.06	-7.01	0
2017-4-17 2:58:17	0.00	0.00	1.05	8.14	-7.09	0
2017-4-17 2:58:22	0.00	0.00	1.05	8.06	-7.01	0
2017-4-17 2:58:27	0.00	0.00	1.05	8.05	-7.00	0
2017-4-17 2:58:32	0.00	0.00	1.05	8.07	-7.02	0
2017-4-17 2:58:37	0.00	0.00	1.05	8.07	-7.02	0
2017-4-17 2:58:42	0.00	0.00	1.05	8.03	-6.98	0
2017-4-17 2:58:47	0.00	0.00	1.05	8.06	-7.01	0
2017-4-17 2:58:52	0.00	0.00	1.05	8.06	-7.01	0
2017-4-17 2:58:57	0.00	0.00	1.05	8.03	-6.98	0
2017-4-17 2:59:2	0.00	0.00	1.05	8.03	-6.98	0
2017-4-17 2:59:7	0.00	0.00	1.05	8.06	-7.01	0
2017-4-17 2:59:12	0.00	0.00	1.05	8.05	-7.00	0
2017-4-17 2:59:17	0.00	0.00	1.05	8.08	-7.03	0
2017-4-17 2:59:22	0.00	0.00	1.05	8.07	-7.02	0
2017-4-17 2:59:27	0.00	0.00	1.05	8.08	-7.03	0
2017-4-17 2:59:32	0.00	0.00	1.05	8.03	-6.98	0
2017-4-17 2:59:37	0.00	0.00	1.05	8.08	-7.03	0
2017-4-17 2:59:42	0.00	0.00	1.05	8.03	-6.98	0
2017-4-17 2:59:47	0.00	0.00	1.05	8.05	-7.00	0
2017-4-17 2:59:52	0.00	0.00	1.05	8.04	-6.99	0
2017-4-17 2:59:57	0.00	0.00	1.05	8.05	-7.00	0
2017-4-17 2:60:2	0.00	0.00	1.05	8.05	-7.00	0
2017-4-17 2:60:7	0.00	0.00	1.05	8.09	-7.04	0
2017-4-17 2:60:12	0.00	0.00	1.05	8.09	-7.04	0
2017-4-17 2:60:17	0.00	0.00	1.05	8.10	-7.05	0
2017-4-17 2:60:22	0.00	0.00	1.05	8.05	-7.00	0
2017-4-17 2:60:27	0.00	0.00	1.05	8.07	-7.02	0
2017-4-17 2:60:32	0.00	0.00	1.05	8.11	-7.06	0
2017-4-17 2:60:37	0.00	0.00	1.05	8.09	-7.04	0
2017-4-17 2:60:42	0.00	0.00	1.05	8.04	-6.99	0
2017-4-17 2:60:47	0.00	0.00	1.05	8.05	-7.00	0
2017-4-17 2:60:52	0.00	0.00	1.05	8.11	-7.06	0
2017-4-17 2:60:57	0.00	0.00	1.05	8.03	-6.98	0
2017-4-17 3:1:2	0.00	0.00	1.05	8.08	-7.03	0
2017-4-17 3:1:7	0.00	0.00	1.05	8.09	-7.04	0
2017-4-17 3:1:12	0.00	0.00	1.05	8.05	-7.00	0
2017-4-17 3:1:17	0.00	0.00	1.05	8.10	-7.05	0
2017-4-17 3:1:22	0.00	0.00	1.05	8.09	-7.04	0
2017-4-17 3:1:27	0.00	0.00	1.05	8.03	-6.98	0
2017-4-17 3:1:32	0.00	0.00	1.05	8.04	-6.99	0
2017-4-17 3:1:37	0.00	0.00	1.05	8.10	-7.05	0
2017-4-17 3:1:42	0.00	0.00	1.05	8.10	-7.05	0
2017-4-17 3:1:47	0.00	0.00	1.05	8.07	-7.02	0
2017-4-17 3:1:52	0.00	0.00	1.05	8.07	-7.02	0
2017-4-17 3:1:57	0.00	0.00	1.05	8.05	-7.00	0
2017-4-17 3:2:2	0.00	0.00	1.05	8.07	-7.02	0
2017-4-17 3:2:7	0.00	0.00	1.05	8.05	-7.00	0
2017-4-17 3:2:12	0.00	0.00	1.05	8.04	-6.99	0
2017-4-17 3:2:17	0.00	0.00	1.05	8.07	-7.02	0
2017-4-17 3:2:22	0.00	0.00	1.05	8.07	-7.02	0
2017-4-17 3:2:27	0.00	0.00	1.05	8.07	-7.02	0
2017-4-17 3:2:32	0.00	0.00	1.05	8.05	-7.00	0
2017-4-17 3:2:37	0.00	0.00	1.05	8.07	-7.02	0
2017-4-17 3:2:42	0.00	0.00	1.05	8.10	-7.05	0
2017-4-17 3:2:47	0.00	0.00	1.05	8.07	-7.02	0
2017-4-17 3:2:52	0.00	0.00	1.05	8.06	-7.01	0
2017-4-17 3:2:57	0.00	0.00	1.05	8.05	-7.00	0
2017-4-17 3:3:2	0.00	0.00	1.05	8.05	-7.00	0
2017-4-17 3:3:7	0.00	0.00	1.05	8.08	-7.03	0
2017-4-17 3:3:12	0.00	0.00	1.05	8.06	-7.01	0
2017-4-17 3:3:17	0.00	0.00	1.05	8.03	-6.98	0
2017-4-17 3:3:23	0.00	0.00	1.05	8.07	-7.02	0
2017-4-17 3:3:28	0.00	0.00	1.05	8.05	-7.00	0
2017-4-17 3:3:33	0.00	0.00	1.05	8.10	-7.05	0
2017-4-17 3:3:38	0.00	0.00	1.05	8.11	-7.06	0
2017-4-17 3:3:43	0.00	0.00	1.05	8.04	-6.99	0
2017-4-17 3:3:48	0.00	0.00	1.05	8.07	-7.02	0
2017-4-17 3:3:53	0.00	0.00	1.05	8.11	-7.06	0
2017-4-17 3:3:58	0.00	0.00	1.05	8.05	-7.00	0
2017-4-17 3:4:3	0.00	0.00	1.05	8.06	-7.01	0
2017-4-17 3:4:8	0.00	0.00	1.05	8.05	-7.00	0
2017-4-17 3:4:13	0.00	0.00	1.05	8.05	-7.00	0
2017-4-17 3:4:18	0.00	0.00	1.05	8.11	-7.06	0
2017-4-17 3:4:23	0.00	0.00	1.05	8.11	-7.06	0
2017-4-17 3:4:28	0.00	0.00	1.05	8.09	-7.04	0
2017-4-17 3:4:33	0.00	0.00	1.05	8.05	-7.00	0
2017-4-17 3:4:38	0.00	0.00	1.05	8.07	-7.02	0
2017-4-17 3:4:43	0.00	0.00	1.05	8.07	-7.02	0
2017-4-17 3:4:48	0.00	0.00	1.05	8.05	-7.00	0
2017-4-17 3:4:53	0.00	0.00	1.05	8.07	-7.02	0
2017-4-17 3:4:58	0.00	0.00	1.05	8.05	-7.00	0
2017-4-17 3:5:3	0.00	0.00	1.05	8.05	-7.00	0
2017-4-17 3:5:8	0.00	0.00	1.05	8.05	-7.00	0
2017-4-17 3:5:13	0.00	0.00	1.05	8.05	-7.00	0
2017-4-17 3:5:18	0.00	0.00	1.05	8.08	-7.03	0
2017-4-17 3:5:23	0.00	0.00	1.05	8.04	-6.99	0
2017-4-17 3:5:28	0.00	0.00	1.05	8.09	-7.04	0
2017-4-17 3:5:33	0.00	0.00	1.05	8.11	-7.06	0
2017-4-17 3:5:38	0.00	0.00	1.05	8.03	-6.98	0
2017-4-17 3:5:43	0.00	0.00	1.05	8.11	-7.06	0
2017-4-17 3:5:48	0.00	0.00	1.05	8.07	-7.02	0
2017-4-17 3:5:53	0.00	0.00	1.05	8.05	-7.00	0
2017-4-17 3:5:58	0.00	0.00	1.05	8.08	-7.03	0
2017-4-17 3:6:3	0.00	0.00	1.05	8.03	-6.98	0
2017-4-17 3:6:8	0.00	0.00	1.05	8.03	-6.98	0
2017-4-17 3:6:13	0.00	0.00	1.05	8.06	-7.01	0
2017-4-17 3:6:18	0.00	0.00	1.05	8.03	-6.98	0
2017-4-17 3:6:23	0.00	0.00	1.05	8.00	-6.95	0
2017-4-17 3:6:28	0.00	0.00	1.05	8.07	-7.02	0
2017-4-17 3:6:33	0.00	0.00	1.05	8.09	-7.04	0
2017-4-17 3:6:38	0.00	0.00	1.05	8.09	-7.04	0
2017-4-17 3:6:43	0.00	0.00	1.05	8.05	-7.00	0
2017-4-17 3:6:48	0.00	0.00	1.05	8.01	-6.96	0
2017-4-17 3:6:53	0.00	0.00	1.05	8.09	-7.04	0
2017-4-17 3:6:58	0.00	0.00	1.05	8.10	-7.05	0
2017-4-17 3:7:3	0.00	0.00	1.05	8.06	-7.01	0
2017-4-17 3:7:8	0.00	0.00	1.05	8.03	-6.98	0
2017-4-17 3:7:13	0.00	0.00	1.05	8.05	-7.00	0
2017-4-17 3:7:18	0.00	0.00	1.05	8.05	-7.00	0
2017-4-17 3:7:23	0.00	0.00	1.05	8.11	-7.06	0
2017-4-17 3:7:28	0.00	0.00	1.05	8.10	-7.05	0
2017-4-17 3:7:33	0.00	0.00	1.05	8.06	-7.01	0
2017-4-17 3:7:38	0.00	0.00	1.05	8.05	-7.00	0
2017-4-17 3:7:43	0.00	0.00	1.05	8.00	-6.95	0
2017-4-17 3:7:48	0.00	0.00	1.05	8.06	-7.01	0
2017-4-17 3:7:53	0.00	0.00	1.05	8.03	-6.98	0
2017-4-17 3:7:58	0.00	0.00	1.05	8.06	-7.01	0
2017-4-17 3:8:3	0.00	0.00	1.05	8.07	-7.02	0
2017-4-17 3:8:8	0.00	0.00	1.05	8.08	-7.03	0
2017-4-17 3:8:13	0.00	0.00	1.05	8.10	-7.05	0
2017-4-17 3:8:18	0.00	0.00	1.05	8.09	-7.04	0
2017-4-17 3:8:23	0.00	0.00	1.05	8.09	-7.04	0
2017-4-17 3:8:28	0.00	0.00	1.05	8.10	-7.05	0
2017-4-17 3:8:33	0.00	0.00	1.05	8.03	-6.98	0
2017-4-17 3:8:38	0.00	0.00	1.05	8.03	-6.98	0
2017-4-17 3:8:43	0.00	0.00	1.05	8.01	-6.96	0
2017-4-17 3:8:48	0.00	0.00	1.05	8.06	-7.01	0
2017-4-17 3:8:53	0.00	0.00	1.05	8.02	-6.97	0
2017-4-17 3:8:58	0.00	0.00	1.05	8.03	-6.98	0
2017-4-17 3:9:3	0.00	0.00	1.05	8.07	-7.02	0
2017-4-17 3:9:8	0.00	0.00	1.05	8.01	-6.96	0
2017-4-17 3:9:13	0.00	0.00	1.05	8.03	-6.98	0
2017-4-17 3:9:18	0.00	0.00	1.05	8.01	-6.96	0
2017-4-17 3:9:23	0.00	0.00	1.05	7.94	-6.89	0
2017-4-17 3:9:28	0.00	0.00	1.05	8.08	-7.03	0
2017-4-17 3:9:33	0.00	0.00	1.05	8.09	-7.04	0
2017-4-17 3:9:38	0.00	0.00	1.05	8.03	-6.98	0
2017-4-17 3:9:43	0.00	0.00	1.05	8.08	-7.03	0
2017-4-17 3:9:48	0.00	0.00	1.05	8.07	-7.02	0
2017-4-17 3:9:53	0.00	0.00	1.05	8.03	-6.98	0
2017-4-17 3:9:58	0.00	0.00	1.05	8.09	-7.04	0
2017-4-17 3:10:3	0.00	0.00	1.05	8.07	-7.02	0
2017-4-17 3:10:8	0.00	0.00	1.05	8.06	-7.01	0
2017-4-17 3:10:13	0.00	0.00	1.05	8.08	-7.03	0
2017-4-17 3:10:18	0.00	0.00	1.05	8.03	-6.98	0
2017-4-17 3:10:23	0.00	0.00	1.05	8.03	-6.98	0
2017-4-17 3:10:28	0.00	0.00	1.05	8.08	-7.03	0
2017-4-17 3:10:33	0.00	0.00	1.05	8.02	-6.97	0
2017-4-17 3:10:38	0.00	0.00	1.05	8.09	-7.04	0
2017-4-17 3:10:43	0.00	0.00	1.05	8.09	-7.04	0
2017-4-17 3:10:48	0.00	0.00	1.05	8.09	-7.04	0
2017-4-17 3:10:53	0.00	0.00	1.05	8.11	-7.06	0
2017-4-17 3:10:58	0.00	0.00	1.05	8.09	-7.04	0
2017-4-17 3:11:3	0.00	0.00	1.05	8.05	-7.00	0
2017-4-17 3:11:8	0.00	0.00	1.05	8.05	-7.00	0
2017-4-17 3:11:13	0.00	0.00	1.05	8.11	-7.06	0
2017-4-17 3:11:18	0.00	0.00	1.05	8.10	-7.05	0
2017-4-17 3:11:23	0.00	0.00	1.05	8.09	-7.04	0
2017-4-17 3:11:28	0.00	0.00	1.05	8.10	-7.05	0
2017-4-17 3:11:33	0.00	0.00	1.05	8.07	-7.02	0
2017-4-17 3:11:38	0.00	0.00	1.05	8.01	-6.96	0
2017-4-17 3:11:43	0.00	0.00	1.05	8.03	-6.98	0
2017-4-17 3:11:48	0.00	0.00	1.05	8.11	-7.06	0
2017-4-17 3:11:53	0.00	0.00	1.05	8.07	-7.02	0
2017-4-17 3:11:58	0.00	0.00	1.05	8.09	-7.04	0
2017-4-17 3:12:3	0.00	0.00	1.05	8.02	-6.97	0
2017-4-17 3:12:8	0.00	0.00	1.05	8.08	-7.03	0
2017-4-17 3:12:13	0.00	0.00	1.05	8.09	-7.04	0
2017-4-17 3:12:18	0.00	0.00	1.05	8.01	-6.96	0
2017-4-17 3:12:23	0.00	0.00	1.05	8.07	-7.02	0
2017-4-17 3:12:28	0.00	0.00	1.05	8.10	-7.05	0
2017-4-17 3:12:33	0.00	0.00	1.05	8.03	-6.98	0
2017-4-17 3:12:38	0.00	0.00	1.05	8.09	-7.04	0
2017-4-17 3:12:43	0.00	0.00	1.05	8.03	-6.98	0
2017-4-17 3:12:48	0.00	0.00	1.05	8.07	-7.02	0
2017-4-17 3:12:53	0.00	0.00	1.05	8.01	-6.96	0
2017-4-17 3:12:58	0.00	0.00	1.05	8.08	-7.03	0
2017-4-17 3:13:3	0.00	0.00	1.05	8.09	-7.04	0
2017-4-17 3:13:8	0.00	0.00	1.05	8.02	-6.97	0
2017-4-17 3:13:13	0.00	0.00	1.05	8.09	-7.04	0
2017-4-17 3:13:18	0.00	0.00	1.05	7.99	-6.94	0
2017-4-17 3:13:23	0.00	0.00	1.05	8.07	-7.02	0
2017-4-17 3:13:28	0.00	0.00	1.05	8.08	-7.03	0
2017-4-17 3:13:33	0.00	0.00	1.05	8.08	-7.03	0
2017-4-17 3:13:38	0.00	0.00	1.05	8.06	-7.01	0
2017-4-17 3:13:43	0.00	0.00	1.05	8.01	-6.96	0
2017-4-17 3:13:48	0.00	0.00	1.05	8.03	-6.98	0
2017-4-17 3:13:53	0.00	0.00	1.05	8.04	-6.99	0
2017-4-17 3:13:58	0.00	0.00	1.05	8.02	-6.97	0
2017-4-17 3:14:3	0.00	0.00	1.05	8.01	-6.96	0
2017-4-17 3:14:8	0.00	0.00	1.05	8.04	-6.99	0
2017-4-17 3:14:13	0.00	0.00	1.05	8.03	-6.98	0
2017-4-17 3:14:19	0.00	0.00	1.05	8.10	-7.05	0
2017-4-17 3:14:24	0.00	0.00	1.05	8.17	-7.12	0
2017-4-17 3:14:29	0.00	0.00	1.05	8.07	-7.02	0
2017-4-17 3:14:34	0.00	0.00	1.05	8.11	-7.06	0
2017-4-17 3:14:39	0.00	0.00	1.05	8.07	-7.02	0
2017-4-17 3:14:44	0.00	0.00	1.05	8.04	-6.99	0
2017-4-17 3:14:49	0.00	0.00	1.05	8.09	-7.04	0
2017-4-17 3:14:54	0.00	0.00	1.05	8.09	-7.04	0
2017-4-17 3:14:59	0.00	0.00	1.05	8.08	-7.03	0
2017-4-17 3:15:4	0.00	0.00	1.05	8.03	-6.98	0
2017-4-17 3:15:9	0.00	0.00	1.05	8.02	-6.97	0
2017-4-17 3:15:14	0.00	0.00	1.05	8.07	-7.02	0
2017-4-17 3:15:19	0.00	0.00	1.05	8.03	-6.98	0
2017-4-17 3:15:24	0.00	0.00	1.05	8.03	-6.98	0
2017-4-17 3:15:29	0.00	0.00	1.05	8.05	-7.00	0
2017-4-17 3:15:34	0.00	0.00	1.05	8.07	-7.02	0
2017-4-17 3:15:39	0.00	0.00	1.05	8.03	-6.98	0
2017-4-17 3:15:44	0.00	0.00	1.05	8.03	-6.98	0
2017-4-17 3:15:49	0.00	0.00	1.05	8.03	-6.98	0
2017-4-17 3:15:54	0.00	0.00	1.05	8.07	-7.02	0
2017-4-17 3:15:59	0.00	0.00	1.05	8.07	-7.02	0
2017-4-17 3:16:4	0.00	0.00	1.05	8.05	-7.00	0
2017-4-17 3:16:9	0.00	0.00	1.05	8.08	-7.03	0
2017-4-17 3:16:14	0.00	0.00	1.05	8.03	-6.98	0
2017-4-17 3:16:19	0.00	0.00	1.05	8.03	-6.98	0
2017-4-17 3:16:24	0.00	0.00	1.05	8.10	-7.05	0
2017-4-17 3:16:29	0.00	0.00	1.05	7.98	-6.93	0
2017-4-17 3:16:34	0.00	0.00	1.05	8.05	-7.00	0
2017-4-17 3:16:39	0.00	0.00	1.05	8.11	-7.06	0
2017-4-17 3:16:44	0.00	0.00	1.05	8.03	-6.98	0
2017-4-17 3:16:49	0.00	0.00	1.05	8.09	-7.04	0
2017-4-17 3:16:54	0.00	0.00	1.05	8.11	-7.06	0
2017-4-17 3:16:59	0.00	0.00	1.05	8.05	-7.00	0
2017-4-17 3:17:4	0.00	0.00	1.05	8.10	-7.05	0
2017-4-17 3:17:9	0.00	0.00	1.05	8.07	-7.02	0
2017-4-17 3:17:14	0.00	0.00	1.05	8.06	-7.01	0
2017-4-17 3:17:19	0.00	0.00	1.05	8.09	-7.04	0
2017-4-17 3:17:24	0.00	0.00	1.05	8.07	-7.02	0
2017-4-17 3:17:29	0.00	0.00	1.05	8.05	-7.00	0
2017-4-17 3:17:34	0.00	0.00	1.05	8.05	-7.00	0
2017-4-17 3:17:39	0.00	0.00	1.05	8.06	-7.01	0
2017-4-17 3:17:44	0.00	0.00	1.05	8.07	-7.02	0
2017-4-17 3:17:49	0.00	0.00	1.05	8.05	-7.00	0
2017-4-17 3:17:54	0.00	0.00	1.05	8.06	-7.01	0
2017-4-17 3:17:59	0.00	0.00	1.05	8.03	-6.98	0
2017-4-17 3:18:4	0.00	0.00	1.05	8.03	-6.98	0
2017-4-17 3:18:9	0.00	0.00	1.05	8.08	-7.03	0
2017-4-17 3:18:14	0.00	0.00	1.05	8.09	-7.04	0
2017-4-17 3:18:19	0.00	0.00	1.05	8.03	-6.98	0
2017-4-17 3:18:24	0.00	0.00	1.05	8.08	-7.03	0
2017-4-17 3:18:29	0.00	0.00	1.05	8.03	-6.98	0
2017-4-17 3:18:34	0.00	0.00	1.05	8.05	-7.00	0
2017-4-17 3:18:39	0.00	0.00	1.05	8.03	-6.98	0
2017-4-17 3:18:44	0.00	0.00	1.05	8.00	-6.95	0
2017-4-17 3:18:49	0.00	0.00	1.05	8.04	-6.99	0
2017-4-17 3:18:54	0.00	0.00	1.05	8.01	-6.96	0
2017-4-17 3:18:59	0.00	0.00	1.05	8.05	-7.00	0
2017-4-17 3:19:4	0.00	0.00	1.05	8.09	-7.04	0
2017-4-17 3:19:9	0.00	0.00	1.05	8.03	-6.98	0
2017-4-17 3:19:14	0.00	0.00	1.05	7.99	-6.94	0
2017-4-17 3:19:19	0.00	0.00	1.05	8.09	-7.04	0
2017-4-17 3:19:24	0.00	0.00	1.05	8.02	-6.97	0
2017-4-17 3:19:29	0.00	0.00	1.05	8.08	-7.03	0
2017-4-17 3:19:34	0.00	0.00	1.05	8.08	-7.03	0
2017-4-17 3:19:39	0.00	0.00	1.05	8.02	-6.97	0
2017-4-17 3:19:44	0.00	0.00	1.05	8.07	-7.02	0
2017-4-17 3:19:49	0.00	0.00	1.05	8.08	-7.03	0
2017-4-17 3:19:54	0.00	0.00	1.05	8.10	-7.05	0
2017-4-17 3:19:59	0.00	0.00	1.05	8.03	-6.98	0
2017-4-17 3:20:4	0.00	0.00	1.05	8.09	-7.04	0
2017-4-17 3:20:9	0.00	0.00	1.05	8.03	-6.98	0
2017-4-17 3:20:14	0.00	0.00	1.05	8.04	-6.99	0
2017-4-17 3:20:19	0.00	0.00	1.05	8.03	-6.98	0
2017-4-17 3:20:24	0.00	0.00	1.05	8.03	-6.98	0
2017-4-17 3:20:29	0.00	0.00	1.05	8.05	-7.00	0
2017-4-17 3:20:34	0.00	0.00	1.05	8.05	-7.00	0
2017-4-17 3:20:39	0.00	0.00	1.05	8.05	-7.00	0
2017-4-17 3:20:44	0.00	0.00	1.05	8.10	-7.05	0
2017-4-17 3:20:49	0.00	0.00	1.05	8.04	-6.99	0
2017-4-17 3:20:54	0.00	0.00	1.05	8.00	-6.95	0
2017-4-17 3:20:59	0.00	0.00	1.05	8.09	-7.04	0
2017-4-17 3:21:4	0.00	0.00	1.05	8.06	-7.01	0
2017-4-17 3:21:9	0.00	0.00	1.05	8.12	-7.07	0
2017-4-17 3:21:14	0.00	0.00	1.05	8.11	-7.06	0
2017-4-17 3:21:19	0.00	0.00	1.05	8.07	-7.02	0
2017-4-17 3:21:24	0.00	0.00	1.05	8.07	-7.02	0
2017-4-17 3:21:29	0.00	0.00	1.05	8.05	-7.00	0
2017-4-17 3:21:34	0.00	0.00	1.05	8.06	-7.01	0
2017-4-17 3:21:39	0.00	0.00	1.05	8.07	-7.02	0
2017-4-17 3:21:44	0.00	0.00	1.05	8.05	-7.00	0
2017-4-17 3:21:49	0.00	0.00	1.05	8.07	-7.02	0
2017-4-17 3:21:54	0.00	0.00	1.05	8.07	-7.02	0
2017-4-17 3:21:59	0.00	0.00	1.05	8.01	-6.96	0
2017-4-17 3:22:4	0.00	0.00	1.05	8.09	-7.04	0
2017-4-17 3:22:9	0.00	0.00	1.05	8.02	-6.97	0
2017-4-17 3:22:14	0.00	0.00	1.05	8.09	-7.04	0
2017-4-17 3:22:19	0.00	0.00	1.05	8.10	-7.05	0
2017-4-17 3:22:24	0.00	0.00	1.05	8.06	-7.01	0
2017-4-17 3:22:29	0.00	0.00	1.05	8.00	-6.95	0
2017-4-17 3:22:34	0.00	0.00	1.05	8.07	-7.02	0
2017-4-17 3:22:39	0.00	0.00	1.05	8.05	-7.00	0
2017-4-17 3:22:44	0.00	0.00	1.05	8.05	-7.00	0
2017-4-17 3:22:49	0.00	0.00	1.05	8.07	-7.02	0
2017-4-17 3:22:54	0.00	0.00	1.05	8.07	-7.02	0
2017-4-17 3:22:59	0.00	0.00	1.05	8.02	-6.97	0
2017-4-17 3:23:4	0.00	0.00	1.05	8.09	-7.04	0
2017-4-17 3:23:9	0.00	0.00	1.05	8.02	-6.97	0
2017-4-17 3:23:14	0.00	0.00	1.05	8.02	-6.97	0
2017-4-17 3:23:19	0.00	0.00	1.05	8.01	-6.96	0
2017-4-17 3:23:24	0.00	0.00	1.05	8.01	-6.96	0
2017-4-17 3:23:29	0.00	0.00	1.05	8.01	-6.96	0
2017-4-17 3:23:34	0.00	0.00	1.05	8.06	-7.01	0
2017-4-17 3:23:39	0.00	0.00	1.05	8.07	-7.02	0
2017-4-17 3:23:44	0.00	0.00	1.05	8.03	-6.98	0
2017-4-17 3:23:49	0.00	0.00	1.05	8.08	-7.03	0
2017-4-17 3:23:54	0.00	0.00	1.05	8.07	-7.02	0
2017-4-17 3:23:59	0.00	0.00	1.05	8.07	-7.02	0
2017-4-17 3:24:4	0.00	0.00	1.05	8.01	-6.96	0
2017-4-17 3:24:9	0.00	0.00	1.05	8.10	-7.05	0
2017-4-17 3:24:14	0.00	0.00	1.05	8.09	-7.04	0
2017-4-17 3:24:19	0.00	0.00	1.05	8.03	-6.98	0
2017-4-17 3:24:24	0.00	0.00	1.05	8.11	-7.06	0
2017-4-17 3:24:29	0.00	0.00	1.05	8.03	-6.98	0
2017-4-17 3:24:34	0.00	0.00	1.05	8.05	-7.00	0
2017-4-17 3:24:39	0.00	0.00	1.05	8.10	-7.05	0
2017-4-17 3:24:44	0.00	0.00	1.05	8.04	-6.99	0
2017-4-17 3:24:49	0.00	0.00	1.05	8.05	-7.00	0
2017-4-17 3:24:54	0.00	0.00	1.05	8.10	-7.05	0
2017-4-17 3:24:59	0.00	0.00	1.05	8.09	-7.04	0
2017-4-17 3:25:4	0.00	0.00	1.05	8.05	-7.00	0
2017-4-17 3:25:9	0.00	0.00	1.05	8.07	-7.02	0
2017-4-17 3:25:15	0.00	0.00	1.05	8.03	-6.98	0
2017-4-17 3:25:20	0.00	0.00	1.05	8.03	-6.98	0
2017-4-17 3:25:25	0.00	0.00	1.05	8.09	-7.04	0
2017-4-17 3:25:30	0.00	0.00	1.05	8.03	-6.98	0
2017-4-17 3:25:35	0.00	0.00	1.05	8.05	-7.00	0
2017-4-17 3:25:40	0.00	0.00	1.05	8.08	-7.03	0
2017-4-17 3:25:45	0.00	0.00	1.05	8.03	-6.98	0
2017-4-17 3:25:50	0.00	0.00	1.05	8.08	-7.03	0
2017-4-17 3:25:55	0.00	0.00	1.05	8.09	-7.04	0
2017-4-17 3:26:0	0.00	0.00	1.05	8.07	-7.02	0
2017-4-17 3:26:5	0.00	0.00	1.05	8.06	-7.01	0
2017-4-17 3:26:10	0.00	0.00	1.05	8.05	-7.00	0
2017-4-17 3:26:15	0.00	0.00	1.05	8.08	-7.03	0
2017-4-17 3:26:20	0.00	0.00	1.05	8.05	-7.00	0
2017-4-17 3:26:25	0.00	0.00	1.05	8.01	-6.96	0
2017-4-17 3:26:30	0.00	0.00	1.05	8.09	-7.04	0
2017-4-17 3:26:35	0.00	0.00	1.05	8.04	-6.99	0
2017-4-17 3:26:40	0.00	0.00	1.05	8.09	-7.04	0
2017-4-17 3:26:45	0.00	0.00	1.05	8.05	-7.00	0
2017-4-17 3:26:50	0.00	0.00	1.05	8.08	-7.03	0
2017-4-17 3:26:55	0.00	0.00	1.05	8.10	-7.05	0
2017-4-17 3:27:0	0.00	0.00	1.05	8.06	-7.01	0
2017-4-17 3:27:5	0.00	0.00	1.05	8.07	-7.02	0
2017-4-17 3:27:10	0.00	0.00	1.05	8.10	-7.05	0
2017-4-17 3:27:15	0.00	0.00	1.05	8.03	-6.98	0
2017-4-17 3:27:20	0.00	0.00	1.05	8.01	-6.96	0
2017-4-17 3:27:25	0.00	0.00	1.05	8.08	-7.03	0
2017-4-17 3:27:30	0.00	0.00	1.05	8.01	-6.96	0
2017-4-17 3:27:35	0.00	0.00	1.05	8.09	-7.04	0
2017-4-17 3:27:40	0.00	0.00	1.05	8.10	-7.05	0
2017-4-17 3:27:45	0.00	0.00	1.05	8.03	-6.98	0
2017-4-17 3:27:50	0.00	0.00	1.05	8.09	-7.04	0
2017-4-17 3:27:55	0.00	0.00	1.05	8.09	-7.04	0
2017-4-17 3:28:0	0.00	0.00	1.05	8.03	-6.98	0
2017-4-17 3:28:5	0.00	0.00	1.05	8.09	-7.04	0
2017-4-17 3:28:10	0.00	0.00	1.05	8.04	-6.99	0
2017-4-17 3:28:15	0.00	0.00	1.05	8.03	-6.98	0
2017-4-17 3:28:20	0.00	0.00	1.05	8.05	-7.00	0
2017-4-17 3:28:25	0.00	0.00	1.05	8.05	-7.00	0
2017-4-17 3:28:30	0.00	0.00	1.05	8.04	-6.99	0
2017-4-17 3:28:35	0.00	0.00	1.05	8.01	-6.96	0
2017-4-17 3:28:40	0.00	0.00	1.05	8.03	-6.98	0
2017-4-17 3:28:45	0.00	0.00	1.05	8.09	-7.04	0
2017-4-17 3:28:50	0.00	0.00	1.05	8.11	-7.06	0
2017-4-17 3:28:55	0.00	0.00	1.05	8.11	-7.06	0
2017-4-17 3:29:0	0.00	0.00	1.05	8.09	-7.04	0
2017-4-17 3:29:5	0.00	0.00	1.05	8.11	-7.06	0
2017-4-17 3:29:10	0.00	0.00	1.05	8.05	-7.00	0
2017-4-17 3:29:15	0.00	0.00	1.05	8.06	-7.01	0
2017-4-17 3:29:20	0.00	0.00	1.05	8.02	-6.97	0
2017-4-17 3:29:25	0.00	0.00	1.05	8.01	-6.96	0
2017-4-17 3:29:30	0.00	0.00	1.05	8.11	-7.06	0
2017-4-17 3:29:35	0.00	0.00	1.05	8.05	-7.00	0
2017-4-17 3:29:40	0.00	0.00	1.05	8.03	-6.98	0
2017-4-17 3:29:45	0.00	0.00	1.05	8.09	-7.04	0
2017-4-17 3:29:50	0.00	0.00	1.05	8.05	-7.00	0
2017-4-17 3:29:55	0.00	0.00	1.05	8.10	-7.05	0
2017-4-17 3:30:0	0.00	0.00	1.05	8.09	-7.04	0
2017-4-17 3:30:5	0.00	0.00	1.05	8.05	-7.00	0
2017-4-17 3:30:10	0.00	0.00	1.05	8.10	-7.05	0
2017-4-17 3:30:15	0.00	0.00	1.05	8.09	-7.04	0
2017-4-17 3:30:20	0.00	0.00	1.05	8.11	-7.06	0
2017-4-17 3:30:25	0.00	0.00	1.05	8.07	-7.02	0
2017-4-17 3:30:30	0.00	0.00	1.05	8.10	-7.05	0
2017-4-17 3:30:35	0.00	0.00	1.05	8.09	-7.04	0
2017-4-17 3:30:40	0.00	0.00	1.05	8.09	-7.04	0
2017-4-17 3:30:45	0.00	0.00	1.05	8.10	-7.05	0
2017-4-17 3:30:50	0.00	0.00	1.05	8.08	-7.03	0
2017-4-17 3:30:55	0.00	0.00	1.05	8.07	-7.02	0
2017-4-17 3:31:0	0.00	0.00	1.05	8.11	-7.06	0
2017-4-17 3:31:5	0.00	0.00	1.05	8.10	-7.05	0
2017-4-17 3:31:10	0.00	0.00	1.05	8.04	-6.99	0
2017-4-17 3:31:15	0.00	0.00	1.05	8.03	-6.98	0
2017-4-17 3:31:20	0.00	0.00	1.05	8.03	-6.98	0
2017-4-17 3:31:25	0.00	0.00	1.05	8.10	-7.05	0
2017-4-17 3:31:30	0.00	0.00	1.05	8.11	-7.06	0
2017-4-17 3:31:35	0.00	0.00	1.05	8.09	-7.04	0
2017-4-17 3:31:40	0.00	0.00	1.05	8.07	-7.02	0
2017-4-17 3:31:45	0.00	0.00	1.05	8.07	-7.02	0
2017-4-17 3:31:50	0.00	0.00	1.05	8.06	-7.01	0
2017-4-17 3:31:55	0.00	0.00	1.05	8.05	-7.00	0
2017-4-17 3:32:0	0.00	0.00	1.05	8.06	-7.01	0
2017-4-17 3:32:5	0.00	0.00	1.05	8.05	-7.00	0
2017-4-17 3:32:10	0.00	0.00	1.05	8.05	-7.00	0
2017-4-17 3:32:15	0.00	0.00	1.05	8.06	-7.01	0
2017-4-17 3:32:20	0.00	0.00	1.05	8.07	-7.02	0
2017-4-17 3:32:25	0.00	0.00	1.05	8.03	-6.98	0
2017-4-17 3:32:30	0.00	0.00	1.05	8.01	-6.96	0
2017-4-17 3:32:35	0.00	0.00	1.05	8.02	-6.97	0
2017-4-17 3:32:40	0.00	0.00	1.05	8.03	-6.98	0
2017-4-17 3:32:45	0.00	0.00	1.05	8.08	-7.03	0
2017-4-17 3:32:50	0.00	0.00	1.05	8.07	-7.02	0
2017-4-17 3:32:55	0.00	0.00	1.05	8.03	-6.98	0
2017-4-17 3:33:0	0.00	0.00	1.05	8.16	-7.11	0
2017-4-17 3:33:5	0.00	0.00	1.05	8.08	-7.03	0
2017-4-17 3:33:10	0.00	0.00	1.05	8.04	-6.99	0
2017-4-17 3:33:15	0.00	0.00	1.05	8.09	-7.04	0
2017-4-17 3:33:20	0.00	0.00	1.05	8.06	-7.01	0
2017-4-17 3:33:25	0.00	0.00	1.05	8.06	-7.01	0
2017-4-17 3:33:30	0.00	0.00	1.05	8.12	-7.07	0
2017-4-17 3:33:35	0.00	0.00	1.05	8.07	-7.02	0
2017-4-17 3:33:40	0.00	0.00	1.05	8.03	-6.98	0
2017-4-17 3:33:45	0.00	0.00	1.05	8.09	-7.04	0
2017-4-17 3:33:50	0.00	0.00	1.05	8.04	-6.99	0
2017-4-17 3:33:55	0.00	0.00	1.05	8.09	-7.04	0
2017-4-17 3:34:0	0.00	0.00	1.05	8.05	-7.00	0
2017-4-17 3:34:5	0.00	0.00	1.05	8.07	-7.02	0
2017-4-17 3:34:10	0.00	0.00	1.05	8.05	-7.00	0
2017-4-17 3:34:15	0.00	0.00	1.05	8.05	-7.00	0
2017-4-17 3:34:20	0.00	0.00	1.05	8.09	-7.04	0
2017-4-17 3:34:25	0.00	0.00	1.05	8.05	-7.00	0
2017-4-17 3:34:30	0.00	0.00	1.05	8.09	-7.04	0
2017-4-17 3:34:35	0.00	0.00	1.05	8.08	-7.03	0
2017-4-17 3:34:40	0.00	0.00	1.05	8.06	-7.01	0
2017-4-17 3:34:45	0.00	0.00	1.05	8.09	-7.04	0
2017-4-17 3:34:50	0.00	0.00	1.05	8.08	-7.03	0
2017-4-17 3:34:55	0.00	0.00	1.05	8.07	-7.02	0
2017-4-17 3:35:0	0.00	0.00	1.05	8.07	-7.02	0
2017-4-17 3:35:5	0.00	0.00	1.05	8.09	-7.04	0
2017-4-17 3:35:10	0.00	0.00	1.05	8.11	-7.06	0
2017-4-17 3:35:15	0.00	0.00	1.05	8.00	-6.95	0
2017-4-17 3:35:20	0.00	0.00	1.05	8.06	-7.01	0
2017-4-17 3:35:25	0.00	0.00	1.05	8.06	-7.01	0
2017-4-17 3:35:30	0.00	0.00	1.05	8.05	-7.00	0
2017-4-17 3:35:35	0.00	0.00	1.05	8.05	-7.00	0
2017-4-17 3:35:40	0.00	0.00	1.05	8.07	-7.02	0
2017-4-17 3:35:45	0.00	0.00	1.05	8.05	-7.00	0
2017-4-17 3:35:50	0.00	0.00	1.05	8.06	-7.01	0
2017-4-17 3:35:55	0.00	0.00	1.05	8.05	-7.00	0
2017-4-17 3:36:1	0.00	0.00	1.05	8.09	-7.04	0
2017-4-17 3:36:6	0.00	0.00	1.05	8.02	-6.97	0
2017-4-17 3:36:11	0.00	0.00	1.05	8.02	-6.97	0
2017-4-17 3:36:16	0.00	0.00	1.05	7.95	-6.90	0
2017-4-17 3:36:21	0.00	0.00	1.05	8.09	-7.04	0
2017-4-17 3:36:26	0.00	0.00	1.05	8.05	-7.00	0
2017-4-17 3:36:31	0.00	0.00	1.05	8.03	-6.98	0
2017-4-17 3:36:36	0.00	0.00	1.05	8.03	-6.98	0
2017-4-17 3:36:41	0.00	0.00	1.05	8.05	-7.00	0
2017-4-17 3:36:46	0.00	0.00	1.05	8.05	-7.00	0
2017-4-17 3:36:51	0.00	0.00	1.05	8.11	-7.06	0
2017-4-17 3:36:56	0.00	0.00	1.05	8.10	-7.05	0
2017-4-17 3:37:1	0.00	0.00	1.05	8.05	-7.00	0
2017-4-17 3:37:6	0.00	0.00	1.05	8.06	-7.01	0
2017-4-17 3:37:11	0.00	0.00	1.05	8.09	-7.04	0
2017-4-17 3:37:16	0.00	0.00	1.05	8.06	-7.01	0
2017-4-17 3:37:21	0.00	0.00	1.05	8.06	-7.01	0
2017-4-17 3:37:26	0.00	0.00	1.05	8.11	-7.06	0
2017-4-17 3:37:31	0.00	0.00	1.05	8.05	-7.00	0
2017-4-17 3:37:36	0.00	0.00	1.05	8.02	-6.97	0
2017-4-17 3:37:41	0.00	0.00	1.05	8.01	-6.96	0
2017-4-17 3:37:46	0.00	0.00	1.05	8.08	-7.03	0
2017-4-17 3:37:51	0.00	0.00	1.05	7.96	-6.91	0
2017-4-17 3:37:56	0.00	0.00	1.05	8.01	-6.96	0
2017-4-17 3:38:1	0.00	0.00	1.05	8.09	-7.04	0
2017-4-17 3:38:6	0.00	0.00	1.05	8.09	-7.04	0
2017-4-17 3:38:11	0.00	0.00	1.05	8.09	-7.04	0
2017-4-17 3:38:16	0.00	0.00	1.05	8.09	-7.04	0
2017-4-17 3:38:21	0.00	0.00	1.05	8.06	-7.01	0
2017-4-17 3:38:26	0.00	0.00	1.05	8.09	-7.04	0
2017-4-17 3:38:31	0.00	0.00	1.05	8.07	-7.02	0
2017-4-17 3:38:36	0.00	0.00	1.05	8.06	-7.01	0
2017-4-17 3:38:41	0.00	0.00	1.05	8.05	-7.00	0
2017-4-17 3:38:46	0.00	0.00	1.05	8.07	-7.02	0
2017-4-17 3:38:51	0.00	0.00	1.05	8.07	-7.02	0
2017-4-17 3:38:56	0.00	0.00	1.05	8.03	-6.98	0
2017-4-17 3:39:1	0.00	0.00	1.05	8.03	-6.98	0
2017-4-17 3:39:6	0.00	0.00	1.05	8.02	-6.97	0
2017-4-17 3:39:11	0.00	0.00	1.05	8.04	-6.99	0
2017-4-17 3:39:16	0.00	0.00	1.05	8.07	-7.02	0
2017-4-17 3:39:21	0.00	0.00	1.05	8.09	-7.04	0
2017-4-17 3:39:26	0.00	0.00	1.05	8.15	-7.10	0
2017-4-17 3:39:31	0.00	0.00	1.05	8.07	-7.02	0
2017-4-17 3:39:36	0.00	0.00	1.05	8.06	-7.01	0
2017-4-17 3:39:41	0.00	0.00	1.05	8.06	-7.01	0
2017-4-17 3:39:46	0.00	0.00	1.05	8.06	-7.01	0
2017-4-17 3:39:51	0.00	0.00	1.05	8.07	-7.02	0
2017-4-17 3:39:56	0.00	0.00	1.05	8.03	-6.98	0
2017-4-17 3:40:1	0.00	0.00	1.05	8.07	-7.02	0
2017-4-17 3:40:6	0.00	0.00	1.05	8.01	-6.96	0
2017-4-17 3:40:11	0.00	0.00	1.05	8.01	-6.96	0
2017-4-17 3:40:16	0.00	0.00	1.05	8.08	-7.03	0
2017-4-17 3:40:21	0.00	0.00	1.05	8.03	-6.98	0
2017-4-17 3:40:26	0.00	0.00	1.05	8.03	-6.98	0
2017-4-17 3:40:31	0.00	0.00	1.05	8.09	-7.04	0
2017-4-17 3:40:36	0.00	0.00	1.05	8.09	-7.04	0
2017-4-17 3:40:41	0.00	0.00	1.05	8.07	-7.02	0
2017-4-17 3:40:46	0.00	0.00	1.05	8.09	-7.04	0
2017-4-17 3:40:51	0.00	0.00	1.05	8.03	-6.98	0
2017-4-17 3:40:56	0.00	0.00	1.05	8.03	-6.98	0
2017-4-17 3:41:1	0.00	0.00	1.05	8.10	-7.05	0
2017-4-17 3:41:6	0.00	0.00	1.05	8.05	-7.00	0
2017-4-17 3:41:11	0.00	0.00	1.05	8.05	-7.00	0
2017-4-17 3:41:16	0.00	0.00	1.05	8.10	-7.05	0
2017-4-17 3:41:21	0.00	0.00	1.05	8.04	-6.99	0
2017-4-17 3:41:26	0.00	0.00	1.05	8.05	-7.00	0
2017-4-17 3:41:31	0.00	0.00	1.05	8.06	-7.01	0
2017-4-17 3:41:36	0.00	0.00	1.05	8.09	-7.04	0
2017-4-17 3:41:41	0.00	0.00	1.05	8.17	-7.12	0
2017-4-17 3:41:46	0.00	0.00	1.05	8.07	-7.02	0
2017-4-17 3:41:51	0.00	0.00	1.05	8.03	-6.98	0
2017-4-17 3:41:56	0.00	0.00	1.05	8.04	-6.99	0
2017-4-17 3:42:1	0.00	0.00	1.05	8.03	-6.98	0
2017-4-17 3:42:6	0.00	0.00	1.05	8.03	-6.98	0
2017-4-17 3:42:11	0.00	0.00	1.05	8.04	-6.99	0
2017-4-17 3:42:16	0.00	0.00	1.05	8.09	-7.04	0
2017-4-17 3:42:21	0.00	0.00	1.05	8.06	-7.01	0
2017-4-17 3:42:26	0.00	0.00	1.05	8.06	-7.01	0
2017-4-17 3:42:31	0.00	0.00	1.05	8.06	-7.01	0
2017-4-17 3:42:36	0.00	0.00	1.05	8.07	-7.02	0
2017-4-17 3:42:41	0.00	0.00	1.05	8.06	-7.01	0
2017-4-17 3:42:46	0.00	0.00	1.05	8.05	-7.00	0
2017-4-17 3:42:51	0.00	0.00	1.05	8.03	-6.98	0
2017-4-17 3:42:56	0.00	0.00	1.05	8.06	-7.01	0
2017-4-17 3:43:1	0.00	0.00	1.05	8.07	-7.02	0
2017-4-17 3:43:6	0.00	0.00	1.05	8.08	-7.03	0
2017-4-17 3:43:11	0.00	0.00	1.05	8.07	-7.02	0
2017-4-17 3:43:16	0.00	0.00	1.05	8.04	-6.99	0
2017-4-17 3:43:21	0.00	0.00	1.05	8.04	-6.99	0
2017-4-17 3:43:26	0.00	0.00	1.05	8.07	-7.02	0
2017-4-17 3:43:31	0.00	0.00	1.05	8.03	-6.98	0
2017-4-17 3:43:36	0.00	0.00	1.05	8.07	-7.02	0
2017-4-17 3:43:41	0.00	0.00	1.05	8.02	-6.97	0
2017-4-17 3:43:46	0.00	0.00	1.05	8.08	-7.03	0
2017-4-17 3:43:51	0.00	0.00	1.05	8.03	-6.98	0
2017-4-17 3:43:56	0.00	0.00	1.05	8.09	-7.04	0
2017-4-17 3:44:1	0.00	0.00	1.05	8.10	-7.05	0
2017-4-17 3:44:6	0.00	0.00	1.05	8.07	-7.02	0
2017-4-17 3:44:11	0.00	0.00	1.05	8.11	-7.06	0
2017-4-17 3:44:16	0.00	0.00	1.05	8.07	-7.02	0
2017-4-17 3:44:21	0.00	0.00	1.05	8.08	-7.03	0
2017-4-17 3:44:26	0.00	0.00	1.05	8.09	-7.04	0
2017-4-17 3:44:31	0.00	0.00	1.05	8.07	-7.02	0
2017-4-17 3:44:36	0.00	0.00	1.05	8.03	-6.98	0
2017-4-17 3:44:41	0.00	0.00	1.05	8.11	-7.06	0
2017-4-17 3:44:46	0.00	0.00	1.05	8.10	-7.05	0
2017-4-17 3:44:51	0.00	0.00	1.05	8.05	-7.00	0
2017-4-17 3:44:56	0.00	0.00	1.05	8.05	-7.00	0
2017-4-17 3:45:1	0.00	0.00	1.05	8.07	-7.02	0
2017-4-17 3:45:6	0.00	0.00	1.05	8.07	-7.02	0
2017-4-17 3:45:11	0.00	0.00	1.05	8.05	-7.00	0
2017-4-17 3:45:16	0.00	0.00	1.05	8.05	-7.00	0
2017-4-17 3:45:21	0.00	0.00	1.05	8.05	-7.00	0
2017-4-17 3:45:26	0.00	0.00	1.05	8.07	-7.02	0
2017-4-17 3:45:31	0.00	0.00	1.05	8.03	-6.98	0
2017-4-17 3:45:36	0.00	0.00	1.05	8.08	-7.03	0
2017-4-17 3:45:41	0.00	0.00	1.05	8.07	-7.02	0
2017-4-17 3:45:46	0.00	0.00	1.05	8.03	-6.98	0
2017-4-17 3:45:51	0.00	0.00	1.05	8.07	-7.02	0
2017-4-17 3:45:56	0.00	0.00	1.05	8.09	-7.04	0
2017-4-17 3:46:1	0.00	0.00	1.05	8.03	-6.98	0
2017-4-17 3:46:6	0.00	0.00	1.05	8.10	-7.05	0
2017-4-17 3:46:11	0.00	0.00	1.05	8.05	-7.00	0
2017-4-17 3:46:16	0.00	0.00	1.05	8.05	-7.00	0
2017-4-17 3:46:21	0.00	0.00	1.05	8.11	-7.06	0
2017-4-17 3:46:26	0.00	0.00	1.05	8.05	-7.00	0
2017-4-17 3:46:31	0.00	0.00	1.05	8.05	-7.00	0
2017-4-17 3:46:36	0.00	0.00	1.05	8.11	-7.06	0
2017-4-17 3:46:41	0.00	0.00	1.05	8.04	-6.99	0
2017-4-17 3:46:46	0.00	0.00	1.05	8.08	-7.03	0
2017-4-17 3:46:52	0.00	0.00	1.05	8.07	-7.02	0
2017-4-17 3:46:57	0.00	0.00	1.05	8.07	-7.02	0
2017-4-17 3:47:2	0.00	0.00	1.05	8.07	-7.02	0
2017-4-17 3:47:7	0.00	0.00	1.05	8.07	-7.02	0
2017-4-17 3:47:12	0.00	0.00	1.05	8.07	-7.02	0
2017-4-17 3:47:17	0.00	0.00	1.05	8.08	-7.03	0
2017-4-17 3:47:22	0.00	0.00	1.05	8.03	-6.98	0
2017-4-17 3:47:27	0.00	0.00	1.05	8.07	-7.02	0
2017-4-17 3:47:32	0.00	0.00	1.05	8.07	-7.02	0
2017-4-17 3:47:37	0.00	0.00	1.05	8.03	-6.98	0
2017-4-17 3:47:42	0.00	0.00	1.05	8.09	-7.04	0
2017-4-17 3:47:47	0.00	0.00	1.05	8.15	-7.10	0
2017-4-17 3:47:52	0.00	0.00	1.05	8.04	-6.99	0
2017-4-17 3:47:57	0.00	0.00	1.05	8.09	-7.04	0
2017-4-17 3:48:2	0.00	0.00	1.05	8.03	-6.98	0
2017-4-17 3:48:7	0.00	0.00	1.05	8.04	-6.99	0
2017-4-17 3:48:12	0.00	0.00	1.05	8.07	-7.02	0
2017-4-17 3:48:17	0.00	0.00	1.05	8.09	-7.04	0
2017-4-17 3:48:22	0.00	0.00	1.05	8.03	-6.98	0
2017-4-17 3:48:27	0.00	0.00	1.05	8.04	-6.99	0
2017-4-17 3:48:32	0.00	0.00	1.05	8.11	-7.06	0
2017-4-17 3:48:37	0.00	0.00	1.05	8.10	-7.05	0
2017-4-17 3:48:42	0.00	0.00	1.05	8.05	-7.00	0
2017-4-17 3:48:47	0.00	0.00	1.05	8.11	-7.06	0
2017-4-17 3:48:52	0.00	0.00	1.05	8.15	-7.10	0
2017-4-17 3:48:57	0.00	0.00	1.05	8.06	-7.01	0
2017-4-17 3:49:2	0.00	0.00	1.05	8.09	-7.04	0
2017-4-17 3:49:7	0.00	0.00	1.05	8.06	-7.01	0
2017-4-17 3:49:12	0.00	0.00	1.05	8.07	-7.02	0
2017-4-17 3:49:17	0.00	0.00	1.05	8.09	-7.04	0
2017-4-17 3:49:22	0.00	0.00	1.05	8.07	-7.02	0
2017-4-17 3:49:27	0.00	0.00	1.05	8.05	-7.00	0
2017-4-17 3:49:32	0.00	0.00	1.05	8.05	-7.00	0
2017-4-17 3:49:37	0.00	0.00	1.05	8.08	-7.03	0
2017-4-17 3:49:42	0.00	0.00	1.05	8.05	-7.00	0
2017-4-17 3:49:47	0.00	0.00	1.05	8.05	-7.00	0
2017-4-17 3:49:52	0.00	0.00	1.05	8.09	-7.04	0
2017-4-17 3:49:57	0.00	0.00	1.05	8.05	-7.00	0
2017-4-17 3:50:2	0.00	0.00	1.05	8.04	-6.99	0
2017-4-17 3:50:7	0.00	0.00	1.05	8.04	-6.99	0
2017-4-17 3:50:12	0.00	0.00	1.05	8.08	-7.03	0
2017-4-17 3:50:17	0.00	0.00	1.05	8.03	-6.98	0
2017-4-17 3:50:22	0.00	0.00	1.05	8.03	-6.98	0
2017-4-17 3:50:27	0.00	0.00	1.05	8.03	-6.98	0
2017-4-17 3:50:32	0.00	0.00	1.05	7.97	-6.92	0
2017-4-17 3:50:37	0.00	0.00	1.05	8.08	-7.03	0
2017-4-17 3:50:42	0.00	0.00	1.05	8.03	-6.98	0
2017-4-17 3:50:47	0.00	0.00	1.05	8.05	-7.00	0
2017-4-17 3:50:52	0.00	0.00	1.05	8.09	-7.04	0
2017-4-17 3:50:57	0.00	0.00	1.05	8.05	-7.00	0
2017-4-17 3:51:2	0.00	0.00	1.05	8.09	-7.04	0
2017-4-17 3:51:7	0.00	0.00	1.05	8.10	-7.05	0
2017-4-17 3:51:12	0.00	0.00	1.05	8.03	-6.98	0
2017-4-17 3:51:17	0.00	0.00	1.05	8.04	-6.99	0
2017-4-17 3:51:22	0.00	0.00	1.05	8.08	-7.03	0
2017-4-17 3:51:27	0.00	0.00	1.05	8.09	-7.04	0
2017-4-17 3:51:32	0.00	0.00	1.05	8.04	-6.99	0
2017-4-17 3:51:37	0.00	0.00	1.05	8.03	-6.98	0
2017-4-17 3:51:42	0.00	0.00	1.05	8.01	-6.96	0
2017-4-17 3:51:47	0.00	0.00	1.05	8.07	-7.02	0
2017-4-17 3:51:52	0.00	0.00	1.05	8.03	-6.98	0
2017-4-17 3:51:57	0.00	0.00	1.05	8.07	-7.02	0
2017-4-17 3:52:2	0.00	0.00	1.05	8.05	-7.00	0
2017-4-17 3:52:7	0.00	0.00	1.05	8.09	-7.04	0
2017-4-17 3:52:12	0.00	0.00	1.05	8.07	-7.02	0
2017-4-17 3:52:17	0.00	0.00	1.05	8.07	-7.02	0
2017-4-17 3:52:22	0.00	0.00	1.05	8.08	-7.03	0
2017-4-17 3:52:27	0.00	0.00	1.05	8.08	-7.03	0
2017-4-17 3:52:32	0.00	0.00	1.05	8.03	-6.98	0
2017-4-17 3:52:37	0.00	0.00	1.05	8.03	-6.98	0
2017-4-17 3:52:42	0.00	0.00	1.05	8.04	-6.99	0
2017-4-17 3:52:47	0.00	0.00	1.05	8.03	-6.98	0
2017-4-17 3:52:52	0.00	0.00	1.05	8.05	-7.00	0
2017-4-17 3:52:57	0.00	0.00	1.05	8.04	-6.99	0
2017-4-17 3:53:2	0.00	0.00	1.05	8.07	-7.02	0
2017-4-17 3:53:7	0.00	0.00	1.05	8.10	-7.05	0
2017-4-17 3:53:12	0.00	0.00	1.05	8.06	-7.01	0
2017-4-17 3:53:17	0.00	0.00	1.05	8.04	-6.99	0
2017-4-17 3:53:22	0.00	0.00	1.05	8.05	-7.00	0
2017-4-17 3:53:27	0.00	0.00	1.05	8.10	-7.05	0
2017-4-17 3:53:32	0.00	0.00	1.05	8.11	-7.06	0
2017-4-17 3:53:37	0.00	0.00	1.05	8.05	-7.00	0
2017-4-17 3:53:42	0.00	0.00	1.05	8.10	-7.05	0
2017-4-17 3:53:47	0.00	0.00	1.05	8.11	-7.06	0
2017-4-17 3:53:52	0.00	0.00	1.05	8.05	-7.00	0
2017-4-17 3:53:57	0.00	0.00	1.05	8.02	-6.97	0
2017-4-17 3:54:2	0.00	0.00	1.05	8.08	-7.03	0
2017-4-17 3:54:7	0.00	0.00	1.05	8.05	-7.00	0
2017-4-17 3:54:12	0.00	0.00	1.05	8.02	-6.97	0
2017-4-17 3:54:17	0.00	0.00	1.05	8.09	-7.04	0
2017-4-17 3:54:22	0.00	0.00	1.05	7.99	-6.94	0
2017-4-17 3:54:27	0.00	0.00	1.05	8.09	-7.04	0
2017-4-17 3:54:32	0.00	0.00	1.05	8.09	-7.04	0
2017-4-17 3:54:37	0.00	0.00	1.05	8.05	-7.00	0
2017-4-17 3:54:42	0.00	0.00	1.05	8.05	-7.00	0
2017-4-17 3:54:47	0.00	0.00	1.05	8.09	-7.04	0
2017-4-17 3:54:52	0.00	0.00	1.05	8.10	-7.05	0
2017-4-17 3:54:57	0.00	0.00	1.05	7.96	-6.91	0
2017-4-17 3:55:2	0.00	0.00	1.05	8.10	-7.05	0
2017-4-17 3:55:7	0.00	0.00	1.05	8.10	-7.05	0
2017-4-17 3:55:12	0.00	0.00	1.05	8.05	-7.00	0
2017-4-17 3:55:17	0.00	0.00	1.05	8.10	-7.05	0
2017-4-17 3:55:22	0.00	0.00	1.05	8.05	-7.00	0
2017-4-17 3:55:27	0.00	0.00	1.05	8.09	-7.04	0
2017-4-17 3:55:32	0.00	0.00	1.05	8.09	-7.04	0
2017-4-17 3:55:37	0.00	0.00	1.05	8.09	-7.04	0
2017-4-17 3:55:42	0.00	0.00	1.05	8.05	-7.00	0
2017-4-17 3:55:47	0.00	0.00	1.05	8.08	-7.03	0
2017-4-17 3:55:52	0.00	0.00	1.05	8.09	-7.04	0
2017-4-17 3:55:57	0.00	0.00	1.05	8.03	-6.98	0
2017-4-17 3:56:2	0.00	0.00	1.05	8.08	-7.03	0
2017-4-17 3:56:7	0.00	0.00	1.05	8.05	-7.00	0
2017-4-17 3:56:12	0.00	0.00	1.05	8.02	-6.97	0
2017-4-17 3:56:17	0.00	0.00	1.05	8.05	-7.00	0
2017-4-17 3:56:22	0.00	0.00	1.05	8.09	-7.04	0
2017-4-17 3:56:27	0.00	0.00	1.05	8.04	-6.99	0
2017-4-17 3:56:32	0.00	0.00	1.05	8.11	-7.06	0
2017-4-17 3:56:37	0.00	0.00	1.05	8.09	-7.04	0
2017-4-17 3:56:42	0.00	0.00	1.05	8.05	-7.00	0
2017-4-17 3:56:47	0.00	0.00	1.05	8.03	-6.98	0
2017-4-17 3:56:52	0.00	0.00	1.05	8.09	-7.04	0
2017-4-17 3:56:57	0.00	0.00	1.05	8.04	-6.99	0
2017-4-17 3:57:2	0.00	0.00	1.05	8.11	-7.06	0
2017-4-17 3:57:7	0.00	0.00	1.05	8.10	-7.05	0
2017-4-17 3:57:12	0.00	0.00	1.05	8.06	-7.01	0
2017-4-17 3:57:17	0.00	0.00	1.05	8.11	-7.06	0
2017-4-17 3:57:22	0.00	0.00	1.05	8.10	-7.05	0
2017-4-17 3:57:28	0.00	0.00	1.05	8.06	-7.01	0
2017-4-17 3:57:33	0.00	0.00	1.05	8.10	-7.05	0
2017-4-17 3:57:38	0.00	0.00	1.05	8.05	-7.00	0
2017-4-17 3:57:43	0.00	0.00	1.05	8.06	-7.01	0
2017-4-17 3:57:48	0.00	0.00	1.05	8.05	-7.00	0
2017-4-17 3:57:53	0.00	0.00	1.05	8.05	-7.00	0
2017-4-17 3:57:58	0.00	0.00	1.05	8.06	-7.01	0
2017-4-17 3:58:3	0.00	0.00	1.05	8.08	-7.03	0
2017-4-17 3:58:8	0.00	0.00	1.05	8.07	-7.02	0
2017-4-17 3:58:13	0.00	0.00	1.05	7.96	-6.91	0
2017-4-17 3:58:18	0.00	0.00	1.05	8.03	-6.98	0
2017-4-17 3:58:23	0.00	0.00	1.05	8.07	-7.02	0
2017-4-17 3:58:28	0.00	0.00	1.05	8.03	-6.98	0
2017-4-17 3:58:33	0.00	0.00	1.05	8.09	-7.04	0
2017-4-17 3:58:38	0.00	0.00	1.05	8.02	-6.97	0
2017-4-17 3:58:43	0.00	0.00	1.05	8.02	-6.97	0
2017-4-17 3:58:48	0.00	0.00	1.05	8.13	-7.08	0
2017-4-17 3:58:53	0.00	0.00	1.05	8.06	-7.01	0
2017-4-17 3:58:58	0.00	0.00	1.05	8.11	-7.06	0
2017-4-17 3:59:3	0.00	0.00	1.05	8.11	-7.06	0
2017-4-17 3:59:8	0.00	0.00	1.05	8.08	-7.03	0
2017-4-17 3:59:13	0.00	0.00	1.05	8.02	-6.97	0
2017-4-17 3:59:18	0.00	0.00	1.05	8.03	-6.98	0
2017-4-17 3:59:23	0.00	0.00	1.05	8.07	-7.02	0
2017-4-17 3:59:28	0.00	0.00	1.05	8.03	-6.98	0
2017-4-17 3:59:33	0.00	0.00	1.05	8.08	-7.03	0
2017-4-17 3:59:38	0.00	0.00	1.05	8.08	-7.03	0
2017-4-17 3:59:43	0.00	0.00	1.05	8.03	-6.98	0
2017-4-17 3:59:48	0.00	0.00	1.05	8.07	-7.02	0
2017-4-17 3:59:53	0.00	0.00	1.05	8.08	-7.03	0
2017-4-17 3:59:58	0.00	0.00	1.05	8.03	-6.98	0
2017-4-17 3:60:3	0.00	0.00	1.05	8.09	-7.04	0
2017-4-17 3:60:8	0.00	0.00	1.05	8.03	-6.98	0
2017-4-17 3:60:13	0.00	0.00	1.05	8.03	-6.98	0
2017-4-17 3:60:18	0.00	0.00	1.05	8.09	-7.04	0
2017-4-17 3:60:23	0.00	0.00	1.05	8.03	-6.98	0
2017-4-17 3:60:28	0.00	0.00	1.05	8.03	-6.98	0
2017-4-17 3:60:33	0.00	0.00	1.05	8.11	-7.06	0
2017-4-17 3:60:38	0.00	0.00	1.05	8.03	-6.98	0
2017-4-17 3:60:43	0.00	0.00	1.05	8.04	-6.99	0
2017-4-17 3:60:48	0.00	0.00	1.05	8.06	-7.01	0
2017-4-17 3:60:53	0.00	0.00	1.05	8.03	-6.98	0
2017-4-17 3:60:58	0.00	0.00	1.05	8.03	-6.98	0
2017-4-17 4:1:3	0.00	0.00	1.05	8.05	-7.00	0
2017-4-17 4:1:8	0.00	0.00	1.05	8.05	-7.00	0
